        -:    0:Source:/usr/include/c++/9.2.1/bits/move.h
        -:    0:Graph:/home/cheg/Repos/Master/SpikeLibrary/cmake-build-debug/test/CMakeFiles/test_spike.dir/test_main.cpp.gcno
        -:    0:Data:/home/cheg/Repos/Master/SpikeLibrary/cmake-build-debug/test/CMakeFiles/test_spike.dir/test_main.cpp.gcda
        -:    0:Runs:1
        -:    1:// Move, forward and identity for C++11 + swap -*- C++ -*-
        -:    2:
        -:    3:// Copyright (C) 2007-2019 Free Software Foundation, Inc.
        -:    4://
        -:    5:// This file is part of the GNU ISO C++ Library.  This library is free
        -:    6:// software; you can redistribute it and/or modify it under the
        -:    7:// terms of the GNU General Public License as published by the
        -:    8:// Free Software Foundation; either version 3, or (at your option)
        -:    9:// any later version.
        -:   10:
        -:   11:// This library is distributed in the hope that it will be useful,
        -:   12:// but WITHOUT ANY WARRANTY; without even the implied warranty of
        -:   13:// MERCHANTABILITY or FITNESS FOR A PARTICULAR PURPOSE.  See the
        -:   14:// GNU General Public License for more details.
        -:   15:
        -:   16:// Under Section 7 of GPL version 3, you are granted additional
        -:   17:// permissions described in the GCC Runtime Library Exception, version
        -:   18:// 3.1, as published by the Free Software Foundation.
        -:   19:
        -:   20:// You should have received a copy of the GNU General Public License and
        -:   21:// a copy of the GCC Runtime Library Exception along with this program;
        -:   22:// see the files COPYING3 and COPYING.RUNTIME respectively.  If not, see
        -:   23:// <http://www.gnu.org/licenses/>.
        -:   24:
        -:   25:/** @file bits/move.h
        -:   26: *  This is an internal header file, included by other library headers.
        -:   27: *  Do not attempt to use it directly. @headername{utility}
        -:   28: */
        -:   29:
        -:   30:#ifndef _MOVE_H
        -:   31:#define _MOVE_H 1
        -:   32:
        -:   33:#include <bits/c++config.h>
        -:   34:#include <bits/concept_check.h>
        -:   35:
        -:   36:namespace std _GLIBCXX_VISIBILITY(default)
        -:   37:{
        -:   38:_GLIBCXX_BEGIN_NAMESPACE_VERSION
        -:   39:
        -:   40:  // Used, in C++03 mode too, by allocators, etc.
        -:   41:  /**
        -:   42:   *  @brief Same as C++11 std::addressof
        -:   43:   *  @ingroup utilities
        -:   44:   */
        -:   45:  template<typename _Tp>
        -:   46:    inline _GLIBCXX_CONSTEXPR _Tp*
    4920*:   47:    __addressof(_Tp& __r) _GLIBCXX_NOEXCEPT
    %%%%%:   47-block  0
    %%%%%:   47-block  1
    %%%%%:   47-block  2
    %%%%%:   47-block  3
        3:   47-block  4
        3:   47-block  5
       10:   47-block  6
    %%%%%:   47-block  7
        1:   47-block  8
        4:   47-block  9
        1:   47-block 10
        1:   47-block 11
        2:   47-block 12
    %%%%%:   47-block 13
    %%%%%:   47-block 14
    %%%%%:   47-block 15
        1:   47-block 16
        1:   47-block 17
    %%%%%:   47-block 18
    %%%%%:   47-block 19
        1:   47-block 20
        1:   47-block 21
        1:   47-block 22
        1:   47-block 23
        1:   47-block 24
        1:   47-block 25
        1:   47-block 26
        1:   47-block 27
        1:   47-block 28
        1:   47-block 29
        1:   47-block 30
        1:   47-block 31
        1:   47-block 32
    %%%%%:   47-block 33
    %%%%%:   47-block 34
    $$$$$:   47-block 35
    %%%%%:   47-block 36
    %%%%%:   47-block 37
    %%%%%:   47-block 38
    %%%%%:   47-block 39
    %%%%%:   47-block 40
    %%%%%:   47-block 41
    %%%%%:   47-block 42
    %%%%%:   47-block 43
    $$$$$:   47-block 44
    %%%%%:   47-block 45
    %%%%%:   47-block 46
    %%%%%:   47-block 47
    %%%%%:   47-block 48
    %%%%%:   47-block 49
    %%%%%:   47-block 50
    %%%%%:   47-block 51
    %%%%%:   47-block 52
    %%%%%:   47-block 53
    %%%%%:   47-block 54
    %%%%%:   47-block 55
    %%%%%:   47-block 56
    %%%%%:   47-block 57
    %%%%%:   47-block 58
    %%%%%:   47-block 59
    %%%%%:   47-block 60
    %%%%%:   47-block 61
    %%%%%:   47-block 62
    %%%%%:   47-block 63
    %%%%%:   47-block 64
    %%%%%:   47-block 65
    %%%%%:   47-block 66
    %%%%%:   47-block 67
    %%%%%:   47-block 68
    %%%%%:   47-block 69
    %%%%%:   47-block 70
    %%%%%:   47-block 71
    $$$$$:   47-block 72
    %%%%%:   47-block 73
    %%%%%:   47-block 74
    %%%%%:   47-block 75
    $$$$$:   47-block 76
    %%%%%:   47-block 77
    %%%%%:   47-block 78
    %%%%%:   47-block 79
    %%%%%:   47-block 80
    %%%%%:   47-block 81
    %%%%%:   47-block 82
    %%%%%:   47-block 83
    %%%%%:   47-block 84
    %%%%%:   47-block 85
    $$$$$:   47-block 86
    %%%%%:   47-block 87
    %%%%%:   47-block 88
    $$$$$:   47-block 89
        4:   47-block 90
    $$$$$:   47-block 91
        2:   47-block 92
        2:   47-block 93
        1:   47-block 94
    %%%%%:   47-block 95
    %%%%%:   47-block 96
        1:   47-block 97
    $$$$$:   47-block 98
      728:   47-block 99
    $$$$$:   47-block 100
    %%%%%:   47-block 101
    $$$$$:   47-block 102
        3:   47-block 103
    %%%%%:   47-block 104
    $$$$$:   47-block 105
    %%%%%:   47-block 106
        2:   47-block 107
    $$$$$:   47-block 108
    %%%%%:   47-block 109
    $$$$$:   47-block 110
    %%%%%:   47-block 111
    $$$$$:   47-block 112
    %%%%%:   47-block 113
    $$$$$:   47-block 114
    %%%%%:   47-block 115
    $$$$$:   47-block 116
    %%%%%:   47-block 117
    $$$$$:   47-block 118
     1474:   47-block 119
    $$$$$:   47-block 120
    %%%%%:   47-block 121
    $$$$$:   47-block 122
    %%%%%:   47-block 123
    $$$$$:   47-block 124
    %%%%%:   47-block 125
    %%%%%:   47-block 126
    %%%%%:   47-block 127
    $$$$$:   47-block 128
    %%%%%:   47-block 129
    %%%%%:   47-block 130
    %%%%%:   47-block 131
    %%%%%:   47-block 132
    %%%%%:   47-block 133
    %%%%%:   47-block 134
    %%%%%:   47-block 135
    %%%%%:   47-block 136
    %%%%%:   47-block 137
    $$$$$:   47-block 138
    %%%%%:   47-block 139
    %%%%%:   47-block 140
    %%%%%:   47-block 141
    %%%%%:   47-block 142
    %%%%%:   47-block 143
    %%%%%:   47-block 144
    %%%%%:   47-block 145
    %%%%%:   47-block 146
    %%%%%:   47-block 147
    $$$$$:   47-block 148
    %%%%%:   47-block 149
    %%%%%:   47-block 150
    %%%%%:   47-block 151
    %%%%%:   47-block 152
        1:   47-block 153
    %%%%%:   47-block 154
    %%%%%:   47-block 155
    %%%%%:   47-block 156
    %%%%%:   47-block 157
    $$$$$:   47-block 158
    %%%%%:   47-block 159
    %%%%%:   47-block 160
    %%%%%:   47-block 161
    %%%%%:   47-block 162
    %%%%%:   47-block 163
    %%%%%:   47-block 164
    %%%%%:   47-block 165
      325:   47-block 166
    %%%%%:   47-block 167
    %%%%%:   47-block 168
    %%%%%:   47-block 169
    %%%%%:   47-block 170
       20:   47-block 171
    %%%%%:   47-block 172
    %%%%%:   47-block 173
    %%%%%:   47-block 174
    %%%%%:   47-block 175
    %%%%%:   47-block 176
    %%%%%:   47-block 177
    %%%%%:   47-block 178
    %%%%%:   47-block 179
    %%%%%:   47-block 180
        4:   47-block 181
    %%%%%:   47-block 182
    %%%%%:   47-block 183
    %%%%%:   47-block 184
    %%%%%:   47-block 185
    %%%%%:   47-block 186
    %%%%%:   47-block 187
    %%%%%:   47-block 188
    %%%%%:   47-block 189
    %%%%%:   47-block 190
    %%%%%:   47-block 191
        2:   47-block 192
    %%%%%:   47-block 193
        4:   47-block 194
    %%%%%:   47-block 195
    %%%%%:   47-block 196
    %%%%%:   47-block 197
    %%%%%:   47-block 198
        2:   47-block 199
      754:   47-block 200
    %%%%%:   47-block 201
    %%%%%:   47-block 202
    %%%%%:   47-block 203
    %%%%%:   47-block 204
     1519:   47-block 205
    %%%%%:   47-block 206
    %%%%%:   47-block 207
    %%%%%:   47-block 208
    %%%%%:   47-block 209
    %%%%%:   47-block 210
    %%%%%:   47-block 211
    %%%%%:   47-block 212
        1:   47-block 213
        -:   48:    { return __builtin_addressof(__r); }
        -:   49:
        -:   50:#if __cplusplus >= 201103L
        -:   51:
        -:   52:_GLIBCXX_END_NAMESPACE_VERSION
        -:   53:} // namespace
        -:   54:
        -:   55:#include <type_traits> // Brings in std::declval too.
        -:   56:
        -:   57:namespace std _GLIBCXX_VISIBILITY(default)
        -:   58:{
        -:   59:_GLIBCXX_BEGIN_NAMESPACE_VERSION
        -:   60:
        -:   61:  /**
        -:   62:   *  @addtogroup utilities
        -:   63:   *  @{
        -:   64:   */
        -:   65:
        -:   66:  /**
        -:   67:   *  @brief  Forward an lvalue.
        -:   68:   *  @return The parameter cast to the specified type.
        -:   69:   *
        -:   70:   *  This function is used to implement "perfect forwarding".
        -:   71:   */
        -:   72:  template<typename _Tp>
        -:   73:    constexpr _Tp&&
     167*:   74:    forward(typename std::remove_reference<_Tp>::type& __t) noexcept
    %%%%%:   74-block  0
    %%%%%:   74-block  1
    %%%%%:   74-block  2
    %%%%%:   74-block  3
    %%%%%:   74-block  4
    %%%%%:   74-block  5
    %%%%%:   74-block  6
        1:   74-block  7
    %%%%%:   74-block  8
    %%%%%:   74-block  9
    %%%%%:   74-block 10
    %%%%%:   74-block 11
    %%%%%:   74-block 12
    %%%%%:   74-block 13
    %%%%%:   74-block 14
    %%%%%:   74-block 15
    %%%%%:   74-block 16
    %%%%%:   74-block 17
    %%%%%:   74-block 18
    %%%%%:   74-block 19
    %%%%%:   74-block 20
    %%%%%:   74-block 21
    %%%%%:   74-block 22
    %%%%%:   74-block 23
    %%%%%:   74-block 24
    %%%%%:   74-block 25
    %%%%%:   74-block 26
    %%%%%:   74-block 27
    %%%%%:   74-block 28
    %%%%%:   74-block 29
    %%%%%:   74-block 30
    %%%%%:   74-block 31
    %%%%%:   74-block 32
    %%%%%:   74-block 33
    %%%%%:   74-block 34
    %%%%%:   74-block 35
    %%%%%:   74-block 36
    %%%%%:   74-block 37
    %%%%%:   74-block 38
    %%%%%:   74-block 39
    %%%%%:   74-block 40
    %%%%%:   74-block 41
    %%%%%:   74-block 42
    %%%%%:   74-block 43
    %%%%%:   74-block 44
    %%%%%:   74-block 45
    %%%%%:   74-block 46
    %%%%%:   74-block 47
    %%%%%:   74-block 48
    %%%%%:   74-block 49
    %%%%%:   74-block 50
    %%%%%:   74-block 51
    %%%%%:   74-block 52
    %%%%%:   74-block 53
    %%%%%:   74-block 54
    %%%%%:   74-block 55
    %%%%%:   74-block 56
    %%%%%:   74-block 57
    %%%%%:   74-block 58
    %%%%%:   74-block 59
    %%%%%:   74-block 60
    %%%%%:   74-block 61
    %%%%%:   74-block 62
    %%%%%:   74-block 63
    %%%%%:   74-block 64
    %%%%%:   74-block 65
    %%%%%:   74-block 66
    %%%%%:   74-block 67
    %%%%%:   74-block 68
        1:   74-block 69
    %%%%%:   74-block 70
    %%%%%:   74-block 71
        2:   74-block 72
        2:   74-block 73
        1:   74-block 74
    %%%%%:   74-block 75
        3:   74-block 76
    %%%%%:   74-block 77
    %%%%%:   74-block 78
    %%%%%:   74-block 79
    %%%%%:   74-block 80
    %%%%%:   74-block 81
    %%%%%:   74-block 82
    %%%%%:   74-block 83
    %%%%%:   74-block 84
    %%%%%:   74-block 85
    %%%%%:   74-block 86
        2:   74-block 87
        1:   74-block 88
        1:   74-block 89
    %%%%%:   74-block 90
    %%%%%:   74-block 91
    %%%%%:   74-block 92
    %%%%%:   74-block 93
    %%%%%:   74-block 94
    %%%%%:   74-block 95
        1:   74-block 96
        3:   74-block 97
    %%%%%:   74-block 98
    %%%%%:   74-block 99
    %%%%%:   74-block 100
    %%%%%:   74-block 101
    %%%%%:   74-block 102
    %%%%%:   74-block 103
    %%%%%:   74-block 104
    %%%%%:   74-block 105
    %%%%%:   74-block 106
    %%%%%:   74-block 107
    %%%%%:   74-block 108
    %%%%%:   74-block 109
    %%%%%:   74-block 110
    %%%%%:   74-block 111
    %%%%%:   74-block 112
    %%%%%:   74-block 113
    %%%%%:   74-block 114
    %%%%%:   74-block 115
    %%%%%:   74-block 116
    %%%%%:   74-block 117
    %%%%%:   74-block 118
    %%%%%:   74-block 119
    %%%%%:   74-block 120
    %%%%%:   74-block 121
        1:   74-block 122
    %%%%%:   74-block 123
        2:   74-block 124
    %%%%%:   74-block 125
    %%%%%:   74-block 126
    %%%%%:   74-block 127
    %%%%%:   74-block 128
    %%%%%:   74-block 129
    %%%%%:   74-block 130
    %%%%%:   74-block 131
    %%%%%:   74-block 132
    %%%%%:   74-block 133
    %%%%%:   74-block 134
        4:   74-block 135
    %%%%%:   74-block 136
    %%%%%:   74-block 137
    %%%%%:   74-block 138
    %%%%%:   74-block 139
    %%%%%:   74-block 140
    %%%%%:   74-block 141
    %%%%%:   74-block 142
        1:   74-block 143
        1:   74-block 144
        1:   74-block 145
        1:   74-block 146
        1:   74-block 147
        1:   74-block 148
        1:   74-block 149
        1:   74-block 150
        1:   74-block 151
        1:   74-block 152
        1:   74-block 153
        1:   74-block 154
        2:   74-block 155
    %%%%%:   74-block 156
    %%%%%:   74-block 157
    %%%%%:   74-block 158
    %%%%%:   74-block 159
    %%%%%:   74-block 160
    %%%%%:   74-block 161
    %%%%%:   74-block 162
       20:   74-block 163
    %%%%%:   74-block 164
    %%%%%:   74-block 165
    %%%%%:   74-block 166
    %%%%%:   74-block 167
    %%%%%:   74-block 168
    %%%%%:   74-block 169
    %%%%%:   74-block 170
    %%%%%:   74-block 171
    %%%%%:   74-block 172
    %%%%%:   74-block 173
    %%%%%:   74-block 174
    %%%%%:   74-block 175
    %%%%%:   74-block 176
    %%%%%:   74-block 177
    %%%%%:   74-block 178
    %%%%%:   74-block 179
    %%%%%:   74-block 180
    %%%%%:   74-block 181
    %%%%%:   74-block 182
    %%%%%:   74-block 183
        1:   74-block 184
        1:   74-block 185
    %%%%%:   74-block 186
    %%%%%:   74-block 187
        1:   74-block 188
    %%%%%:   74-block 189
    %%%%%:   74-block 190
    %%%%%:   74-block 191
    %%%%%:   74-block 192
        2:   74-block 193
        2:   74-block 194
        2:   74-block 195
    %%%%%:   74-block 196
        1:   74-block 197
    %%%%%:   74-block 198
    %%%%%:   74-block 199
    %%%%%:   74-block 200
        4:   74-block 201
    %%%%%:   74-block 202
    %%%%%:   74-block 203
    %%%%%:   74-block 204
       10:   74-block 205
        1:   74-block 206
        1:   74-block 207
        -:   75:    { return static_cast<_Tp&&>(__t); }
        -:   76:
        -:   77:  /**
        -:   78:   *  @brief  Forward an rvalue.
        -:   79:   *  @return The parameter cast to the specified type.
        -:   80:   *
        -:   81:   *  This function is used to implement "perfect forwarding".
        -:   82:   */
        -:   83:  template<typename _Tp>
        -:   84:    constexpr _Tp&&
        -:   85:    forward(typename std::remove_reference<_Tp>::type&& __t) noexcept
        -:   86:    {
        -:   87:      static_assert(!std::is_lvalue_reference<_Tp>::value, "template argument"
        -:   88:		    " substituting _Tp is an lvalue reference type");
        -:   89:      return static_cast<_Tp&&>(__t);
        -:   90:    }
        -:   91:
        -:   92:  /**
        -:   93:   *  @brief  Convert a value to an rvalue.
        -:   94:   *  @param  __t  A thing of arbitrary type.
        -:   95:   *  @return The parameter cast to an rvalue-reference to allow moving it.
        -:   96:  */
        -:   97:  template<typename _Tp>
        -:   98:    constexpr typename std::remove_reference<_Tp>::type&&
    1655*:   99:    move(_Tp&& __t) noexcept
    %%%%%:   99-block  0
    %%%%%:   99-block  1
    %%%%%:   99-block  2
    %%%%%:   99-block  3
    %%%%%:   99-block  4
    %%%%%:   99-block  5
    %%%%%:   99-block  6
    %%%%%:   99-block  7
    %%%%%:   99-block  8
    %%%%%:   99-block  9
    %%%%%:   99-block 10
    %%%%%:   99-block 11
    %%%%%:   99-block 12
    %%%%%:   99-block 13
    %%%%%:   99-block 14
    %%%%%:   99-block 15
    %%%%%:   99-block 16
    %%%%%:   99-block 17
    %%%%%:   99-block 18
    %%%%%:   99-block 19
    %%%%%:   99-block 20
    %%%%%:   99-block 21
    %%%%%:   99-block 22
    %%%%%:   99-block 23
    %%%%%:   99-block 24
    %%%%%:   99-block 25
    %%%%%:   99-block 26
    %%%%%:   99-block 27
    %%%%%:   99-block 28
    %%%%%:   99-block 29
    %%%%%:   99-block 30
    %%%%%:   99-block 31
    %%%%%:   99-block 32
    %%%%%:   99-block 33
    %%%%%:   99-block 34
    %%%%%:   99-block 35
        1:   99-block 36
    %%%%%:   99-block 37
    %%%%%:   99-block 38
    %%%%%:   99-block 39
    %%%%%:   99-block 40
    %%%%%:   99-block 41
    %%%%%:   99-block 42
    %%%%%:   99-block 43
    %%%%%:   99-block 44
    %%%%%:   99-block 45
    %%%%%:   99-block 46
    %%%%%:   99-block 47
    %%%%%:   99-block 48
    %%%%%:   99-block 49
    %%%%%:   99-block 50
    %%%%%:   99-block 51
    %%%%%:   99-block 52
    %%%%%:   99-block 53
    %%%%%:   99-block 54
    %%%%%:   99-block 55
    %%%%%:   99-block 56
    %%%%%:   99-block 57
    %%%%%:   99-block 58
    %%%%%:   99-block 59
    %%%%%:   99-block 60
    %%%%%:   99-block 61
    %%%%%:   99-block 62
    %%%%%:   99-block 63
    %%%%%:   99-block 64
    %%%%%:   99-block 65
    %%%%%:   99-block 66
    %%%%%:   99-block 67
    %%%%%:   99-block 68
    %%%%%:   99-block 69
    %%%%%:   99-block 70
    %%%%%:   99-block 71
    %%%%%:   99-block 72
    %%%%%:   99-block 73
    %%%%%:   99-block 74
    %%%%%:   99-block 75
    %%%%%:   99-block 76
    %%%%%:   99-block 77
    %%%%%:   99-block 78
    %%%%%:   99-block 79
    %%%%%:   99-block 80
    %%%%%:   99-block 81
    %%%%%:   99-block 82
    %%%%%:   99-block 83
    %%%%%:   99-block 84
    %%%%%:   99-block 85
    %%%%%:   99-block 86
    %%%%%:   99-block 87
    %%%%%:   99-block 88
    %%%%%:   99-block 89
    %%%%%:   99-block 90
    %%%%%:   99-block 91
    %%%%%:   99-block 92
    %%%%%:   99-block 93
    %%%%%:   99-block 94
    %%%%%:   99-block 95
    %%%%%:   99-block 96
    %%%%%:   99-block 97
    %%%%%:   99-block 98
    %%%%%:   99-block 99
    %%%%%:   99-block 100
    %%%%%:   99-block 101
    %%%%%:   99-block 102
    %%%%%:   99-block 103
    %%%%%:   99-block 104
    %%%%%:   99-block 105
    %%%%%:   99-block 106
    %%%%%:   99-block 107
    %%%%%:   99-block 108
    %%%%%:   99-block 109
    %%%%%:   99-block 110
    %%%%%:   99-block 111
    %%%%%:   99-block 112
    %%%%%:   99-block 113
    %%%%%:   99-block 114
    %%%%%:   99-block 115
    %%%%%:   99-block 116
    %%%%%:   99-block 117
    %%%%%:   99-block 118
    %%%%%:   99-block 119
    %%%%%:   99-block 120
    %%%%%:   99-block 121
    %%%%%:   99-block 122
    %%%%%:   99-block 123
    %%%%%:   99-block 124
    %%%%%:   99-block 125
    %%%%%:   99-block 126
    %%%%%:   99-block 127
    %%%%%:   99-block 128
    %%%%%:   99-block 129
    %%%%%:   99-block 130
    %%%%%:   99-block 131
    %%%%%:   99-block 132
    %%%%%:   99-block 133
    %%%%%:   99-block 134
    %%%%%:   99-block 135
    %%%%%:   99-block 136
    %%%%%:   99-block 137
    %%%%%:   99-block 138
    %%%%%:   99-block 139
    %%%%%:   99-block 140
    %%%%%:   99-block 141
    %%%%%:   99-block 142
        4:   99-block 143
    %%%%%:   99-block 144
    %%%%%:   99-block 145
    %%%%%:   99-block 146
    %%%%%:   99-block 147
    %%%%%:   99-block 148
    %%%%%:   99-block 149
    %%%%%:   99-block 150
    %%%%%:   99-block 151
    %%%%%:   99-block 152
    %%%%%:   99-block 153
    %%%%%:   99-block 154
    %%%%%:   99-block 155
    %%%%%:   99-block 156
    %%%%%:   99-block 157
    %%%%%:   99-block 158
    %%%%%:   99-block 159
        4:   99-block 160
    %%%%%:   99-block 161
    %%%%%:   99-block 162
    %%%%%:   99-block 163
    %%%%%:   99-block 164
    %%%%%:   99-block 165
    %%%%%:   99-block 166
    %%%%%:   99-block 167
    %%%%%:   99-block 168
    %%%%%:   99-block 169
    %%%%%:   99-block 170
    %%%%%:   99-block 171
    %%%%%:   99-block 172
    %%%%%:   99-block 173
    %%%%%:   99-block 174
     1474:   99-block 175
    %%%%%:   99-block 176
    %%%%%:   99-block 177
        1:   99-block 178
    %%%%%:   99-block 179
    %%%%%:   99-block 180
    %%%%%:   99-block 181
    %%%%%:   99-block 182
        1:   99-block 183
    %%%%%:   99-block 184
    %%%%%:   99-block 185
    %%%%%:   99-block 186
    %%%%%:   99-block 187
    %%%%%:   99-block 188
    %%%%%:   99-block 189
    %%%%%:   99-block 190
    %%%%%:   99-block 191
    %%%%%:   99-block 192
    %%%%%:   99-block 193
    %%%%%:   99-block 194
    %%%%%:   99-block 195
    %%%%%:   99-block 196
    %%%%%:   99-block 197
    %%%%%:   99-block 198
    %%%%%:   99-block 199
    %%%%%:   99-block 200
    %%%%%:   99-block 201
    %%%%%:   99-block 202
    %%%%%:   99-block 203
    %%%%%:   99-block 204
    %%%%%:   99-block 205
    %%%%%:   99-block 206
    %%%%%:   99-block 207
    %%%%%:   99-block 208
    %%%%%:   99-block 209
    %%%%%:   99-block 210
    %%%%%:   99-block 211
    %%%%%:   99-block 212
    %%%%%:   99-block 213
    %%%%%:   99-block 214
        1:   99-block 215
        1:   99-block 216
        1:   99-block 217
        1:   99-block 218
        1:   99-block 219
        1:   99-block 220
        1:   99-block 221
        1:   99-block 222
        1:   99-block 223
        1:   99-block 224
        1:   99-block 225
        1:   99-block 226
        2:   99-block 227
    %%%%%:   99-block 228
    %%%%%:   99-block 229
    %%%%%:   99-block 230
    %%%%%:   99-block 231
    %%%%%:   99-block 232
    %%%%%:   99-block 233
    %%%%%:   99-block 234
    %%%%%:   99-block 235
       20:   99-block 236
    %%%%%:   99-block 237
    %%%%%:   99-block 238
        1:   99-block 239
    %%%%%:   99-block 240
    %%%%%:   99-block 241
    %%%%%:   99-block 242
    %%%%%:   99-block 243
    %%%%%:   99-block 244
    %%%%%:   99-block 245
    %%%%%:   99-block 246
    %%%%%:   99-block 247
        1:   99-block 248
    %%%%%:   99-block 249
    %%%%%:   99-block 250
    %%%%%:   99-block 251
    %%%%%:   99-block 252
    %%%%%:   99-block 253
    %%%%%:   99-block 254
    %%%%%:   99-block 255
    %%%%%:   99-block 256
    %%%%%:   99-block 257
    %%%%%:   99-block 258
    %%%%%:   99-block 259
    %%%%%:   99-block 260
    %%%%%:   99-block 261
    %%%%%:   99-block 262
    %%%%%:   99-block 263
    %%%%%:   99-block 264
    %%%%%:   99-block 265
    %%%%%:   99-block 266
    %%%%%:   99-block 267
    %%%%%:   99-block 268
    %%%%%:   99-block 269
    %%%%%:   99-block 270
    %%%%%:   99-block 271
    %%%%%:   99-block 272
    %%%%%:   99-block 273
        1:   99-block 274
        1:   99-block 275
    %%%%%:   99-block 276
    %%%%%:   99-block 277
    %%%%%:   99-block 278
    %%%%%:   99-block 279
    %%%%%:   99-block 280
    %%%%%:   99-block 281
    %%%%%:   99-block 282
    %%%%%:   99-block 283
        1:   99-block 284
        1:   99-block 285
    %%%%%:   99-block 286
    %%%%%:   99-block 287
    %%%%%:   99-block 288
    %%%%%:   99-block 289
    %%%%%:   99-block 290
    %%%%%:   99-block 291
    %%%%%:   99-block 292
    %%%%%:   99-block 293
    %%%%%:   99-block 294
    %%%%%:   99-block 295
    %%%%%:   99-block 296
    %%%%%:   99-block 297
    %%%%%:   99-block 298
    %%%%%:   99-block 299
    %%%%%:   99-block 300
    %%%%%:   99-block 301
    %%%%%:   99-block 302
    %%%%%:   99-block 303
    %%%%%:   99-block 304
    %%%%%:   99-block 305
    %%%%%:   99-block 306
    %%%%%:   99-block 307
        2:   99-block 308
        4:   99-block 309
        2:   99-block 310
    %%%%%:   99-block 311
        2:   99-block 312
        2:   99-block 313
    %%%%%:   99-block 314
        2:   99-block 315
        2:   99-block 316
    %%%%%:   99-block 317
        2:   99-block 318
        2:   99-block 319
        2:   99-block 320
        2:   99-block 321
    %%%%%:   99-block 322
        2:   99-block 323
    %%%%%:   99-block 324
    %%%%%:   99-block 325
    %%%%%:   99-block 326
    %%%%%:   99-block 327
    %%%%%:   99-block 328
    %%%%%:   99-block 329
    %%%%%:   99-block 330
    %%%%%:   99-block 331
    %%%%%:   99-block 332
    $$$$$:   99-block 333
    $$$$$:   99-block 334
    %%%%%:   99-block 335
    %%%%%:   99-block 336
    %%%%%:   99-block 337
    $$$$$:   99-block 338
    %%%%%:   99-block 339
    %%%%%:   99-block 340
    %%%%%:   99-block 341
    $$$$$:   99-block 342
    $$$$$:   99-block 343
    $$$$$:   99-block 344
    $$$$$:   99-block 345
    %%%%%:   99-block 346
        2:   99-block 347
    %%%%%:   99-block 348
    %%%%%:   99-block 349
    %%%%%:   99-block 350
    %%%%%:   99-block 351
    %%%%%:   99-block 352
    %%%%%:   99-block 353
    %%%%%:   99-block 354
    %%%%%:   99-block 355
    %%%%%:   99-block 356
    %%%%%:   99-block 357
        2:   99-block 358
        2:   99-block 359
        1:   99-block 360
        1:   99-block 361
        1:   99-block 362
    $$$$$:   99-block 363
    %%%%%:   99-block 364
    %%%%%:   99-block 365
    %%%%%:   99-block 366
    %%%%%:   99-block 367
    %%%%%:   99-block 368
    %%%%%:   99-block 369
    %%%%%:   99-block 370
    %%%%%:   99-block 371
    %%%%%:   99-block 372
    %%%%%:   99-block 373
    %%%%%:   99-block 374
    %%%%%:   99-block 375
    %%%%%:   99-block 376
    %%%%%:   99-block 377
    %%%%%:   99-block 378
    %%%%%:   99-block 379
    %%%%%:   99-block 380
    %%%%%:   99-block 381
    %%%%%:   99-block 382
    %%%%%:   99-block 383
    %%%%%:   99-block 384
    %%%%%:   99-block 385
        1:   99-block 386
    %%%%%:   99-block 387
        1:   99-block 388
        2:   99-block 389
    %%%%%:   99-block 390
    %%%%%:   99-block 391
    %%%%%:   99-block 392
    %%%%%:   99-block 393
    %%%%%:   99-block 394
    $$$$$:   99-block 395
    %%%%%:   99-block 396
        3:   99-block 397
    %%%%%:   99-block 398
        1:   99-block 399
        1:   99-block 400
    $$$$$:   99-block 401
        1:   99-block 402
    %%%%%:   99-block 403
    %%%%%:   99-block 404
    %%%%%:   99-block 405
    %%%%%:   99-block 406
    %%%%%:   99-block 407
    %%%%%:   99-block 408
    %%%%%:   99-block 409
    %%%%%:   99-block 410
    %%%%%:   99-block 411
    %%%%%:   99-block 412
    %%%%%:   99-block 413
    %%%%%:   99-block 414
    %%%%%:   99-block 415
    %%%%%:   99-block 416
    %%%%%:   99-block 417
    %%%%%:   99-block 418
    %%%%%:   99-block 419
        1:   99-block 420
    %%%%%:   99-block 421
    %%%%%:   99-block 422
    %%%%%:   99-block 423
    %%%%%:   99-block 424
    %%%%%:   99-block 425
    %%%%%:   99-block 426
    %%%%%:   99-block 427
    %%%%%:   99-block 428
    %%%%%:   99-block 429
    %%%%%:   99-block 430
    %%%%%:   99-block 431
    %%%%%:   99-block 432
    %%%%%:   99-block 433
    %%%%%:   99-block 434
    %%%%%:   99-block 435
        -:  100:    { return static_cast<typename std::remove_reference<_Tp>::type&&>(__t); }
        -:  101:
        -:  102:
        -:  103:  template<typename _Tp>
        -:  104:    struct __move_if_noexcept_cond
        -:  105:    : public __and_<__not_<is_nothrow_move_constructible<_Tp>>,
        -:  106:                    is_copy_constructible<_Tp>>::type { };
        -:  107:
        -:  108:  /**
        -:  109:   *  @brief  Conditionally convert a value to an rvalue.
        -:  110:   *  @param  __x  A thing of arbitrary type.
        -:  111:   *  @return The parameter, possibly cast to an rvalue-reference.
        -:  112:   *
        -:  113:   *  Same as std::move unless the type's move constructor could throw and the
        -:  114:   *  type is copyable, in which case an lvalue-reference is returned instead.
        -:  115:   */
        -:  116:  template<typename _Tp>
        -:  117:    constexpr typename
        -:  118:    conditional<__move_if_noexcept_cond<_Tp>::value, const _Tp&, _Tp&&>::type
        -:  119:    move_if_noexcept(_Tp& __x) noexcept
        -:  120:    { return std::move(__x); }
        -:  121:
        -:  122:  // declval, from type_traits.
        -:  123:
        -:  124:#if __cplusplus > 201402L
        -:  125:  // _GLIBCXX_RESOLVE_LIB_DEFECTS
        -:  126:  // 2296. std::addressof should be constexpr
        -:  127:# define __cpp_lib_addressof_constexpr 201603
        -:  128:#endif
        -:  129:  /**
        -:  130:   *  @brief Returns the actual address of the object or function
        -:  131:   *         referenced by r, even in the presence of an overloaded
        -:  132:   *         operator&.
        -:  133:   *  @param  __r  Reference to an object or function.
        -:  134:   *  @return   The actual address.
        -:  135:  */
        -:  136:  template<typename _Tp>
        -:  137:    inline _GLIBCXX17_CONSTEXPR _Tp*
    3323*:  138:    addressof(_Tp& __r) noexcept
    3252*:  139:    { return std::__addressof(__r); }
    %%%%%:  139-block  0
    %%%%%:  139-block  1
    %%%%%:  139-block  2
    %%%%%:  139-block  3
    %%%%%:  139-block  4
    %%%%%:  139-block  5
    $$$$$:  139-block  6
    $$$$$:  139-block  7
    $$$$$:  139-block  8
    $$$$$:  139-block  9
    $$$$$:  139-block 10
    %%%%%:  139-block 11
    %%%%%:  139-block 12
    %%%%%:  139-block 13
    %%%%%:  139-block 14
    $$$$$:  139-block 15
    $$$$$:  139-block 16
    $$$$$:  139-block 17
    %%%%%:  139-block 18
    %%%%%:  139-block 19
    %%%%%:  139-block 20
    %%%%%:  139-block 21
    $$$$$:  139-block 22
    $$$$$:  139-block 23
    $$$$$:  139-block 24
    %%%%%:  139-block 25
    %%%%%:  139-block 26
    %%%%%:  139-block 27
    %%%%%:  139-block 28
    $$$$$:  139-block 29
    $$$$$:  139-block 30
    $$$$$:  139-block 31
    %%%%%:  139-block 32
    %%%%%:  139-block 33
    %%%%%:  139-block 34
    %%%%%:  139-block 35
    $$$$$:  139-block 36
    $$$$$:  139-block 37
    $$$$$:  139-block 38
    %%%%%:  139-block 39
    %%%%%:  139-block 40
    %%%%%:  139-block 41
    $$$$$:  139-block 42
    $$$$$:  139-block 43
    %%%%%:  139-block 44
    %%%%%:  139-block 45
    %%%%%:  139-block 46
    $$$$$:  139-block 47
    $$$$$:  139-block 48
    %%%%%:  139-block 49
    %%%%%:  139-block 50
    %%%%%:  139-block 51
    $$$$$:  139-block 52
    $$$$$:  139-block 53
    $$$$$:  139-block 54
    %%%%%:  139-block 55
    %%%%%:  139-block 56
    %%%%%:  139-block 57
    %%%%%:  139-block 58
    $$$$$:  139-block 59
    $$$$$:  139-block 60
    %%%%%:  139-block 61
    %%%%%:  139-block 62
    $$$$$:  139-block 63
    %%%%%:  139-block 64
    %%%%%:  139-block 65
    %%%%%:  139-block 66
    %%%%%:  139-block 67
    $$$$$:  139-block 68
    $$$$$:  139-block 69
    %%%%%:  139-block 70
    %%%%%:  139-block 71
    $$$$$:  139-block 72
    %%%%%:  139-block 73
    %%%%%:  139-block 74
    %%%%%:  139-block 75
    %%%%%:  139-block 76
    $$$$$:  139-block 77
    $$$$$:  139-block 78
    %%%%%:  139-block 79
    %%%%%:  139-block 80
    %%%%%:  139-block 81
    %%%%%:  139-block 82
    $$$$$:  139-block 83
    $$$$$:  139-block 84
    %%%%%:  139-block 85
    %%%%%:  139-block 86
    %%%%%:  139-block 87
    %%%%%:  139-block 88
    $$$$$:  139-block 89
    $$$$$:  139-block 90
    %%%%%:  139-block 91
    %%%%%:  139-block 92
    %%%%%:  139-block 93
    %%%%%:  139-block 94
    $$$$$:  139-block 95
    $$$$$:  139-block 96
    %%%%%:  139-block 97
    %%%%%:  139-block 98
    %%%%%:  139-block 99
    %%%%%:  139-block 100
    $$$$$:  139-block 101
    $$$$$:  139-block 102
    %%%%%:  139-block 103
    %%%%%:  139-block 104
    %%%%%:  139-block 105
    %%%%%:  139-block 106
    $$$$$:  139-block 107
    $$$$$:  139-block 108
    %%%%%:  139-block 109
    %%%%%:  139-block 110
    %%%%%:  139-block 111
    $$$$$:  139-block 112
    $$$$$:  139-block 113
    %%%%%:  139-block 114
    %%%%%:  139-block 115
    $$$$$:  139-block 116
    $$$$$:  139-block 117
    %%%%%:  139-block 118
    %%%%%:  139-block 119
    $$$$$:  139-block 120
    %%%%%:  139-block 121
    %%%%%:  139-block 122
    %%%%%:  139-block 123
    %%%%%:  139-block 124
    %%%%%:  139-block 125
    %%%%%:  139-block 126
    %%%%%:  139-block 127
    $$$$$:  139-block 128
    $$$$$:  139-block 129
        3:  139-block 130
    %%%%%:  139-block 131
    %%%%%:  139-block 132
    %%%%%:  139-block 133
    $$$$$:  139-block 134
    %%%%%:  139-block 135
    %%%%%:  139-block 136
    %%%%%:  139-block 137
    %%%%%:  139-block 138
    %%%%%:  139-block 139
    %%%%%:  139-block 140
    $$$$$:  139-block 141
    %%%%%:  139-block 142
    $$$$$:  139-block 143
    %%%%%:  139-block 144
    %%%%%:  139-block 145
    %%%%%:  139-block 146
    $$$$$:  139-block 147
    %%%%%:  139-block 148
    %%%%%:  139-block 149
    $$$$$:  139-block 150
    %%%%%:  139-block 151
    %%%%%:  139-block 152
    $$$$$:  139-block 153
    %%%%%:  139-block 154
    %%%%%:  139-block 155
    %%%%%:  139-block 156
    %%%%%:  139-block 157
    $$$$$:  139-block 158
    $$$$$:  139-block 159
    %%%%%:  139-block 160
    $$$$$:  139-block 161
    $$$$$:  139-block 162
    %%%%%:  139-block 163
    $$$$$:  139-block 164
    $$$$$:  139-block 165
    %%%%%:  139-block 166
    %%%%%:  139-block 167
    %%%%%:  139-block 168
    %%%%%:  139-block 169
    $$$$$:  139-block 170
    $$$$$:  139-block 171
    %%%%%:  139-block 172
    $$$$$:  139-block 173
    $$$$$:  139-block 174
    %%%%%:  139-block 175
    $$$$$:  139-block 176
    $$$$$:  139-block 177
    %%%%%:  139-block 178
    $$$$$:  139-block 179
    %%%%%:  139-block 180
    $$$$$:  139-block 181
    %%%%%:  139-block 182
    $$$$$:  139-block 183
    %%%%%:  139-block 184
    $$$$$:  139-block 185
    %%%%%:  139-block 186
    $$$$$:  139-block 187
    %%%%%:  139-block 188
    $$$$$:  139-block 189
    %%%%%:  139-block 190
    $$$$$:  139-block 191
    %%%%%:  139-block 192
    %%%%%:  139-block 193
    $$$$$:  139-block 194
    %%%%%:  139-block 195
    %%%%%:  139-block 196
    $$$$$:  139-block 197
    %%%%%:  139-block 198
    %%%%%:  139-block 199
        4:  139-block 200
    %%%%%:  139-block 201
    %%%%%:  139-block 202
    %%%%%:  139-block 203
    %%%%%:  139-block 204
    %%%%%:  139-block 205
    %%%%%:  139-block 206
    %%%%%:  139-block 207
    %%%%%:  139-block 208
    %%%%%:  139-block 209
    %%%%%:  139-block 210
    %%%%%:  139-block 211
    %%%%%:  139-block 212
    %%%%%:  139-block 213
    %%%%%:  139-block 214
    $$$$$:  139-block 215
        4:  139-block 216
    $$$$$:  139-block 217
    %%%%%:  139-block 218
    %%%%%:  139-block 219
    %%%%%:  139-block 220
    $$$$$:  139-block 221
    $$$$$:  139-block 222
    $$$$$:  139-block 223
    %%%%%:  139-block 224
    %%%%%:  139-block 225
    %%%%%:  139-block 226
    %%%%%:  139-block 227
    $$$$$:  139-block 228
    %%%%%:  139-block 229
    $$$$$:  139-block 230
     1474:  139-block 231
    $$$$$:  139-block 232
    %%%%%:  139-block 233
    $$$$$:  139-block 234
    %%%%%:  139-block 235
        1:  139-block 236
    %%%%%:  139-block 237
    %%%%%:  139-block 238
        1:  139-block 239
    %%%%%:  139-block 240
    %%%%%:  139-block 241
    %%%%%:  139-block 242
    %%%%%:  139-block 243
    %%%%%:  139-block 244
    %%%%%:  139-block 245
    %%%%%:  139-block 246
    %%%%%:  139-block 247
    %%%%%:  139-block 248
    $$$$$:  139-block 249
    %%%%%:  139-block 250
    %%%%%:  139-block 251
    %%%%%:  139-block 252
    %%%%%:  139-block 253
    %%%%%:  139-block 254
    %%%%%:  139-block 255
    %%%%%:  139-block 256
    %%%%%:  139-block 257
    %%%%%:  139-block 258
    %%%%%:  139-block 259
    %%%%%:  139-block 260
    $$$$$:  139-block 261
    %%%%%:  139-block 262
    $$$$$:  139-block 263
    %%%%%:  139-block 264
    %%%%%:  139-block 265
    %%%%%:  139-block 266
    %%%%%:  139-block 267
        1:  139-block 268
        1:  139-block 269
        1:  139-block 270
        1:  139-block 271
        1:  139-block 272
        1:  139-block 273
        1:  139-block 274
        1:  139-block 275
        1:  139-block 276
        1:  139-block 277
        1:  139-block 278
        1:  139-block 279
        2:  139-block 280
    %%%%%:  139-block 281
    %%%%%:  139-block 282
    %%%%%:  139-block 283
    %%%%%:  139-block 284
    %%%%%:  139-block 285
    %%%%%:  139-block 286
    %%%%%:  139-block 287
    %%%%%:  139-block 288
    %%%%%:  139-block 289
    %%%%%:  139-block 290
    %%%%%:  139-block 291
    %%%%%:  139-block 292
       20:  139-block 293
       20:  139-block 294
    %%%%%:  139-block 295
    %%%%%:  139-block 296
    $$$$$:  139-block 297
    %%%%%:  139-block 298
    %%%%%:  139-block 299
    %%%%%:  139-block 300
    %%%%%:  139-block 301
    $$$$$:  139-block 302
    $$$$$:  139-block 303
    $$$$$:  139-block 304
    $$$$$:  139-block 305
    %%%%%:  139-block 306
    $$$$$:  139-block 307
    %%%%%:  139-block 308
    $$$$$:  139-block 309
    %%%%%:  139-block 310
    $$$$$:  139-block 311
    %%%%%:  139-block 312
    $$$$$:  139-block 313
    %%%%%:  139-block 314
    $$$$$:  139-block 315
    %%%%%:  139-block 316
    $$$$$:  139-block 317
    %%%%%:  139-block 318
    $$$$$:  139-block 319
    $$$$$:  139-block 320
    %%%%%:  139-block 321
        1:  139-block 322
    %%%%%:  139-block 323
    $$$$$:  139-block 324
    $$$$$:  139-block 325
    $$$$$:  139-block 326
        4:  139-block 327
    %%%%%:  139-block 328
    %%%%%:  139-block 329
    $$$$$:  139-block 330
    $$$$$:  139-block 331
    $$$$$:  139-block 332
    %%%%%:  139-block 333
    %%%%%:  139-block 334
    $$$$$:  139-block 335
    %%%%%:  139-block 336
    %%%%%:  139-block 337
    $$$$$:  139-block 338
    %%%%%:  139-block 339
    %%%%%:  139-block 340
    %%%%%:  139-block 341
    %%%%%:  139-block 342
    $$$$$:  139-block 343
    $$$$$:  139-block 344
    $$$$$:  139-block 345
    %%%%%:  139-block 346
    %%%%%:  139-block 347
    %%%%%:  139-block 348
    %%%%%:  139-block 349
    $$$$$:  139-block 350
    $$$$$:  139-block 351
    $$$$$:  139-block 352
    %%%%%:  139-block 353
    %%%%%:  139-block 354
    %%%%%:  139-block 355
        1:  139-block 356
    %%%%%:  139-block 357
    %%%%%:  139-block 358
    %%%%%:  139-block 359
    $$$$$:  139-block 360
    $$$$$:  139-block 361
    %%%%%:  139-block 362
    $$$$$:  139-block 363
    %%%%%:  139-block 364
    $$$$$:  139-block 365
    %%%%%:  139-block 366
    %%%%%:  139-block 367
    %%%%%:  139-block 368
    $$$$$:  139-block 369
    %%%%%:  139-block 370
    %%%%%:  139-block 371
    $$$$$:  139-block 372
    %%%%%:  139-block 373
     1519:  139-block 374
    %%%%%:  139-block 375
    %%%%%:  139-block 376
    %%%%%:  139-block 377
    %%%%%:  139-block 378
    $$$$$:  139-block 379
    %%%%%:  139-block 380
    %%%%%:  139-block 381
    %%%%%:  139-block 382
    %%%%%:  139-block 383
    $$$$$:  139-block 384
    $$$$$:  139-block 385
    $$$$$:  139-block 386
    $$$$$:  139-block 387
    %%%%%:  139-block 388
    %%%%%:  139-block 389
    %%%%%:  139-block 390
    %%%%%:  139-block 391
    %%%%%:  139-block 392
    $$$$$:  139-block 393
    $$$$$:  139-block 394
    $$$$$:  139-block 395
    $$$$$:  139-block 396
    %%%%%:  139-block 397
    %%%%%:  139-block 398
    %%%%%:  139-block 399
    %%%%%:  139-block 400
    %%%%%:  139-block 401
    %%%%%:  139-block 402
    %%%%%:  139-block 403
    $$$$$:  139-block 404
    $$$$$:  139-block 405
    $$$$$:  139-block 406
    $$$$$:  139-block 407
    $$$$$:  139-block 408
    $$$$$:  139-block 409
    $$$$$:  139-block 410
    %%%%%:  139-block 411
    %%%%%:  139-block 412
    %%%%%:  139-block 413
    %%%%%:  139-block 414
    %%%%%:  139-block 415
    $$$$$:  139-block 416
    $$$$$:  139-block 417
    $$$$$:  139-block 418
    $$$$$:  139-block 419
    $$$$$:  139-block 420
    %%%%%:  139-block 421
    %%%%%:  139-block 422
    %%%%%:  139-block 423
    %%%%%:  139-block 424
    %%%%%:  139-block 425
    %%%%%:  139-block 426
    %%%%%:  139-block 427
    %%%%%:  139-block 428
    %%%%%:  139-block 429
    %%%%%:  139-block 430
    %%%%%:  139-block 431
    %%%%%:  139-block 432
    %%%%%:  139-block 433
    %%%%%:  139-block 434
    %%%%%:  139-block 435
    %%%%%:  139-block 436
    %%%%%:  139-block 437
    %%%%%:  139-block 438
    $$$$$:  139-block 439
    $$$$$:  139-block 440
    $$$$$:  139-block 441
    $$$$$:  139-block 442
    $$$$$:  139-block 443
    $$$$$:  139-block 444
    $$$$$:  139-block 445
    $$$$$:  139-block 446
    $$$$$:  139-block 447
    $$$$$:  139-block 448
    $$$$$:  139-block 449
    $$$$$:  139-block 450
    $$$$$:  139-block 451
    $$$$$:  139-block 452
    $$$$$:  139-block 453
    $$$$$:  139-block 454
    $$$$$:  139-block 455
    %%%%%:  139-block 456
    %%%%%:  139-block 457
    %%%%%:  139-block 458
    $$$$$:  139-block 459
    $$$$$:  139-block 460
    $$$$$:  139-block 461
    %%%%%:  139-block 462
    %%%%%:  139-block 463
    %%%%%:  139-block 464
    %%%%%:  139-block 465
    %%%%%:  139-block 466
    %%%%%:  139-block 467
    $$$$$:  139-block 468
    $$$$$:  139-block 469
    $$$$$:  139-block 470
    $$$$$:  139-block 471
    $$$$$:  139-block 472
    $$$$$:  139-block 473
    %%%%%:  139-block 474
    %%%%%:  139-block 475
    $$$$$:  139-block 476
    $$$$$:  139-block 477
    %%%%%:  139-block 478
    %%%%%:  139-block 479
    %%%%%:  139-block 480
    %%%%%:  139-block 481
    %%%%%:  139-block 482
    %%%%%:  139-block 483
    %%%%%:  139-block 484
    %%%%%:  139-block 485
    %%%%%:  139-block 486
    $$$$$:  139-block 487
    $$$$$:  139-block 488
    $$$$$:  139-block 489
    $$$$$:  139-block 490
    $$$$$:  139-block 491
    $$$$$:  139-block 492
    $$$$$:  139-block 493
    $$$$$:  139-block 494
    %%%%%:  139-block 495
    %%%%%:  139-block 496
    $$$$$:  139-block 497
    $$$$$:  139-block 498
    %%%%%:  139-block 499
    %%%%%:  139-block 500
    %%%%%:  139-block 501
    %%%%%:  139-block 502
    %%%%%:  139-block 503
    %%%%%:  139-block 504
    %%%%%:  139-block 505
    %%%%%:  139-block 506
    %%%%%:  139-block 507
    %%%%%:  139-block 508
    %%%%%:  139-block 509
    %%%%%:  139-block 510
    $$$$$:  139-block 511
    $$$$$:  139-block 512
    $$$$$:  139-block 513
    $$$$$:  139-block 514
    $$$$$:  139-block 515
    $$$$$:  139-block 516
    %%%%%:  139-block 517
    %%%%%:  139-block 518
    %%%%%:  139-block 519
    %%%%%:  139-block 520
    %%%%%:  139-block 521
    %%%%%:  139-block 522
    %%%%%:  139-block 523
    %%%%%:  139-block 524
    %%%%%:  139-block 525
    %%%%%:  139-block 526
    %%%%%:  139-block 527
    %%%%%:  139-block 528
    %%%%%:  139-block 529
    %%%%%:  139-block 530
    $$$$$:  139-block 531
    $$$$$:  139-block 532
    $$$$$:  139-block 533
    $$$$$:  139-block 534
    $$$$$:  139-block 535
    $$$$$:  139-block 536
    $$$$$:  139-block 537
    $$$$$:  139-block 538
    $$$$$:  139-block 539
    $$$$$:  139-block 540
    $$$$$:  139-block 541
    $$$$$:  139-block 542
    $$$$$:  139-block 543
    $$$$$:  139-block 544
    %%%%%:  139-block 545
    %%%%%:  139-block 546
    %%%%%:  139-block 547
    %%%%%:  139-block 548
    %%%%%:  139-block 549
    %%%%%:  139-block 550
    $$$$$:  139-block 551
    $$$$$:  139-block 552
    $$$$$:  139-block 553
    $$$$$:  139-block 554
    %%%%%:  139-block 555
    %%%%%:  139-block 556
    %%%%%:  139-block 557
    %%%%%:  139-block 558
    %%%%%:  139-block 559
    %%%%%:  139-block 560
    %%%%%:  139-block 561
    %%%%%:  139-block 562
    %%%%%:  139-block 563
    %%%%%:  139-block 564
    %%%%%:  139-block 565
    %%%%%:  139-block 566
    %%%%%:  139-block 567
    %%%%%:  139-block 568
    %%%%%:  139-block 569
    %%%%%:  139-block 570
    %%%%%:  139-block 571
    %%%%%:  139-block 572
    %%%%%:  139-block 573
    %%%%%:  139-block 574
    %%%%%:  139-block 575
    %%%%%:  139-block 576
    $$$$$:  139-block 577
    $$$$$:  139-block 578
    $$$$$:  139-block 579
    $$$$$:  139-block 580
    $$$$$:  139-block 581
    $$$$$:  139-block 582
    $$$$$:  139-block 583
    $$$$$:  139-block 584
    $$$$$:  139-block 585
    $$$$$:  139-block 586
    $$$$$:  139-block 587
    $$$$$:  139-block 588
    $$$$$:  139-block 589
    $$$$$:  139-block 590
    $$$$$:  139-block 591
    $$$$$:  139-block 592
    $$$$$:  139-block 593
    $$$$$:  139-block 594
    $$$$$:  139-block 595
    $$$$$:  139-block 596
    $$$$$:  139-block 597
    $$$$$:  139-block 598
    %%%%%:  139-block 599
    $$$$$:  139-block 600
    %%%%%:  139-block 601
    %%%%%:  139-block 602
    %%%%%:  139-block 603
    %%%%%:  139-block 604
    %%%%%:  139-block 605
    $$$$$:  139-block 606
        1:  139-block 607
        1:  139-block 608
        1:  139-block 609
    %%%%%:  139-block 610
    %%%%%:  139-block 611
    $$$$$:  139-block 612
    $$$$$:  139-block 613
    $$$$$:  139-block 614
    $$$$$:  139-block 615
    $$$$$:  139-block 616
    %%%%%:  139-block 617
    %%%%%:  139-block 618
    $$$$$:  139-block 619
        1:  139-block 620
        1:  139-block 621
        1:  139-block 622
        1:  139-block 623
        1:  139-block 624
        1:  139-block 625
    %%%%%:  139-block 626
    %%%%%:  139-block 627
    %%%%%:  139-block 628
    %%%%%:  139-block 629
    %%%%%:  139-block 630
    %%%%%:  139-block 631
    %%%%%:  139-block 632
    %%%%%:  139-block 633
    %%%%%:  139-block 634
    %%%%%:  139-block 635
    $$$$$:  139-block 636
    $$$$$:  139-block 637
    $$$$$:  139-block 638
    $$$$$:  139-block 639
    $$$$$:  139-block 640
    $$$$$:  139-block 641
    $$$$$:  139-block 642
    $$$$$:  139-block 643
    $$$$$:  139-block 644
    $$$$$:  139-block 645
    %%%%%:  139-block 646
    $$$$$:  139-block 647
    %%%%%:  139-block 648
    $$$$$:  139-block 649
        1:  139-block 650
    %%%%%:  139-block 651
    $$$$$:  139-block 652
    %%%%%:  139-block 653
    $$$$$:  139-block 654
        4:  139-block 655
    $$$$$:  139-block 656
    %%%%%:  139-block 657
    %%%%%:  139-block 658
    %%%%%:  139-block 659
    $$$$$:  139-block 660
    %%%%%:  139-block 661
    $$$$$:  139-block 662
    $$$$$:  139-block 663
    $$$$$:  139-block 664
    %%%%%:  139-block 665
    %%%%%:  139-block 666
    %%%%%:  139-block 667
    $$$$$:  139-block 668
    %%%%%:  139-block 669
    %%%%%:  139-block 670
    %%%%%:  139-block 671
    $$$$$:  139-block 672
    $$$$$:  139-block 673
    %%%%%:  139-block 674
    %%%%%:  139-block 675
    %%%%%:  139-block 676
    %%%%%:  139-block 677
    %%%%%:  139-block 678
    %%%%%:  139-block 679
    %%%%%:  139-block 680
    %%%%%:  139-block 681
    %%%%%:  139-block 682
    %%%%%:  139-block 683
    %%%%%:  139-block 684
    %%%%%:  139-block 685
    %%%%%:  139-block 686
    %%%%%:  139-block 687
    %%%%%:  139-block 688
    $$$$$:  139-block 689
    $$$$$:  139-block 690
    $$$$$:  139-block 691
    $$$$$:  139-block 692
    $$$$$:  139-block 693
    $$$$$:  139-block 694
    $$$$$:  139-block 695
    $$$$$:  139-block 696
    $$$$$:  139-block 697
    $$$$$:  139-block 698
    $$$$$:  139-block 699
    $$$$$:  139-block 700
    $$$$$:  139-block 701
    $$$$$:  139-block 702
    $$$$$:  139-block 703
    %%%%%:  139-block 704
    %%%%%:  139-block 705
    %%%%%:  139-block 706
    %%%%%:  139-block 707
    %%%%%:  139-block 708
    %%%%%:  139-block 709
    %%%%%:  139-block 710
    %%%%%:  139-block 711
    %%%%%:  139-block 712
    %%%%%:  139-block 713
    %%%%%:  139-block 714
    %%%%%:  139-block 715
    %%%%%:  139-block 716
    %%%%%:  139-block 717
    %%%%%:  139-block 718
    %%%%%:  139-block 719
    %%%%%:  139-block 720
    %%%%%:  139-block 721
    %%%%%:  139-block 722
    %%%%%:  139-block 723
    %%%%%:  139-block 724
    %%%%%:  139-block 725
    %%%%%:  139-block 726
    %%%%%:  139-block 727
    %%%%%:  139-block 728
    %%%%%:  139-block 729
    %%%%%:  139-block 730
    %%%%%:  139-block 731
    %%%%%:  139-block 732
    %%%%%:  139-block 733
    $$$$$:  139-block 734
    $$$$$:  139-block 735
    $$$$$:  139-block 736
    $$$$$:  139-block 737
    $$$$$:  139-block 738
    $$$$$:  139-block 739
    $$$$$:  139-block 740
    $$$$$:  139-block 741
    $$$$$:  139-block 742
    $$$$$:  139-block 743
    $$$$$:  139-block 744
    $$$$$:  139-block 745
    $$$$$:  139-block 746
    $$$$$:  139-block 747
    $$$$$:  139-block 748
    $$$$$:  139-block 749
    $$$$$:  139-block 750
    $$$$$:  139-block 751
    %%%%%:  139-block 752
    %%%%%:  139-block 753
    %%%%%:  139-block 754
    %%%%%:  139-block 755
    $$$$$:  139-block 756
    %%%%%:  139-block 757
    $$$$$:  139-block 758
    %%%%%:  139-block 759
    %%%%%:  139-block 760
    $$$$$:  139-block 761
    %%%%%:  139-block 762
    $$$$$:  139-block 763
    $$$$$:  139-block 764
    %%%%%:  139-block 765
    %%%%%:  139-block 766
    $$$$$:  139-block 767
    $$$$$:  139-block 768
    %%%%%:  139-block 769
    $$$$$:  139-block 770
    %%%%%:  139-block 771
    $$$$$:  139-block 772
    %%%%%:  139-block 773
    $$$$$:  139-block 774
    %%%%%:  139-block 775
    %%%%%:  139-block 776
    $$$$$:  139-block 777
    %%%%%:  139-block 778
    $$$$$:  139-block 779
    %%%%%:  139-block 780
    $$$$$:  139-block 781
    %%%%%:  139-block 782
    %%%%%:  139-block 783
    %%%%%:  139-block 784
    $$$$$:  139-block 785
    $$$$$:  139-block 786
    %%%%%:  139-block 787
    $$$$$:  139-block 788
    %%%%%:  139-block 789
    $$$$$:  139-block 790
    %%%%%:  139-block 791
    %%%%%:  139-block 792
    %%%%%:  139-block 793
    %%%%%:  139-block 794
    $$$$$:  139-block 795
    %%%%%:  139-block 796
    %%%%%:  139-block 797
    $$$$$:  139-block 798
    $$$$$:  139-block 799
        4:  139-block 800
    $$$$$:  139-block 801
    $$$$$:  139-block 802
    %%%%%:  139-block 803
        2:  139-block 804
        2:  139-block 805
        2:  139-block 806
    $$$$$:  139-block 807
    $$$$$:  139-block 808
    %%%%%:  139-block 809
        2:  139-block 810
    $$$$$:  139-block 811
        2:  139-block 812
        2:  139-block 813
    $$$$$:  139-block 814
    $$$$$:  139-block 815
    $$$$$:  139-block 816
    %%%%%:  139-block 817
    $$$$$:  139-block 818
        2:  139-block 819
        2:  139-block 820
    $$$$$:  139-block 821
    $$$$$:  139-block 822
    $$$$$:  139-block 823
    %%%%%:  139-block 824
    $$$$$:  139-block 825
        2:  139-block 826
    %%%%%:  139-block 827
        2:  139-block 828
        2:  139-block 829
        2:  139-block 830
        2:  139-block 831
    $$$$$:  139-block 832
    $$$$$:  139-block 833
    $$$$$:  139-block 834
    $$$$$:  139-block 835
    $$$$$:  139-block 836
    $$$$$:  139-block 837
    %%%%%:  139-block 838
    %%%%%:  139-block 839
    $$$$$:  139-block 840
    $$$$$:  139-block 841
    $$$$$:  139-block 842
    %%%%%:  139-block 843
    %%%%%:  139-block 844
    %%%%%:  139-block 845
    %%%%%:  139-block 846
    $$$$$:  139-block 847
    $$$$$:  139-block 848
    $$$$$:  139-block 849
    $$$$$:  139-block 850
    %%%%%:  139-block 851
    %%%%%:  139-block 852
    $$$$$:  139-block 853
    $$$$$:  139-block 854
    %%%%%:  139-block 855
    %%%%%:  139-block 856
    %%%%%:  139-block 857
    %%%%%:  139-block 858
    $$$$$:  139-block 859
    $$$$$:  139-block 860
    %%%%%:  139-block 861
    %%%%%:  139-block 862
    %%%%%:  139-block 863
    $$$$$:  139-block 864
    $$$$$:  139-block 865
    %%%%%:  139-block 866
    $$$$$:  139-block 867
    %%%%%:  139-block 868
    %%%%%:  139-block 869
    %%%%%:  139-block 870
    %%%%%:  139-block 871
    %%%%%:  139-block 872
    $$$$$:  139-block 873
    $$$$$:  139-block 874
    $$$$$:  139-block 875
    %%%%%:  139-block 876
    %%%%%:  139-block 877
    $$$$$:  139-block 878
    $$$$$:  139-block 879
    %%%%%:  139-block 880
    $$$$$:  139-block 881
    $$$$$:  139-block 882
    $$$$$:  139-block 883
    $$$$$:  139-block 884
        1:  139-block 885
    %%%%%:  139-block 886
        1:  139-block 887
    $$$$$:  139-block 888
    $$$$$:  139-block 889
    $$$$$:  139-block 890
    $$$$$:  139-block 891
    %%%%%:  139-block 892
    %%%%%:  139-block 893
    $$$$$:  139-block 894
    $$$$$:  139-block 895
        2:  139-block 896
    $$$$$:  139-block 897
    $$$$$:  139-block 898
    %%%%%:  139-block 899
    %%%%%:  139-block 900
    %%%%%:  139-block 901
    %%%%%:  139-block 902
    %%%%%:  139-block 903
    %%%%%:  139-block 904
    %%%%%:  139-block 905
    %%%%%:  139-block 906
    $$$$$:  139-block 907
    $$$$$:  139-block 908
    $$$$$:  139-block 909
    $$$$$:  139-block 910
    %%%%%:  139-block 911
    %%%%%:  139-block 912
    %%%%%:  139-block 913
    %%%%%:  139-block 914
    %%%%%:  139-block 915
    $$$$$:  139-block 916
    $$$$$:  139-block 917
    %%%%%:  139-block 918
    %%%%%:  139-block 919
    $$$$$:  139-block 920
        2:  139-block 921
        2:  139-block 922
        2:  139-block 923
        2:  139-block 924
    $$$$$:  139-block 925
    $$$$$:  139-block 926
    $$$$$:  139-block 927
        1:  139-block 928
        1:  139-block 929
    $$$$$:  139-block 930
    $$$$$:  139-block 931
        1:  139-block 932
        1:  139-block 933
    $$$$$:  139-block 934
        1:  139-block 935
        1:  139-block 936
    $$$$$:  139-block 937
    $$$$$:  139-block 938
    %%%%%:  139-block 939
    %%%%%:  139-block 940
    %%%%%:  139-block 941
    $$$$$:  139-block 942
    %%%%%:  139-block 943
    $$$$$:  139-block 944
    %%%%%:  139-block 945
    $$$$$:  139-block 946
    %%%%%:  139-block 947
    $$$$$:  139-block 948
    %%%%%:  139-block 949
    %%%%%:  139-block 950
    $$$$$:  139-block 951
    $$$$$:  139-block 952
    %%%%%:  139-block 953
    %%%%%:  139-block 954
    %%%%%:  139-block 955
    $$$$$:  139-block 956
    %%%%%:  139-block 957
    $$$$$:  139-block 958
    %%%%%:  139-block 959
    $$$$$:  139-block 960
    %%%%%:  139-block 961
    $$$$$:  139-block 962
    %%%%%:  139-block 963
    %%%%%:  139-block 964
    %%%%%:  139-block 965
    %%%%%:  139-block 966
    %%%%%:  139-block 967
    $$$$$:  139-block 968
    $$$$$:  139-block 969
    $$$$$:  139-block 970
    %%%%%:  139-block 971
    %%%%%:  139-block 972
    $$$$$:  139-block 973
    $$$$$:  139-block 974
    %%%%%:  139-block 975
    %%%%%:  139-block 976
    %%%%%:  139-block 977
    $$$$$:  139-block 978
    %%%%%:  139-block 979
    %%%%%:  139-block 980
    %%%%%:  139-block 981
    %%%%%:  139-block 982
    %%%%%:  139-block 983
    $$$$$:  139-block 984
    $$$$$:  139-block 985
    $$$$$:  139-block 986
    $$$$$:  139-block 987
    $$$$$:  139-block 988
    $$$$$:  139-block 989
    %%%%%:  139-block 990
    $$$$$:  139-block 991
    $$$$$:  139-block 992
    %%%%%:  139-block 993
    %%%%%:  139-block 994
    %%%%%:  139-block 995
    %%%%%:  139-block 996
    $$$$$:  139-block 997
    $$$$$:  139-block 998
    $$$$$:  139-block 999
    $$$$$:  139-block 1000
    %%%%%:  139-block 1001
    $$$$$:  139-block 1002
    $$$$$:  139-block 1003
    %%%%%:  139-block 1004
    %%%%%:  139-block 1005
    %%%%%:  139-block 1006
    $$$$$:  139-block 1007
    $$$$$:  139-block 1008
    %%%%%:  139-block 1009
    %%%%%:  139-block 1010
    %%%%%:  139-block 1011
    %%%%%:  139-block 1012
    $$$$$:  139-block 1013
    $$$$$:  139-block 1014
    $$$$$:  139-block 1015
    $$$$$:  139-block 1016
    $$$$$:  139-block 1017
    %%%%%:  139-block 1018
    %%%%%:  139-block 1019
    %%%%%:  139-block 1020
    $$$$$:  139-block 1021
    $$$$$:  139-block 1022
    $$$$$:  139-block 1023
    %%%%%:  139-block 1024
    %%%%%:  139-block 1025
    %%%%%:  139-block 1026
    %%%%%:  139-block 1027
    %%%%%:  139-block 1028
    %%%%%:  139-block 1029
    %%%%%:  139-block 1030
    $$$$$:  139-block 1031
    $$$$$:  139-block 1032
    $$$$$:  139-block 1033
    $$$$$:  139-block 1034
    $$$$$:  139-block 1035
    $$$$$:  139-block 1036
    $$$$$:  139-block 1037
    %%%%%:  139-block 1038
    %%%%%:  139-block 1039
        1:  139-block 1040
    %%%%%:  139-block 1041
    %%%%%:  139-block 1042
    %%%%%:  139-block 1043
        1:  139-block 1044
        2:  139-block 1045
        2:  139-block 1046
        2:  139-block 1047
    $$$$$:  139-block 1048
    %%%%%:  139-block 1049
    %%%%%:  139-block 1050
    $$$$$:  139-block 1051
    %%%%%:  139-block 1052
    %%%%%:  139-block 1053
    %%%%%:  139-block 1054
    %%%%%:  139-block 1055
    %%%%%:  139-block 1056
    $$$$$:  139-block 1057
    $$$$$:  139-block 1058
    $$$$$:  139-block 1059
        3:  139-block 1060
    %%%%%:  139-block 1061
        1:  139-block 1062
        1:  139-block 1063
        1:  139-block 1064
        1:  139-block 1065
        1:  139-block 1066
        1:  139-block 1067
        1:  139-block 1068
        1:  139-block 1069
        1:  139-block 1070
        1:  139-block 1071
        1:  139-block 1072
        1:  139-block 1073
        1:  139-block 1074
        1:  139-block 1075
        1:  139-block 1076
        1:  139-block 1077
        1:  139-block 1078
        1:  139-block 1079
        1:  139-block 1080
        1:  139-block 1081
        1:  139-block 1082
        1:  139-block 1083
        1:  139-block 1084
        1:  139-block 1085
        1:  139-block 1086
        1:  139-block 1087
        1:  139-block 1088
        1:  139-block 1089
        1:  139-block 1090
        1:  139-block 1091
        1:  139-block 1092
        1:  139-block 1093
        1:  139-block 1094
        1:  139-block 1095
        1:  139-block 1096
        1:  139-block 1097
        1:  139-block 1098
        1:  139-block 1099
        1:  139-block 1100
        1:  139-block 1101
        1:  139-block 1102
        1:  139-block 1103
        1:  139-block 1104
        1:  139-block 1105
        1:  139-block 1106
        1:  139-block 1107
        1:  139-block 1108
        1:  139-block 1109
        1:  139-block 1110
        1:  139-block 1111
        1:  139-block 1112
        1:  139-block 1113
        1:  139-block 1114
        1:  139-block 1115
        1:  139-block 1116
        1:  139-block 1117
        1:  139-block 1118
    $$$$$:  139-block 1119
    $$$$$:  139-block 1120
    $$$$$:  139-block 1121
    $$$$$:  139-block 1122
    $$$$$:  139-block 1123
    $$$$$:  139-block 1124
    $$$$$:  139-block 1125
    $$$$$:  139-block 1126
    $$$$$:  139-block 1127
    $$$$$:  139-block 1128
    $$$$$:  139-block 1129
    $$$$$:  139-block 1130
    $$$$$:  139-block 1131
    $$$$$:  139-block 1132
    $$$$$:  139-block 1133
    $$$$$:  139-block 1134
    $$$$$:  139-block 1135
    $$$$$:  139-block 1136
    $$$$$:  139-block 1137
    $$$$$:  139-block 1138
    $$$$$:  139-block 1139
    $$$$$:  139-block 1140
    $$$$$:  139-block 1141
    $$$$$:  139-block 1142
    $$$$$:  139-block 1143
    $$$$$:  139-block 1144
    $$$$$:  139-block 1145
    $$$$$:  139-block 1146
    $$$$$:  139-block 1147
    $$$$$:  139-block 1148
    $$$$$:  139-block 1149
    $$$$$:  139-block 1150
    $$$$$:  139-block 1151
    $$$$$:  139-block 1152
    $$$$$:  139-block 1153
    $$$$$:  139-block 1154
    $$$$$:  139-block 1155
    $$$$$:  139-block 1156
    $$$$$:  139-block 1157
    $$$$$:  139-block 1158
    $$$$$:  139-block 1159
    $$$$$:  139-block 1160
    $$$$$:  139-block 1161
    $$$$$:  139-block 1162
    $$$$$:  139-block 1163
    $$$$$:  139-block 1164
    $$$$$:  139-block 1165
    $$$$$:  139-block 1166
    $$$$$:  139-block 1167
    $$$$$:  139-block 1168
    $$$$$:  139-block 1169
    $$$$$:  139-block 1170
    $$$$$:  139-block 1171
    $$$$$:  139-block 1172
    $$$$$:  139-block 1173
    $$$$$:  139-block 1174
    $$$$$:  139-block 1175
    $$$$$:  139-block 1176
    $$$$$:  139-block 1177
    $$$$$:  139-block 1178
    $$$$$:  139-block 1179
    $$$$$:  139-block 1180
    $$$$$:  139-block 1181
    $$$$$:  139-block 1182
    $$$$$:  139-block 1183
    $$$$$:  139-block 1184
    $$$$$:  139-block 1185
    $$$$$:  139-block 1186
    $$$$$:  139-block 1187
    $$$$$:  139-block 1188
    $$$$$:  139-block 1189
    $$$$$:  139-block 1190
    $$$$$:  139-block 1191
    $$$$$:  139-block 1192
    $$$$$:  139-block 1193
    $$$$$:  139-block 1194
    $$$$$:  139-block 1195
    $$$$$:  139-block 1196
    $$$$$:  139-block 1197
    $$$$$:  139-block 1198
    $$$$$:  139-block 1199
    $$$$$:  139-block 1200
    $$$$$:  139-block 1201
        1:  139-block 1202
    %%%%%:  139-block 1203
    $$$$$:  139-block 1204
    %%%%%:  139-block 1205
    %%%%%:  139-block 1206
    %%%%%:  139-block 1207
    %%%%%:  139-block 1208
    %%%%%:  139-block 1209
    %%%%%:  139-block 1210
    %%%%%:  139-block 1211
    %%%%%:  139-block 1212
    %%%%%:  139-block 1213
    %%%%%:  139-block 1214
    $$$$$:  139-block 1215
    $$$$$:  139-block 1216
        1:  139-block 1217
        1:  139-block 1218
        1:  139-block 1219
        1:  139-block 1220
    $$$$$:  139-block 1221
    $$$$$:  139-block 1222
    $$$$$:  139-block 1223
    $$$$$:  139-block 1224
    %%%%%:  139-block 1225
    %%%%%:  139-block 1226
    %%%%%:  139-block 1227
    %%%%%:  139-block 1228
    $$$$$:  139-block 1229
    $$$$$:  139-block 1230
    $$$$$:  139-block 1231
    %%%%%:  139-block 1232
    %%%%%:  139-block 1233
    %%%%%:  139-block 1234
    %%%%%:  139-block 1235
    %%%%%:  139-block 1236
    %%%%%:  139-block 1237
    %%%%%:  139-block 1238
    %%%%%:  139-block 1239
    %%%%%:  139-block 1240
    %%%%%:  139-block 1241
    %%%%%:  139-block 1242
    %%%%%:  139-block 1243
    %%%%%:  139-block 1244
    %%%%%:  139-block 1245
    %%%%%:  139-block 1246
    $$$$$:  139-block 1247
    $$$$$:  139-block 1248
    $$$$$:  139-block 1249
    $$$$$:  139-block 1250
    $$$$$:  139-block 1251
    $$$$$:  139-block 1252
    $$$$$:  139-block 1253
    %%%%%:  139-block 1254
    %%%%%:  139-block 1255
    %%%%%:  139-block 1256
    %%%%%:  139-block 1257
    $$$$$:  139-block 1258
    %%%%%:  139-block 1259
    %%%%%:  139-block 1260
    %%%%%:  139-block 1261
    %%%%%:  139-block 1262
    %%%%%:  139-block 1263
    %%%%%:  139-block 1264
    $$$$$:  139-block 1265
    $$$$$:  139-block 1266
    $$$$$:  139-block 1267
    %%%%%:  139-block 1268
    %%%%%:  139-block 1269
        1:  139-block 1270
    $$$$$:  139-block 1271
    %%%%%:  139-block 1272
        1:  139-block 1273
    $$$$$:  139-block 1274
    %%%%%:  139-block 1275
    %%%%%:  139-block 1276
    %%%%%:  139-block 1277
    %%%%%:  139-block 1278
    %%%%%:  139-block 1279
    $$$$$:  139-block 1280
    $$$$$:  139-block 1281
    $$$$$:  139-block 1282
    %%%%%:  139-block 1283
    %%%%%:  139-block 1284
    %%%%%:  139-block 1285
    %%%%%:  139-block 1286
    %%%%%:  139-block 1287
    %%%%%:  139-block 1288
    %%%%%:  139-block 1289
    %%%%%:  139-block 1290
    %%%%%:  139-block 1291
    %%%%%:  139-block 1292
    $$$$$:  139-block 1293
    $$$$$:  139-block 1294
    $$$$$:  139-block 1295
    $$$$$:  139-block 1296
    $$$$$:  139-block 1297
    $$$$$:  139-block 1298
    $$$$$:  139-block 1299
    %%%%%:  139-block 1300
    $$$$$:  139-block 1301
    %%%%%:  139-block 1302
    %%%%%:  139-block 1303
    %%%%%:  139-block 1304
    %%%%%:  139-block 1305
    %%%%%:  139-block 1306
    %%%%%:  139-block 1307
    %%%%%:  139-block 1308
    $$$$$:  139-block 1309
    $$$$$:  139-block 1310
    $$$$$:  139-block 1311
    $$$$$:  139-block 1312
    $$$$$:  139-block 1313
    %%%%%:  139-block 1314
    $$$$$:  139-block 1315
    %%%%%:  139-block 1316
    $$$$$:  139-block 1317
    %%%%%:  139-block 1318
    $$$$$:  139-block 1319
    %%%%%:  139-block 1320
    %%%%%:  139-block 1321
    %%%%%:  139-block 1322
    %%%%%:  139-block 1323
    $$$$$:  139-block 1324
    $$$$$:  139-block 1325
    %%%%%:  139-block 1326
    $$$$$:  139-block 1327
    %%%%%:  139-block 1328
    $$$$$:  139-block 1329
    %%%%%:  139-block 1330
    $$$$$:  139-block 1331
    %%%%%:  139-block 1332
    %%%%%:  139-block 1333
    %%%%%:  139-block 1334
    $$$$$:  139-block 1335
    %%%%%:  139-block 1336
    %%%%%:  139-block 1337
    $$$$$:  139-block 1338
    %%%%%:  139-block 1339
    %%%%%:  139-block 1340
    $$$$$:  139-block 1341
    %%%%%:  139-block 1342
    %%%%%:  139-block 1343
    $$$$$:  139-block 1344
    %%%%%:  139-block 1345
    %%%%%:  139-block 1346
    $$$$$:  139-block 1347
    $$$$$:  139-block 1348
    $$$$$:  139-block 1349
    %%%%%:  139-block 1350
    $$$$$:  139-block 1351
        -:  140:
        -:  141:  // _GLIBCXX_RESOLVE_LIB_DEFECTS
        -:  142:  // 2598. addressof works on temporaries
        -:  143:  template<typename _Tp>
        -:  144:    const _Tp* addressof(const _Tp&&) = delete;
        -:  145:
        -:  146:  // C++11 version of std::exchange for internal use.
        -:  147:  template <typename _Tp, typename _Up = _Tp>
        -:  148:    inline _Tp
        -:  149:    __exchange(_Tp& __obj, _Up&& __new_val)
        -:  150:    {
        -:  151:      _Tp __old_val = std::move(__obj);
        -:  152:      __obj = std::forward<_Up>(__new_val);
        -:  153:      return __old_val;
        -:  154:    }
        -:  155:
        -:  156:  /// @} group utilities
        -:  157:
        -:  158:#define _GLIBCXX_MOVE(__val) std::move(__val)
        -:  159:#define _GLIBCXX_FORWARD(_Tp, __val) std::forward<_Tp>(__val)
        -:  160:#else
        -:  161:#define _GLIBCXX_MOVE(__val) (__val)
        -:  162:#define _GLIBCXX_FORWARD(_Tp, __val) (__val)
        -:  163:#endif
        -:  164:
        -:  165:  /**
        -:  166:   *  @addtogroup utilities
        -:  167:   *  @{
        -:  168:   */
        -:  169:
        -:  170:  /**
        -:  171:   *  @brief Swaps two values.
        -:  172:   *  @param  __a  A thing of arbitrary type.
        -:  173:   *  @param  __b  Another thing of arbitrary type.
        -:  174:   *  @return   Nothing.
        -:  175:  */
        -:  176:  template<typename _Tp>
        -:  177:    inline
        -:  178:#if __cplusplus >= 201103L
        -:  179:    typename enable_if<__and_<__not_<__is_tuple_like<_Tp>>,
        -:  180:			      is_move_constructible<_Tp>,
        -:  181:			      is_move_assignable<_Tp>>::value>::type
       7*:  182:    swap(_Tp& __a, _Tp& __b)
        -:  183:    noexcept(__and_<is_nothrow_move_constructible<_Tp>,
        -:  184:	            is_nothrow_move_assignable<_Tp>>::value)
        -:  185:#else
        -:  186:    void
        -:  187:    swap(_Tp& __a, _Tp& __b)
        -:  188:#endif
        -:  189:    {
        -:  190:      // concept requirements
        -:  191:      __glibcxx_function_requires(_SGIAssignableConcept<_Tp>)
        -:  192:
       7*:  193:      _Tp __tmp = _GLIBCXX_MOVE(__a);
       7*:  194:      __a = _GLIBCXX_MOVE(__b);
       7*:  195:      __b = _GLIBCXX_MOVE(__tmp);
    %%%%%:  195-block  0
    %%%%%:  195-block  1
    %%%%%:  195-block  2
    %%%%%:  195-block  3
    %%%%%:  195-block  4
    %%%%%:  195-block  5
    %%%%%:  195-block  6
    %%%%%:  195-block  7
    %%%%%:  195-block  8
    %%%%%:  195-block  9
    %%%%%:  195-block 10
    %%%%%:  195-block 11
    %%%%%:  195-block 12
    %%%%%:  195-block 13
    %%%%%:  195-block 14
    %%%%%:  195-block 15
    %%%%%:  195-block 16
    %%%%%:  195-block 17
        2:  195-block 18
    %%%%%:  195-block 19
        2:  195-block 20
        1:  195-block 21
    %%%%%:  195-block 22
    %%%%%:  195-block 23
        1:  195-block 24
    #####:  196:    }
------------------
_ZSt4swapISt6localeENSt9enable_ifIXsrSt6__and_IJSt6__not_ISt15__is_tuple_likeIT_EESt21is_move_constructibleIS5_ESt18is_move_assignableIS5_EEE5valueEvE4typeERS5_SF_:
    #####:  182:    swap(_Tp& __a, _Tp& __b)
        -:  183:    noexcept(__and_<is_nothrow_move_constructible<_Tp>,
        -:  184:	            is_nothrow_move_assignable<_Tp>>::value)
        -:  185:#else
        -:  186:    void
        -:  187:    swap(_Tp& __a, _Tp& __b)
        -:  188:#endif
        -:  189:    {
        -:  190:      // concept requirements
        -:  191:      __glibcxx_function_requires(_SGIAssignableConcept<_Tp>)
        -:  192:
    #####:  193:      _Tp __tmp = _GLIBCXX_MOVE(__a);
    %%%%%:  193-block  0
    #####:  194:      __a = _GLIBCXX_MOVE(__b);
    #####:  195:      __b = _GLIBCXX_MOVE(__tmp);
    #####:  196:    }
------------------
_ZSt4swapIN5Catch8TestCaseEENSt9enable_ifIXsrSt6__and_IJSt6__not_ISt15__is_tuple_likeIT_EESt21is_move_constructibleIS6_ESt18is_move_assignableIS6_EEE5valueEvE4typeERS6_SG_:
    #####:  182:    swap(_Tp& __a, _Tp& __b)
        -:  183:    noexcept(__and_<is_nothrow_move_constructible<_Tp>,
        -:  184:	            is_nothrow_move_assignable<_Tp>>::value)
        -:  185:#else
        -:  186:    void
        -:  187:    swap(_Tp& __a, _Tp& __b)
        -:  188:#endif
        -:  189:    {
        -:  190:      // concept requirements
        -:  191:      __glibcxx_function_requires(_SGIAssignableConcept<_Tp>)
        -:  192:
    #####:  193:      _Tp __tmp = _GLIBCXX_MOVE(__a);
    %%%%%:  193-block  0
    #####:  194:      __a = _GLIBCXX_MOVE(__b);
    #####:  195:      __b = _GLIBCXX_MOVE(__tmp);
    #####:  196:    }
------------------
        -:  197:
        -:  198:  // _GLIBCXX_RESOLVE_LIB_DEFECTS
        -:  199:  // DR 809. std::swap should be overloaded for array types.
        -:  200:  /// Swap the contents of two arrays.
        -:  201:  template<typename _Tp, size_t _Nm>
        -:  202:    inline
        -:  203:#if __cplusplus >= 201103L
        -:  204:    typename enable_if<__is_swappable<_Tp>::value>::type
        -:  205:    swap(_Tp (&__a)[_Nm], _Tp (&__b)[_Nm])
        -:  206:    noexcept(__is_nothrow_swappable<_Tp>::value)
        -:  207:#else
        -:  208:    void
        -:  209:    swap(_Tp (&__a)[_Nm], _Tp (&__b)[_Nm])
        -:  210:#endif
        -:  211:    {
        -:  212:      for (size_t __n = 0; __n < _Nm; ++__n)
        -:  213:	swap(__a[__n], __b[__n]);
        -:  214:    }
        -:  215:
        -:  216:  /// @} group utilities
        -:  217:_GLIBCXX_END_NAMESPACE_VERSION
        -:  218:} // namespace
        -:  219:
        -:  220:#endif /* _MOVE_H */
