        -:    0:Source:/usr/include/c++/9.2.1/bits/allocator.h
        -:    0:Graph:/home/cheg/Repos/Master/SpikeLibrary/cmake-build-debug/test/CMakeFiles/test_spike.dir/test_main.cpp.gcno
        -:    0:Data:/home/cheg/Repos/Master/SpikeLibrary/cmake-build-debug/test/CMakeFiles/test_spike.dir/test_main.cpp.gcda
        -:    0:Runs:1
        -:    1:// Allocators -*- C++ -*-
        -:    2:
        -:    3:// Copyright (C) 2001-2019 Free Software Foundation, Inc.
        -:    4://
        -:    5:// This file is part of the GNU ISO C++ Library.  This library is free
        -:    6:// software; you can redistribute it and/or modify it under the
        -:    7:// terms of the GNU General Public License as published by the
        -:    8:// Free Software Foundation; either version 3, or (at your option)
        -:    9:// any later version.
        -:   10:
        -:   11:// This library is distributed in the hope that it will be useful,
        -:   12:// but WITHOUT ANY WARRANTY; without even the implied warranty of
        -:   13:// MERCHANTABILITY or FITNESS FOR A PARTICULAR PURPOSE.  See the
        -:   14:// GNU General Public License for more details.
        -:   15:
        -:   16:// Under Section 7 of GPL version 3, you are granted additional
        -:   17:// permissions described in the GCC Runtime Library Exception, version
        -:   18:// 3.1, as published by the Free Software Foundation.
        -:   19:
        -:   20:// You should have received a copy of the GNU General Public License and
        -:   21:// a copy of the GCC Runtime Library Exception along with this program;
        -:   22:// see the files COPYING3 and COPYING.RUNTIME respectively.  If not, see
        -:   23:// <http://www.gnu.org/licenses/>.
        -:   24:
        -:   25:/*
        -:   26: * Copyright (c) 1996-1997
        -:   27: * Silicon Graphics Computer Systems, Inc.
        -:   28: *
        -:   29: * Permission to use, copy, modify, distribute and sell this software
        -:   30: * and its documentation for any purpose is hereby granted without fee,
        -:   31: * provided that the above copyright notice appear in all copies and
        -:   32: * that both that copyright notice and this permission notice appear
        -:   33: * in supporting documentation.  Silicon Graphics makes no
        -:   34: * representations about the suitability of this software for any
        -:   35: * purpose.  It is provided "as is" without express or implied warranty.
        -:   36: */
        -:   37:
        -:   38:/** @file bits/allocator.h
        -:   39: *  This is an internal header file, included by other library headers.
        -:   40: *  Do not attempt to use it directly. @headername{memory}
        -:   41: */
        -:   42:
        -:   43:#ifndef _ALLOCATOR_H
        -:   44:#define _ALLOCATOR_H 1
        -:   45:
        -:   46:#include <bits/c++allocator.h> // Define the base class to std::allocator.
        -:   47:#include <bits/memoryfwd.h>
        -:   48:#if __cplusplus >= 201103L
        -:   49:#include <type_traits>
        -:   50:#endif
        -:   51:
        -:   52:#define __cpp_lib_incomplete_container_elements 201505
        -:   53:#if __cplusplus >= 201103L
        -:   54:# define __cpp_lib_allocator_is_always_equal 201411
        -:   55:#endif
        -:   56:
        -:   57:namespace std _GLIBCXX_VISIBILITY(default)
        -:   58:{
        -:   59:_GLIBCXX_BEGIN_NAMESPACE_VERSION
        -:   60:
        -:   61:  /**
        -:   62:   *  @addtogroup allocators
        -:   63:   *  @{
        -:   64:   */
        -:   65:
        -:   66:  /// allocator<void> specialization.
        -:   67:  template<>
        -:   68:    class allocator<void>
        -:   69:    {
        -:   70:    public:
        -:   71:      typedef size_t      size_type;
        -:   72:      typedef ptrdiff_t   difference_type;
        -:   73:      typedef void*       pointer;
        -:   74:      typedef const void* const_pointer;
        -:   75:      typedef void        value_type;
        -:   76:
        -:   77:      template<typename _Tp1>
        -:   78:	struct rebind
        -:   79:	{ typedef allocator<_Tp1> other; };
        -:   80:
        -:   81:#if __cplusplus >= 201103L
        -:   82:      // _GLIBCXX_RESOLVE_LIB_DEFECTS
        -:   83:      // 2103. std::allocator propagate_on_container_move_assignment
        -:   84:      typedef true_type propagate_on_container_move_assignment;
        -:   85:
        -:   86:      typedef true_type is_always_equal;
        -:   87:
        -:   88:      template<typename _Up, typename... _Args>
        -:   89:	void
        -:   90:	construct(_Up* __p, _Args&&... __args)
        -:   91:	noexcept(noexcept(::new((void *)__p)
        -:   92:			    _Up(std::forward<_Args>(__args)...)))
        -:   93:	{ ::new((void *)__p) _Up(std::forward<_Args>(__args)...); }
        -:   94:
        -:   95:      template<typename _Up>
        -:   96:	void
        -:   97:	destroy(_Up* __p)
        -:   98:	noexcept(noexcept(__p->~_Up()))
        -:   99:	{ __p->~_Up(); }
        -:  100:#endif
        -:  101:    };
        -:  102:
        -:  103:  /**
        -:  104:   * @brief  The @a standard allocator, as per [20.4].
        -:  105:   *
        -:  106:   *  See https://gcc.gnu.org/onlinedocs/libstdc++/manual/memory.html#std.util.memory.allocator
        -:  107:   *  for further details.
        -:  108:   *
        -:  109:   *  @tparam  _Tp  Type of allocated object.
        -:  110:   */
        -:  111:  template<typename _Tp>
        -:  112:    class allocator : public __allocator_base<_Tp>
        -:  113:    {
        -:  114:   public:
        -:  115:      typedef size_t     size_type;
        -:  116:      typedef ptrdiff_t  difference_type;
        -:  117:      typedef _Tp*       pointer;
        -:  118:      typedef const _Tp* const_pointer;
        -:  119:      typedef _Tp&       reference;
        -:  120:      typedef const _Tp& const_reference;
        -:  121:      typedef _Tp        value_type;
        -:  122:
        -:  123:      template<typename _Tp1>
        -:  124:	struct rebind
        -:  125:	{ typedef allocator<_Tp1> other; };
        -:  126:
        -:  127:#if __cplusplus >= 201103L
        -:  128:      // _GLIBCXX_RESOLVE_LIB_DEFECTS
        -:  129:      // 2103. std::allocator propagate_on_container_move_assignment
        -:  130:      typedef true_type propagate_on_container_move_assignment;
        -:  131:
        -:  132:      typedef true_type is_always_equal;
        -:  133:#endif
        -:  134:
        -:  135:      // _GLIBCXX_RESOLVE_LIB_DEFECTS
        -:  136:      // 3035. std::allocator's constructors should be constexpr
        -:  137:      _GLIBCXX20_CONSTEXPR
     163*:  138:      allocator() _GLIBCXX_NOTHROW { }
    %%%%%:  138-block  0
    %%%%%:  138-block  1
    %%%%%:  138-block  2
    %%%%%:  138-block  3
    %%%%%:  138-block  4
    %%%%%:  138-block  5
    %%%%%:  138-block  6
    %%%%%:  138-block  7
    %%%%%:  138-block  8
    %%%%%:  138-block  9
    %%%%%:  138-block 10
    %%%%%:  138-block 11
    %%%%%:  138-block 12
    %%%%%:  138-block 13
    %%%%%:  138-block 14
    %%%%%:  138-block 15
    %%%%%:  138-block 16
    %%%%%:  138-block 17
    %%%%%:  138-block 18
    %%%%%:  138-block 19
    %%%%%:  138-block 20
    %%%%%:  138-block 21
    %%%%%:  138-block 22
    %%%%%:  138-block 23
    %%%%%:  138-block 24
    %%%%%:  138-block 25
    %%%%%:  138-block 26
    %%%%%:  138-block 27
    %%%%%:  138-block 28
    %%%%%:  138-block 29
    %%%%%:  138-block 30
    %%%%%:  138-block 31
    %%%%%:  138-block 32
    %%%%%:  138-block 33
    %%%%%:  138-block 34
    %%%%%:  138-block 35
    %%%%%:  138-block 36
    %%%%%:  138-block 37
    %%%%%:  138-block 38
    %%%%%:  138-block 39
    %%%%%:  138-block 40
    %%%%%:  138-block 41
    %%%%%:  138-block 42
    %%%%%:  138-block 43
    %%%%%:  138-block 44
    %%%%%:  138-block 45
    %%%%%:  138-block 46
    %%%%%:  138-block 47
    %%%%%:  138-block 48
    %%%%%:  138-block 49
    %%%%%:  138-block 50
    %%%%%:  138-block 51
    %%%%%:  138-block 52
    %%%%%:  138-block 53
    %%%%%:  138-block 54
    %%%%%:  138-block 55
    %%%%%:  138-block 56
    %%%%%:  138-block 57
    %%%%%:  138-block 58
    %%%%%:  138-block 59
    %%%%%:  138-block 60
    %%%%%:  138-block 61
        3:  138-block 62
    %%%%%:  138-block 63
    %%%%%:  138-block 64
    %%%%%:  138-block 65
        1:  138-block 66
        1:  138-block 67
        1:  138-block 68
        1:  138-block 69
        1:  138-block 70
        1:  138-block 71
        1:  138-block 72
        1:  138-block 73
        1:  138-block 74
        1:  138-block 75
        1:  138-block 76
        1:  138-block 77
        1:  138-block 78
        1:  138-block 79
        1:  138-block 80
        1:  138-block 81
        1:  138-block 82
        1:  138-block 83
        1:  138-block 84
        1:  138-block 85
        1:  138-block 86
        1:  138-block 87
        1:  138-block 88
        1:  138-block 89
        2:  138-block 90
        2:  138-block 91
    %%%%%:  138-block 92
    %%%%%:  138-block 93
    %%%%%:  138-block 94
    %%%%%:  138-block 95
    %%%%%:  138-block 96
    %%%%%:  138-block 97
    %%%%%:  138-block 98
    %%%%%:  138-block 99
    %%%%%:  138-block 100
    %%%%%:  138-block 101
    %%%%%:  138-block 102
    %%%%%:  138-block 103
    %%%%%:  138-block 104
        1:  138-block 105
        1:  138-block 106
        1:  138-block 107
    %%%%%:  138-block 108
    %%%%%:  138-block 109
        1:  138-block 110
    %%%%%:  138-block 111
    %%%%%:  138-block 112
    %%%%%:  138-block 113
    %%%%%:  138-block 114
    %%%%%:  138-block 115
    %%%%%:  138-block 116
    %%%%%:  138-block 117
    %%%%%:  138-block 118
    %%%%%:  138-block 119
    %%%%%:  138-block 120
    %%%%%:  138-block 121
    %%%%%:  138-block 122
    %%%%%:  138-block 123
    %%%%%:  138-block 124
    %%%%%:  138-block 125
    %%%%%:  138-block 126
    %%%%%:  138-block 127
    %%%%%:  138-block 128
    %%%%%:  138-block 129
    %%%%%:  138-block 130
    %%%%%:  138-block 131
    %%%%%:  138-block 132
    %%%%%:  138-block 133
    %%%%%:  138-block 134
    %%%%%:  138-block 135
    %%%%%:  138-block 136
    %%%%%:  138-block 137
    %%%%%:  138-block 138
    %%%%%:  138-block 139
    %%%%%:  138-block 140
    %%%%%:  138-block 141
    %%%%%:  138-block 142
    %%%%%:  138-block 143
    %%%%%:  138-block 144
    %%%%%:  138-block 145
    %%%%%:  138-block 146
    %%%%%:  138-block 147
    %%%%%:  138-block 148
    %%%%%:  138-block 149
    %%%%%:  138-block 150
    %%%%%:  138-block 151
    %%%%%:  138-block 152
    %%%%%:  138-block 153
    %%%%%:  138-block 154
    %%%%%:  138-block 155
    %%%%%:  138-block 156
    %%%%%:  138-block 157
    %%%%%:  138-block 158
    %%%%%:  138-block 159
    %%%%%:  138-block 160
    %%%%%:  138-block 161
    %%%%%:  138-block 162
    %%%%%:  138-block 163
    %%%%%:  138-block 164
    %%%%%:  138-block 165
    %%%%%:  138-block 166
    %%%%%:  138-block 167
    %%%%%:  138-block 168
    %%%%%:  138-block 169
    %%%%%:  138-block 170
    %%%%%:  138-block 171
    %%%%%:  138-block 172
    %%%%%:  138-block 173
    %%%%%:  138-block 174
    %%%%%:  138-block 175
    %%%%%:  138-block 176
    %%%%%:  138-block 177
    %%%%%:  138-block 178
    %%%%%:  138-block 179
    %%%%%:  138-block 180
    %%%%%:  138-block 181
    %%%%%:  138-block 182
    %%%%%:  138-block 183
    %%%%%:  138-block 184
    %%%%%:  138-block 185
    %%%%%:  138-block 186
    %%%%%:  138-block 187
        1:  138-block 188
    %%%%%:  138-block 189
    %%%%%:  138-block 190
    %%%%%:  138-block 191
    %%%%%:  138-block 192
    %%%%%:  138-block 193
    %%%%%:  138-block 194
    %%%%%:  138-block 195
    %%%%%:  138-block 196
    %%%%%:  138-block 197
    %%%%%:  138-block 198
        1:  138-block 199
        1:  138-block 200
        1:  138-block 201
        1:  138-block 202
    %%%%%:  138-block 203
    %%%%%:  138-block 204
    %%%%%:  138-block 205
    %%%%%:  138-block 206
    %%%%%:  138-block 207
    %%%%%:  138-block 208
    %%%%%:  138-block 209
    %%%%%:  138-block 210
    %%%%%:  138-block 211
    %%%%%:  138-block 212
    %%%%%:  138-block 213
    %%%%%:  138-block 214
    %%%%%:  138-block 215
    %%%%%:  138-block 216
    %%%%%:  138-block 217
    %%%%%:  138-block 218
    %%%%%:  138-block 219
    %%%%%:  138-block 220
    %%%%%:  138-block 221
    %%%%%:  138-block 222
    %%%%%:  138-block 223
    %%%%%:  138-block 224
    %%%%%:  138-block 225
    %%%%%:  138-block 226
    %%%%%:  138-block 227
    %%%%%:  138-block 228
    %%%%%:  138-block 229
    %%%%%:  138-block 230
    %%%%%:  138-block 231
    %%%%%:  138-block 232
    %%%%%:  138-block 233
    %%%%%:  138-block 234
    %%%%%:  138-block 235
    %%%%%:  138-block 236
    %%%%%:  138-block 237
    %%%%%:  138-block 238
    %%%%%:  138-block 239
    %%%%%:  138-block 240
    %%%%%:  138-block 241
    %%%%%:  138-block 242
    %%%%%:  138-block 243
    %%%%%:  138-block 244
    %%%%%:  138-block 245
    %%%%%:  138-block 246
    %%%%%:  138-block 247
    %%%%%:  138-block 248
    %%%%%:  138-block 249
    %%%%%:  138-block 250
    %%%%%:  138-block 251
    %%%%%:  138-block 252
    %%%%%:  138-block 253
    %%%%%:  138-block 254
    %%%%%:  138-block 255
    %%%%%:  138-block 256
    %%%%%:  138-block 257
    %%%%%:  138-block 258
    %%%%%:  138-block 259
    %%%%%:  138-block 260
    %%%%%:  138-block 261
    %%%%%:  138-block 262
    %%%%%:  138-block 263
        2:  138-block 264
        2:  138-block 265
        2:  138-block 266
        2:  138-block 267
    %%%%%:  138-block 268
        1:  138-block 269
    %%%%%:  138-block 270
        2:  138-block 271
        2:  138-block 272
    %%%%%:  138-block 273
        2:  138-block 274
    %%%%%:  138-block 275
    %%%%%:  138-block 276
    %%%%%:  138-block 277
    %%%%%:  138-block 278
    %%%%%:  138-block 279
    %%%%%:  138-block 280
    %%%%%:  138-block 281
    %%%%%:  138-block 282
    %%%%%:  138-block 283
    %%%%%:  138-block 284
        1:  138-block 285
    %%%%%:  138-block 286
    %%%%%:  138-block 287
    %%%%%:  138-block 288
    %%%%%:  138-block 289
    %%%%%:  138-block 290
    %%%%%:  138-block 291
    %%%%%:  138-block 292
        2:  138-block 293
    %%%%%:  138-block 294
    %%%%%:  138-block 295
    %%%%%:  138-block 296
    %%%%%:  138-block 297
    %%%%%:  138-block 298
    %%%%%:  138-block 299
    %%%%%:  138-block 300
    %%%%%:  138-block 301
    %%%%%:  138-block 302
    %%%%%:  138-block 303
    %%%%%:  138-block 304
    %%%%%:  138-block 305
    %%%%%:  138-block 306
    %%%%%:  138-block 307
    %%%%%:  138-block 308
    %%%%%:  138-block 309
    %%%%%:  138-block 310
    %%%%%:  138-block 311
    %%%%%:  138-block 312
    %%%%%:  138-block 313
    %%%%%:  138-block 314
    %%%%%:  138-block 315
    %%%%%:  138-block 316
    %%%%%:  138-block 317
    %%%%%:  138-block 318
    %%%%%:  138-block 319
    %%%%%:  138-block 320
    %%%%%:  138-block 321
        1:  138-block 322
        1:  138-block 323
        1:  138-block 324
        1:  138-block 325
        1:  138-block 326
        1:  138-block 327
        1:  138-block 328
        1:  138-block 329
        1:  138-block 330
        1:  138-block 331
        1:  138-block 332
        1:  138-block 333
        1:  138-block 334
        1:  138-block 335
        1:  138-block 336
        1:  138-block 337
        1:  138-block 338
        1:  138-block 339
        1:  138-block 340
        1:  138-block 341
        1:  138-block 342
        1:  138-block 343
        1:  138-block 344
        1:  138-block 345
        1:  138-block 346
        1:  138-block 347
        1:  138-block 348
        1:  138-block 349
        1:  138-block 350
        1:  138-block 351
        1:  138-block 352
        1:  138-block 353
        1:  138-block 354
        1:  138-block 355
        1:  138-block 356
        1:  138-block 357
        1:  138-block 358
        1:  138-block 359
        1:  138-block 360
        1:  138-block 361
        1:  138-block 362
        1:  138-block 363
        1:  138-block 364
        1:  138-block 365
        1:  138-block 366
        1:  138-block 367
        1:  138-block 368
        1:  138-block 369
        1:  138-block 370
        1:  138-block 371
        1:  138-block 372
        1:  138-block 373
        1:  138-block 374
        1:  138-block 375
        1:  138-block 376
        1:  138-block 377
        1:  138-block 378
        1:  138-block 379
        1:  138-block 380
        1:  138-block 381
        1:  138-block 382
        1:  138-block 383
        1:  138-block 384
        1:  138-block 385
        1:  138-block 386
        1:  138-block 387
        1:  138-block 388
        1:  138-block 389
        1:  138-block 390
        1:  138-block 391
        1:  138-block 392
        1:  138-block 393
        1:  138-block 394
        1:  138-block 395
        1:  138-block 396
        1:  138-block 397
        1:  138-block 398
        1:  138-block 399
        1:  138-block 400
        1:  138-block 401
        1:  138-block 402
        1:  138-block 403
        1:  138-block 404
        1:  138-block 405
        1:  138-block 406
        1:  138-block 407
        1:  138-block 408
        1:  138-block 409
        1:  138-block 410
        1:  138-block 411
        1:  138-block 412
        1:  138-block 413
        1:  138-block 414
        1:  138-block 415
        1:  138-block 416
        1:  138-block 417
        1:  138-block 418
        1:  138-block 419
        1:  138-block 420
        1:  138-block 421
    %%%%%:  138-block 422
    %%%%%:  138-block 423
        1:  138-block 424
        1:  138-block 425
        1:  138-block 426
    %%%%%:  138-block 427
    %%%%%:  138-block 428
    %%%%%:  138-block 429
    %%%%%:  138-block 430
    %%%%%:  138-block 431
    %%%%%:  138-block 432
    %%%%%:  138-block 433
    %%%%%:  138-block 434
    %%%%%:  138-block 435
       10:  138-block 436
    %%%%%:  138-block 437
    %%%%%:  138-block 438
    %%%%%:  138-block 439
    %%%%%:  138-block 440
        1:  138-block 441
    %%%%%:  138-block 442
        1:  138-block 443
    %%%%%:  138-block 444
        1:  138-block 445
    %%%%%:  138-block 446
    %%%%%:  138-block 447
    %%%%%:  138-block 448
    %%%%%:  138-block 449
    %%%%%:  138-block 450
    %%%%%:  138-block 451
    %%%%%:  138-block 452
    %%%%%:  138-block 453
    %%%%%:  138-block 454
    %%%%%:  138-block 455
    %%%%%:  138-block 456
    %%%%%:  138-block 457
    %%%%%:  138-block 458
    %%%%%:  138-block 459
    %%%%%:  138-block 460
        -:  139:
        -:  140:      _GLIBCXX20_CONSTEXPR
    2537*:  141:      allocator(const allocator& __a) _GLIBCXX_NOTHROW
    %%%%%:  141-block  0
    %%%%%:  141-block  1
    %%%%%:  141-block  2
    %%%%%:  141-block  3
    %%%%%:  141-block  4
    %%%%%:  141-block  5
    %%%%%:  141-block  6
    %%%%%:  141-block  7
    %%%%%:  141-block  8
    %%%%%:  141-block  9
    %%%%%:  141-block 10
    %%%%%:  141-block 11
    %%%%%:  141-block 12
    %%%%%:  141-block 13
    %%%%%:  141-block 14
    %%%%%:  141-block 15
    %%%%%:  141-block 16
    %%%%%:  141-block 17
    %%%%%:  141-block 18
    %%%%%:  141-block 19
    %%%%%:  141-block 20
    %%%%%:  141-block 21
    %%%%%:  141-block 22
    %%%%%:  141-block 23
    %%%%%:  141-block 24
    %%%%%:  141-block 25
    %%%%%:  141-block 26
    %%%%%:  141-block 27
    %%%%%:  141-block 28
    %%%%%:  141-block 29
    %%%%%:  141-block 30
    %%%%%:  141-block 31
    %%%%%:  141-block 32
    %%%%%:  141-block 33
    %%%%%:  141-block 34
    %%%%%:  141-block 35
    %%%%%:  141-block 36
    %%%%%:  141-block 37
    %%%%%:  141-block 38
    %%%%%:  141-block 39
    %%%%%:  141-block 40
    %%%%%:  141-block 41
    %%%%%:  141-block 42
    %%%%%:  141-block 43
    %%%%%:  141-block 44
    %%%%%:  141-block 45
    %%%%%:  141-block 46
    %%%%%:  141-block 47
    %%%%%:  141-block 48
    %%%%%:  141-block 49
    %%%%%:  141-block 50
    %%%%%:  141-block 51
    %%%%%:  141-block 52
    %%%%%:  141-block 53
    %%%%%:  141-block 54
        4:  141-block 55
    %%%%%:  141-block 56
    %%%%%:  141-block 57
    %%%%%:  141-block 58
    %%%%%:  141-block 59
    %%%%%:  141-block 60
    %%%%%:  141-block 61
    %%%%%:  141-block 62
    %%%%%:  141-block 63
    %%%%%:  141-block 64
    %%%%%:  141-block 65
    %%%%%:  141-block 66
    %%%%%:  141-block 67
    %%%%%:  141-block 68
    %%%%%:  141-block 69
        4:  141-block 70
        2:  141-block 71
        2:  141-block 72
    %%%%%:  141-block 73
        1:  141-block 74
    %%%%%:  141-block 75
    %%%%%:  141-block 76
        3:  141-block 77
    %%%%%:  141-block 78
    %%%%%:  141-block 79
    %%%%%:  141-block 80
    %%%%%:  141-block 81
     1474:  141-block 82
    %%%%%:  141-block 83
        1:  141-block 84
        1:  141-block 85
    %%%%%:  141-block 86
    %%%%%:  141-block 87
    %%%%%:  141-block 88
    %%%%%:  141-block 89
    %%%%%:  141-block 90
    %%%%%:  141-block 91
    %%%%%:  141-block 92
    %%%%%:  141-block 93
    %%%%%:  141-block 94
    %%%%%:  141-block 95
    %%%%%:  141-block 96
    %%%%%:  141-block 97
        1:  141-block 98
        1:  141-block 99
        1:  141-block 100
        1:  141-block 101
        1:  141-block 102
        1:  141-block 103
        1:  141-block 104
        1:  141-block 105
        1:  141-block 106
        1:  141-block 107
        1:  141-block 108
        1:  141-block 109
        2:  141-block 110
       56:  141-block 111
       56:  141-block 112
    %%%%%:  141-block 113
    %%%%%:  141-block 114
    %%%%%:  141-block 115
    %%%%%:  141-block 116
    %%%%%:  141-block 117
    %%%%%:  141-block 118
    %%%%%:  141-block 119
    %%%%%:  141-block 120
       20:  141-block 121
    %%%%%:  141-block 122
        1:  141-block 123
    %%%%%:  141-block 124
    %%%%%:  141-block 125
        1:  141-block 126
    %%%%%:  141-block 127
        2:  141-block 128
    %%%%%:  141-block 129
      778:  141-block 130
        1:  141-block 131
    %%%%%:  141-block 132
    %%%%%:  141-block 133
    %%%%%:  141-block 134
    %%%%%:  141-block 135
    %%%%%:  141-block 136
    %%%%%:  141-block 137
    %%%%%:  141-block 138
        4:  141-block 139
        1:  141-block 140
    %%%%%:  141-block 141
    %%%%%:  141-block 142
    %%%%%:  141-block 143
    %%%%%:  141-block 144
    %%%%%:  141-block 145
    %%%%%:  141-block 146
    %%%%%:  141-block 147
    %%%%%:  141-block 148
    %%%%%:  141-block 149
    %%%%%:  141-block 150
    %%%%%:  141-block 151
    %%%%%:  141-block 152
    %%%%%:  141-block 153
        1:  141-block 154
        1:  141-block 155
    %%%%%:  141-block 156
    %%%%%:  141-block 157
    %%%%%:  141-block 158
    %%%%%:  141-block 159
    %%%%%:  141-block 160
    %%%%%:  141-block 161
    %%%%%:  141-block 162
    %%%%%:  141-block 163
    %%%%%:  141-block 164
    %%%%%:  141-block 165
    %%%%%:  141-block 166
    %%%%%:  141-block 167
    %%%%%:  141-block 168
    %%%%%:  141-block 169
    %%%%%:  141-block 170
    %%%%%:  141-block 171
    %%%%%:  141-block 172
    %%%%%:  141-block 173
    %%%%%:  141-block 174
    %%%%%:  141-block 175
    %%%%%:  141-block 176
    %%%%%:  141-block 177
    %%%%%:  141-block 178
    %%%%%:  141-block 179
        4:  141-block 180
    %%%%%:  141-block 181
        2:  141-block 182
    %%%%%:  141-block 183
        2:  141-block 184
        2:  141-block 185
    %%%%%:  141-block 186
        2:  141-block 187
        2:  141-block 188
        2:  141-block 189
        2:  141-block 190
    %%%%%:  141-block 191
    %%%%%:  141-block 192
    %%%%%:  141-block 193
    %%%%%:  141-block 194
    %%%%%:  141-block 195
    %%%%%:  141-block 196
    %%%%%:  141-block 197
    %%%%%:  141-block 198
    %%%%%:  141-block 199
    %%%%%:  141-block 200
    %%%%%:  141-block 201
    %%%%%:  141-block 202
        2:  141-block 203
    %%%%%:  141-block 204
    %%%%%:  141-block 205
    %%%%%:  141-block 206
    %%%%%:  141-block 207
    %%%%%:  141-block 208
    %%%%%:  141-block 209
    %%%%%:  141-block 210
    %%%%%:  141-block 211
    %%%%%:  141-block 212
        2:  141-block 213
        2:  141-block 214
        1:  141-block 215
        1:  141-block 216
    %%%%%:  141-block 217
    %%%%%:  141-block 218
    %%%%%:  141-block 219
    %%%%%:  141-block 220
    %%%%%:  141-block 221
    %%%%%:  141-block 222
    %%%%%:  141-block 223
    %%%%%:  141-block 224
    %%%%%:  141-block 225
    %%%%%:  141-block 226
    %%%%%:  141-block 227
    %%%%%:  141-block 228
    %%%%%:  141-block 229
    %%%%%:  141-block 230
    %%%%%:  141-block 231
    %%%%%:  141-block 232
    %%%%%:  141-block 233
    %%%%%:  141-block 234
        1:  141-block 235
    %%%%%:  141-block 236
        1:  141-block 237
        2:  141-block 238
    %%%%%:  141-block 239
    %%%%%:  141-block 240
    %%%%%:  141-block 241
    %%%%%:  141-block 242
        3:  141-block 243
    %%%%%:  141-block 244
        1:  141-block 245
        1:  141-block 246
    %%%%%:  141-block 247
    %%%%%:  141-block 248
    %%%%%:  141-block 249
    %%%%%:  141-block 250
    %%%%%:  141-block 251
    %%%%%:  141-block 252
    %%%%%:  141-block 253
    %%%%%:  141-block 254
    %%%%%:  141-block 255
    %%%%%:  141-block 256
    %%%%%:  141-block 257
    %%%%%:  141-block 258
    %%%%%:  141-block 259
    %%%%%:  141-block 260
    %%%%%:  141-block 261
    %%%%%:  141-block 262
    %%%%%:  141-block 263
        1:  141-block 264
    %%%%%:  141-block 265
    %%%%%:  141-block 266
    %%%%%:  141-block 267
    %%%%%:  141-block 268
    %%%%%:  141-block 269
    %%%%%:  141-block 270
    %%%%%:  141-block 271
    %%%%%:  141-block 272
    %%%%%:  141-block 273
    %%%%%:  141-block 274
    %%%%%:  141-block 275
    %%%%%:  141-block 276
    %%%%%:  141-block 277
    %%%%%:  141-block 278
    %%%%%:  141-block 279
    %%%%%:  141-block 280
    %%%%%:  141-block 281
    2527*:  142:      : __allocator_base<_Tp>(__a) { }
    %%%%%:  142-block  0
    %%%%%:  142-block  1
    %%%%%:  142-block  2
    %%%%%:  142-block  3
    %%%%%:  142-block  4
    %%%%%:  142-block  5
    %%%%%:  142-block  6
    %%%%%:  142-block  7
    %%%%%:  142-block  8
    %%%%%:  142-block  9
    %%%%%:  142-block 10
    %%%%%:  142-block 11
    %%%%%:  142-block 12
    %%%%%:  142-block 13
    %%%%%:  142-block 14
    %%%%%:  142-block 15
    %%%%%:  142-block 16
    %%%%%:  142-block 17
    %%%%%:  142-block 18
    %%%%%:  142-block 19
    %%%%%:  142-block 20
    %%%%%:  142-block 21
    %%%%%:  142-block 22
    %%%%%:  142-block 23
    %%%%%:  142-block 24
    %%%%%:  142-block 25
    %%%%%:  142-block 26
        4:  142-block 27
    %%%%%:  142-block 28
    %%%%%:  142-block 29
    %%%%%:  142-block 30
    %%%%%:  142-block 31
    %%%%%:  142-block 32
    %%%%%:  142-block 33
    %%%%%:  142-block 34
    %%%%%:  142-block 35
    %%%%%:  142-block 36
    %%%%%:  142-block 37
    %%%%%:  142-block 38
    %%%%%:  142-block 39
    %%%%%:  142-block 40
    %%%%%:  142-block 41
    %%%%%:  142-block 42
        4:  142-block 43
        2:  142-block 44
        2:  142-block 45
    %%%%%:  142-block 46
        1:  142-block 47
    %%%%%:  142-block 48
    %%%%%:  142-block 49
        3:  142-block 50
    %%%%%:  142-block 51
    %%%%%:  142-block 52
    %%%%%:  142-block 53
    %%%%%:  142-block 54
     1474:  142-block 55
    %%%%%:  142-block 56
        1:  142-block 57
    %%%%%:  142-block 58
        1:  142-block 59
    %%%%%:  142-block 60
    %%%%%:  142-block 61
    %%%%%:  142-block 62
    %%%%%:  142-block 63
    %%%%%:  142-block 64
    %%%%%:  142-block 65
    %%%%%:  142-block 66
    %%%%%:  142-block 67
    %%%%%:  142-block 68
    %%%%%:  142-block 69
    %%%%%:  142-block 70
    %%%%%:  142-block 71
    %%%%%:  142-block 72
       56:  142-block 73
       56:  142-block 74
    %%%%%:  142-block 75
    %%%%%:  142-block 76
    %%%%%:  142-block 77
    %%%%%:  142-block 78
    %%%%%:  142-block 79
    %%%%%:  142-block 80
       20:  142-block 81
    %%%%%:  142-block 82
        1:  142-block 83
    %%%%%:  142-block 84
    %%%%%:  142-block 85
        1:  142-block 86
        2:  142-block 87
    %%%%%:  142-block 88
      778:  142-block 89
    %%%%%:  142-block 90
    %%%%%:  142-block 91
    %%%%%:  142-block 92
    %%%%%:  142-block 93
        4:  142-block 94
        1:  142-block 95
    %%%%%:  142-block 96
    %%%%%:  142-block 97
    %%%%%:  142-block 98
    %%%%%:  142-block 99
    %%%%%:  142-block 100
    %%%%%:  142-block 101
    %%%%%:  142-block 102
    %%%%%:  142-block 103
    %%%%%:  142-block 104
    %%%%%:  142-block 105
        1:  142-block 106
        1:  142-block 107
    %%%%%:  142-block 108
    %%%%%:  142-block 109
    %%%%%:  142-block 110
    %%%%%:  142-block 111
        1:  142-block 112
    %%%%%:  142-block 113
    %%%%%:  142-block 114
    %%%%%:  142-block 115
    %%%%%:  142-block 116
    %%%%%:  142-block 117
    %%%%%:  142-block 118
    %%%%%:  142-block 119
    %%%%%:  142-block 120
    %%%%%:  142-block 121
    %%%%%:  142-block 122
    %%%%%:  142-block 123
    %%%%%:  142-block 124
        4:  142-block 125
    %%%%%:  142-block 126
        2:  142-block 127
    %%%%%:  142-block 128
        2:  142-block 129
        2:  142-block 130
        2:  142-block 131
        2:  142-block 132
        2:  142-block 133
    %%%%%:  142-block 134
    %%%%%:  142-block 135
    %%%%%:  142-block 136
    %%%%%:  142-block 137
    %%%%%:  142-block 138
    %%%%%:  142-block 139
    %%%%%:  142-block 140
    %%%%%:  142-block 141
    %%%%%:  142-block 142
    %%%%%:  142-block 143
        2:  142-block 144
    %%%%%:  142-block 145
    %%%%%:  142-block 146
    %%%%%:  142-block 147
    %%%%%:  142-block 148
    %%%%%:  142-block 149
        2:  142-block 150
        1:  142-block 151
        1:  142-block 152
    %%%%%:  142-block 153
    %%%%%:  142-block 154
    %%%%%:  142-block 155
    %%%%%:  142-block 156
    %%%%%:  142-block 157
    %%%%%:  142-block 158
    %%%%%:  142-block 159
    %%%%%:  142-block 160
    %%%%%:  142-block 161
        1:  142-block 162
    %%%%%:  142-block 163
        1:  142-block 164
        2:  142-block 165
    %%%%%:  142-block 166
    %%%%%:  142-block 167
        3:  142-block 168
    %%%%%:  142-block 169
    %%%%%:  142-block 170
    %%%%%:  142-block 171
    %%%%%:  142-block 172
    %%%%%:  142-block 173
    %%%%%:  142-block 174
    %%%%%:  142-block 175
    %%%%%:  142-block 176
        1:  142-block 177
    %%%%%:  142-block 178
    %%%%%:  142-block 179
    %%%%%:  142-block 180
    %%%%%:  142-block 181
    %%%%%:  142-block 182
    %%%%%:  142-block 183
    %%%%%:  142-block 184
    %%%%%:  142-block 185
    %%%%%:  142-block 186
    %%%%%:  142-block 187
    %%%%%:  142-block 188
    %%%%%:  142-block 189
    %%%%%:  142-block 190
    %%%%%:  142-block 191
        -:  143:
        -:  144:#if __cplusplus >= 201103L
        -:  145:      // Avoid implicit deprecation.
        -:  146:      allocator& operator=(const allocator&) = default;
        -:  147:#endif
        -:  148:
        -:  149:      template<typename _Tp1>
        -:  150:	_GLIBCXX20_CONSTEXPR
      81*:  151:	allocator(const allocator<_Tp1>&) _GLIBCXX_NOTHROW { }
    %%%%%:  151-block  0
    %%%%%:  151-block  1
    %%%%%:  151-block  2
    %%%%%:  151-block  3
        3:  151-block  4
        3:  151-block  5
       10:  151-block  6
    %%%%%:  151-block  7
        1:  151-block  8
        4:  151-block  9
        1:  151-block 10
        1:  151-block 11
        2:  151-block 12
    %%%%%:  151-block 13
    %%%%%:  151-block 14
    %%%%%:  151-block 15
        1:  151-block 16
        1:  151-block 17
    %%%%%:  151-block 18
    %%%%%:  151-block 19
        1:  151-block 20
        1:  151-block 21
        1:  151-block 22
        1:  151-block 23
        1:  151-block 24
        1:  151-block 25
        1:  151-block 26
        1:  151-block 27
        1:  151-block 28
        1:  151-block 29
        1:  151-block 30
        1:  151-block 31
        1:  151-block 32
    %%%%%:  151-block 33
    %%%%%:  151-block 34
    %%%%%:  151-block 35
    %%%%%:  151-block 36
    %%%%%:  151-block 37
    %%%%%:  151-block 38
    %%%%%:  151-block 39
    %%%%%:  151-block 40
    %%%%%:  151-block 41
    %%%%%:  151-block 42
    %%%%%:  151-block 43
    %%%%%:  151-block 44
    %%%%%:  151-block 45
    %%%%%:  151-block 46
    %%%%%:  151-block 47
        2:  151-block 48
        2:  151-block 49
        1:  151-block 50
    %%%%%:  151-block 51
    %%%%%:  151-block 52
    %%%%%:  151-block 53
        3:  151-block 54
    %%%%%:  151-block 55
    %%%%%:  151-block 56
        1:  151-block 57
        1:  151-block 58
        1:  151-block 59
        1:  151-block 60
        1:  151-block 61
        1:  151-block 62
        1:  151-block 63
        1:  151-block 64
        1:  151-block 65
        1:  151-block 66
        1:  151-block 67
        1:  151-block 68
        2:  151-block 69
        1:  151-block 70
        1:  151-block 71
        1:  151-block 72
        1:  151-block 73
       10:  151-block 74
        -:  152:
    4218*:  153:      ~allocator() _GLIBCXX_NOTHROW { }
    %%%%%:  153-block  0
    %%%%%:  153-block  1
    %%%%%:  153-block  2
    %%%%%:  153-block  3
    %%%%%:  153-block  4
    %%%%%:  153-block  5
    %%%%%:  153-block  6
    %%%%%:  153-block  7
    %%%%%:  153-block  8
    $$$$$:  153-block  9
    $$$$$:  153-block 10
    $$$$$:  153-block 11
    $$$$$:  153-block 12
    $$$$$:  153-block 13
    %%%%%:  153-block 14
    %%%%%:  153-block 15
    %%%%%:  153-block 16
    %%%%%:  153-block 17
    $$$$$:  153-block 18
    $$$$$:  153-block 19
    %%%%%:  153-block 20
    %%%%%:  153-block 21
    %%%%%:  153-block 22
    %%%%%:  153-block 23
    $$$$$:  153-block 24
    $$$$$:  153-block 25
    %%%%%:  153-block 26
    %%%%%:  153-block 27
    %%%%%:  153-block 28
    %%%%%:  153-block 29
    $$$$$:  153-block 30
    $$$$$:  153-block 31
    %%%%%:  153-block 32
    %%%%%:  153-block 33
    %%%%%:  153-block 34
    %%%%%:  153-block 35
    $$$$$:  153-block 36
    $$$$$:  153-block 37
    %%%%%:  153-block 38
    %%%%%:  153-block 39
    %%%%%:  153-block 40
    $$$$$:  153-block 41
    %%%%%:  153-block 42
    %%%%%:  153-block 43
    %%%%%:  153-block 44
    %%%%%:  153-block 45
    %%%%%:  153-block 46
    %%%%%:  153-block 47
    $$$$$:  153-block 48
    %%%%%:  153-block 49
    %%%%%:  153-block 50
    %%%%%:  153-block 51
    %%%%%:  153-block 52
    %%%%%:  153-block 53
    %%%%%:  153-block 54
    %%%%%:  153-block 55
    %%%%%:  153-block 56
    %%%%%:  153-block 57
    %%%%%:  153-block 58
    %%%%%:  153-block 59
    %%%%%:  153-block 60
    $$$$$:  153-block 61
    $$$$$:  153-block 62
    $$$$$:  153-block 63
    %%%%%:  153-block 64
    %%%%%:  153-block 65
    %%%%%:  153-block 66
    %%%%%:  153-block 67
    $$$$$:  153-block 68
    %%%%%:  153-block 69
    %%%%%:  153-block 70
    %%%%%:  153-block 71
    %%%%%:  153-block 72
    %%%%%:  153-block 73
    %%%%%:  153-block 74
    $$$$$:  153-block 75
    %%%%%:  153-block 76
    %%%%%:  153-block 77
    %%%%%:  153-block 78
    %%%%%:  153-block 79
    %%%%%:  153-block 80
    %%%%%:  153-block 81
    $$$$$:  153-block 82
    %%%%%:  153-block 83
    %%%%%:  153-block 84
    %%%%%:  153-block 85
    %%%%%:  153-block 86
    $$$$$:  153-block 87
    %%%%%:  153-block 88
    %%%%%:  153-block 89
    %%%%%:  153-block 90
    %%%%%:  153-block 91
    $$$$$:  153-block 92
    %%%%%:  153-block 93
    %%%%%:  153-block 94
    %%%%%:  153-block 95
    %%%%%:  153-block 96
    $$$$$:  153-block 97
    %%%%%:  153-block 98
    %%%%%:  153-block 99
    %%%%%:  153-block 100
    %%%%%:  153-block 101
    $$$$$:  153-block 102
    %%%%%:  153-block 103
    %%%%%:  153-block 104
    %%%%%:  153-block 105
    %%%%%:  153-block 106
    $$$$$:  153-block 107
    %%%%%:  153-block 108
    %%%%%:  153-block 109
    %%%%%:  153-block 110
    $$$$$:  153-block 111
    $$$$$:  153-block 112
    %%%%%:  153-block 113
    %%%%%:  153-block 114
    $$$$$:  153-block 115
    %%%%%:  153-block 116
    $$$$$:  153-block 117
    %%%%%:  153-block 118
    %%%%%:  153-block 119
    %%%%%:  153-block 120
    %%%%%:  153-block 121
    %%%%%:  153-block 122
    %%%%%:  153-block 123
    %%%%%:  153-block 124
    %%%%%:  153-block 125
    %%%%%:  153-block 126
    $$$$$:  153-block 127
        3:  153-block 128
    %%%%%:  153-block 129
        3:  153-block 130
    %%%%%:  153-block 131
       10:  153-block 132
    %%%%%:  153-block 133
    %%%%%:  153-block 134
    %%%%%:  153-block 135
        1:  153-block 136
    %%%%%:  153-block 137
        4:  153-block 138
    %%%%%:  153-block 139
        1:  153-block 140
    %%%%%:  153-block 141
        1:  153-block 142
    %%%%%:  153-block 143
        2:  153-block 144
    %%%%%:  153-block 145
    %%%%%:  153-block 146
    %%%%%:  153-block 147
    %%%%%:  153-block 148
    %%%%%:  153-block 149
    %%%%%:  153-block 150
    %%%%%:  153-block 151
        1:  153-block 152
    %%%%%:  153-block 153
        1:  153-block 154
    %%%%%:  153-block 155
    %%%%%:  153-block 156
    %%%%%:  153-block 157
    %%%%%:  153-block 158
    %%%%%:  153-block 159
        1:  153-block 160
    %%%%%:  153-block 161
        1:  153-block 162
    %%%%%:  153-block 163
        1:  153-block 164
    %%%%%:  153-block 165
        1:  153-block 166
    %%%%%:  153-block 167
        1:  153-block 168
    %%%%%:  153-block 169
        1:  153-block 170
    %%%%%:  153-block 171
        1:  153-block 172
    %%%%%:  153-block 173
        1:  153-block 174
    %%%%%:  153-block 175
        1:  153-block 176
    %%%%%:  153-block 177
        1:  153-block 178
    %%%%%:  153-block 179
        1:  153-block 180
    %%%%%:  153-block 181
        1:  153-block 182
    %%%%%:  153-block 183
        1:  153-block 184
    %%%%%:  153-block 185
    %%%%%:  153-block 186
    %%%%%:  153-block 187
    %%%%%:  153-block 188
    %%%%%:  153-block 189
    %%%%%:  153-block 190
    %%%%%:  153-block 191
    %%%%%:  153-block 192
    %%%%%:  153-block 193
    %%%%%:  153-block 194
    $$$$$:  153-block 195
    %%%%%:  153-block 196
    %%%%%:  153-block 197
    %%%%%:  153-block 198
    %%%%%:  153-block 199
    %%%%%:  153-block 200
    $$$$$:  153-block 201
    %%%%%:  153-block 202
    %%%%%:  153-block 203
    %%%%%:  153-block 204
    %%%%%:  153-block 205
    %%%%%:  153-block 206
    %%%%%:  153-block 207
    $$$$$:  153-block 208
    %%%%%:  153-block 209
    %%%%%:  153-block 210
    %%%%%:  153-block 211
    %%%%%:  153-block 212
    %%%%%:  153-block 213
    %%%%%:  153-block 214
    %%%%%:  153-block 215
    %%%%%:  153-block 216
    %%%%%:  153-block 217
    %%%%%:  153-block 218
    %%%%%:  153-block 219
    %%%%%:  153-block 220
    %%%%%:  153-block 221
    %%%%%:  153-block 222
    %%%%%:  153-block 223
    %%%%%:  153-block 224
    %%%%%:  153-block 225
    $$$$$:  153-block 226
    $$$$$:  153-block 227
    %%%%%:  153-block 228
    %%%%%:  153-block 229
    $$$$$:  153-block 230
    %%%%%:  153-block 231
    %%%%%:  153-block 232
    %%%%%:  153-block 233
    %%%%%:  153-block 234
    $$$$$:  153-block 235
        4:  153-block 236
    %%%%%:  153-block 237
    %%%%%:  153-block 238
    %%%%%:  153-block 239
    %%%%%:  153-block 240
    %%%%%:  153-block 241
    %%%%%:  153-block 242
    %%%%%:  153-block 243
    %%%%%:  153-block 244
    %%%%%:  153-block 245
    %%%%%:  153-block 246
    %%%%%:  153-block 247
    %%%%%:  153-block 248
    %%%%%:  153-block 249
    %%%%%:  153-block 250
    %%%%%:  153-block 251
    %%%%%:  153-block 252
        4:  153-block 253
    $$$$$:  153-block 254
        2:  153-block 255
        2:  153-block 256
        2:  153-block 257
        2:  153-block 258
        1:  153-block 259
        1:  153-block 260
    %%%%%:  153-block 261
    %%%%%:  153-block 262
    %%%%%:  153-block 263
    %%%%%:  153-block 264
    %%%%%:  153-block 265
    $$$$$:  153-block 266
    %%%%%:  153-block 267
    $$$$$:  153-block 268
        3:  153-block 269
        3:  153-block 270
    %%%%%:  153-block 271
    $$$$$:  153-block 272
    $$$$$:  153-block 273
    %%%%%:  153-block 274
    %%%%%:  153-block 275
    $$$$$:  153-block 276
    %%%%%:  153-block 277
    $$$$$:  153-block 278
     1474:  153-block 279
    $$$$$:  153-block 280
    %%%%%:  153-block 281
    $$$$$:  153-block 282
    %%%%%:  153-block 283
        1:  153-block 284
    %%%%%:  153-block 285
        1:  153-block 286
    %%%%%:  153-block 287
    $$$$$:  153-block 288
    %%%%%:  153-block 289
    %%%%%:  153-block 290
    %%%%%:  153-block 291
    %%%%%:  153-block 292
    %%%%%:  153-block 293
    $$$$$:  153-block 294
    %%%%%:  153-block 295
    $$$$$:  153-block 296
    %%%%%:  153-block 297
    %%%%%:  153-block 298
    %%%%%:  153-block 299
    %%%%%:  153-block 300
    %%%%%:  153-block 301
        1:  153-block 302
        1:  153-block 303
        1:  153-block 304
        1:  153-block 305
        1:  153-block 306
        1:  153-block 307
        1:  153-block 308
        1:  153-block 309
        1:  153-block 310
        1:  153-block 311
        1:  153-block 312
        1:  153-block 313
        2:  153-block 314
    %%%%%:  153-block 315
    %%%%%:  153-block 316
    %%%%%:  153-block 317
    %%%%%:  153-block 318
    %%%%%:  153-block 319
    %%%%%:  153-block 320
       20:  153-block 321
    %%%%%:  153-block 322
    $$$$$:  153-block 323
    %%%%%:  153-block 324
    %%%%%:  153-block 325
    %%%%%:  153-block 326
    %%%%%:  153-block 327
    $$$$$:  153-block 328
    %%%%%:  153-block 329
    $$$$$:  153-block 330
    $$$$$:  153-block 331
    $$$$$:  153-block 332
    %%%%%:  153-block 333
    $$$$$:  153-block 334
    %%%%%:  153-block 335
    $$$$$:  153-block 336
    %%%%%:  153-block 337
    $$$$$:  153-block 338
    %%%%%:  153-block 339
    $$$$$:  153-block 340
    %%%%%:  153-block 341
    $$$$$:  153-block 342
    %%%%%:  153-block 343
    $$$$$:  153-block 344
    %%%%%:  153-block 345
    $$$$$:  153-block 346
    %%%%%:  153-block 347
    $$$$$:  153-block 348
    %%%%%:  153-block 349
        1:  153-block 350
    %%%%%:  153-block 351
        1:  153-block 352
    $$$$$:  153-block 353
    $$$$$:  153-block 354
    $$$$$:  153-block 355
        4:  153-block 356
    %%%%%:  153-block 357
    %%%%%:  153-block 358
        1:  153-block 359
    %%%%%:  153-block 360
    $$$$$:  153-block 361
    $$$$$:  153-block 362
    $$$$$:  153-block 363
    %%%%%:  153-block 364
    %%%%%:  153-block 365
    %%%%%:  153-block 366
    $$$$$:  153-block 367
    %%%%%:  153-block 368
    %%%%%:  153-block 369
    %%%%%:  153-block 370
    $$$$$:  153-block 371
    %%%%%:  153-block 372
    %%%%%:  153-block 373
    %%%%%:  153-block 374
    %%%%%:  153-block 375
    %%%%%:  153-block 376
    %%%%%:  153-block 377
    %%%%%:  153-block 378
    %%%%%:  153-block 379
    $$$$$:  153-block 380
    $$$$$:  153-block 381
    %%%%%:  153-block 382
    %%%%%:  153-block 383
    %%%%%:  153-block 384
    %%%%%:  153-block 385
    %%%%%:  153-block 386
    %%%%%:  153-block 387
    %%%%%:  153-block 388
    %%%%%:  153-block 389
    $$$$$:  153-block 390
    $$$$$:  153-block 391
    %%%%%:  153-block 392
    %%%%%:  153-block 393
    %%%%%:  153-block 394
        1:  153-block 395
    %%%%%:  153-block 396
    %%%%%:  153-block 397
    %%%%%:  153-block 398
    $$$$$:  153-block 399
    $$$$$:  153-block 400
    %%%%%:  153-block 401
    %%%%%:  153-block 402
    %%%%%:  153-block 403
    %%%%%:  153-block 404
    %%%%%:  153-block 405
    %%%%%:  153-block 406
    %%%%%:  153-block 407
    %%%%%:  153-block 408
     1519:  153-block 409
    %%%%%:  153-block 410
    %%%%%:  153-block 411
    %%%%%:  153-block 412
    %%%%%:  153-block 413
    %%%%%:  153-block 414
    $$$$$:  153-block 415
    $$$$$:  153-block 416
    $$$$$:  153-block 417
    $$$$$:  153-block 418
    $$$$$:  153-block 419
    $$$$$:  153-block 420
    $$$$$:  153-block 421
    %%%%%:  153-block 422
    %%%%%:  153-block 423
    %%%%%:  153-block 424
    %%%%%:  153-block 425
    %%%%%:  153-block 426
    $$$$$:  153-block 427
    $$$$$:  153-block 428
    $$$$$:  153-block 429
    $$$$$:  153-block 430
    $$$$$:  153-block 431
    $$$$$:  153-block 432
    $$$$$:  153-block 433
    %%%%%:  153-block 434
    %%%%%:  153-block 435
    %%%%%:  153-block 436
    %%%%%:  153-block 437
    %%%%%:  153-block 438
    %%%%%:  153-block 439
    %%%%%:  153-block 440
    $$$$$:  153-block 441
    $$$$$:  153-block 442
    $$$$$:  153-block 443
    $$$$$:  153-block 444
    $$$$$:  153-block 445
    $$$$$:  153-block 446
    $$$$$:  153-block 447
    $$$$$:  153-block 448
    $$$$$:  153-block 449
    $$$$$:  153-block 450
    $$$$$:  153-block 451
    $$$$$:  153-block 452
    %%%%%:  153-block 453
    %%%%%:  153-block 454
    %%%%%:  153-block 455
    %%%%%:  153-block 456
    %%%%%:  153-block 457
    $$$$$:  153-block 458
    $$$$$:  153-block 459
    $$$$$:  153-block 460
    $$$$$:  153-block 461
    $$$$$:  153-block 462
    $$$$$:  153-block 463
    $$$$$:  153-block 464
    $$$$$:  153-block 465
    $$$$$:  153-block 466
    $$$$$:  153-block 467
    %%%%%:  153-block 468
    %%%%%:  153-block 469
    %%%%%:  153-block 470
    %%%%%:  153-block 471
    %%%%%:  153-block 472
    %%%%%:  153-block 473
    %%%%%:  153-block 474
    %%%%%:  153-block 475
    %%%%%:  153-block 476
    %%%%%:  153-block 477
    %%%%%:  153-block 478
    %%%%%:  153-block 479
    %%%%%:  153-block 480
    %%%%%:  153-block 481
    %%%%%:  153-block 482
    %%%%%:  153-block 483
    %%%%%:  153-block 484
    %%%%%:  153-block 485
    $$$$$:  153-block 486
    $$$$$:  153-block 487
    $$$$$:  153-block 488
    $$$$$:  153-block 489
    $$$$$:  153-block 490
    $$$$$:  153-block 491
    $$$$$:  153-block 492
    $$$$$:  153-block 493
    $$$$$:  153-block 494
    $$$$$:  153-block 495
    $$$$$:  153-block 496
    $$$$$:  153-block 497
    $$$$$:  153-block 498
    $$$$$:  153-block 499
    $$$$$:  153-block 500
    $$$$$:  153-block 501
    $$$$$:  153-block 502
    $$$$$:  153-block 503
    $$$$$:  153-block 504
    $$$$$:  153-block 505
    $$$$$:  153-block 506
    $$$$$:  153-block 507
    $$$$$:  153-block 508
    $$$$$:  153-block 509
    $$$$$:  153-block 510
    $$$$$:  153-block 511
    $$$$$:  153-block 512
    %%%%%:  153-block 513
    %%%%%:  153-block 514
    %%%%%:  153-block 515
    $$$$$:  153-block 516
    $$$$$:  153-block 517
    $$$$$:  153-block 518
    $$$$$:  153-block 519
    %%%%%:  153-block 520
    %%%%%:  153-block 521
    %%%%%:  153-block 522
    %%%%%:  153-block 523
    %%%%%:  153-block 524
    %%%%%:  153-block 525
    $$$$$:  153-block 526
    $$$$$:  153-block 527
    $$$$$:  153-block 528
    $$$$$:  153-block 529
    $$$$$:  153-block 530
    $$$$$:  153-block 531
    $$$$$:  153-block 532
    $$$$$:  153-block 533
    $$$$$:  153-block 534
    %%%%%:  153-block 535
    %%%%%:  153-block 536
    $$$$$:  153-block 537
    $$$$$:  153-block 538
    $$$$$:  153-block 539
    %%%%%:  153-block 540
    %%%%%:  153-block 541
    %%%%%:  153-block 542
    %%%%%:  153-block 543
    %%%%%:  153-block 544
    %%%%%:  153-block 545
    %%%%%:  153-block 546
    %%%%%:  153-block 547
    %%%%%:  153-block 548
    $$$$$:  153-block 549
    $$$$$:  153-block 550
    $$$$$:  153-block 551
    $$$$$:  153-block 552
    $$$$$:  153-block 553
    $$$$$:  153-block 554
    $$$$$:  153-block 555
    $$$$$:  153-block 556
    $$$$$:  153-block 557
    $$$$$:  153-block 558
    $$$$$:  153-block 559
    $$$$$:  153-block 560
    %%%%%:  153-block 561
    %%%%%:  153-block 562
    $$$$$:  153-block 563
    $$$$$:  153-block 564
    $$$$$:  153-block 565
    %%%%%:  153-block 566
    %%%%%:  153-block 567
    %%%%%:  153-block 568
    %%%%%:  153-block 569
    %%%%%:  153-block 570
    %%%%%:  153-block 571
    %%%%%:  153-block 572
    %%%%%:  153-block 573
    %%%%%:  153-block 574
    %%%%%:  153-block 575
    %%%%%:  153-block 576
    %%%%%:  153-block 577
    $$$$$:  153-block 578
    $$$$$:  153-block 579
    $$$$$:  153-block 580
    $$$$$:  153-block 581
    $$$$$:  153-block 582
    $$$$$:  153-block 583
    $$$$$:  153-block 584
    %%%%%:  153-block 585
    %%%%%:  153-block 586
    %%%%%:  153-block 587
    %%%%%:  153-block 588
    %%%%%:  153-block 589
    %%%%%:  153-block 590
    %%%%%:  153-block 591
    %%%%%:  153-block 592
    %%%%%:  153-block 593
    %%%%%:  153-block 594
    %%%%%:  153-block 595
    %%%%%:  153-block 596
    %%%%%:  153-block 597
    %%%%%:  153-block 598
    %%%%%:  153-block 599
    $$$$$:  153-block 600
    $$$$$:  153-block 601
    $$$$$:  153-block 602
    $$$$$:  153-block 603
    $$$$$:  153-block 604
    $$$$$:  153-block 605
    $$$$$:  153-block 606
    $$$$$:  153-block 607
    $$$$$:  153-block 608
    $$$$$:  153-block 609
    $$$$$:  153-block 610
    $$$$$:  153-block 611
    $$$$$:  153-block 612
    $$$$$:  153-block 613
    $$$$$:  153-block 614
    $$$$$:  153-block 615
    $$$$$:  153-block 616
    $$$$$:  153-block 617
    $$$$$:  153-block 618
    $$$$$:  153-block 619
    $$$$$:  153-block 620
    $$$$$:  153-block 621
    %%%%%:  153-block 622
    %%%%%:  153-block 623
    %%%%%:  153-block 624
    %%%%%:  153-block 625
    %%%%%:  153-block 626
    %%%%%:  153-block 627
    %%%%%:  153-block 628
    %%%%%:  153-block 629
    $$$$$:  153-block 630
    $$$$$:  153-block 631
    $$$$$:  153-block 632
    $$$$$:  153-block 633
    %%%%%:  153-block 634
    %%%%%:  153-block 635
    %%%%%:  153-block 636
    %%%%%:  153-block 637
    %%%%%:  153-block 638
    %%%%%:  153-block 639
    %%%%%:  153-block 640
    %%%%%:  153-block 641
    %%%%%:  153-block 642
    %%%%%:  153-block 643
    %%%%%:  153-block 644
    %%%%%:  153-block 645
    %%%%%:  153-block 646
    %%%%%:  153-block 647
    %%%%%:  153-block 648
    %%%%%:  153-block 649
    %%%%%:  153-block 650
    %%%%%:  153-block 651
    %%%%%:  153-block 652
    %%%%%:  153-block 653
    %%%%%:  153-block 654
    %%%%%:  153-block 655
    $$$$$:  153-block 656
    $$$$$:  153-block 657
    $$$$$:  153-block 658
    $$$$$:  153-block 659
    $$$$$:  153-block 660
    $$$$$:  153-block 661
    $$$$$:  153-block 662
    $$$$$:  153-block 663
    $$$$$:  153-block 664
    $$$$$:  153-block 665
    $$$$$:  153-block 666
    $$$$$:  153-block 667
    $$$$$:  153-block 668
    $$$$$:  153-block 669
    $$$$$:  153-block 670
    $$$$$:  153-block 671
    $$$$$:  153-block 672
    $$$$$:  153-block 673
    $$$$$:  153-block 674
    $$$$$:  153-block 675
    $$$$$:  153-block 676
    $$$$$:  153-block 677
    $$$$$:  153-block 678
    $$$$$:  153-block 679
    $$$$$:  153-block 680
    $$$$$:  153-block 681
    $$$$$:  153-block 682
    $$$$$:  153-block 683
    $$$$$:  153-block 684
    $$$$$:  153-block 685
    $$$$$:  153-block 686
    $$$$$:  153-block 687
    $$$$$:  153-block 688
    $$$$$:  153-block 689
    $$$$$:  153-block 690
    $$$$$:  153-block 691
    $$$$$:  153-block 692
    $$$$$:  153-block 693
    $$$$$:  153-block 694
    $$$$$:  153-block 695
    %%%%%:  153-block 696
    $$$$$:  153-block 697
    %%%%%:  153-block 698
    %%%%%:  153-block 699
    %%%%%:  153-block 700
    %%%%%:  153-block 701
    %%%%%:  153-block 702
    $$$$$:  153-block 703
        1:  153-block 704
        1:  153-block 705
        1:  153-block 706
    %%%%%:  153-block 707
    %%%%%:  153-block 708
    $$$$$:  153-block 709
    $$$$$:  153-block 710
    $$$$$:  153-block 711
    $$$$$:  153-block 712
    $$$$$:  153-block 713
    $$$$$:  153-block 714
    $$$$$:  153-block 715
    $$$$$:  153-block 716
    $$$$$:  153-block 717
    $$$$$:  153-block 718
    %%%%%:  153-block 719
    %%%%%:  153-block 720
    $$$$$:  153-block 721
        1:  153-block 722
        1:  153-block 723
        1:  153-block 724
        1:  153-block 725
        1:  153-block 726
        1:  153-block 727
    %%%%%:  153-block 728
    %%%%%:  153-block 729
    %%%%%:  153-block 730
    %%%%%:  153-block 731
    %%%%%:  153-block 732
    %%%%%:  153-block 733
    $$$$$:  153-block 734
    $$$$$:  153-block 735
    $$$$$:  153-block 736
    $$$$$:  153-block 737
    $$$$$:  153-block 738
    $$$$$:  153-block 739
    $$$$$:  153-block 740
    $$$$$:  153-block 741
    $$$$$:  153-block 742
    $$$$$:  153-block 743
    $$$$$:  153-block 744
    $$$$$:  153-block 745
    $$$$$:  153-block 746
    $$$$$:  153-block 747
    $$$$$:  153-block 748
    $$$$$:  153-block 749
    $$$$$:  153-block 750
    $$$$$:  153-block 751
    %%%%%:  153-block 752
    %%%%%:  153-block 753
    %%%%%:  153-block 754
    $$$$$:  153-block 755
    %%%%%:  153-block 756
        1:  153-block 757
    %%%%%:  153-block 758
    $$$$$:  153-block 759
    %%%%%:  153-block 760
        4:  153-block 761
        1:  153-block 762
    $$$$$:  153-block 763
    $$$$$:  153-block 764
    $$$$$:  153-block 765
    $$$$$:  153-block 766
    $$$$$:  153-block 767
    $$$$$:  153-block 768
    %%%%%:  153-block 769
    %%%%%:  153-block 770
    %%%%%:  153-block 771
    %%%%%:  153-block 772
    $$$$$:  153-block 773
    $$$$$:  153-block 774
    %%%%%:  153-block 775
    %%%%%:  153-block 776
    %%%%%:  153-block 777
    %%%%%:  153-block 778
    %%%%%:  153-block 779
    %%%%%:  153-block 780
    $$$$$:  153-block 781
    $$$$$:  153-block 782
    $$$$$:  153-block 783
    %%%%%:  153-block 784
    %%%%%:  153-block 785
    %%%%%:  153-block 786
    %%%%%:  153-block 787
    %%%%%:  153-block 788
    %%%%%:  153-block 789
    %%%%%:  153-block 790
    %%%%%:  153-block 791
    %%%%%:  153-block 792
    %%%%%:  153-block 793
    %%%%%:  153-block 794
    %%%%%:  153-block 795
    %%%%%:  153-block 796
    %%%%%:  153-block 797
    %%%%%:  153-block 798
    $$$$$:  153-block 799
    $$$$$:  153-block 800
    $$$$$:  153-block 801
    $$$$$:  153-block 802
    $$$$$:  153-block 803
    $$$$$:  153-block 804
    $$$$$:  153-block 805
    $$$$$:  153-block 806
    $$$$$:  153-block 807
    $$$$$:  153-block 808
    $$$$$:  153-block 809
    $$$$$:  153-block 810
    $$$$$:  153-block 811
    $$$$$:  153-block 812
    $$$$$:  153-block 813
    $$$$$:  153-block 814
    $$$$$:  153-block 815
    $$$$$:  153-block 816
    $$$$$:  153-block 817
    $$$$$:  153-block 818
    $$$$$:  153-block 819
    $$$$$:  153-block 820
    $$$$$:  153-block 821
    $$$$$:  153-block 822
    $$$$$:  153-block 823
    $$$$$:  153-block 824
    $$$$$:  153-block 825
    $$$$$:  153-block 826
    %%%%%:  153-block 827
    %%%%%:  153-block 828
    %%%%%:  153-block 829
    %%%%%:  153-block 830
    %%%%%:  153-block 831
    %%%%%:  153-block 832
    %%%%%:  153-block 833
    %%%%%:  153-block 834
    %%%%%:  153-block 835
    %%%%%:  153-block 836
    %%%%%:  153-block 837
    %%%%%:  153-block 838
    %%%%%:  153-block 839
    %%%%%:  153-block 840
    %%%%%:  153-block 841
    %%%%%:  153-block 842
    %%%%%:  153-block 843
    %%%%%:  153-block 844
    %%%%%:  153-block 845
    %%%%%:  153-block 846
    %%%%%:  153-block 847
    %%%%%:  153-block 848
    %%%%%:  153-block 849
    %%%%%:  153-block 850
    %%%%%:  153-block 851
    %%%%%:  153-block 852
    %%%%%:  153-block 853
    %%%%%:  153-block 854
    %%%%%:  153-block 855
    %%%%%:  153-block 856
    %%%%%:  153-block 857
    %%%%%:  153-block 858
    %%%%%:  153-block 859
    %%%%%:  153-block 860
    $$$$$:  153-block 861
    $$$$$:  153-block 862
    $$$$$:  153-block 863
    $$$$$:  153-block 864
    $$$$$:  153-block 865
    $$$$$:  153-block 866
    $$$$$:  153-block 867
    $$$$$:  153-block 868
    $$$$$:  153-block 869
    $$$$$:  153-block 870
    $$$$$:  153-block 871
    $$$$$:  153-block 872
    $$$$$:  153-block 873
    $$$$$:  153-block 874
    $$$$$:  153-block 875
    $$$$$:  153-block 876
    $$$$$:  153-block 877
    $$$$$:  153-block 878
    $$$$$:  153-block 879
    $$$$$:  153-block 880
    $$$$$:  153-block 881
    $$$$$:  153-block 882
    $$$$$:  153-block 883
    $$$$$:  153-block 884
    $$$$$:  153-block 885
    %%%%%:  153-block 886
    %%%%%:  153-block 887
    %%%%%:  153-block 888
    %%%%%:  153-block 889
    %%%%%:  153-block 890
    %%%%%:  153-block 891
    %%%%%:  153-block 892
    %%%%%:  153-block 893
    %%%%%:  153-block 894
    $$$$$:  153-block 895
    %%%%%:  153-block 896
    $$$$$:  153-block 897
    $$$$$:  153-block 898
    %%%%%:  153-block 899
    %%%%%:  153-block 900
    %%%%%:  153-block 901
    %%%%%:  153-block 902
    %%%%%:  153-block 903
    $$$$$:  153-block 904
    %%%%%:  153-block 905
    %%%%%:  153-block 906
    %%%%%:  153-block 907
    %%%%%:  153-block 908
    %%%%%:  153-block 909
    $$$$$:  153-block 910
    %%%%%:  153-block 911
    %%%%%:  153-block 912
    $$$$$:  153-block 913
    %%%%%:  153-block 914
    %%%%%:  153-block 915
    %%%%%:  153-block 916
    %%%%%:  153-block 917
    $$$$$:  153-block 918
    %%%%%:  153-block 919
    %%%%%:  153-block 920
    $$$$$:  153-block 921
    %%%%%:  153-block 922
    %%%%%:  153-block 923
    $$$$$:  153-block 924
    %%%%%:  153-block 925
    %%%%%:  153-block 926
    %%%%%:  153-block 927
    %%%%%:  153-block 928
    %%%%%:  153-block 929
    %%%%%:  153-block 930
        2:  153-block 931
    $$$$$:  153-block 932
    %%%%%:  153-block 933
    %%%%%:  153-block 934
    $$$$$:  153-block 935
    $$$$$:  153-block 936
    $$$$$:  153-block 937
        2:  153-block 938
        4:  153-block 939
    $$$$$:  153-block 940
    $$$$$:  153-block 941
    %%%%%:  153-block 942
        2:  153-block 943
        2:  153-block 944
        2:  153-block 945
        2:  153-block 946
    $$$$$:  153-block 947
    $$$$$:  153-block 948
    %%%%%:  153-block 949
    %%%%%:  153-block 950
        2:  153-block 951
    %%%%%:  153-block 952
    %%%%%:  153-block 953
        2:  153-block 954
    $$$$$:  153-block 955
    $$$$$:  153-block 956
    %%%%%:  153-block 957
        2:  153-block 958
        2:  153-block 959
    $$$$$:  153-block 960
    $$$$$:  153-block 961
    %%%%%:  153-block 962
    $$$$$:  153-block 963
        2:  153-block 964
        2:  153-block 965
    %%%%%:  153-block 966
        2:  153-block 967
        2:  153-block 968
        2:  153-block 969
        2:  153-block 970
        2:  153-block 971
    $$$$$:  153-block 972
    $$$$$:  153-block 973
    $$$$$:  153-block 974
    $$$$$:  153-block 975
    $$$$$:  153-block 976
    $$$$$:  153-block 977
    $$$$$:  153-block 978
    $$$$$:  153-block 979
    $$$$$:  153-block 980
    %%%%%:  153-block 981
    %%%%%:  153-block 982
    %%%%%:  153-block 983
    $$$$$:  153-block 984
    $$$$$:  153-block 985
    $$$$$:  153-block 986
    %%%%%:  153-block 987
    %%%%%:  153-block 988
    %%%%%:  153-block 989
    %%%%%:  153-block 990
    %%%%%:  153-block 991
    $$$$$:  153-block 992
    $$$$$:  153-block 993
    $$$$$:  153-block 994
    %%%%%:  153-block 995
    %%%%%:  153-block 996
    $$$$$:  153-block 997
    $$$$$:  153-block 998
    $$$$$:  153-block 999
    $$$$$:  153-block 1000
    %%%%%:  153-block 1001
    %%%%%:  153-block 1002
    %%%%%:  153-block 1003
    $$$$$:  153-block 1004
    $$$$$:  153-block 1005
    %%%%%:  153-block 1006
    %%%%%:  153-block 1007
    %%%%%:  153-block 1008
    $$$$$:  153-block 1009
    $$$$$:  153-block 1010
    $$$$$:  153-block 1011
    %%%%%:  153-block 1012
    %%%%%:  153-block 1013
    %%%%%:  153-block 1014
    %%%%%:  153-block 1015
    %%%%%:  153-block 1016
    %%%%%:  153-block 1017
    $$$$$:  153-block 1018
    $$$$$:  153-block 1019
    %%%%%:  153-block 1020
    %%%%%:  153-block 1021
    %%%%%:  153-block 1022
    $$$$$:  153-block 1023
    $$$$$:  153-block 1024
        2:  153-block 1025
    %%%%%:  153-block 1026
    %%%%%:  153-block 1027
    $$$$$:  153-block 1028
    $$$$$:  153-block 1029
    $$$$$:  153-block 1030
    $$$$$:  153-block 1031
    $$$$$:  153-block 1032
    %%%%%:  153-block 1033
    %%%%%:  153-block 1034
    $$$$$:  153-block 1035
        1:  153-block 1036
    %%%%%:  153-block 1037
        1:  153-block 1038
    $$$$$:  153-block 1039
    $$$$$:  153-block 1040
    $$$$$:  153-block 1041
    $$$$$:  153-block 1042
    %%%%%:  153-block 1043
    %%%%%:  153-block 1044
    $$$$$:  153-block 1045
    $$$$$:  153-block 1046
    %%%%%:  153-block 1047
    %%%%%:  153-block 1048
    $$$$$:  153-block 1049
        2:  153-block 1050
    $$$$$:  153-block 1051
    $$$$$:  153-block 1052
    %%%%%:  153-block 1053
    %%%%%:  153-block 1054
    %%%%%:  153-block 1055
    %%%%%:  153-block 1056
    %%%%%:  153-block 1057
    %%%%%:  153-block 1058
    %%%%%:  153-block 1059
    %%%%%:  153-block 1060
    %%%%%:  153-block 1061
    %%%%%:  153-block 1062
    $$$$$:  153-block 1063
    $$$$$:  153-block 1064
    $$$$$:  153-block 1065
    $$$$$:  153-block 1066
    $$$$$:  153-block 1067
    %%%%%:  153-block 1068
    %%%%%:  153-block 1069
    %%%%%:  153-block 1070
    %%%%%:  153-block 1071
    %%%%%:  153-block 1072
    $$$$$:  153-block 1073
    $$$$$:  153-block 1074
    %%%%%:  153-block 1075
    %%%%%:  153-block 1076
        2:  153-block 1077
        2:  153-block 1078
        2:  153-block 1079
        2:  153-block 1080
        2:  153-block 1081
    $$$$$:  153-block 1082
    $$$$$:  153-block 1083
        1:  153-block 1084
        1:  153-block 1085
    $$$$$:  153-block 1086
        1:  153-block 1087
        1:  153-block 1088
        1:  153-block 1089
        1:  153-block 1090
        1:  153-block 1091
        1:  153-block 1092
    $$$$$:  153-block 1093
    $$$$$:  153-block 1094
    $$$$$:  153-block 1095
    %%%%%:  153-block 1096
    %%%%%:  153-block 1097
    %%%%%:  153-block 1098
    %%%%%:  153-block 1099
    %%%%%:  153-block 1100
    %%%%%:  153-block 1101
    %%%%%:  153-block 1102
    %%%%%:  153-block 1103
    $$$$$:  153-block 1104
    $$$$$:  153-block 1105
    %%%%%:  153-block 1106
    %%%%%:  153-block 1107
    %%%%%:  153-block 1108
    %%%%%:  153-block 1109
    %%%%%:  153-block 1110
    %%%%%:  153-block 1111
    %%%%%:  153-block 1112
    %%%%%:  153-block 1113
    $$$$$:  153-block 1114
    %%%%%:  153-block 1115
    %%%%%:  153-block 1116
    $$$$$:  153-block 1117
    %%%%%:  153-block 1118
    $$$$$:  153-block 1119
    %%%%%:  153-block 1120
    $$$$$:  153-block 1121
    %%%%%:  153-block 1122
    $$$$$:  153-block 1123
    %%%%%:  153-block 1124
    %%%%%:  153-block 1125
    %%%%%:  153-block 1126
    %%%%%:  153-block 1127
    %%%%%:  153-block 1128
    %%%%%:  153-block 1129
    %%%%%:  153-block 1130
    $$$$$:  153-block 1131
    $$$$$:  153-block 1132
    %%%%%:  153-block 1133
    %%%%%:  153-block 1134
    $$$$$:  153-block 1135
    %%%%%:  153-block 1136
    %%%%%:  153-block 1137
    %%%%%:  153-block 1138
    %%%%%:  153-block 1139
    %%%%%:  153-block 1140
    %%%%%:  153-block 1141
    %%%%%:  153-block 1142
    %%%%%:  153-block 1143
    %%%%%:  153-block 1144
    $$$$$:  153-block 1145
    $$$$$:  153-block 1146
    $$$$$:  153-block 1147
    $$$$$:  153-block 1148
    $$$$$:  153-block 1149
    %%%%%:  153-block 1150
    $$$$$:  153-block 1151
    %%%%%:  153-block 1152
    %%%%%:  153-block 1153
    %%%%%:  153-block 1154
    %%%%%:  153-block 1155
    $$$$$:  153-block 1156
    $$$$$:  153-block 1157
    $$$$$:  153-block 1158
    %%%%%:  153-block 1159
    $$$$$:  153-block 1160
    %%%%%:  153-block 1161
    %%%%%:  153-block 1162
    %%%%%:  153-block 1163
    %%%%%:  153-block 1164
    %%%%%:  153-block 1165
    $$$$$:  153-block 1166
    %%%%%:  153-block 1167
    %%%%%:  153-block 1168
    %%%%%:  153-block 1169
    %%%%%:  153-block 1170
    %%%%%:  153-block 1171
    %%%%%:  153-block 1172
    $$$$$:  153-block 1173
    $$$$$:  153-block 1174
    $$$$$:  153-block 1175
    $$$$$:  153-block 1176
    $$$$$:  153-block 1177
    $$$$$:  153-block 1178
    %%%%%:  153-block 1179
    %%%%%:  153-block 1180
    %%%%%:  153-block 1181
    $$$$$:  153-block 1182
    $$$$$:  153-block 1183
    %%%%%:  153-block 1184
    %%%%%:  153-block 1185
    %%%%%:  153-block 1186
    %%%%%:  153-block 1187
    %%%%%:  153-block 1188
    %%%%%:  153-block 1189
    %%%%%:  153-block 1190
    %%%%%:  153-block 1191
    %%%%%:  153-block 1192
    $$$$$:  153-block 1193
    $$$$$:  153-block 1194
    $$$$$:  153-block 1195
    $$$$$:  153-block 1196
    $$$$$:  153-block 1197
    $$$$$:  153-block 1198
    $$$$$:  153-block 1199
    $$$$$:  153-block 1200
    $$$$$:  153-block 1201
    %%%%%:  153-block 1202
        1:  153-block 1203
    %%%%%:  153-block 1204
    %%%%%:  153-block 1205
        1:  153-block 1206
        2:  153-block 1207
        2:  153-block 1208
        2:  153-block 1209
    $$$$$:  153-block 1210
    %%%%%:  153-block 1211
    %%%%%:  153-block 1212
    %%%%%:  153-block 1213
    $$$$$:  153-block 1214
    %%%%%:  153-block 1215
    %%%%%:  153-block 1216
    %%%%%:  153-block 1217
    $$$$$:  153-block 1218
    $$$$$:  153-block 1219
    $$$$$:  153-block 1220
    %%%%%:  153-block 1221
    %%%%%:  153-block 1222
    %%%%%:  153-block 1223
    $$$$$:  153-block 1224
    $$$$$:  153-block 1225
    $$$$$:  153-block 1226
        3:  153-block 1227
    %%%%%:  153-block 1228
        1:  153-block 1229
        1:  153-block 1230
        1:  153-block 1231
        1:  153-block 1232
        1:  153-block 1233
        1:  153-block 1234
        1:  153-block 1235
        1:  153-block 1236
        1:  153-block 1237
        1:  153-block 1238
        1:  153-block 1239
        1:  153-block 1240
        1:  153-block 1241
        1:  153-block 1242
        1:  153-block 1243
        1:  153-block 1244
        1:  153-block 1245
        1:  153-block 1246
        1:  153-block 1247
        1:  153-block 1248
        1:  153-block 1249
        1:  153-block 1250
        1:  153-block 1251
        1:  153-block 1252
        1:  153-block 1253
        1:  153-block 1254
        1:  153-block 1255
        1:  153-block 1256
        1:  153-block 1257
        1:  153-block 1258
        1:  153-block 1259
        1:  153-block 1260
        1:  153-block 1261
        1:  153-block 1262
        1:  153-block 1263
        1:  153-block 1264
        1:  153-block 1265
        1:  153-block 1266
        1:  153-block 1267
        1:  153-block 1268
        1:  153-block 1269
        1:  153-block 1270
        1:  153-block 1271
        1:  153-block 1272
        1:  153-block 1273
        1:  153-block 1274
        1:  153-block 1275
        1:  153-block 1276
        1:  153-block 1277
        1:  153-block 1278
        1:  153-block 1279
        1:  153-block 1280
        1:  153-block 1281
        1:  153-block 1282
        1:  153-block 1283
        1:  153-block 1284
        1:  153-block 1285
        1:  153-block 1286
        1:  153-block 1287
        1:  153-block 1288
        1:  153-block 1289
        1:  153-block 1290
        1:  153-block 1291
        1:  153-block 1292
        1:  153-block 1293
        1:  153-block 1294
        1:  153-block 1295
        1:  153-block 1296
        1:  153-block 1297
        1:  153-block 1298
        1:  153-block 1299
        1:  153-block 1300
        1:  153-block 1301
        1:  153-block 1302
        1:  153-block 1303
        1:  153-block 1304
        1:  153-block 1305
        1:  153-block 1306
        1:  153-block 1307
        1:  153-block 1308
        1:  153-block 1309
        1:  153-block 1310
        1:  153-block 1311
        1:  153-block 1312
    $$$$$:  153-block 1313
    $$$$$:  153-block 1314
    $$$$$:  153-block 1315
    $$$$$:  153-block 1316
    $$$$$:  153-block 1317
    $$$$$:  153-block 1318
    $$$$$:  153-block 1319
    $$$$$:  153-block 1320
    $$$$$:  153-block 1321
    $$$$$:  153-block 1322
    $$$$$:  153-block 1323
    $$$$$:  153-block 1324
    $$$$$:  153-block 1325
    $$$$$:  153-block 1326
    $$$$$:  153-block 1327
    $$$$$:  153-block 1328
    $$$$$:  153-block 1329
    $$$$$:  153-block 1330
    $$$$$:  153-block 1331
    $$$$$:  153-block 1332
    $$$$$:  153-block 1333
    $$$$$:  153-block 1334
    $$$$$:  153-block 1335
    $$$$$:  153-block 1336
    $$$$$:  153-block 1337
    $$$$$:  153-block 1338
    $$$$$:  153-block 1339
    $$$$$:  153-block 1340
    $$$$$:  153-block 1341
    $$$$$:  153-block 1342
    $$$$$:  153-block 1343
    $$$$$:  153-block 1344
    $$$$$:  153-block 1345
    $$$$$:  153-block 1346
    $$$$$:  153-block 1347
    $$$$$:  153-block 1348
    $$$$$:  153-block 1349
    $$$$$:  153-block 1350
    $$$$$:  153-block 1351
    $$$$$:  153-block 1352
    $$$$$:  153-block 1353
    $$$$$:  153-block 1354
    $$$$$:  153-block 1355
    $$$$$:  153-block 1356
    $$$$$:  153-block 1357
    $$$$$:  153-block 1358
    $$$$$:  153-block 1359
    $$$$$:  153-block 1360
    $$$$$:  153-block 1361
    $$$$$:  153-block 1362
    $$$$$:  153-block 1363
    $$$$$:  153-block 1364
    $$$$$:  153-block 1365
    $$$$$:  153-block 1366
    $$$$$:  153-block 1367
    $$$$$:  153-block 1368
    $$$$$:  153-block 1369
    $$$$$:  153-block 1370
    $$$$$:  153-block 1371
    $$$$$:  153-block 1372
    $$$$$:  153-block 1373
    $$$$$:  153-block 1374
    $$$$$:  153-block 1375
    $$$$$:  153-block 1376
    $$$$$:  153-block 1377
    $$$$$:  153-block 1378
    $$$$$:  153-block 1379
    $$$$$:  153-block 1380
    $$$$$:  153-block 1381
    $$$$$:  153-block 1382
    $$$$$:  153-block 1383
    $$$$$:  153-block 1384
    $$$$$:  153-block 1385
    $$$$$:  153-block 1386
    $$$$$:  153-block 1387
    $$$$$:  153-block 1388
    $$$$$:  153-block 1389
    $$$$$:  153-block 1390
    $$$$$:  153-block 1391
    $$$$$:  153-block 1392
    $$$$$:  153-block 1393
    $$$$$:  153-block 1394
    $$$$$:  153-block 1395
    $$$$$:  153-block 1396
    $$$$$:  153-block 1397
    $$$$$:  153-block 1398
    $$$$$:  153-block 1399
    $$$$$:  153-block 1400
    $$$$$:  153-block 1401
    $$$$$:  153-block 1402
    $$$$$:  153-block 1403
    $$$$$:  153-block 1404
    $$$$$:  153-block 1405
    $$$$$:  153-block 1406
    $$$$$:  153-block 1407
    $$$$$:  153-block 1408
    $$$$$:  153-block 1409
    $$$$$:  153-block 1410
    $$$$$:  153-block 1411
    $$$$$:  153-block 1412
    $$$$$:  153-block 1413
    $$$$$:  153-block 1414
    $$$$$:  153-block 1415
    $$$$$:  153-block 1416
    $$$$$:  153-block 1417
    $$$$$:  153-block 1418
    $$$$$:  153-block 1419
    $$$$$:  153-block 1420
    $$$$$:  153-block 1421
    $$$$$:  153-block 1422
    $$$$$:  153-block 1423
    $$$$$:  153-block 1424
    $$$$$:  153-block 1425
    $$$$$:  153-block 1426
    $$$$$:  153-block 1427
    $$$$$:  153-block 1428
    $$$$$:  153-block 1429
    $$$$$:  153-block 1430
    $$$$$:  153-block 1431
    $$$$$:  153-block 1432
    $$$$$:  153-block 1433
    $$$$$:  153-block 1434
    $$$$$:  153-block 1435
    $$$$$:  153-block 1436
    $$$$$:  153-block 1437
    $$$$$:  153-block 1438
    $$$$$:  153-block 1439
    $$$$$:  153-block 1440
    $$$$$:  153-block 1441
    $$$$$:  153-block 1442
    $$$$$:  153-block 1443
    $$$$$:  153-block 1444
    $$$$$:  153-block 1445
    $$$$$:  153-block 1446
    $$$$$:  153-block 1447
    $$$$$:  153-block 1448
    $$$$$:  153-block 1449
    $$$$$:  153-block 1450
    $$$$$:  153-block 1451
    $$$$$:  153-block 1452
    $$$$$:  153-block 1453
    $$$$$:  153-block 1454
    $$$$$:  153-block 1455
    $$$$$:  153-block 1456
    $$$$$:  153-block 1457
    $$$$$:  153-block 1458
    $$$$$:  153-block 1459
    $$$$$:  153-block 1460
    $$$$$:  153-block 1461
    $$$$$:  153-block 1462
    $$$$$:  153-block 1463
    $$$$$:  153-block 1464
    $$$$$:  153-block 1465
    $$$$$:  153-block 1466
    $$$$$:  153-block 1467
    $$$$$:  153-block 1468
    $$$$$:  153-block 1469
    $$$$$:  153-block 1470
    $$$$$:  153-block 1471
    $$$$$:  153-block 1472
    $$$$$:  153-block 1473
    $$$$$:  153-block 1474
    $$$$$:  153-block 1475
    $$$$$:  153-block 1476
    $$$$$:  153-block 1477
        1:  153-block 1478
        1:  153-block 1479
    %%%%%:  153-block 1480
    $$$$$:  153-block 1481
    %%%%%:  153-block 1482
    %%%%%:  153-block 1483
    %%%%%:  153-block 1484
    %%%%%:  153-block 1485
    %%%%%:  153-block 1486
    %%%%%:  153-block 1487
    %%%%%:  153-block 1488
    %%%%%:  153-block 1489
    %%%%%:  153-block 1490
    $$$$$:  153-block 1491
    $$$$$:  153-block 1492
        1:  153-block 1493
        1:  153-block 1494
        1:  153-block 1495
        1:  153-block 1496
    $$$$$:  153-block 1497
    $$$$$:  153-block 1498
    $$$$$:  153-block 1499
    $$$$$:  153-block 1500
    $$$$$:  153-block 1501
    $$$$$:  153-block 1502
    $$$$$:  153-block 1503
    $$$$$:  153-block 1504
    %%%%%:  153-block 1505
    %%%%%:  153-block 1506
    %%%%%:  153-block 1507
    %%%%%:  153-block 1508
    $$$$$:  153-block 1509
    $$$$$:  153-block 1510
    $$$$$:  153-block 1511
    $$$$$:  153-block 1512
    $$$$$:  153-block 1513
    %%%%%:  153-block 1514
    %%%%%:  153-block 1515
    %%%%%:  153-block 1516
    %%%%%:  153-block 1517
    %%%%%:  153-block 1518
    %%%%%:  153-block 1519
    %%%%%:  153-block 1520
    %%%%%:  153-block 1521
    %%%%%:  153-block 1522
    %%%%%:  153-block 1523
    %%%%%:  153-block 1524
    %%%%%:  153-block 1525
    %%%%%:  153-block 1526
    %%%%%:  153-block 1527
    %%%%%:  153-block 1528
    $$$$$:  153-block 1529
    $$$$$:  153-block 1530
    $$$$$:  153-block 1531
    $$$$$:  153-block 1532
    $$$$$:  153-block 1533
    $$$$$:  153-block 1534
    %%%%%:  153-block 1535
    %%%%%:  153-block 1536
    %%%%%:  153-block 1537
    %%%%%:  153-block 1538
    %%%%%:  153-block 1539
    %%%%%:  153-block 1540
    %%%%%:  153-block 1541
    %%%%%:  153-block 1542
    %%%%%:  153-block 1543
    %%%%%:  153-block 1544
    %%%%%:  153-block 1545
    $$$$$:  153-block 1546
    $$$$$:  153-block 1547
    %%%%%:  153-block 1548
    %%%%%:  153-block 1549
        1:  153-block 1550
    %%%%%:  153-block 1551
        1:  153-block 1552
        1:  153-block 1553
    $$$$$:  153-block 1554
    %%%%%:  153-block 1555
    %%%%%:  153-block 1556
    %%%%%:  153-block 1557
    %%%%%:  153-block 1558
    %%%%%:  153-block 1559
    $$$$$:  153-block 1560
    $$$$$:  153-block 1561
    %%%%%:  153-block 1562
    %%%%%:  153-block 1563
    %%%%%:  153-block 1564
    %%%%%:  153-block 1565
    %%%%%:  153-block 1566
    %%%%%:  153-block 1567
    %%%%%:  153-block 1568
    %%%%%:  153-block 1569
    %%%%%:  153-block 1570
    %%%%%:  153-block 1571
    %%%%%:  153-block 1572
    $$$$$:  153-block 1573
    $$$$$:  153-block 1574
    $$$$$:  153-block 1575
    $$$$$:  153-block 1576
    $$$$$:  153-block 1577
        1:  153-block 1578
    %%%%%:  153-block 1579
    %%%%%:  153-block 1580
    %%%%%:  153-block 1581
    $$$$$:  153-block 1582
    $$$$$:  153-block 1583
    %%%%%:  153-block 1584
    %%%%%:  153-block 1585
    %%%%%:  153-block 1586
    %%%%%:  153-block 1587
    %%%%%:  153-block 1588
    %%%%%:  153-block 1589
    $$$$$:  153-block 1590
    $$$$$:  153-block 1591
    $$$$$:  153-block 1592
    $$$$$:  153-block 1593
    $$$$$:  153-block 1594
    %%%%%:  153-block 1595
    $$$$$:  153-block 1596
    %%%%%:  153-block 1597
    %%%%%:  153-block 1598
    %%%%%:  153-block 1599
    %%%%%:  153-block 1600
    %%%%%:  153-block 1601
    $$$$$:  153-block 1602
    $$$$$:  153-block 1603
    %%%%%:  153-block 1604
    %%%%%:  153-block 1605
    %%%%%:  153-block 1606
    %%%%%:  153-block 1607
    %%%%%:  153-block 1608
    %%%%%:  153-block 1609
    %%%%%:  153-block 1610
    %%%%%:  153-block 1611
    $$$$$:  153-block 1612
    %%%%%:  153-block 1613
    %%%%%:  153-block 1614
    %%%%%:  153-block 1615
    $$$$$:  153-block 1616
    %%%%%:  153-block 1617
    %%%%%:  153-block 1618
    %%%%%:  153-block 1619
    %%%%%:  153-block 1620
    %%%%%:  153-block 1621
    $$$$$:  153-block 1622
    $$$$$:  153-block 1623
    %%%%%:  153-block 1624
    $$$$$:  153-block 1625
        -:  154:
        -:  155:      friend bool
        -:  156:      operator==(const allocator&, const allocator&) _GLIBCXX_NOTHROW
        -:  157:      { return true; }
        -:  158:
        -:  159:      friend bool
        -:  160:      operator!=(const allocator&, const allocator&) _GLIBCXX_NOTHROW
        -:  161:      { return false; }
        -:  162:
        -:  163:      // Inherit everything else.
        -:  164:    };
        -:  165:
        -:  166:  template<typename _T1, typename _T2>
        -:  167:    inline bool
        -:  168:    operator==(const allocator<_T1>&, const allocator<_T2>&)
        -:  169:    _GLIBCXX_NOTHROW
        -:  170:    { return true; }
        -:  171:
        -:  172:  template<typename _T1, typename _T2>
        -:  173:    inline bool
        -:  174:    operator!=(const allocator<_T1>&, const allocator<_T2>&)
        -:  175:    _GLIBCXX_NOTHROW
        -:  176:    { return false; }
        -:  177:
        -:  178:  // Invalid allocator<cv T> partial specializations.
        -:  179:  // allocator_traits::rebind_alloc can be used to form a valid allocator type.
        -:  180:  template<typename _Tp>
        -:  181:    class allocator<const _Tp>
        -:  182:    {
        -:  183:    public:
        -:  184:      typedef _Tp value_type;
        -:  185:      template<typename _Up> allocator(const allocator<_Up>&) { }
        -:  186:    };
        -:  187:
        -:  188:  template<typename _Tp>
        -:  189:    class allocator<volatile _Tp>
        -:  190:    {
        -:  191:    public:
        -:  192:      typedef _Tp value_type;
        -:  193:      template<typename _Up> allocator(const allocator<_Up>&) { }
        -:  194:    };
        -:  195:
        -:  196:  template<typename _Tp>
        -:  197:    class allocator<const volatile _Tp>
        -:  198:    {
        -:  199:    public:
        -:  200:      typedef _Tp value_type;
        -:  201:      template<typename _Up> allocator(const allocator<_Up>&) { }
        -:  202:    };
        -:  203:
        -:  204:  /// @} group allocator
        -:  205:
        -:  206:  // Inhibit implicit instantiations for required instantiations,
        -:  207:  // which are defined via explicit instantiations elsewhere.
        -:  208:#if _GLIBCXX_EXTERN_TEMPLATE
        -:  209:  extern template class allocator<char>;
        -:  210:  extern template class allocator<wchar_t>;
        -:  211:#endif
        -:  212:
        -:  213:  // Undefine.
        -:  214:#undef __allocator_base
        -:  215:
        -:  216:  // To implement Option 3 of DR 431.
        -:  217:  template<typename _Alloc, bool = __is_empty(_Alloc)>
        -:  218:    struct __alloc_swap
        -:  219:    { static void _S_do_it(_Alloc&, _Alloc&) _GLIBCXX_NOEXCEPT { } };
        -:  220:
        -:  221:  template<typename _Alloc>
        -:  222:    struct __alloc_swap<_Alloc, false>
        -:  223:    {
        -:  224:      static void
        -:  225:      _S_do_it(_Alloc& __one, _Alloc& __two) _GLIBCXX_NOEXCEPT
        -:  226:      {
        -:  227:	// Precondition: swappable allocators.
        -:  228:	if (__one != __two)
        -:  229:	  swap(__one, __two);
        -:  230:      }
        -:  231:    };
        -:  232:
        -:  233:  // Optimize for stateless allocators.
        -:  234:  template<typename _Alloc, bool = __is_empty(_Alloc)>
        -:  235:    struct __alloc_neq
        -:  236:    {
        -:  237:      static bool
        -:  238:      _S_do_it(const _Alloc&, const _Alloc&)
        -:  239:      { return false; }
        -:  240:    };
        -:  241:
        -:  242:  template<typename _Alloc>
        -:  243:    struct __alloc_neq<_Alloc, false>
        -:  244:    {
        -:  245:      static bool
        -:  246:      _S_do_it(const _Alloc& __one, const _Alloc& __two)
        -:  247:      { return __one != __two; }
        -:  248:    };
        -:  249:
        -:  250:#if __cplusplus >= 201103L
        -:  251:  template<typename _Tp, bool
        -:  252:    = __or_<is_copy_constructible<typename _Tp::value_type>,
        -:  253:            is_nothrow_move_constructible<typename _Tp::value_type>>::value>
        -:  254:    struct __shrink_to_fit_aux
        -:  255:    { static bool _S_do_it(_Tp&) noexcept { return false; } };
        -:  256:
        -:  257:  template<typename _Tp>
        -:  258:    struct __shrink_to_fit_aux<_Tp, true>
        -:  259:    {
        -:  260:      static bool
        -:  261:      _S_do_it(_Tp& __c) noexcept
        -:  262:      {
        -:  263:#if __cpp_exceptions
        -:  264:	try
        -:  265:	  {
        -:  266:	    _Tp(__make_move_if_noexcept_iterator(__c.begin()),
        -:  267:		__make_move_if_noexcept_iterator(__c.end()),
        -:  268:		__c.get_allocator()).swap(__c);
        -:  269:	    return true;
        -:  270:	  }
        -:  271:	catch(...)
        -:  272:	  { return false; }
        -:  273:#else
        -:  274:	return false;
        -:  275:#endif
        -:  276:      }
        -:  277:    };
        -:  278:#endif
        -:  279:
        -:  280:_GLIBCXX_END_NAMESPACE_VERSION
        -:  281:} // namespace std
        -:  282:
        -:  283:#endif
