        -:    0:Source:/usr/include/c++/9.2.1/bits/stl_vector.h
        -:    0:Graph:/home/cheg/Repos/Master/SpikeLibrary/cmake-build-debug/test/CMakeFiles/test_spike.dir/test_main.cpp.gcno
        -:    0:Data:/home/cheg/Repos/Master/SpikeLibrary/cmake-build-debug/test/CMakeFiles/test_spike.dir/test_main.cpp.gcda
        -:    0:Runs:1
        -:    1:// Vector implementation -*- C++ -*-
        -:    2:
        -:    3:// Copyright (C) 2001-2019 Free Software Foundation, Inc.
        -:    4://
        -:    5:// This file is part of the GNU ISO C++ Library.  This library is free
        -:    6:// software; you can redistribute it and/or modify it under the
        -:    7:// terms of the GNU General Public License as published by the
        -:    8:// Free Software Foundation; either version 3, or (at your option)
        -:    9:// any later version.
        -:   10:
        -:   11:// This library is distributed in the hope that it will be useful,
        -:   12:// but WITHOUT ANY WARRANTY; without even the implied warranty of
        -:   13:// MERCHANTABILITY or FITNESS FOR A PARTICULAR PURPOSE.  See the
        -:   14:// GNU General Public License for more details.
        -:   15:
        -:   16:// Under Section 7 of GPL version 3, you are granted additional
        -:   17:// permissions described in the GCC Runtime Library Exception, version
        -:   18:// 3.1, as published by the Free Software Foundation.
        -:   19:
        -:   20:// You should have received a copy of the GNU General Public License and
        -:   21:// a copy of the GCC Runtime Library Exception along with this program;
        -:   22:// see the files COPYING3 and COPYING.RUNTIME respectively.  If not, see
        -:   23:// <http://www.gnu.org/licenses/>.
        -:   24:
        -:   25:/*
        -:   26: *
        -:   27: * Copyright (c) 1994
        -:   28: * Hewlett-Packard Company
        -:   29: *
        -:   30: * Permission to use, copy, modify, distribute and sell this software
        -:   31: * and its documentation for any purpose is hereby granted without fee,
        -:   32: * provided that the above copyright notice appear in all copies and
        -:   33: * that both that copyright notice and this permission notice appear
        -:   34: * in supporting documentation.  Hewlett-Packard Company makes no
        -:   35: * representations about the suitability of this software for any
        -:   36: * purpose.  It is provided "as is" without express or implied warranty.
        -:   37: *
        -:   38: *
        -:   39: * Copyright (c) 1996
        -:   40: * Silicon Graphics Computer Systems, Inc.
        -:   41: *
        -:   42: * Permission to use, copy, modify, distribute and sell this software
        -:   43: * and its documentation for any purpose is hereby granted without fee,
        -:   44: * provided that the above copyright notice appear in all copies and
        -:   45: * that both that copyright notice and this permission notice appear
        -:   46: * in supporting documentation.  Silicon Graphics makes no
        -:   47: * representations about the suitability of this  software for any
        -:   48: * purpose.  It is provided "as is" without express or implied warranty.
        -:   49: */
        -:   50:
        -:   51:/** @file bits/stl_vector.h
        -:   52: *  This is an internal header file, included by other library headers.
        -:   53: *  Do not attempt to use it directly. @headername{vector}
        -:   54: */
        -:   55:
        -:   56:#ifndef _STL_VECTOR_H
        -:   57:#define _STL_VECTOR_H 1
        -:   58:
        -:   59:#include <bits/stl_iterator_base_funcs.h>
        -:   60:#include <bits/functexcept.h>
        -:   61:#include <bits/concept_check.h>
        -:   62:#if __cplusplus >= 201103L
        -:   63:#include <initializer_list>
        -:   64:#endif
        -:   65:
        -:   66:#include <debug/assertions.h>
        -:   67:
        -:   68:#if _GLIBCXX_SANITIZE_STD_ALLOCATOR && _GLIBCXX_SANITIZE_VECTOR
        -:   69:extern "C" void
        -:   70:__sanitizer_annotate_contiguous_container(const void*, const void*,
        -:   71:					  const void*, const void*);
        -:   72:#endif
        -:   73:
        -:   74:namespace std _GLIBCXX_VISIBILITY(default)
        -:   75:{
        -:   76:_GLIBCXX_BEGIN_NAMESPACE_VERSION
        -:   77:_GLIBCXX_BEGIN_NAMESPACE_CONTAINER
        -:   78:
        -:   79:  /// See bits/stl_deque.h's _Deque_base for an explanation.
        -:   80:  template<typename _Tp, typename _Alloc>
        -:   81:    struct _Vector_base
        -:   82:    {
        -:   83:      typedef typename __gnu_cxx::__alloc_traits<_Alloc>::template
        -:   84:	rebind<_Tp>::other _Tp_alloc_type;
        -:   85:      typedef typename __gnu_cxx::__alloc_traits<_Tp_alloc_type>::pointer
        -:   86:       	pointer;
        -:   87:
        -:   88:      struct _Vector_impl_data
        -:   89:      {
        -:   90:	pointer _M_start;
        -:   91:	pointer _M_finish;
        -:   92:	pointer _M_end_of_storage;
        -:   93:
     940*:   94:	_Vector_impl_data() _GLIBCXX_NOEXCEPT
    #####:   95:	: _M_start(), _M_finish(), _M_end_of_storage()
    %%%%%:   95-block  0
    %%%%%:   95-block  1
    %%%%%:   95-block  2
    %%%%%:   95-block  3
    %%%%%:   95-block  4
    %%%%%:   95-block  5
    %%%%%:   95-block  6
    %%%%%:   95-block  7
        -:   96:	{ }
        -:   97:
        -:   98:#if __cplusplus >= 201103L
       1*:   99:	_Vector_impl_data(_Vector_impl_data&& __x) noexcept
       1*:  100:	: _M_start(__x._M_start), _M_finish(__x._M_finish),
    #####:  101:	  _M_end_of_storage(__x._M_end_of_storage)
    %%%%%:  101-block  0
    %%%%%:  101-block  1
       1*:  102:	{ __x._M_start = __x._M_finish = __x._M_end_of_storage = pointer(); }
    %%%%%:  102-block  0
    %%%%%:  102-block  1
    %%%%%:  102-block  2
        1:  102-block  3
        -:  103:#endif
        -:  104:
        -:  105:	void
    #####:  106:	_M_copy_data(_Vector_impl_data const& __x) _GLIBCXX_NOEXCEPT
        -:  107:	{
    #####:  108:	  _M_start = __x._M_start;
    #####:  109:	  _M_finish = __x._M_finish;
    #####:  110:	  _M_end_of_storage = __x._M_end_of_storage;
        -:  111:	}
        -:  112:
        -:  113:	void
    #####:  114:	_M_swap_data(_Vector_impl_data& __x) _GLIBCXX_NOEXCEPT
        -:  115:	{
        -:  116:	  // Do not use std::swap(_M_start, __x._M_start), etc as it loses
        -:  117:	  // information used by TBAA.
    #####:  118:	  _Vector_impl_data __tmp;
    #####:  119:	  __tmp._M_copy_data(*this);
    #####:  120:	  _M_copy_data(__x);
    #####:  121:	  __x._M_copy_data(__tmp);
        -:  122:	}
        -:  123:      };
        -:  124:
    1299*:  125:      struct _Vector_impl
        -:  126:	: public _Tp_alloc_type, public _Vector_impl_data
        -:  127:      {
      42*:  128:	_Vector_impl() _GLIBCXX_NOEXCEPT_IF(
        -:  129:	    is_nothrow_default_constructible<_Tp_alloc_type>::value)
      28*:  130:	: _Tp_alloc_type()
    %%%%%:  130-block  0
    %%%%%:  130-block  1
    %%%%%:  130-block  2
    %%%%%:  130-block  3
    %%%%%:  130-block  4
    %%%%%:  130-block  5
    %%%%%:  130-block  6
    %%%%%:  130-block  7
    %%%%%:  130-block  8
    %%%%%:  130-block  9
    %%%%%:  130-block 10
    %%%%%:  130-block 11
    %%%%%:  130-block 12
    %%%%%:  130-block 13
        2:  130-block 14
        2:  130-block 15
    %%%%%:  130-block 16
        1:  130-block 17
        1:  130-block 18
        1:  130-block 19
        1:  130-block 20
        1:  130-block 21
        1:  130-block 22
        1:  130-block 23
        1:  130-block 24
        1:  130-block 25
        1:  130-block 26
        1:  130-block 27
        1:  130-block 28
        1:  130-block 29
        1:  130-block 30
        1:  130-block 31
    %%%%%:  130-block 32
        1:  130-block 33
    %%%%%:  130-block 34
    %%%%%:  130-block 35
    %%%%%:  130-block 36
        -:  131:	{ }
        -:  132:
     898*:  133:	_Vector_impl(_Tp_alloc_type const& __a) _GLIBCXX_NOEXCEPT
    #####:  134:	: _Tp_alloc_type(__a)
    %%%%%:  134-block  0
        -:  135:	{ }
        -:  136:
        -:  137:#if __cplusplus >= 201103L
        -:  138:	// Not defaulted, to enforce noexcept(true) even when
        -:  139:	// !is_nothrow_move_constructible<_Tp_alloc_type>.
       1*:  140:	_Vector_impl(_Vector_impl&& __x) noexcept
    #####:  141:	: _Tp_alloc_type(std::move(__x)), _Vector_impl_data(std::move(__x))
    %%%%%:  141-block  0
    %%%%%:  141-block  1
    %%%%%:  141-block  2
    %%%%%:  141-block  3
        -:  142:	{ }
        -:  143:
        -:  144:	_Vector_impl(_Tp_alloc_type&& __a) noexcept
        -:  145:	: _Tp_alloc_type(std::move(__a))
        -:  146:	{ }
        -:  147:
        -:  148:	_Vector_impl(_Tp_alloc_type&& __a, _Vector_impl&& __rv) noexcept
        -:  149:	: _Tp_alloc_type(std::move(__a)), _Vector_impl_data(std::move(__rv))
        -:  150:	{ }
        -:  151:#endif
        -:  152:
        -:  153:#if _GLIBCXX_SANITIZE_STD_ALLOCATOR && _GLIBCXX_SANITIZE_VECTOR
        -:  154:	template<typename = _Tp_alloc_type>
        -:  155:	  struct _Asan
        -:  156:	  {
        -:  157:	    typedef typename __gnu_cxx::__alloc_traits<_Tp_alloc_type>
        -:  158:	      ::size_type size_type;
        -:  159:
        -:  160:	    static void _S_shrink(_Vector_impl&, size_type) { }
        -:  161:	    static void _S_on_dealloc(_Vector_impl&) { }
        -:  162:
        -:  163:	    typedef _Vector_impl& _Reinit;
        -:  164:
        -:  165:	    struct _Grow
        -:  166:	    {
        -:  167:	      _Grow(_Vector_impl&, size_type) { }
        -:  168:	      void _M_grew(size_type) { }
        -:  169:	    };
        -:  170:	  };
        -:  171:
        -:  172:	// Enable ASan annotations for memory obtained from std::allocator.
        -:  173:	template<typename _Up>
        -:  174:	  struct _Asan<allocator<_Up> >
        -:  175:	  {
        -:  176:	    typedef typename __gnu_cxx::__alloc_traits<_Tp_alloc_type>
        -:  177:	      ::size_type size_type;
        -:  178:
        -:  179:	    // Adjust ASan annotation for [_M_start, _M_end_of_storage) to
        -:  180:	    // mark end of valid region as __curr instead of __prev.
        -:  181:	    static void
        -:  182:	    _S_adjust(_Vector_impl& __impl, pointer __prev, pointer __curr)
        -:  183:	    {
        -:  184:	      __sanitizer_annotate_contiguous_container(__impl._M_start,
        -:  185:		  __impl._M_end_of_storage, __prev, __curr);
        -:  186:	    }
        -:  187:
        -:  188:	    static void
        -:  189:	    _S_grow(_Vector_impl& __impl, size_type __n)
        -:  190:	    { _S_adjust(__impl, __impl._M_finish, __impl._M_finish + __n); }
        -:  191:
        -:  192:	    static void
        -:  193:	    _S_shrink(_Vector_impl& __impl, size_type __n)
        -:  194:	    { _S_adjust(__impl, __impl._M_finish + __n, __impl._M_finish); }
        -:  195:
        -:  196:	    static void
        -:  197:	    _S_on_dealloc(_Vector_impl& __impl)
        -:  198:	    {
        -:  199:	      if (__impl._M_start)
        -:  200:		_S_adjust(__impl, __impl._M_finish, __impl._M_end_of_storage);
        -:  201:	    }
        -:  202:
        -:  203:	    // Used on reallocation to tell ASan unused capacity is invalid.
        -:  204:	    struct _Reinit
        -:  205:	    {
        -:  206:	      explicit _Reinit(_Vector_impl& __impl) : _M_impl(__impl)
        -:  207:	      {
        -:  208:		// Mark unused capacity as valid again before deallocating it.
        -:  209:		_S_on_dealloc(_M_impl);
        -:  210:	      }
        -:  211:
        -:  212:	      ~_Reinit()
        -:  213:	      {
        -:  214:		// Mark unused capacity as invalid after reallocation.
        -:  215:		if (_M_impl._M_start)
        -:  216:		  _S_adjust(_M_impl, _M_impl._M_end_of_storage,
        -:  217:			    _M_impl._M_finish);
        -:  218:	      }
        -:  219:
        -:  220:	      _Vector_impl& _M_impl;
        -:  221:
        -:  222:#if __cplusplus >= 201103L
        -:  223:	      _Reinit(const _Reinit&) = delete;
        -:  224:	      _Reinit& operator=(const _Reinit&) = delete;
        -:  225:#endif
        -:  226:	    };
        -:  227:
        -:  228:	    // Tell ASan when unused capacity is initialized to be valid.
        -:  229:	    struct _Grow
        -:  230:	    {
        -:  231:	      _Grow(_Vector_impl& __impl, size_type __n)
        -:  232:	      : _M_impl(__impl), _M_n(__n)
        -:  233:	      { _S_grow(_M_impl, __n); }
        -:  234:
        -:  235:	      ~_Grow() { if (_M_n) _S_shrink(_M_impl, _M_n); }
        -:  236:
        -:  237:	      void _M_grew(size_type __n) { _M_n -= __n; }
        -:  238:
        -:  239:#if __cplusplus >= 201103L
        -:  240:	      _Grow(const _Grow&) = delete;
        -:  241:	      _Grow& operator=(const _Grow&) = delete;
        -:  242:#endif
        -:  243:	    private:
        -:  244:	      _Vector_impl& _M_impl;
        -:  245:	      size_type _M_n;
        -:  246:	    };
        -:  247:	  };
        -:  248:
        -:  249:#define _GLIBCXX_ASAN_ANNOTATE_REINIT \
        -:  250:  typename _Base::_Vector_impl::template _Asan<>::_Reinit const \
        -:  251:	__attribute__((__unused__)) __reinit_guard(this->_M_impl)
        -:  252:#define _GLIBCXX_ASAN_ANNOTATE_GROW(n) \
        -:  253:  typename _Base::_Vector_impl::template _Asan<>::_Grow \
        -:  254:	__attribute__((__unused__)) __grow_guard(this->_M_impl, (n))
        -:  255:#define _GLIBCXX_ASAN_ANNOTATE_GREW(n) __grow_guard._M_grew(n)
        -:  256:#define _GLIBCXX_ASAN_ANNOTATE_SHRINK(n) \
        -:  257:  _Base::_Vector_impl::template _Asan<>::_S_shrink(this->_M_impl, n)
        -:  258:#define _GLIBCXX_ASAN_ANNOTATE_BEFORE_DEALLOC \
        -:  259:  _Base::_Vector_impl::template _Asan<>::_S_on_dealloc(this->_M_impl)
        -:  260:#else // ! (_GLIBCXX_SANITIZE_STD_ALLOCATOR && _GLIBCXX_SANITIZE_VECTOR)
        -:  261:#define _GLIBCXX_ASAN_ANNOTATE_REINIT
        -:  262:#define _GLIBCXX_ASAN_ANNOTATE_GROW(n)
        -:  263:#define _GLIBCXX_ASAN_ANNOTATE_GREW(n)
        -:  264:#define _GLIBCXX_ASAN_ANNOTATE_SHRINK(n)
        -:  265:#define _GLIBCXX_ASAN_ANNOTATE_BEFORE_DEALLOC
        -:  266:#endif // _GLIBCXX_SANITIZE_STD_ALLOCATOR && _GLIBCXX_SANITIZE_VECTOR
        -:  267:      };
        -:  268:
        -:  269:    public:
        -:  270:      typedef _Alloc allocator_type;
        -:  271:
        -:  272:      _Tp_alloc_type&
      78*:  273:      _M_get_Tp_allocator() _GLIBCXX_NOEXCEPT
    %%%%%:  273-block  0
    %%%%%:  273-block  1
    %%%%%:  273-block  2
    %%%%%:  273-block  3
    %%%%%:  273-block  4
    %%%%%:  273-block  5
    %%%%%:  273-block  6
    %%%%%:  273-block  7
    %%%%%:  273-block  8
    %%%%%:  273-block  9
        1:  273-block 10
    %%%%%:  273-block 11
    %%%%%:  273-block 12
    %%%%%:  273-block 13
    $$$$$:  273-block 14
    %%%%%:  273-block 15
    %%%%%:  273-block 16
    %%%%%:  273-block 17
    %%%%%:  273-block 18
    %%%%%:  273-block 19
    $$$$$:  273-block 20
    %%%%%:  273-block 21
    %%%%%:  273-block 22
        2:  273-block 23
    %%%%%:  273-block 24
    %%%%%:  273-block 25
        1:  273-block 26
    %%%%%:  273-block 27
    %%%%%:  273-block 28
    %%%%%:  273-block 29
    %%%%%:  273-block 30
    %%%%%:  273-block 31
       26:  273-block 32
    %%%%%:  273-block 33
       45:  273-block 34
     423*:  274:      { return this->_M_impl; }
    %%%%%:  274-block  0
    %%%%%:  274-block  1
    $$$$$:  274-block  2
    %%%%%:  274-block  3
    %%%%%:  274-block  4
    %%%%%:  274-block  5
    %%%%%:  274-block  6
    %%%%%:  274-block  7
    $$$$$:  274-block  8
    %%%%%:  274-block  9
        1:  274-block 10
    $$$$$:  274-block 11
    %%%%%:  274-block 12
    %%%%%:  274-block 13
    %%%%%:  274-block 14
    %%%%%:  274-block 15
    %%%%%:  274-block 16
    %%%%%:  274-block 17
    %%%%%:  274-block 18
    $$$$$:  274-block 19
        2:  274-block 20
    $$$$$:  274-block 21
    %%%%%:  274-block 22
    $$$$$:  274-block 23
    %%%%%:  274-block 24
    $$$$$:  274-block 25
    %%%%%:  274-block 26
    $$$$$:  274-block 27
      351:  274-block 28
    $$$$$:  274-block 29
        1:  274-block 30
    $$$$$:  274-block 31
    %%%%%:  274-block 32
    %%%%%:  274-block 33
    $$$$$:  274-block 34
       65:  274-block 35
    $$$$$:  274-block 36
    %%%%%:  274-block 37
    %%%%%:  274-block 38
        -:  275:
        -:  276:      const _Tp_alloc_type&
    1053*:  277:      _M_get_Tp_allocator() const _GLIBCXX_NOEXCEPT
    1053*:  278:      { return this->_M_impl; }
        -:  279:
        -:  280:      allocator_type
    #####:  281:      get_allocator() const _GLIBCXX_NOEXCEPT
    #####:  282:      { return allocator_type(_M_get_Tp_allocator()); }
        -:  283:
        -:  284:#if __cplusplus >= 201103L
      42*:  285:      _Vector_base() = default;
        -:  286:#else
        -:  287:      _Vector_base() { }
        -:  288:#endif
        -:  289:
       1*:  290:      _Vector_base(const allocator_type& __a) _GLIBCXX_NOEXCEPT
       1*:  291:      : _M_impl(__a) { }
        -:  292:
        -:  293:      // Kept for ABI compatibility.
        -:  294:#if !_GLIBCXX_INLINE_VERSION
        -:  295:      _Vector_base(size_t __n)
        -:  296:      : _M_impl()
        -:  297:      { _M_create_storage(__n); }
        -:  298:#endif
        -:  299:
     897*:  300:      _Vector_base(size_t __n, const allocator_type& __a)
     897*:  301:      : _M_impl(__a)
     897*:  302:      { _M_create_storage(__n); }
        -:  303:
        -:  304:#if __cplusplus >= 201103L
       1*:  305:      _Vector_base(_Vector_base&&) = default;
        -:  306:
        -:  307:      // Kept for ABI compatibility.
        -:  308:# if !_GLIBCXX_INLINE_VERSION
        -:  309:      _Vector_base(_Tp_alloc_type&& __a) noexcept
        -:  310:      : _M_impl(std::move(__a)) { }
        -:  311:
        -:  312:      _Vector_base(_Vector_base&& __x, const allocator_type& __a)
        -:  313:      : _M_impl(__a)
        -:  314:      {
        -:  315:	if (__x.get_allocator() == __a)
        -:  316:	  this->_M_impl._M_swap_data(__x._M_impl);
        -:  317:	else
        -:  318:	  {
        -:  319:	    size_t __n = __x._M_impl._M_finish - __x._M_impl._M_start;
        -:  320:	    _M_create_storage(__n);
        -:  321:	  }
        -:  322:      }
        -:  323:# endif
        -:  324:
        -:  325:      _Vector_base(const allocator_type& __a, _Vector_base&& __x)
        -:  326:      : _M_impl(_Tp_alloc_type(__a), std::move(__x._M_impl))
        -:  327:      { }
        -:  328:#endif
        -:  329:
    1299*:  330:      ~_Vector_base() _GLIBCXX_NOEXCEPT
        -:  331:      {
    2598*:  332:	_M_deallocate(_M_impl._M_start,
    1299*:  333:		      _M_impl._M_end_of_storage - _M_impl._M_start);
    1299*:  334:      }
        -:  335:
        -:  336:    public:
        -:  337:      _Vector_impl _M_impl;
        -:  338:
        -:  339:      pointer
        -:  340:      _M_allocate(size_t __n)
        -:  341:      {
        -:  342:	typedef __gnu_cxx::__alloc_traits<_Tp_alloc_type> _Tr;
        -:  343:	return __n != 0 ? _Tr::allocate(_M_impl, __n) : pointer();
        -:  344:      }
        -:  345:
        -:  346:      void
    1377*:  347:      _M_deallocate(pointer __p, size_t __n)
        -:  348:      {
        -:  349:	typedef __gnu_cxx::__alloc_traits<_Tp_alloc_type> _Tr;
      78*:  350:	if (__p)
    %%%%%:  350-block  0
    %%%%%:  350-block  1
    %%%%%:  350-block  2
    %%%%%:  350-block  3
    %%%%%:  350-block  4
    $$$$$:  350-block  5
    %%%%%:  350-block  6
    $$$$$:  350-block  7
    %%%%%:  350-block  8
    %%%%%:  350-block  9
    %%%%%:  350-block 10
    %%%%%:  350-block 11
    $$$$$:  350-block 12
    %%%%%:  350-block 13
        1:  350-block 14
    $$$$$:  350-block 15
    %%%%%:  350-block 16
    $$$$$:  350-block 17
    %%%%%:  350-block 18
    %%%%%:  350-block 19
    %%%%%:  350-block 20
    %%%%%:  350-block 21
    %%%%%:  350-block 22
    $$$$$:  350-block 23
    %%%%%:  350-block 24
    %%%%%:  350-block 25
    $$$$$:  350-block 26
        2:  350-block 27
    $$$$$:  350-block 28
    %%%%%:  350-block 29
    %%%%%:  350-block 30
        1:  350-block 31
    %%%%%:  350-block 32
    $$$$$:  350-block 33
    %%%%%:  350-block 34
    $$$$$:  350-block 35
    %%%%%:  350-block 36
    %%%%%:  350-block 37
    $$$$$:  350-block 38
       26:  350-block 39
    $$$$$:  350-block 40
    $$$$$:  350-block 41
    %%%%%:  350-block 42
    $$$$$:  350-block 43
       45:  350-block 44
    $$$$$:  350-block 45
    %%%%%:  350-block 46
    %%%%%:  350-block 47
    %%%%%:  350-block 48
    %%%%%:  350-block 49
    %%%%%:  350-block 50
    %%%%%:  350-block 51
     966*:  351:	  _Tr::deallocate(_M_impl, __p, __n);
    %%%%%:  351-block  0
    %%%%%:  351-block  1
    %%%%%:  351-block  2
    %%%%%:  351-block  3
    $$$$$:  351-block  4
    %%%%%:  351-block  5
    $$$$$:  351-block  6
    %%%%%:  351-block  7
    %%%%%:  351-block  8
    $$$$$:  351-block  9
    %%%%%:  351-block 10
    %%%%%:  351-block 11
    %%%%%:  351-block 12
    %%%%%:  351-block 13
    $$$$$:  351-block 14
    %%%%%:  351-block 15
    %%%%%:  351-block 16
    $$$$$:  351-block 17
    %%%%%:  351-block 18
    %%%%%:  351-block 19
    $$$$$:  351-block 20
    $$$$$:  351-block 21
    $$$$$:  351-block 22
    $$$$$:  351-block 23
    %%%%%:  351-block 24
    %%%%%:  351-block 25
    $$$$$:  351-block 26
    $$$$$:  351-block 27
    %%%%%:  351-block 28
    %%%%%:  351-block 29
    %%%%%:  351-block 30
    %%%%%:  351-block 31
    %%%%%:  351-block 32
    %%%%%:  351-block 33
    $$$$$:  351-block 34
    %%%%%:  351-block 35
    %%%%%:  351-block 36
    %%%%%:  351-block 37
    $$$$$:  351-block 38
    $$$$$:  351-block 39
    $$$$$:  351-block 40
    %%%%%:  351-block 41
    %%%%%:  351-block 42
    %%%%%:  351-block 43
    %%%%%:  351-block 44
    %%%%%:  351-block 45
    %%%%%:  351-block 46
    $$$$$:  351-block 47
    $$$$$:  351-block 48
    %%%%%:  351-block 49
    %%%%%:  351-block 50
        1:  351-block 51
    $$$$$:  351-block 52
    $$$$$:  351-block 53
    %%%%%:  351-block 54
    %%%%%:  351-block 55
    %%%%%:  351-block 56
    $$$$$:  351-block 57
    $$$$$:  351-block 58
    %%%%%:  351-block 59
    %%%%%:  351-block 60
    %%%%%:  351-block 61
    %%%%%:  351-block 62
    %%%%%:  351-block 63
    %%%%%:  351-block 64
    %%%%%:  351-block 65
    %%%%%:  351-block 66
    $$$$$:  351-block 67
    $$$$$:  351-block 68
    %%%%%:  351-block 69
    %%%%%:  351-block 70
    %%%%%:  351-block 71
    %%%%%:  351-block 72
    $$$$$:  351-block 73
    $$$$$:  351-block 74
    %%%%%:  351-block 75
        1:  351-block 76
        2:  351-block 77
    $$$$$:  351-block 78
    $$$$$:  351-block 79
    %%%%%:  351-block 80
    %%%%%:  351-block 81
    %%%%%:  351-block 82
    $$$$$:  351-block 83
    $$$$$:  351-block 84
    $$$$$:  351-block 85
    %%%%%:  351-block 86
    %%%%%:  351-block 87
    $$$$$:  351-block 88
    $$$$$:  351-block 89
    %%%%%:  351-block 90
    %%%%%:  351-block 91
    $$$$$:  351-block 92
    $$$$$:  351-block 93
    %%%%%:  351-block 94
    %%%%%:  351-block 95
    %%%%%:  351-block 96
    %%%%%:  351-block 97
    $$$$$:  351-block 98
    %%%%%:  351-block 99
    %%%%%:  351-block 100
    $$$$$:  351-block 101
    $$$$$:  351-block 102
    $$$$$:  351-block 103
    $$$$$:  351-block 104
       25:  351-block 105
       26:  351-block 106
    $$$$$:  351-block 107
    $$$$$:  351-block 108
    %%%%%:  351-block 109
        1:  351-block 110
    $$$$$:  351-block 111
    $$$$$:  351-block 112
    %%%%%:  351-block 113
    %%%%%:  351-block 114
    %%%%%:  351-block 115
    %%%%%:  351-block 116
    $$$$$:  351-block 117
    $$$$$:  351-block 118
       19:  351-block 119
       45:  351-block 120
    $$$$$:  351-block 121
    $$$$$:  351-block 122
    %%%%%:  351-block 123
    %%%%%:  351-block 124
    %%%%%:  351-block 125
    %%%%%:  351-block 126
    %%%%%:  351-block 127
    %%%%%:  351-block 128
    %%%%%:  351-block 129
    %%%%%:  351-block 130
        1:  351-block 131
        1:  351-block 132
    %%%%%:  351-block 133
    %%%%%:  351-block 134
    $$$$$:  351-block 135
    %%%%%:  351-block 136
    %%%%%:  351-block 137
    %%%%%:  351-block 138
    %%%%%:  351-block 139
    %%%%%:  351-block 140
    %%%%%:  351-block 141
    %%%%%:  351-block 142
    %%%%%:  351-block 143
        2:  351-block 144
    %%%%%:  351-block 145
        2:  351-block 146
    $$$$$:  351-block 147
    %%%%%:  351-block 148
    $$$$$:  351-block 149
    %%%%%:  351-block 150
    %%%%%:  351-block 151
    %%%%%:  351-block 152
    $$$$$:  351-block 153
        2:  351-block 154
       54:  351-block 155
    %%%%%:  351-block 156
    $$$$$:  351-block 157
    $$$$$:  351-block 158
    %%%%%:  351-block 159
    $$$$$:  351-block 160
    %%%%%:  351-block 161
    $$$$$:  351-block 162
    %%%%%:  351-block 163
    %%%%%:  351-block 164
      780:  351-block 165
        1:  351-block 166
        2:  351-block 167
    %%%%%:  351-block 168
        1:  351-block 169
    $$$$$:  351-block 170
    $$$$$:  351-block 171
    %%%%%:  351-block 172
    %%%%%:  351-block 173
    %%%%%:  351-block 174
    %%%%%:  351-block 175
    $$$$$:  351-block 176
    $$$$$:  351-block 177
    $$$$$:  351-block 178
    $$$$$:  351-block 179
    $$$$$:  351-block 180
        -:  352:      }
        -:  353:
        -:  354:    protected:
        -:  355:      void
     897*:  356:      _M_create_storage(size_t __n)
        -:  357:      {
    #####:  358:	this->_M_impl._M_start = this->_M_allocate(__n);
    %%%%%:  358-block  0
     897*:  359:	this->_M_impl._M_finish = this->_M_impl._M_start;
     897*:  360:	this->_M_impl._M_end_of_storage = this->_M_impl._M_start + __n;
        -:  361:      }
        -:  362:    };
        -:  363:
        -:  364:  /**
        -:  365:   *  @brief A standard container which offers fixed time access to
        -:  366:   *  individual elements in any order.
        -:  367:   *
        -:  368:   *  @ingroup sequences
        -:  369:   *
        -:  370:   *  @tparam _Tp  Type of element.
        -:  371:   *  @tparam _Alloc  Allocator type, defaults to allocator<_Tp>.
        -:  372:   *
        -:  373:   *  Meets the requirements of a <a href="tables.html#65">container</a>, a
        -:  374:   *  <a href="tables.html#66">reversible container</a>, and a
        -:  375:   *  <a href="tables.html#67">sequence</a>, including the
        -:  376:   *  <a href="tables.html#68">optional sequence requirements</a> with the
        -:  377:   *  %exception of @c push_front and @c pop_front.
        -:  378:   *
        -:  379:   *  In some terminology a %vector can be described as a dynamic
        -:  380:   *  C-style array, it offers fast and efficient access to individual
        -:  381:   *  elements in any order and saves the user from worrying about
        -:  382:   *  memory and size allocation.  Subscripting ( @c [] ) access is
        -:  383:   *  also provided as with C-style arrays.
        -:  384:  */
        -:  385:  template<typename _Tp, typename _Alloc = std::allocator<_Tp> >
        -:  386:    class vector : protected _Vector_base<_Tp, _Alloc>
        -:  387:    {
        -:  388:#ifdef _GLIBCXX_CONCEPT_CHECKS
        -:  389:      // Concept requirements.
        -:  390:      typedef typename _Alloc::value_type		_Alloc_value_type;
        -:  391:# if __cplusplus < 201103L
        -:  392:      __glibcxx_class_requires(_Tp, _SGIAssignableConcept)
        -:  393:# endif
        -:  394:      __glibcxx_class_requires2(_Tp, _Alloc_value_type, _SameTypeConcept)
        -:  395:#endif
        -:  396:
        -:  397:#if __cplusplus >= 201103L
        -:  398:      static_assert(is_same<typename remove_cv<_Tp>::type, _Tp>::value,
        -:  399:	  "std::vector must have a non-const, non-volatile value_type");
        -:  400:# ifdef __STRICT_ANSI__
        -:  401:      static_assert(is_same<typename _Alloc::value_type, _Tp>::value,
        -:  402:	  "std::vector must have the same value_type as its allocator");
        -:  403:# endif
        -:  404:#endif
        -:  405:
        -:  406:      typedef _Vector_base<_Tp, _Alloc>			_Base;
        -:  407:      typedef typename _Base::_Tp_alloc_type		_Tp_alloc_type;
        -:  408:      typedef __gnu_cxx::__alloc_traits<_Tp_alloc_type>	_Alloc_traits;
        -:  409:
        -:  410:    public:
        -:  411:      typedef _Tp					value_type;
        -:  412:      typedef typename _Base::pointer			pointer;
        -:  413:      typedef typename _Alloc_traits::const_pointer	const_pointer;
        -:  414:      typedef typename _Alloc_traits::reference		reference;
        -:  415:      typedef typename _Alloc_traits::const_reference	const_reference;
        -:  416:      typedef __gnu_cxx::__normal_iterator<pointer, vector> iterator;
        -:  417:      typedef __gnu_cxx::__normal_iterator<const_pointer, vector>
        -:  418:      const_iterator;
        -:  419:      typedef std::reverse_iterator<const_iterator>	const_reverse_iterator;
        -:  420:      typedef std::reverse_iterator<iterator>		reverse_iterator;
        -:  421:      typedef size_t					size_type;
        -:  422:      typedef ptrdiff_t					difference_type;
        -:  423:      typedef _Alloc					allocator_type;
        -:  424:
        -:  425:    private:
        -:  426:#if __cplusplus >= 201103L
        -:  427:      static constexpr bool
        -:  428:      _S_nothrow_relocate(true_type)
        -:  429:      {
        -:  430:	return noexcept(std::__relocate_a(std::declval<pointer>(),
        -:  431:					  std::declval<pointer>(),
        -:  432:					  std::declval<pointer>(),
        -:  433:					  std::declval<_Tp_alloc_type&>()));
        -:  434:      }
        -:  435:
        -:  436:      static constexpr bool
        -:  437:      _S_nothrow_relocate(false_type)
        -:  438:      { return false; }
        -:  439:
        -:  440:      static constexpr bool
        -:  441:      _S_use_relocate()
        -:  442:      {
        -:  443:	// Instantiating std::__relocate_a might cause an error outside the
        -:  444:	// immediate context (in __relocate_object_a's noexcept-specifier),
        -:  445:	// so only do it if we know the type can be move-inserted into *this.
        -:  446:	return _S_nothrow_relocate(__is_move_insertable<_Tp_alloc_type>{});
        -:  447:      }
        -:  448:
        -:  449:      static pointer
       8*:  450:      _S_do_relocate(pointer __first, pointer __last, pointer __result,
        -:  451:		     _Tp_alloc_type& __alloc, true_type) noexcept
        -:  452:      {
     654*:  453:	return std::__relocate_a(__first, __last, __result, __alloc);
        -:  454:      }
        -:  455:
        -:  456:      static pointer
        -:  457:      _S_do_relocate(pointer, pointer, pointer __result,
        -:  458:		     _Tp_alloc_type&, false_type) noexcept
        -:  459:      { return __result; }
        -:  460:
        -:  461:      static pointer
      80*:  462:      _S_relocate(pointer __first, pointer __last, pointer __result,
    %%%%%:  462-block  0
    %%%%%:  462-block  1
    %%%%%:  462-block  2
    %%%%%:  462-block  3
    %%%%%:  462-block  4
    %%%%%:  462-block  5
    %%%%%:  462-block  6
    %%%%%:  462-block  7
    %%%%%:  462-block  8
    %%%%%:  462-block  9
        1:  462-block 10
    %%%%%:  462-block 11
    %%%%%:  462-block 12
    %%%%%:  462-block 13
    %%%%%:  462-block 14
    %%%%%:  462-block 15
    %%%%%:  462-block 16
    %%%%%:  462-block 17
    %%%%%:  462-block 18
        2:  462-block 19
        2:  462-block 20
    %%%%%:  462-block 21
    %%%%%:  462-block 22
        1:  462-block 23
    %%%%%:  462-block 24
    %%%%%:  462-block 25
    %%%%%:  462-block 26
    %%%%%:  462-block 27
       26:  462-block 28
    %%%%%:  462-block 29
       45:  462-block 30
        -:  463:		  _Tp_alloc_type& __alloc) noexcept
        -:  464:      {
        -:  465:	using __do_it = __bool_constant<_S_use_relocate()>;
     424*:  466:	return _S_do_relocate(__first, __last, __result, __alloc, __do_it{});
    %%%%%:  466-block  0
    %%%%%:  466-block  1
    %%%%%:  466-block  2
    %%%%%:  466-block  3
    %%%%%:  466-block  4
    %%%%%:  466-block  5
    %%%%%:  466-block  6
    %%%%%:  466-block  7
    %%%%%:  466-block  8
    %%%%%:  466-block  9
    %%%%%:  466-block 10
    %%%%%:  466-block 11
    %%%%%:  466-block 12
    %%%%%:  466-block 13
    %%%%%:  466-block 14
    %%%%%:  466-block 15
    %%%%%:  466-block 16
    %%%%%:  466-block 17
    %%%%%:  466-block 18
    %%%%%:  466-block 19
    %%%%%:  466-block 20
    %%%%%:  466-block 21
    %%%%%:  466-block 22
    %%%%%:  466-block 23
    %%%%%:  466-block 24
    %%%%%:  466-block 25
    %%%%%:  466-block 26
    %%%%%:  466-block 27
        1:  466-block 28
        1:  466-block 29
        1:  466-block 30
        1:  466-block 31
    %%%%%:  466-block 32
    %%%%%:  466-block 33
    %%%%%:  466-block 34
    %%%%%:  466-block 35
    %%%%%:  466-block 36
    %%%%%:  466-block 37
    %%%%%:  466-block 38
    %%%%%:  466-block 39
    %%%%%:  466-block 40
    %%%%%:  466-block 41
    %%%%%:  466-block 42
    %%%%%:  466-block 43
    %%%%%:  466-block 44
    %%%%%:  466-block 45
    %%%%%:  466-block 46
    %%%%%:  466-block 47
    %%%%%:  466-block 48
    %%%%%:  466-block 49
    %%%%%:  466-block 50
    %%%%%:  466-block 51
    %%%%%:  466-block 52
    %%%%%:  466-block 53
    %%%%%:  466-block 54
        3:  466-block 55
        2:  466-block 56
        2:  466-block 57
        2:  466-block 58
    %%%%%:  466-block 59
    %%%%%:  466-block 60
    %%%%%:  466-block 61
    %%%%%:  466-block 62
    %%%%%:  466-block 63
    %%%%%:  466-block 64
        1:  466-block 65
        1:  466-block 66
    %%%%%:  466-block 67
    %%%%%:  466-block 68
    %%%%%:  466-block 69
    %%%%%:  466-block 70
    %%%%%:  466-block 71
    %%%%%:  466-block 72
    %%%%%:  466-block 73
    %%%%%:  466-block 74
    %%%%%:  466-block 75
    %%%%%:  466-block 76
    %%%%%:  466-block 77
    %%%%%:  466-block 78
      351:  466-block 79
       26:  466-block 80
       26:  466-block 81
       26:  466-block 82
        1:  466-block 83
    %%%%%:  466-block 84
    %%%%%:  466-block 85
    %%%%%:  466-block 86
       65:  466-block 87
       45:  466-block 88
       45:  466-block 89
       45:  466-block 90
    %%%%%:  466-block 91
    %%%%%:  466-block 92
    %%%%%:  466-block 93
    %%%%%:  466-block 94
        -:  467:      }
        -:  468:#endif // C++11
        -:  469:
        -:  470:    protected:
        -:  471:      using _Base::_M_allocate;
        -:  472:      using _Base::_M_deallocate;
        -:  473:      using _Base::_M_impl;
        -:  474:      using _Base::_M_get_Tp_allocator;
        -:  475:
        -:  476:    public:
        -:  477:      // [23.2.4.1] construct/copy/destroy
        -:  478:      // (assign() and get_allocator() are also listed in this section)
        -:  479:
        -:  480:      /**
        -:  481:       *  @brief  Creates a %vector with no elements.
        -:  482:       */
        -:  483:#if __cplusplus >= 201103L
      29*:  484:      vector() = default;
    %%%%%:  484-block  0
    %%%%%:  484-block  1
    %%%%%:  484-block  2
    %%%%%:  484-block  3
    %%%%%:  484-block  4
    %%%%%:  484-block  5
    %%%%%:  484-block  6
    %%%%%:  484-block  7
    %%%%%:  484-block  8
    %%%%%:  484-block  9
    %%%%%:  484-block 10
    %%%%%:  484-block 11
    %%%%%:  484-block 12
    %%%%%:  484-block 13
    %%%%%:  484-block 14
    %%%%%:  484-block 15
    %%%%%:  484-block 16
    %%%%%:  484-block 17
    %%%%%:  484-block 18
    %%%%%:  484-block 19
    %%%%%:  484-block 20
    %%%%%:  484-block 21
        2:  484-block 22
        2:  484-block 23
    %%%%%:  484-block 24
        1:  484-block 25
        1:  484-block 26
        1:  484-block 27
        1:  484-block 28
        1:  484-block 29
        1:  484-block 30
        1:  484-block 31
        1:  484-block 32
        1:  484-block 33
        1:  484-block 34
        1:  484-block 35
        1:  484-block 36
        1:  484-block 37
        1:  484-block 38
        1:  484-block 39
        1:  484-block 40
    %%%%%:  484-block 41
        1:  484-block 42
    %%%%%:  484-block 43
    %%%%%:  484-block 44
    %%%%%:  484-block 45
    %%%%%:  484-block 46
        -:  485:#else
        -:  486:      vector() { }
        -:  487:#endif
        -:  488:
        -:  489:      /**
        -:  490:       *  @brief  Creates a %vector with no elements.
        -:  491:       *  @param  __a  An allocator object.
        -:  492:       */
        -:  493:      explicit
    #####:  494:      vector(const allocator_type& __a) _GLIBCXX_NOEXCEPT
    #####:  495:      : _Base(__a) { }
    %%%%%:  495-block  0
    %%%%%:  495-block  1
        -:  496:
        -:  497:#if __cplusplus >= 201103L
        -:  498:      /**
        -:  499:       *  @brief  Creates a %vector with default constructed elements.
        -:  500:       *  @param  __n  The number of elements to initially create.
        -:  501:       *  @param  __a  An allocator.
        -:  502:       *
        -:  503:       *  This constructor fills the %vector with @a __n default
        -:  504:       *  constructed elements.
        -:  505:       */
        -:  506:      explicit
    #####:  507:      vector(size_type __n, const allocator_type& __a = allocator_type())
    #####:  508:      : _Base(_S_check_init_len(__n, __a), __a)
    %%%%%:  508-block  0
    #####:  509:      { _M_default_initialize(__n); }
        -:  510:
        -:  511:      /**
        -:  512:       *  @brief  Creates a %vector with copies of an exemplar element.
        -:  513:       *  @param  __n  The number of elements to initially create.
        -:  514:       *  @param  __value  An element to copy.
        -:  515:       *  @param  __a  An allocator.
        -:  516:       *
        -:  517:       *  This constructor fills the %vector with @a __n copies of @a __value.
        -:  518:       */
        -:  519:      vector(size_type __n, const value_type& __value,
        -:  520:	     const allocator_type& __a = allocator_type())
        -:  521:      : _Base(_S_check_init_len(__n, __a), __a)
        -:  522:      { _M_fill_initialize(__n, __value); }
        -:  523:#else
        -:  524:      /**
        -:  525:       *  @brief  Creates a %vector with copies of an exemplar element.
        -:  526:       *  @param  __n  The number of elements to initially create.
        -:  527:       *  @param  __value  An element to copy.
        -:  528:       *  @param  __a  An allocator.
        -:  529:       *
        -:  530:       *  This constructor fills the %vector with @a __n copies of @a __value.
        -:  531:       */
        -:  532:      explicit
        -:  533:      vector(size_type __n, const value_type& __value = value_type(),
        -:  534:	     const allocator_type& __a = allocator_type())
        -:  535:      : _Base(_S_check_init_len(__n, __a), __a)
        -:  536:      { _M_fill_initialize(__n, __value); }
        -:  537:#endif
        -:  538:
        -:  539:      /**
        -:  540:       *  @brief  %Vector copy constructor.
        -:  541:       *  @param  __x  A %vector of identical element and allocator types.
        -:  542:       *
        -:  543:       *  All the elements of @a __x are copied, but any unused capacity in
        -:  544:       *  @a __x  will not be copied
        -:  545:       *  (i.e. capacity() == size() in the new %vector).
        -:  546:       *
        -:  547:       *  The newly-created %vector uses a copy of the allocator object used
        -:  548:       *  by @a __x (unless the allocator traits dictate a different object).
        -:  549:       */
     897*:  550:      vector(const vector& __x)
        -:  551:      : _Base(__x.size(),
     897*:  552:	_Alloc_traits::_S_select_on_copy(__x._M_get_Tp_allocator()))
        -:  553:      {
     897*:  554:	this->_M_impl._M_finish =
    1794*:  555:	  std::__uninitialized_copy_a(__x.begin(), __x.end(),
        -:  556:				      this->_M_impl._M_start,
     897*:  557:				      _M_get_Tp_allocator());
     897*:  558:      }
------------------
_ZNSt6vectorISt4pairINSt7__cxx1112basic_stringIcSt11char_traitsIcESaIcEEES6_ESaIS7_EEC2ERKS9_:
    #####:  550:      vector(const vector& __x)
        -:  551:      : _Base(__x.size(),
    #####:  552:	_Alloc_traits::_S_select_on_copy(__x._M_get_Tp_allocator()))
    %%%%%:  552-block  0
    $$$$$:  552-block  1
        -:  553:      {
    #####:  554:	this->_M_impl._M_finish =
    #####:  555:	  std::__uninitialized_copy_a(__x.begin(), __x.end(),
        -:  556:				      this->_M_impl._M_start,
    #####:  557:				      _M_get_Tp_allocator());
    #####:  558:      }
    %%%%%:  558-block  0
------------------
_ZNSt6vectorINSt7__cxx1112regex_traitsIcE10_RegexMaskESaIS3_EEC2ERKS5_:
    #####:  550:      vector(const vector& __x)
        -:  551:      : _Base(__x.size(),
    #####:  552:	_Alloc_traits::_S_select_on_copy(__x._M_get_Tp_allocator()))
    %%%%%:  552-block  0
        -:  553:      {
    #####:  554:	this->_M_impl._M_finish =
    #####:  555:	  std::__uninitialized_copy_a(__x.begin(), __x.end(),
        -:  556:				      this->_M_impl._M_start,
    #####:  557:				      _M_get_Tp_allocator());
    #####:  558:      }
------------------
_ZNSt6vectorISt4pairIccESaIS1_EEC2ERKS3_:
    #####:  550:      vector(const vector& __x)
        -:  551:      : _Base(__x.size(),
    #####:  552:	_Alloc_traits::_S_select_on_copy(__x._M_get_Tp_allocator()))
    %%%%%:  552-block  0
        -:  553:      {
    #####:  554:	this->_M_impl._M_finish =
    #####:  555:	  std::__uninitialized_copy_a(__x.begin(), __x.end(),
        -:  556:				      this->_M_impl._M_start,
    #####:  557:				      _M_get_Tp_allocator());
    #####:  558:      }
------------------
_ZNSt6vectorIcSaIcEEC2ERKS1_:
    #####:  550:      vector(const vector& __x)
        -:  551:      : _Base(__x.size(),
    #####:  552:	_Alloc_traits::_S_select_on_copy(__x._M_get_Tp_allocator()))
    %%%%%:  552-block  0
        -:  553:      {
    #####:  554:	this->_M_impl._M_finish =
    #####:  555:	  std::__uninitialized_copy_a(__x.begin(), __x.end(),
        -:  556:				      this->_M_impl._M_start,
    #####:  557:				      _M_get_Tp_allocator());
    #####:  558:      }
------------------
_ZNSt6vectorINSt7__cxx119sub_matchIN9__gnu_cxx17__normal_iteratorIPKcNS0_12basic_stringIcSt11char_traitsIcESaIcEEEEEEESaISC_EEC2ERKSE_:
    #####:  550:      vector(const vector& __x)
        -:  551:      : _Base(__x.size(),
    #####:  552:	_Alloc_traits::_S_select_on_copy(__x._M_get_Tp_allocator()))
    %%%%%:  552-block  0
        -:  553:      {
    #####:  554:	this->_M_impl._M_finish =
    #####:  555:	  std::__uninitialized_copy_a(__x.begin(), __x.end(),
        -:  556:				      this->_M_impl._M_start,
    #####:  557:				      _M_get_Tp_allocator());
    #####:  558:      }
------------------
_ZNSt6vectorISt10shared_ptrIN5Catch8TestSpec7PatternEESaIS4_EEC2ERKS6_:
    #####:  550:      vector(const vector& __x)
        -:  551:      : _Base(__x.size(),
    #####:  552:	_Alloc_traits::_S_select_on_copy(__x._M_get_Tp_allocator()))
    %%%%%:  552-block  0
        -:  553:      {
    #####:  554:	this->_M_impl._M_finish =
    #####:  555:	  std::__uninitialized_copy_a(__x.begin(), __x.end(),
        -:  556:				      this->_M_impl._M_start,
    #####:  557:				      _M_get_Tp_allocator());
    #####:  558:      }
------------------
_ZNSt6vectorIN5Catch5clara6detail3ArgESaIS3_EEC2ERKS5_:
       56:  550:      vector(const vector& __x)
        -:  551:      : _Base(__x.size(),
       56:  552:	_Alloc_traits::_S_select_on_copy(__x._M_get_Tp_allocator()))
       56:  552-block  0
    $$$$$:  552-block  1
        -:  553:      {
       56:  554:	this->_M_impl._M_finish =
      112:  555:	  std::__uninitialized_copy_a(__x.begin(), __x.end(),
        -:  556:				      this->_M_impl._M_start,
       56:  557:				      _M_get_Tp_allocator());
       56:  558:      }
       56:  558-block  0
------------------
_ZNSt6vectorIN5Catch5clara6detail3OptESaIS3_EEC2ERKS5_:
       56:  550:      vector(const vector& __x)
        -:  551:      : _Base(__x.size(),
       56:  552:	_Alloc_traits::_S_select_on_copy(__x._M_get_Tp_allocator()))
       56:  552-block  0
    $$$$$:  552-block  1
        -:  553:      {
       56:  554:	this->_M_impl._M_finish =
      112:  555:	  std::__uninitialized_copy_a(__x.begin(), __x.end(),
        -:  556:				      this->_M_impl._M_start,
       56:  557:				      _M_get_Tp_allocator());
       56:  558:      }
       56:  558-block  0
------------------
_ZNSt6vectorIN5Catch8TestCaseESaIS1_EEC2ERKS3_:
        1:  550:      vector(const vector& __x)
        -:  551:      : _Base(__x.size(),
        1:  552:	_Alloc_traits::_S_select_on_copy(__x._M_get_Tp_allocator()))
        1:  552-block  0
    $$$$$:  552-block  1
        -:  553:      {
        1:  554:	this->_M_impl._M_finish =
        2:  555:	  std::__uninitialized_copy_a(__x.begin(), __x.end(),
        -:  556:				      this->_M_impl._M_start,
        1:  557:				      _M_get_Tp_allocator());
        1:  558:      }
        1:  558-block  0
------------------
_ZNSt6vectorIN5Catch8TestSpec6FilterESaIS2_EEC2ERKS4_:
        2:  550:      vector(const vector& __x)
        -:  551:      : _Base(__x.size(),
        2:  552:	_Alloc_traits::_S_select_on_copy(__x._M_get_Tp_allocator()))
        2:  552-block  0
    $$$$$:  552-block  1
        -:  553:      {
        2:  554:	this->_M_impl._M_finish =
        4:  555:	  std::__uninitialized_copy_a(__x.begin(), __x.end(),
        -:  556:				      this->_M_impl._M_start,
        2:  557:				      _M_get_Tp_allocator());
        2:  558:      }
        2:  558-block  0
------------------
_ZNSt6vectorIN5Catch11MessageInfoESaIS1_EEC2ERKS3_:
    #####:  550:      vector(const vector& __x)
        -:  551:      : _Base(__x.size(),
    #####:  552:	_Alloc_traits::_S_select_on_copy(__x._M_get_Tp_allocator()))
    %%%%%:  552-block  0
    $$$$$:  552-block  1
        -:  553:      {
    #####:  554:	this->_M_impl._M_finish =
    #####:  555:	  std::__uninitialized_copy_a(__x.begin(), __x.end(),
        -:  556:				      this->_M_impl._M_start,
    #####:  557:				      _M_get_Tp_allocator());
    #####:  558:      }
    %%%%%:  558-block  0
------------------
_ZNSt6vectorINSt7__cxx1112basic_stringIcSt11char_traitsIcESaIcEEESaIS5_EEC2ERKS7_:
      778:  550:      vector(const vector& __x)
        -:  551:      : _Base(__x.size(),
      778:  552:	_Alloc_traits::_S_select_on_copy(__x._M_get_Tp_allocator()))
      778:  552-block  0
    $$$$$:  552-block  1
        -:  553:      {
      778:  554:	this->_M_impl._M_finish =
     1556:  555:	  std::__uninitialized_copy_a(__x.begin(), __x.end(),
        -:  556:				      this->_M_impl._M_start,
      778:  557:				      _M_get_Tp_allocator());
      778:  558:      }
      778:  558-block  0
------------------
_ZNSt6vectorIN5Catch5clara6detail5TokenESaIS3_EEC2ERKS5_:
        4:  550:      vector(const vector& __x)
        -:  551:      : _Base(__x.size(),
        4:  552:	_Alloc_traits::_S_select_on_copy(__x._M_get_Tp_allocator()))
        4:  552-block  0
    $$$$$:  552-block  1
        -:  553:      {
        4:  554:	this->_M_impl._M_finish =
        8:  555:	  std::__uninitialized_copy_a(__x.begin(), __x.end(),
        -:  556:				      this->_M_impl._M_start,
        4:  557:				      _M_get_Tp_allocator());
        4:  558:      }
        4:  558-block  0
------------------
_ZNSt6vectorIN5Catch5clara8TextFlow6ColumnESaIS3_EEC2ERKS5_:
    #####:  550:      vector(const vector& __x)
        -:  551:      : _Base(__x.size(),
    #####:  552:	_Alloc_traits::_S_select_on_copy(__x._M_get_Tp_allocator()))
    %%%%%:  552-block  0
    $$$$$:  552-block  1
        -:  553:      {
    #####:  554:	this->_M_impl._M_finish =
    #####:  555:	  std::__uninitialized_copy_a(__x.begin(), __x.end(),
        -:  556:				      this->_M_impl._M_start,
    #####:  557:				      _M_get_Tp_allocator());
    #####:  558:      }
    %%%%%:  558-block  0
------------------
        -:  559:
        -:  560:#if __cplusplus >= 201103L
        -:  561:      /**
        -:  562:       *  @brief  %Vector move constructor.
        -:  563:       *
        -:  564:       *  The newly-created %vector contains the exact contents of the
        -:  565:       *  moved instance.
        -:  566:       *  The contents of the moved instance are a valid, but unspecified
        -:  567:       *  %vector.
        -:  568:       */
       1*:  569:      vector(vector&&) noexcept = default;
    %%%%%:  569-block  0
    %%%%%:  569-block  1
    %%%%%:  569-block  2
    %%%%%:  569-block  3
    %%%%%:  569-block  4
    %%%%%:  569-block  5
    %%%%%:  569-block  6
    %%%%%:  569-block  7
        1:  569-block  8
        -:  570:
        -:  571:      /// Copy constructor with alternative allocator
        -:  572:      vector(const vector& __x, const allocator_type& __a)
        -:  573:      : _Base(__x.size(), __a)
        -:  574:      {
        -:  575:	this->_M_impl._M_finish =
        -:  576:	  std::__uninitialized_copy_a(__x.begin(), __x.end(),
        -:  577:				      this->_M_impl._M_start,
        -:  578:				      _M_get_Tp_allocator());
        -:  579:      }
        -:  580:
        -:  581:    private:
        -:  582:      vector(vector&& __rv, const allocator_type& __m, true_type) noexcept
        -:  583:      : _Base(__m, std::move(__rv))
        -:  584:      { }
        -:  585:
        -:  586:      vector(vector&& __rv, const allocator_type& __m, false_type)
        -:  587:      : _Base(__m)
        -:  588:      {
        -:  589:	if (__rv.get_allocator() == __m)
        -:  590:	  this->_M_impl._M_swap_data(__rv._M_impl);
        -:  591:	else if (!__rv.empty())
        -:  592:	  {
        -:  593:	    this->_M_create_storage(__rv.size());
        -:  594:	    this->_M_impl._M_finish =
        -:  595:	      std::__uninitialized_move_a(__rv.begin(), __rv.end(),
        -:  596:					  this->_M_impl._M_start,
        -:  597:					  _M_get_Tp_allocator());
        -:  598:	    __rv.clear();
        -:  599:	  }
        -:  600:      }
        -:  601:
        -:  602:    public:
        -:  603:      /// Move constructor with alternative allocator
        -:  604:      vector(vector&& __rv, const allocator_type& __m)
        -:  605:      noexcept( noexcept(
        -:  606:	vector(std::declval<vector&&>(), std::declval<const allocator_type&>(),
        -:  607:	       std::declval<typename _Alloc_traits::is_always_equal>())) )
        -:  608:      : vector(std::move(__rv), __m, typename _Alloc_traits::is_always_equal{})
        -:  609:      { }
        -:  610:
        -:  611:      /**
        -:  612:       *  @brief  Builds a %vector from an initializer list.
        -:  613:       *  @param  __l  An initializer_list.
        -:  614:       *  @param  __a  An allocator.
        -:  615:       *
        -:  616:       *  Create a %vector consisting of copies of the elements in the
        -:  617:       *  initializer_list @a __l.
        -:  618:       *
        -:  619:       *  This will call the element type's copy constructor N times
        -:  620:       *  (where N is @a __l.size()) and do no memory reallocation.
        -:  621:       */
    #####:  622:      vector(initializer_list<value_type> __l,
        -:  623:	     const allocator_type& __a = allocator_type())
    #####:  624:      : _Base(__a)
    %%%%%:  624-block  0
    $$$$$:  624-block  1
        -:  625:      {
    #####:  626:	_M_range_initialize(__l.begin(), __l.end(),
    %%%%%:  626-block  0
        -:  627:			    random_access_iterator_tag());
    #####:  628:      }
    %%%%%:  628-block  0
        -:  629:#endif
        -:  630:
        -:  631:      /**
        -:  632:       *  @brief  Builds a %vector from a range.
        -:  633:       *  @param  __first  An input iterator.
        -:  634:       *  @param  __last  An input iterator.
        -:  635:       *  @param  __a  An allocator.
        -:  636:       *
        -:  637:       *  Create a %vector consisting of copies of the elements from
        -:  638:       *  [first,last).
        -:  639:       *
        -:  640:       *  If the iterators are forward, bidirectional, or
        -:  641:       *  random-access, then this will call the elements' copy
        -:  642:       *  constructor N times (where N is distance(first,last)) and do
        -:  643:       *  no memory reallocation.  But if only input iterators are
        -:  644:       *  used, then this will do at most 2N calls to the copy
        -:  645:       *  constructor, and logN memory reallocations.
        -:  646:       */
        -:  647:#if __cplusplus >= 201103L
        -:  648:      template<typename _InputIterator,
        -:  649:	       typename = std::_RequireInputIter<_InputIterator>>
       1*:  650:	vector(_InputIterator __first, _InputIterator __last,
        -:  651:	       const allocator_type& __a = allocator_type())
       1*:  652:	: _Base(__a)
        -:  653:	{
       1*:  654:	  _M_range_initialize(__first, __last,
        -:  655:			      std::__iterator_category(__first));
       1*:  656:	}
------------------
_ZNSt6vectorIcSaIcEEC2IPKcvEET_S5_RKS0_:
    #####:  650:	vector(_InputIterator __first, _InputIterator __last,
        -:  651:	       const allocator_type& __a = allocator_type())
    #####:  652:	: _Base(__a)
    %%%%%:  652-block  0
    $$$$$:  652-block  1
        -:  653:	{
    #####:  654:	  _M_range_initialize(__first, __last,
    %%%%%:  654-block  0
        -:  655:			      std::__iterator_category(__first));
    #####:  656:	}
    %%%%%:  656-block  0
------------------
_ZNSt6vectorINSt7__cxx1112basic_stringIcSt11char_traitsIcESaIcEEESaIS5_EEC2IPKPKcvEET_SD_RKS6_:
        1:  650:	vector(_InputIterator __first, _InputIterator __last,
        -:  651:	       const allocator_type& __a = allocator_type())
        1:  652:	: _Base(__a)
        1:  652-block  0
    $$$$$:  652-block  1
        -:  653:	{
        1:  654:	  _M_range_initialize(__first, __last,
        1:  654-block  0
        -:  655:			      std::__iterator_category(__first));
        1:  656:	}
        1:  656-block  0
------------------
        -:  657:#else
        -:  658:      template<typename _InputIterator>
        -:  659:	vector(_InputIterator __first, _InputIterator __last,
        -:  660:	       const allocator_type& __a = allocator_type())
        -:  661:	: _Base(__a)
        -:  662:	{
        -:  663:	  // Check whether it's an integral type.  If so, it's not an iterator.
        -:  664:	  typedef typename std::__is_integer<_InputIterator>::__type _Integral;
        -:  665:	  _M_initialize_dispatch(__first, __last, _Integral());
        -:  666:	}
        -:  667:#endif
        -:  668:
        -:  669:      /**
        -:  670:       *  The dtor only erases the elements, and note that if the
        -:  671:       *  elements themselves are pointers, the pointed-to memory is
        -:  672:       *  not touched in any way.  Managing the pointer is the user's
        -:  673:       *  responsibility.
        -:  674:       */
    1299*:  675:      ~vector() _GLIBCXX_NOEXCEPT
        -:  676:      {
    2595*:  677:	std::_Destroy(this->_M_impl._M_start, this->_M_impl._M_finish,
    1299*:  678:		      _M_get_Tp_allocator());
    %%%%%:  678-block  0
    $$$$$:  678-block  1
    $$$$$:  678-block  2
    $$$$$:  678-block  3
    %%%%%:  678-block  4
    %%%%%:  678-block  5
    $$$$$:  678-block  6
    %%%%%:  678-block  7
    $$$$$:  678-block  8
    $$$$$:  678-block  9
    $$$$$:  678-block 10
    %%%%%:  678-block 11
    $$$$$:  678-block 12
        2:  678-block 13
        1:  678-block 14
    $$$$$:  678-block 15
    %%%%%:  678-block 16
    %%%%%:  678-block 17
    $$$$$:  678-block 18
    $$$$$:  678-block 19
    $$$$$:  678-block 20
    $$$$$:  678-block 21
        -:  679:	_GLIBCXX_ASAN_ANNOTATE_BEFORE_DEALLOC;
    1300*:  680:      }
    %%%%%:  680-block  0
    %%%%%:  680-block  1
    $$$$$:  680-block  2
    %%%%%:  680-block  3
    $$$$$:  680-block  4
    %%%%%:  680-block  5
    $$$$$:  680-block  6
    %%%%%:  680-block  7
    %%%%%:  680-block  8
    $$$$$:  680-block  9
    $$$$$:  680-block 10
    %%%%%:  680-block 11
    $$$$$:  680-block 12
    $$$$$:  680-block 13
    $$$$$:  680-block 14
    $$$$$:  680-block 15
    %%%%%:  680-block 16
    %%%%%:  680-block 17
    $$$$$:  680-block 18
        2:  680-block 19
        2:  680-block 20
        1:  680-block 21
        1:  680-block 22
    $$$$$:  680-block 23
    $$$$$:  680-block 24
    %%%%%:  680-block 25
    %%%%%:  680-block 26
    %%%%%:  680-block 27
    $$$$$:  680-block 28
    $$$$$:  680-block 29
    $$$$$:  680-block 30
    $$$$$:  680-block 31
    $$$$$:  680-block 32
------------------
_ZNSt6vectorIN5Catch14SectionEndInfoESaIS1_EED2Ev:
        1:  675:      ~vector() _GLIBCXX_NOEXCEPT
        -:  676:      {
        2:  677:	std::_Destroy(this->_M_impl._M_start, this->_M_impl._M_finish,
        1:  678:		      _M_get_Tp_allocator());
        1:  678-block  0
        -:  679:	_GLIBCXX_ASAN_ANNOTATE_BEFORE_DEALLOC;
        1:  680:      }
        1:  680-block  0
------------------
_ZNSt6vectorINSt7__cxx1112basic_stringIcSt11char_traitsIcESaIcEEESaIS5_EED2Ev:
     1150:  675:      ~vector() _GLIBCXX_NOEXCEPT
        -:  676:      {
     2300:  677:	std::_Destroy(this->_M_impl._M_start, this->_M_impl._M_finish,
     1150:  678:		      _M_get_Tp_allocator());
     1150:  678-block  0
        -:  679:	_GLIBCXX_ASAN_ANNOTATE_BEFORE_DEALLOC;
     1150:  680:      }
     1150:  680-block  0
------------------
_ZNSt6vectorIN5Catch5clara8TextFlow6ColumnESaIS3_EED2Ev:
    #####:  675:      ~vector() _GLIBCXX_NOEXCEPT
        -:  676:      {
    #####:  677:	std::_Destroy(this->_M_impl._M_start, this->_M_impl._M_finish,
    #####:  678:		      _M_get_Tp_allocator());
    %%%%%:  678-block  0
        -:  679:	_GLIBCXX_ASAN_ANNOTATE_BEFORE_DEALLOC;
    #####:  680:      }
    %%%%%:  680-block  0
------------------
_ZNSt6vectorIN5Catch5clara6detail5TokenESaIS3_EED2Ev:
        5:  675:      ~vector() _GLIBCXX_NOEXCEPT
        -:  676:      {
       10:  677:	std::_Destroy(this->_M_impl._M_start, this->_M_impl._M_finish,
        5:  678:		      _M_get_Tp_allocator());
        5:  678-block  0
        -:  679:	_GLIBCXX_ASAN_ANNOTATE_BEFORE_DEALLOC;
        5:  680:      }
        5:  680-block  0
------------------
_ZNSt6vectorIN5Catch5clara6detail11HelpColumnsESaIS3_EED2Ev:
    #####:  675:      ~vector() _GLIBCXX_NOEXCEPT
        -:  676:      {
    #####:  677:	std::_Destroy(this->_M_impl._M_start, this->_M_impl._M_finish,
    #####:  678:		      _M_get_Tp_allocator());
    %%%%%:  678-block  0
        -:  679:	_GLIBCXX_ASAN_ANNOTATE_BEFORE_DEALLOC;
    #####:  680:      }
    %%%%%:  680-block  0
------------------
_ZNSt6vectorIN5Catch5clara6detail3OptESaIS3_EED2Ev:
       59:  675:      ~vector() _GLIBCXX_NOEXCEPT
        -:  676:      {
      118:  677:	std::_Destroy(this->_M_impl._M_start, this->_M_impl._M_finish,
       59:  678:		      _M_get_Tp_allocator());
       59:  678-block  0
        -:  679:	_GLIBCXX_ASAN_ANNOTATE_BEFORE_DEALLOC;
       59:  680:      }
       59:  680-block  0
------------------
_ZNSt6vectorIN5Catch5clara6detail3ArgESaIS3_EED2Ev:
       59:  675:      ~vector() _GLIBCXX_NOEXCEPT
        -:  676:      {
      118:  677:	std::_Destroy(this->_M_impl._M_start, this->_M_impl._M_finish,
       59:  678:		      _M_get_Tp_allocator());
       59:  678-block  0
        -:  679:	_GLIBCXX_ASAN_ANNOTATE_BEFORE_DEALLOC;
       59:  680:      }
       59:  680-block  0
------------------
_ZNSt6vectorIN5Catch8TestSpec6FilterESaIS2_EED2Ev:
        5:  675:      ~vector() _GLIBCXX_NOEXCEPT
        -:  676:      {
       10:  677:	std::_Destroy(this->_M_impl._M_start, this->_M_impl._M_finish,
        5:  678:		      _M_get_Tp_allocator());
        5:  678-block  0
        -:  679:	_GLIBCXX_ASAN_ANNOTATE_BEFORE_DEALLOC;
        5:  680:      }
        5:  680-block  0
------------------
_ZNSt6vectorISt10shared_ptrIN5Catch8TestSpec7PatternEESaIS4_EED2Ev:
        1:  675:      ~vector() _GLIBCXX_NOEXCEPT
        -:  676:      {
        2:  677:	std::_Destroy(this->_M_impl._M_start, this->_M_impl._M_finish,
        1:  678:		      _M_get_Tp_allocator());
        1:  678-block  0
        -:  679:	_GLIBCXX_ASAN_ANNOTATE_BEFORE_DEALLOC;
        1:  680:      }
        1:  680-block  0
------------------
_ZNSt6vectorISt10unique_ptrIKN5Catch20IExceptionTranslatorESt14default_deleteIS3_EESaIS6_EED2Ev:
        1:  675:      ~vector() _GLIBCXX_NOEXCEPT
        -:  676:      {
        2:  677:	std::_Destroy(this->_M_impl._M_start, this->_M_impl._M_finish,
        1:  678:		      _M_get_Tp_allocator());
        1:  678-block  0
        -:  679:	_GLIBCXX_ASAN_ANNOTATE_BEFORE_DEALLOC;
        1:  680:      }
        1:  680-block  0
------------------
_ZNSt6vectorIN5Catch11MessageInfoESaIS1_EED2Ev:
        1:  675:      ~vector() _GLIBCXX_NOEXCEPT
        -:  676:      {
        2:  677:	std::_Destroy(this->_M_impl._M_start, this->_M_impl._M_finish,
        1:  678:		      _M_get_Tp_allocator());
        1:  678-block  0
        -:  679:	_GLIBCXX_ASAN_ANNOTATE_BEFORE_DEALLOC;
        1:  680:      }
        1:  680-block  0
------------------
_ZNSt6vectorIN5Catch8TestCaseESaIS1_EED2Ev:
        4:  675:      ~vector() _GLIBCXX_NOEXCEPT
        -:  676:      {
        8:  677:	std::_Destroy(this->_M_impl._M_start, this->_M_impl._M_finish,
        4:  678:		      _M_get_Tp_allocator());
        4:  678-block  0
        -:  679:	_GLIBCXX_ASAN_ANNOTATE_BEFORE_DEALLOC;
        4:  680:      }
        4:  680-block  0
------------------
_ZNSt6vectorISt10shared_ptrIN5Catch16IReporterFactoryEESaIS3_EED2Ev:
        1:  675:      ~vector() _GLIBCXX_NOEXCEPT
        -:  676:      {
        2:  677:	std::_Destroy(this->_M_impl._M_start, this->_M_impl._M_finish,
        1:  678:		      _M_get_Tp_allocator());
        1:  678-block  0
        -:  679:	_GLIBCXX_ASAN_ANNOTATE_BEFORE_DEALLOC;
        1:  680:      }
        1:  680-block  0
------------------
_ZNSt6vectorISt10shared_ptrIN5Catch16TestCaseTracking8ITrackerEESaIS4_EED2Ev:
        4:  675:      ~vector() _GLIBCXX_NOEXCEPT
        -:  676:      {
        8:  677:	std::_Destroy(this->_M_impl._M_start, this->_M_impl._M_finish,
        4:  678:		      _M_get_Tp_allocator());
        4:  678-block  0
        -:  679:	_GLIBCXX_ASAN_ANNOTATE_BEFORE_DEALLOC;
        4:  680:      }
        4:  680-block  0
------------------
_ZNSt6vectorIN5Catch13ScopedMessageESaIS1_EED2Ev:
        1:  675:      ~vector() _GLIBCXX_NOEXCEPT
        -:  676:      {
        2:  677:	std::_Destroy(this->_M_impl._M_start, this->_M_impl._M_finish,
        1:  678:		      _M_get_Tp_allocator());
        1:  678-block  0
        -:  679:	_GLIBCXX_ASAN_ANNOTATE_BEFORE_DEALLOC;
        1:  680:      }
        1:  680-block  0
------------------
_ZNSt6vectorINSt8__detail6_StateIcEESaIS2_EED2Ev:
    #####:  675:      ~vector() _GLIBCXX_NOEXCEPT
        -:  676:      {
    #####:  677:	std::_Destroy(this->_M_impl._M_start, this->_M_impl._M_finish,
    #####:  678:		      _M_get_Tp_allocator());
    %%%%%:  678-block  0
        -:  679:	_GLIBCXX_ASAN_ANNOTATE_BEFORE_DEALLOC;
    #####:  680:      }
    %%%%%:  680-block  0
------------------
_ZNSt6vectorIN5Catch11SectionInfoESaIS1_EED2Ev:
        1:  675:      ~vector() _GLIBCXX_NOEXCEPT
        -:  676:      {
        2:  677:	std::_Destroy(this->_M_impl._M_start, this->_M_impl._M_finish,
        1:  678:		      _M_get_Tp_allocator());
        1:  678-block  0
        -:  679:	_GLIBCXX_ASAN_ANNOTATE_BEFORE_DEALLOC;
        1:  680:      }
        1:  680-block  0
------------------
_ZNSt6vectorIN5Catch12_GLOBAL__N_110ColumnInfoESaIS2_EED2Ev:
        2:  675:      ~vector() _GLIBCXX_NOEXCEPT
        -:  676:      {
        4:  677:	std::_Destroy(this->_M_impl._M_start, this->_M_impl._M_finish,
        2:  678:		      _M_get_Tp_allocator());
        2:  678-block  0
        -:  679:	_GLIBCXX_ASAN_ANNOTATE_BEFORE_DEALLOC;
        2:  680:      }
        2:  680-block  0
------------------
_ZNSt6vectorIN5Catch13SummaryColumnESaIS1_EED2Ev:
    #####:  675:      ~vector() _GLIBCXX_NOEXCEPT
        -:  676:      {
    #####:  677:	std::_Destroy(this->_M_impl._M_start, this->_M_impl._M_finish,
    #####:  678:		      _M_get_Tp_allocator());
    %%%%%:  678-block  0
        -:  679:	_GLIBCXX_ASAN_ANNOTATE_BEFORE_DEALLOC;
    #####:  680:      }
    %%%%%:  680-block  0
------------------
_ZNSt6vectorIN5Catch14AssertionStatsESaIS1_EED2Ev:
    #####:  675:      ~vector() _GLIBCXX_NOEXCEPT
        -:  676:      {
    #####:  677:	std::_Destroy(this->_M_impl._M_start, this->_M_impl._M_finish,
    #####:  678:		      _M_get_Tp_allocator());
    %%%%%:  678-block  0
        -:  679:	_GLIBCXX_ASAN_ANNOTATE_BEFORE_DEALLOC;
    #####:  680:      }
    %%%%%:  680-block  0
------------------
_ZNSt6vectorIS_ISt10shared_ptrIN5Catch22CumulativeReporterBaseINS1_13JunitReporterEE11SectionNodeEESaIS6_EESaIS8_EED2Ev:
    #####:  675:      ~vector() _GLIBCXX_NOEXCEPT
        -:  676:      {
    #####:  677:	std::_Destroy(this->_M_impl._M_start, this->_M_impl._M_finish,
    #####:  678:		      _M_get_Tp_allocator());
    %%%%%:  678-block  0
        -:  679:	_GLIBCXX_ASAN_ANNOTATE_BEFORE_DEALLOC;
    #####:  680:      }
    %%%%%:  680-block  0
------------------
_ZNSt6vectorISt10shared_ptrIN5Catch22CumulativeReporterBaseINS1_13JunitReporterEE4NodeINS1_13TestCaseStatsENS4_11SectionNodeEEEESaIS9_EED2Ev:
    #####:  675:      ~vector() _GLIBCXX_NOEXCEPT
        -:  676:      {
    #####:  677:	std::_Destroy(this->_M_impl._M_start, this->_M_impl._M_finish,
    #####:  678:		      _M_get_Tp_allocator());
    %%%%%:  678-block  0
        -:  679:	_GLIBCXX_ASAN_ANNOTATE_BEFORE_DEALLOC;
    #####:  680:      }
    %%%%%:  680-block  0
------------------
_ZNSt6vectorISt10shared_ptrIN5Catch22CumulativeReporterBaseINS1_13JunitReporterEE4NodeINS1_14TestGroupStatsENS5_INS1_13TestCaseStatsENS4_11SectionNodeEEEEEESaISB_EED2Ev:
    #####:  675:      ~vector() _GLIBCXX_NOEXCEPT
        -:  676:      {
    #####:  677:	std::_Destroy(this->_M_impl._M_start, this->_M_impl._M_finish,
    #####:  678:		      _M_get_Tp_allocator());
    %%%%%:  678-block  0
        -:  679:	_GLIBCXX_ASAN_ANNOTATE_BEFORE_DEALLOC;
    #####:  680:      }
    %%%%%:  680-block  0
------------------
_ZNSt6vectorISt10shared_ptrIN5Catch22CumulativeReporterBaseINS1_13JunitReporterEE4NodeINS1_12TestRunStatsENS5_INS1_14TestGroupStatsENS5_INS1_13TestCaseStatsENS4_11SectionNodeEEEEEEEESaISD_EED2Ev:
    #####:  675:      ~vector() _GLIBCXX_NOEXCEPT
        -:  676:      {
    #####:  677:	std::_Destroy(this->_M_impl._M_start, this->_M_impl._M_finish,
    #####:  678:		      _M_get_Tp_allocator());
    %%%%%:  678-block  0
        -:  679:	_GLIBCXX_ASAN_ANNOTATE_BEFORE_DEALLOC;
    #####:  680:      }
    %%%%%:  680-block  0
------------------
_ZNSt6vectorISt10shared_ptrIN5Catch22CumulativeReporterBaseINS1_13JunitReporterEE11SectionNodeEESaIS6_EED2Ev:
    #####:  675:      ~vector() _GLIBCXX_NOEXCEPT
        -:  676:      {
    #####:  677:	std::_Destroy(this->_M_impl._M_start, this->_M_impl._M_finish,
    #####:  678:		      _M_get_Tp_allocator());
    %%%%%:  678-block  0
        -:  679:	_GLIBCXX_ASAN_ANNOTATE_BEFORE_DEALLOC;
    #####:  680:      }
    %%%%%:  680-block  0
------------------
_ZNSt6vectorISt10unique_ptrIN5Catch18IStreamingReporterESt14default_deleteIS2_EESaIS5_EED2Ev:
    #####:  675:      ~vector() _GLIBCXX_NOEXCEPT
        -:  676:      {
    #####:  677:	std::_Destroy(this->_M_impl._M_start, this->_M_impl._M_finish,
    #####:  678:		      _M_get_Tp_allocator());
    %%%%%:  678-block  0
        -:  679:	_GLIBCXX_ASAN_ANNOTATE_BEFORE_DEALLOC;
    #####:  680:      }
    %%%%%:  680-block  0
------------------
_ZNSt6vectorINSt15__exception_ptr13exception_ptrESaIS1_EED2Ev:
        1:  675:      ~vector() _GLIBCXX_NOEXCEPT
        -:  676:      {
        2:  677:	std::_Destroy(this->_M_impl._M_start, this->_M_impl._M_finish,
        1:  678:		      _M_get_Tp_allocator());
        1:  678-block  0
        -:  679:	_GLIBCXX_ASAN_ANNOTATE_BEFORE_DEALLOC;
        1:  680:      }
        1:  680-block  0
------------------
_ZNSt6vectorISt10unique_ptrINSt7__cxx1119basic_ostringstreamIcSt11char_traitsIcESaIcEEESt14default_deleteIS6_EESaIS9_EED2Ev:
    #####:  675:      ~vector() _GLIBCXX_NOEXCEPT
        -:  676:      {
    #####:  677:	std::_Destroy(this->_M_impl._M_start, this->_M_impl._M_finish,
    #####:  678:		      _M_get_Tp_allocator());
    %%%%%:  678-block  0
        -:  679:	_GLIBCXX_ASAN_ANNOTATE_BEFORE_DEALLOC;
    #####:  680:      }
    %%%%%:  680-block  0
------------------
_ZNSt6vectorISt4pairIlS_INSt7__cxx119sub_matchIN9__gnu_cxx17__normal_iteratorIPKcNS1_12basic_stringIcSt11char_traitsIcESaIcEEEEEEESaISD_EEESaISG_EED2Ev:
    #####:  675:      ~vector() _GLIBCXX_NOEXCEPT
        -:  676:      {
    #####:  677:	std::_Destroy(this->_M_impl._M_start, this->_M_impl._M_finish,
    #####:  678:		      _M_get_Tp_allocator());
    %%%%%:  678-block  0
    %%%%%:  678-block  1
        -:  679:	_GLIBCXX_ASAN_ANNOTATE_BEFORE_DEALLOC;
    #####:  680:      }
    %%%%%:  680-block  0
    %%%%%:  680-block  1
    %%%%%:  680-block  2
------------------
_ZNSt6vectorISt4pairINSt7__cxx1112basic_stringIcSt11char_traitsIcESaIcEEES6_ESaIS7_EED2Ev:
    #####:  675:      ~vector() _GLIBCXX_NOEXCEPT
        -:  676:      {
    #####:  677:	std::_Destroy(this->_M_impl._M_start, this->_M_impl._M_finish,
    #####:  678:		      _M_get_Tp_allocator());
    %%%%%:  678-block  0
        -:  679:	_GLIBCXX_ASAN_ANNOTATE_BEFORE_DEALLOC;
    #####:  680:      }
    %%%%%:  680-block  0
------------------
        -:  681:
        -:  682:      /**
        -:  683:       *  @brief  %Vector assignment operator.
        -:  684:       *  @param  __x  A %vector of identical element and allocator types.
        -:  685:       *
        -:  686:       *  All the elements of @a __x are copied, but any unused capacity in
        -:  687:       *  @a __x will not be copied.
        -:  688:       *
        -:  689:       *  Whether the allocator is copied depends on the allocator traits.
        -:  690:       */
        -:  691:      vector&
        -:  692:      operator=(const vector& __x);
        -:  693:
        -:  694:#if __cplusplus >= 201103L
        -:  695:      /**
        -:  696:       *  @brief  %Vector move assignment operator.
        -:  697:       *  @param  __x  A %vector of identical element and allocator types.
        -:  698:       *
        -:  699:       *  The contents of @a __x are moved into this %vector (without copying,
        -:  700:       *  if the allocators permit it).
        -:  701:       *  Afterwards @a __x is a valid, but unspecified %vector.
        -:  702:       *
        -:  703:       *  Whether the allocator is moved depends on the allocator traits.
        -:  704:       */
        -:  705:      vector&
       4*:  706:      operator=(vector&& __x) noexcept(_Alloc_traits::_S_nothrow_move())
        -:  707:      {
       2*:  708:	constexpr bool __move_storage =
        1:  708-block  0
        -:  709:	  _Alloc_traits::_S_propagate_on_move_assign()
        -:  710:	  || _Alloc_traits::_S_always_equal();
       4*:  711:	_M_move_assign(std::move(__x), __bool_constant<__move_storage>());
        2:  711-block  0
        1:  711-block  1
        -:  712:	return *this;
        -:  713:      }
        -:  714:
        -:  715:      /**
        -:  716:       *  @brief  %Vector list assignment operator.
        -:  717:       *  @param  __l  An initializer_list.
        -:  718:       *
        -:  719:       *  This function fills a %vector with copies of the elements in the
        -:  720:       *  initializer list @a __l.
        -:  721:       *
        -:  722:       *  Note that the assignment completely changes the %vector and
        -:  723:       *  that the resulting %vector's size is the same as the number
        -:  724:       *  of elements assigned.
        -:  725:       */
        -:  726:      vector&
        -:  727:      operator=(initializer_list<value_type> __l)
        -:  728:      {
        -:  729:	this->_M_assign_aux(__l.begin(), __l.end(),
        -:  730:			    random_access_iterator_tag());
        -:  731:	return *this;
        -:  732:      }
        -:  733:#endif
        -:  734:
        -:  735:      /**
        -:  736:       *  @brief  Assigns a given value to a %vector.
        -:  737:       *  @param  __n  Number of elements to be assigned.
        -:  738:       *  @param  __val  Value to be assigned.
        -:  739:       *
        -:  740:       *  This function fills a %vector with @a __n copies of the given
        -:  741:       *  value.  Note that the assignment completely changes the
        -:  742:       *  %vector and that the resulting %vector's size is the same as
        -:  743:       *  the number of elements assigned.
        -:  744:       */
        -:  745:      void
        -:  746:      assign(size_type __n, const value_type& __val)
        -:  747:      { _M_fill_assign(__n, __val); }
        -:  748:
        -:  749:      /**
        -:  750:       *  @brief  Assigns a range to a %vector.
        -:  751:       *  @param  __first  An input iterator.
        -:  752:       *  @param  __last   An input iterator.
        -:  753:       *
        -:  754:       *  This function fills a %vector with copies of the elements in the
        -:  755:       *  range [__first,__last).
        -:  756:       *
        -:  757:       *  Note that the assignment completely changes the %vector and
        -:  758:       *  that the resulting %vector's size is the same as the number
        -:  759:       *  of elements assigned.
        -:  760:       */
        -:  761:#if __cplusplus >= 201103L
        -:  762:      template<typename _InputIterator,
        -:  763:	       typename = std::_RequireInputIter<_InputIterator>>
        -:  764:	void
        -:  765:	assign(_InputIterator __first, _InputIterator __last)
        -:  766:	{ _M_assign_dispatch(__first, __last, __false_type()); }
        -:  767:#else
        -:  768:      template<typename _InputIterator>
        -:  769:	void
        -:  770:	assign(_InputIterator __first, _InputIterator __last)
        -:  771:	{
        -:  772:	  // Check whether it's an integral type.  If so, it's not an iterator.
        -:  773:	  typedef typename std::__is_integer<_InputIterator>::__type _Integral;
        -:  774:	  _M_assign_dispatch(__first, __last, _Integral());
        -:  775:	}
        -:  776:#endif
        -:  777:
        -:  778:#if __cplusplus >= 201103L
        -:  779:      /**
        -:  780:       *  @brief  Assigns an initializer list to a %vector.
        -:  781:       *  @param  __l  An initializer_list.
        -:  782:       *
        -:  783:       *  This function fills a %vector with copies of the elements in the
        -:  784:       *  initializer list @a __l.
        -:  785:       *
        -:  786:       *  Note that the assignment completely changes the %vector and
        -:  787:       *  that the resulting %vector's size is the same as the number
        -:  788:       *  of elements assigned.
        -:  789:       */
        -:  790:      void
        -:  791:      assign(initializer_list<value_type> __l)
        -:  792:      {
        -:  793:	this->_M_assign_aux(__l.begin(), __l.end(),
        -:  794:			    random_access_iterator_tag());
        -:  795:      }
        -:  796:#endif
        -:  797:
        -:  798:      /// Get a copy of the memory allocation object.
        -:  799:      using _Base::get_allocator;
        -:  800:
        -:  801:      // iterators
        -:  802:      /**
        -:  803:       *  Returns a read/write iterator that points to the first
        -:  804:       *  element in the %vector.  Iteration is done in ordinary
        -:  805:       *  element order.
        -:  806:       */
        -:  807:      iterator
      92*:  808:      begin() _GLIBCXX_NOEXCEPT
      86*:  809:      { return iterator(this->_M_impl._M_start); }
    %%%%%:  809-block  0
    %%%%%:  809-block  1
    %%%%%:  809-block  2
    %%%%%:  809-block  3
    %%%%%:  809-block  4
    %%%%%:  809-block  5
    %%%%%:  809-block  6
    %%%%%:  809-block  7
    %%%%%:  809-block  8
    %%%%%:  809-block  9
    %%%%%:  809-block 10
    %%%%%:  809-block 11
    %%%%%:  809-block 12
    %%%%%:  809-block 13
    %%%%%:  809-block 14
    %%%%%:  809-block 15
    %%%%%:  809-block 16
    %%%%%:  809-block 17
    %%%%%:  809-block 18
    %%%%%:  809-block 19
    %%%%%:  809-block 20
    %%%%%:  809-block 21
    %%%%%:  809-block 22
    %%%%%:  809-block 23
    %%%%%:  809-block 24
        2:  809-block 25
    %%%%%:  809-block 26
        2:  809-block 27
    %%%%%:  809-block 28
    %%%%%:  809-block 29
    %%%%%:  809-block 30
    %%%%%:  809-block 31
    %%%%%:  809-block 32
    %%%%%:  809-block 33
    %%%%%:  809-block 34
        -:  810:
        -:  811:      /**
        -:  812:       *  Returns a read-only (constant) iterator that points to the
        -:  813:       *  first element in the %vector.  Iteration is done in ordinary
        -:  814:       *  element order.
        -:  815:       */
        -:  816:      const_iterator
     917*:  817:      begin() const _GLIBCXX_NOEXCEPT
     917*:  818:      { return const_iterator(this->_M_impl._M_start); }
    %%%%%:  818-block  0
    %%%%%:  818-block  1
    %%%%%:  818-block  2
    %%%%%:  818-block  3
    %%%%%:  818-block  4
    %%%%%:  818-block  5
    %%%%%:  818-block  6
    %%%%%:  818-block  7
    %%%%%:  818-block  8
    %%%%%:  818-block  9
    %%%%%:  818-block 10
    %%%%%:  818-block 11
    %%%%%:  818-block 12
    %%%%%:  818-block 13
    %%%%%:  818-block 14
    %%%%%:  818-block 15
    %%%%%:  818-block 16
    %%%%%:  818-block 17
    %%%%%:  818-block 18
    %%%%%:  818-block 19
    %%%%%:  818-block 20
    %%%%%:  818-block 21
    %%%%%:  818-block 22
    %%%%%:  818-block 23
    %%%%%:  818-block 24
    %%%%%:  818-block 25
    %%%%%:  818-block 26
    %%%%%:  818-block 27
    %%%%%:  818-block 28
        1:  818-block 29
    %%%%%:  818-block 30
    %%%%%:  818-block 31
    %%%%%:  818-block 32
    %%%%%:  818-block 33
    %%%%%:  818-block 34
        2:  818-block 35
        2:  818-block 36
        2:  818-block 37
    %%%%%:  818-block 38
    %%%%%:  818-block 39
        1:  818-block 40
        1:  818-block 41
    %%%%%:  818-block 42
    %%%%%:  818-block 43
    %%%%%:  818-block 44
        1:  818-block 45
    %%%%%:  818-block 46
    %%%%%:  818-block 47
    %%%%%:  818-block 48
        1:  818-block 49
    %%%%%:  818-block 50
        1:  818-block 51
        2:  818-block 52
    %%%%%:  818-block 53
    %%%%%:  818-block 54
    %%%%%:  818-block 55
    %%%%%:  818-block 56
    %%%%%:  818-block 57
    %%%%%:  818-block 58
    %%%%%:  818-block 59
    %%%%%:  818-block 60
        1:  818-block 61
    %%%%%:  818-block 62
        1:  818-block 63
        1:  818-block 64
[...]
        -: 1754:      {
    #####: 1755:	if (max_size() - size() < __n)
    #####: 1756:	  __throw_length_error(__N(__s));
    %%%%%: 1756-block  0
        -: 1757:
    #####: 1758:	const size_type __len = size() + (std::max)(size(), __n);
    %%%%%: 1758-block  0
    #####: 1759:	return (__len < size() || __len > max_size()) ? max_size() : __len;
    %%%%%: 1759-block  0
        -: 1760:      }
------------------
_ZNKSt6vectorISt10shared_ptrIN5Catch22CumulativeReporterBaseINS1_13JunitReporterEE4NodeINS1_13TestCaseStatsENS4_11SectionNodeEEEESaIS9_EE12_M_check_lenEmPKc:
    #####: 1753:      _M_check_len(size_type __n, const char* __s) const
        -: 1754:      {
    #####: 1755:	if (max_size() - size() < __n)
    #####: 1756:	  __throw_length_error(__N(__s));
    %%%%%: 1756-block  0
        -: 1757:
    #####: 1758:	const size_type __len = size() + (std::max)(size(), __n);
    %%%%%: 1758-block  0
    #####: 1759:	return (__len < size() || __len > max_size()) ? max_size() : __len;
    %%%%%: 1759-block  0
        -: 1760:      }
------------------
_ZNKSt6vectorISt10shared_ptrIN5Catch22CumulativeReporterBaseINS1_13JunitReporterEE11SectionNodeEESaIS6_EE12_M_check_lenEmPKc:
    #####: 1753:      _M_check_len(size_type __n, const char* __s) const
        -: 1754:      {
    #####: 1755:	if (max_size() - size() < __n)
    #####: 1756:	  __throw_length_error(__N(__s));
    %%%%%: 1756-block  0
        -: 1757:
    #####: 1758:	const size_type __len = size() + (std::max)(size(), __n);
    %%%%%: 1758-block  0
    #####: 1759:	return (__len < size() || __len > max_size()) ? max_size() : __len;
    %%%%%: 1759-block  0
        -: 1760:      }
------------------
_ZNKSt6vectorIN5Catch14AssertionStatsESaIS1_EE12_M_check_lenEmPKc:
    #####: 1753:      _M_check_len(size_type __n, const char* __s) const
        -: 1754:      {
    #####: 1755:	if (max_size() - size() < __n)
    #####: 1756:	  __throw_length_error(__N(__s));
    %%%%%: 1756-block  0
        -: 1757:
    #####: 1758:	const size_type __len = size() + (std::max)(size(), __n);
    %%%%%: 1758-block  0
    #####: 1759:	return (__len < size() || __len > max_size()) ? max_size() : __len;
    %%%%%: 1759-block  0
        -: 1760:      }
------------------
_ZNKSt6vectorIN5Catch13SummaryColumnESaIS1_EE12_M_check_lenEmPKc:
    #####: 1753:      _M_check_len(size_type __n, const char* __s) const
        -: 1754:      {
    #####: 1755:	if (max_size() - size() < __n)
    #####: 1756:	  __throw_length_error(__N(__s));
    %%%%%: 1756-block  0
        -: 1757:
    #####: 1758:	const size_type __len = size() + (std::max)(size(), __n);
    %%%%%: 1758-block  0
    #####: 1759:	return (__len < size() || __len > max_size()) ? max_size() : __len;
    %%%%%: 1759-block  0
        -: 1760:      }
------------------
_ZNKSt6vectorIN5Catch11SectionInfoESaIS1_EE12_M_check_lenEmPKc:
        1: 1753:      _M_check_len(size_type __n, const char* __s) const
        -: 1754:      {
        1: 1755:	if (max_size() - size() < __n)
    #####: 1756:	  __throw_length_error(__N(__s));
    %%%%%: 1756-block  0
        -: 1757:
        1: 1758:	const size_type __len = size() + (std::max)(size(), __n);
        1: 1758-block  0
        1: 1759:	return (__len < size() || __len > max_size()) ? max_size() : __len;
        1: 1759-block  0
        -: 1760:      }
------------------
_ZNKSt6vectorISt10shared_ptrIN5Catch8TestSpec7PatternEESaIS4_EE12_M_check_lenEmPKc:
    #####: 1753:      _M_check_len(size_type __n, const char* __s) const
        -: 1754:      {
    #####: 1755:	if (max_size() - size() < __n)
    #####: 1756:	  __throw_length_error(__N(__s));
    %%%%%: 1756-block  0
        -: 1757:
    #####: 1758:	const size_type __len = size() + (std::max)(size(), __n);
    %%%%%: 1758-block  0
    #####: 1759:	return (__len < size() || __len > max_size()) ? max_size() : __len;
    %%%%%: 1759-block  0
        -: 1760:      }
------------------
_ZNKSt6vectorISt10unique_ptrINSt7__cxx1119basic_ostringstreamIcSt11char_traitsIcESaIcEEESt14default_deleteIS6_EESaIS9_EE12_M_check_lenEmPKc:
    #####: 1753:      _M_check_len(size_type __n, const char* __s) const
        -: 1754:      {
    #####: 1755:	if (max_size() - size() < __n)
    #####: 1756:	  __throw_length_error(__N(__s));
    %%%%%: 1756-block  0
        -: 1757:
    #####: 1758:	const size_type __len = size() + (std::max)(size(), __n);
    %%%%%: 1758-block  0
    #####: 1759:	return (__len < size() || __len > max_size()) ? max_size() : __len;
    %%%%%: 1759-block  0
        -: 1760:      }
------------------
_ZNKSt6vectorIPN5Catch16TestCaseTracking8ITrackerESaIS3_EE12_M_check_lenEmPKc:
    #####: 1753:      _M_check_len(size_type __n, const char* __s) const
        -: 1754:      {
    #####: 1755:	if (max_size() - size() < __n)
    #####: 1756:	  __throw_length_error(__N(__s));
    %%%%%: 1756-block  0
        -: 1757:
    #####: 1758:	const size_type __len = size() + (std::max)(size(), __n);
    %%%%%: 1758-block  0
    #####: 1759:	return (__len < size() || __len > max_size()) ? max_size() : __len;
    %%%%%: 1759-block  0
        -: 1760:      }
------------------
        -: 1761:
        -: 1762:      // Called by constructors to check initial size.
        -: 1763:      static size_type
    #####: 1764:      _S_check_init_len(size_type __n, const allocator_type& __a)
    %%%%%: 1764-block  0
        -: 1765:      {
    #####: 1766:	if (__n > _S_max_size(_Tp_alloc_type(__a)))
    #####: 1767:	  __throw_length_error(
    %%%%%: 1767-block  0
        -: 1768:	      __N("cannot create std::vector larger than max_size()"));
        -: 1769:	return __n;
        -: 1770:      }
        -: 1771:
        -: 1772:      static size_type
     156*: 1773:      _S_max_size(const _Tp_alloc_type& __a) _GLIBCXX_NOEXCEPT
        -: 1774:      {
        -: 1775:	// std::distance(begin(), end()) cannot be greater than PTRDIFF_MAX,
        -: 1776:	// and realistically we can't store more than PTRDIFF_MAX/sizeof(T)
        -: 1777:	// (even if std::allocator_traits::max_size says we can).
        -: 1778:	const size_t __diffmax
        -: 1779:	  = __gnu_cxx::__numeric_traits<ptrdiff_t>::__max / sizeof(_Tp);
     156*: 1780:	const size_t __allocmax = _Alloc_traits::max_size(__a);
    %%%%%: 1780-block  0
    %%%%%: 1780-block  1
    %%%%%: 1780-block  2
    %%%%%: 1780-block  3
    %%%%%: 1780-block  4
    %%%%%: 1780-block  5
    %%%%%: 1780-block  6
    %%%%%: 1780-block  7
    %%%%%: 1780-block  8
    %%%%%: 1780-block  9
    %%%%%: 1780-block 10
    %%%%%: 1780-block 11
    %%%%%: 1780-block 12
    %%%%%: 1780-block 13
    %%%%%: 1780-block 14
    %%%%%: 1780-block 15
    %%%%%: 1780-block 16
    %%%%%: 1780-block 17
    %%%%%: 1780-block 18
    %%%%%: 1780-block 19
    %%%%%: 1780-block 20
    %%%%%: 1780-block 21
    %%%%%: 1780-block 22
    %%%%%: 1780-block 23
    %%%%%: 1780-block 24
    %%%%%: 1780-block 25
    %%%%%: 1780-block 26
    %%%%%: 1780-block 27
    %%%%%: 1780-block 28
    %%%%%: 1780-block 29
    %%%%%: 1780-block 30
        1: 1780-block 31
        1: 1780-block 32
    %%%%%: 1780-block 33
    %%%%%: 1780-block 34
    %%%%%: 1780-block 35
    %%%%%: 1780-block 36
    %%%%%: 1780-block 37
    %%%%%: 1780-block 38
    %%%%%: 1780-block 39
    %%%%%: 1780-block 40
    %%%%%: 1780-block 41
    %%%%%: 1780-block 42
    %%%%%: 1780-block 43
    %%%%%: 1780-block 44
    %%%%%: 1780-block 45
    %%%%%: 1780-block 46
        2: 1780-block 47
        2: 1780-block 48
        2: 1780-block 49
        2: 1780-block 50
    %%%%%: 1780-block 51
    %%%%%: 1780-block 52
    %%%%%: 1780-block 53
    %%%%%: 1780-block 54
        1: 1780-block 55
        1: 1780-block 56
    %%%%%: 1780-block 57
    %%%%%: 1780-block 58
    %%%%%: 1780-block 59
    %%%%%: 1780-block 60
    %%%%%: 1780-block 61
    %%%%%: 1780-block 62
    %%%%%: 1780-block 63
    %%%%%: 1780-block 64
       26: 1780-block 65
       26: 1780-block 66
        1: 1780-block 67
        1: 1780-block 68
    %%%%%: 1780-block 69
    %%%%%: 1780-block 70
    %%%%%: 1780-block 71
    %%%%%: 1780-block 72
       45: 1780-block 73
       45: 1780-block 74
    %%%%%: 1780-block 75
    %%%%%: 1780-block 76
    %%%%%: 1780-block 77
    %%%%%: 1780-block 78
     156*: 1781:	return (std::min)(__diffmax, __allocmax);
    %%%%%: 1781-block  0
    %%%%%: 1781-block  1
    %%%%%: 1781-block  2
    %%%%%: 1781-block  3
    %%%%%: 1781-block  4
    %%%%%: 1781-block  5
    %%%%%: 1781-block  6
    %%%%%: 1781-block  7
    %%%%%: 1781-block  8
    %%%%%: 1781-block  9
    %%%%%: 1781-block 10
    %%%%%: 1781-block 11
    %%%%%: 1781-block 12
    %%%%%: 1781-block 13
    %%%%%: 1781-block 14
    %%%%%: 1781-block 15
    %%%%%: 1781-block 16
    %%%%%: 1781-block 17
    %%%%%: 1781-block 18
    %%%%%: 1781-block 19
    %%%%%: 1781-block 20
    %%%%%: 1781-block 21
    %%%%%: 1781-block 22
    %%%%%: 1781-block 23
    %%%%%: 1781-block 24
    %%%%%: 1781-block 25
    %%%%%: 1781-block 26
    %%%%%: 1781-block 27
    %%%%%: 1781-block 28
    %%%%%: 1781-block 29
    %%%%%: 1781-block 30
        1: 1781-block 31
        1: 1781-block 32
    %%%%%: 1781-block 33
    %%%%%: 1781-block 34
    %%%%%: 1781-block 35
    %%%%%: 1781-block 36
    %%%%%: 1781-block 37
    %%%%%: 1781-block 38
    %%%%%: 1781-block 39
    %%%%%: 1781-block 40
    %%%%%: 1781-block 41
    %%%%%: 1781-block 42
    %%%%%: 1781-block 43
    %%%%%: 1781-block 44
    %%%%%: 1781-block 45
    %%%%%: 1781-block 46
        2: 1781-block 47
        2: 1781-block 48
        2: 1781-block 49
        2: 1781-block 50
    %%%%%: 1781-block 51
    %%%%%: 1781-block 52
    %%%%%: 1781-block 53
    %%%%%: 1781-block 54
        1: 1781-block 55
        1: 1781-block 56
    %%%%%: 1781-block 57
    %%%%%: 1781-block 58
    %%%%%: 1781-block 59
    %%%%%: 1781-block 60
    %%%%%: 1781-block 61
    %%%%%: 1781-block 62
    %%%%%: 1781-block 63
    %%%%%: 1781-block 64
       26: 1781-block 65
       26: 1781-block 66
        1: 1781-block 67
        1: 1781-block 68
    %%%%%: 1781-block 69
    %%%%%: 1781-block 70
    %%%%%: 1781-block 71
    %%%%%: 1781-block 72
       45: 1781-block 73
       45: 1781-block 74
    %%%%%: 1781-block 75
    %%%%%: 1781-block 76
    %%%%%: 1781-block 77
    %%%%%: 1781-block 78
        -: 1782:      }
        -: 1783:
        -: 1784:      // Internal erase functions follow.
        -: 1785:
        -: 1786:      // Called by erase(q1,q2), clear(), resize(), _M_fill_assign,
        -: 1787:      // _M_assign_aux.
        -: 1788:      void
      19*: 1789:      _M_erase_at_end(pointer __pos) _GLIBCXX_NOEXCEPT
        -: 1790:      {
      17*: 1791:	if (size_type __n = this->_M_impl._M_finish - __pos)
    %%%%%: 1791-block  0
    %%%%%: 1791-block  1
    %%%%%: 1791-block  2
    %%%%%: 1791-block  3
    %%%%%: 1791-block  4
    %%%%%: 1791-block  5
        2: 1791-block  6
        2: 1791-block  7
        2: 1791-block  8
    %%%%%: 1791-block  9
    %%%%%: 1791-block 10
        -: 1792:	  {
    #####: 1793:	    std::_Destroy(__pos, this->_M_impl._M_finish,
    #####: 1794:			  _M_get_Tp_allocator());
    %%%%%: 1794-block  0
    %%%%%: 1794-block  1
    %%%%%: 1794-block  2
    %%%%%: 1794-block  3
    %%%%%: 1794-block  4
    %%%%%: 1794-block  5
    %%%%%: 1794-block  6
    %%%%%: 1794-block  7
    %%%%%: 1794-block  8
    %%%%%: 1794-block  9
    %%%%%: 1794-block 10
    %%%%%: 1794-block 11
    %%%%%: 1794-block 12
    #####: 1795:	    this->_M_impl._M_finish = __pos;
    %%%%%: 1795-block  0
    %%%%%: 1795-block  1
    %%%%%: 1795-block  2
    %%%%%: 1795-block  3
    %%%%%: 1795-block  4
    %%%%%: 1795-block  5
    %%%%%: 1795-block  6
    %%%%%: 1795-block  7
    %%%%%: 1795-block  8
    %%%%%: 1795-block  9
    %%%%%: 1795-block 10
    %%%%%: 1795-block 11
    %%%%%: 1795-block 12
        -: 1796:	    _GLIBCXX_ASAN_ANNOTATE_SHRINK(__n);
        -: 1797:	  }
        -: 1798:      }
        -: 1799:
        -: 1800:      iterator
        -: 1801:      _M_erase(iterator __position);
        -: 1802:
        -: 1803:      iterator
        -: 1804:      _M_erase(iterator __first, iterator __last);
        -: 1805:
        -: 1806:#if __cplusplus >= 201103L
        -: 1807:    private:
        -: 1808:      // Constant-time move assignment when source object's memory can be
        -: 1809:      // moved, either because the source's allocator will move too
        -: 1810:      // or because the allocators are equal.
        -: 1811:      void
    #####: 1812:      _M_move_assign(vector&& __x, true_type) noexcept
        -: 1813:      {
    #####: 1814:	vector __tmp(get_allocator());
    %%%%%: 1814-block  0
    %%%%%: 1814-block  1
    #####: 1815:	this->_M_impl._M_swap_data(__x._M_impl);
    #####: 1816:	__tmp._M_impl._M_swap_data(__x._M_impl);
    #####: 1817:	std::__alloc_on_move(_M_get_Tp_allocator(), __x._M_get_Tp_allocator());
    %%%%%: 1817-block  0
        -: 1818:      }
        -: 1819:
        -: 1820:      // Do move assignment when it might not be possible to move source
        -: 1821:      // object's memory, resulting in a linear-time operation.
        -: 1822:      void
        -: 1823:      _M_move_assign(vector&& __x, false_type)
        -: 1824:      {
        -: 1825:	if (__x._M_get_Tp_allocator() == this->_M_get_Tp_allocator())
        -: 1826:	  _M_move_assign(std::move(__x), true_type());
        -: 1827:	else
        -: 1828:	  {
        -: 1829:	    // The rvalue's allocator cannot be moved and is not equal,
        -: 1830:	    // so we need to individually move each element.
        -: 1831:	    this->assign(std::__make_move_if_noexcept_iterator(__x.begin()),
        -: 1832:			 std::__make_move_if_noexcept_iterator(__x.end()));
        -: 1833:	    __x.clear();
        -: 1834:	  }
        -: 1835:      }
        -: 1836:#endif
        -: 1837:
        -: 1838:      template<typename _Up>
        -: 1839:	_Up*
    #####: 1840:	_M_data_ptr(_Up* __ptr) const _GLIBCXX_NOEXCEPT
    %%%%%: 1840-block  0
        -: 1841:	{ return __ptr; }
        -: 1842:
        -: 1843:#if __cplusplus >= 201103L
        -: 1844:      template<typename _Ptr>
        -: 1845:	typename std::pointer_traits<_Ptr>::element_type*
        -: 1846:	_M_data_ptr(_Ptr __ptr) const
        -: 1847:	{ return empty() ? nullptr : std::__to_address(__ptr); }
        -: 1848:#else
        -: 1849:      template<typename _Up>
        -: 1850:	_Up*
        -: 1851:	_M_data_ptr(_Up* __ptr) _GLIBCXX_NOEXCEPT
        -: 1852:	{ return __ptr; }
        -: 1853:
        -: 1854:      template<typename _Ptr>
        -: 1855:	value_type*
        -: 1856:	_M_data_ptr(_Ptr __ptr)
        -: 1857:	{ return empty() ? (value_type*)0 : __ptr.operator->(); }
        -: 1858:
        -: 1859:      template<typename _Ptr>
        -: 1860:	const value_type*
        -: 1861:	_M_data_ptr(_Ptr __ptr) const
        -: 1862:	{ return empty() ? (const value_type*)0 : __ptr.operator->(); }
        -: 1863:#endif
        -: 1864:    };
        -: 1865:
        -: 1866:#if __cpp_deduction_guides >= 201606
        -: 1867:  template<typename _InputIterator, typename _ValT
        -: 1868:	     = typename iterator_traits<_InputIterator>::value_type,
        -: 1869:	   typename _Allocator = allocator<_ValT>,
        -: 1870:	   typename = _RequireInputIter<_InputIterator>,
        -: 1871:	   typename = _RequireAllocator<_Allocator>>
        -: 1872:    vector(_InputIterator, _InputIterator, _Allocator = _Allocator())
        -: 1873:      -> vector<_ValT, _Allocator>;
        -: 1874:#endif
        -: 1875:
        -: 1876:  /**
        -: 1877:   *  @brief  Vector equality comparison.
        -: 1878:   *  @param  __x  A %vector.
        -: 1879:   *  @param  __y  A %vector of the same type as @a __x.
        -: 1880:   *  @return  True iff the size and elements of the vectors are equal.
        -: 1881:   *
        -: 1882:   *  This is an equivalence relation.  It is linear in the size of the
        -: 1883:   *  vectors.  Vectors are considered equivalent if their sizes are equal,
        -: 1884:   *  and if corresponding elements compare equal.
        -: 1885:  */
        -: 1886:  template<typename _Tp, typename _Alloc>
        -: 1887:    inline bool
    #####: 1888:    operator==(const vector<_Tp, _Alloc>& __x, const vector<_Tp, _Alloc>& __y)
    #####: 1889:    { return (__x.size() == __y.size()
    #####: 1890:	      && std::equal(__x.begin(), __x.end(), __y.begin())); }
    %%%%%: 1890-block  0
    %%%%%: 1890-block  1
        -: 1891:
        -: 1892:  /**
        -: 1893:   *  @brief  Vector ordering relation.
        -: 1894:   *  @param  __x  A %vector.
        -: 1895:   *  @param  __y  A %vector of the same type as @a __x.
        -: 1896:   *  @return  True iff @a __x is lexicographically less than @a __y.
        -: 1897:   *
        -: 1898:   *  This is a total ordering relation.  It is linear in the size of the
        -: 1899:   *  vectors.  The elements must be comparable with @c <.
        -: 1900:   *
        -: 1901:   *  See std::lexicographical_compare() for how the determination is made.
        -: 1902:  */
        -: 1903:  template<typename _Tp, typename _Alloc>
        -: 1904:    inline bool
        -: 1905:    operator<(const vector<_Tp, _Alloc>& __x, const vector<_Tp, _Alloc>& __y)
        -: 1906:    { return std::lexicographical_compare(__x.begin(), __x.end(),
        -: 1907:					  __y.begin(), __y.end()); }
        -: 1908:
        -: 1909:  /// Based on operator==
        -: 1910:  template<typename _Tp, typename _Alloc>
        -: 1911:    inline bool
    #####: 1912:    operator!=(const vector<_Tp, _Alloc>& __x, const vector<_Tp, _Alloc>& __y)
    #####: 1913:    { return !(__x == __y); }
    %%%%%: 1913-block  0
        -: 1914:
        -: 1915:  /// Based on operator<
        -: 1916:  template<typename _Tp, typename _Alloc>
        -: 1917:    inline bool
        -: 1918:    operator>(const vector<_Tp, _Alloc>& __x, const vector<_Tp, _Alloc>& __y)
        -: 1919:    { return __y < __x; }
        -: 1920:
        -: 1921:  /// Based on operator<
        -: 1922:  template<typename _Tp, typename _Alloc>
        -: 1923:    inline bool
        -: 1924:    operator<=(const vector<_Tp, _Alloc>& __x, const vector<_Tp, _Alloc>& __y)
        -: 1925:    { return !(__y < __x); }
        -: 1926:
        -: 1927:  /// Based on operator<
        -: 1928:  template<typename _Tp, typename _Alloc>
        -: 1929:    inline bool
        -: 1930:    operator>=(const vector<_Tp, _Alloc>& __x, const vector<_Tp, _Alloc>& __y)
        -: 1931:    { return !(__x < __y); }
        -: 1932:
        -: 1933:  /// See std::vector::swap().
        -: 1934:  template<typename _Tp, typename _Alloc>
        -: 1935:    inline void
        -: 1936:    swap(vector<_Tp, _Alloc>& __x, vector<_Tp, _Alloc>& __y)
        -: 1937:    _GLIBCXX_NOEXCEPT_IF(noexcept(__x.swap(__y)))
        -: 1938:    { __x.swap(__y); }
        -: 1939:
        -: 1940:_GLIBCXX_END_NAMESPACE_CONTAINER
        -: 1941:
        -: 1942:#if __cplusplus >= 201703L
        -: 1943:  namespace __detail::__variant
        -: 1944:  {
        -: 1945:    template<typename> struct _Never_valueless_alt; // see <variant>
        -: 1946:
        -: 1947:    // Provide the strong exception-safety guarantee when emplacing a
        -: 1948:    // vector into a variant, but only if move assignment cannot throw.
        -: 1949:    template<typename _Tp, typename _Alloc>
        -: 1950:      struct _Never_valueless_alt<_GLIBCXX_STD_C::vector<_Tp, _Alloc>>
        -: 1951:      : std::is_nothrow_move_assignable<_GLIBCXX_STD_C::vector<_Tp, _Alloc>>
        -: 1952:      { };
        -: 1953:  }  // namespace __detail::__variant
        -: 1954:#endif // C++17
        -: 1955:
        -: 1956:_GLIBCXX_END_NAMESPACE_VERSION
        -: 1957:} // namespace std
        -: 1958:
        -: 1959:#endif /* _STL_VECTOR_H */
