        -:    0:Source:/usr/include/c++/9.2.1/bits/ptr_traits.h
        -:    0:Graph:/home/cheg/Repos/Master/SpikeLibrary/cmake-build-debug/test/CMakeFiles/test_spike.dir/test_main.cpp.gcno
        -:    0:Data:/home/cheg/Repos/Master/SpikeLibrary/cmake-build-debug/test/CMakeFiles/test_spike.dir/test_main.cpp.gcda
        -:    0:Runs:1
        -:    1:// Pointer Traits -*- C++ -*-
        -:    2:
        -:    3:// Copyright (C) 2011-2019 Free Software Foundation, Inc.
        -:    4://
        -:    5:// This file is part of the GNU ISO C++ Library.  This library is free
        -:    6:// software; you can redistribute it and/or modify it under the
        -:    7:// terms of the GNU General Public License as published by the
        -:    8:// Free Software Foundation; either version 3, or (at your option)
        -:    9:// any later version.
        -:   10:
        -:   11:// This library is distributed in the hope that it will be useful,
        -:   12:// but WITHOUT ANY WARRANTY; without even the implied warranty of
        -:   13:// MERCHANTABILITY or FITNESS FOR A PARTICULAR PURPOSE.  See the
        -:   14:// GNU General Public License for more details.
        -:   15:
        -:   16:// Under Section 7 of GPL version 3, you are granted additional
        -:   17:// permissions described in the GCC Runtime Library Exception, version
        -:   18:// 3.1, as published by the Free Software Foundation.
        -:   19:
        -:   20:// You should have received a copy of the GNU General Public License and
        -:   21:// a copy of the GCC Runtime Library Exception along with this program;
        -:   22:// see the files COPYING3 and COPYING.RUNTIME respectively.  If not, see
        -:   23:// <http://www.gnu.org/licenses/>.
        -:   24:
        -:   25:/** @file bits/ptr_traits.h
        -:   26: *  This is an internal header file, included by other library headers.
        -:   27: *  Do not attempt to use it directly. @headername{memory}
        -:   28: */
        -:   29:
        -:   30:#ifndef _PTR_TRAITS_H
        -:   31:#define _PTR_TRAITS_H 1
        -:   32:
        -:   33:#if __cplusplus >= 201103L
        -:   34:
        -:   35:#include <bits/move.h>
        -:   36:
        -:   37:namespace std _GLIBCXX_VISIBILITY(default)
        -:   38:{
        -:   39:_GLIBCXX_BEGIN_NAMESPACE_VERSION
        -:   40:
        -:   41:  class __undefined;
        -:   42:
        -:   43:  // Given Template<T, ...> return T, otherwise invalid.
        -:   44:  template<typename _Tp>
        -:   45:    struct __get_first_arg
        -:   46:    { using type = __undefined; };
        -:   47:
        -:   48:  template<template<typename, typename...> class _Template, typename _Tp,
        -:   49:           typename... _Types>
        -:   50:    struct __get_first_arg<_Template<_Tp, _Types...>>
        -:   51:    { using type = _Tp; };
        -:   52:
        -:   53:  template<typename _Tp>
        -:   54:    using __get_first_arg_t = typename __get_first_arg<_Tp>::type;
        -:   55:
        -:   56:  // Given Template<T, ...> and U return Template<U, ...>, otherwise invalid.
        -:   57:  template<typename _Tp, typename _Up>
        -:   58:    struct __replace_first_arg
        -:   59:    { };
        -:   60:
        -:   61:  template<template<typename, typename...> class _Template, typename _Up,
        -:   62:           typename _Tp, typename... _Types>
        -:   63:    struct __replace_first_arg<_Template<_Tp, _Types...>, _Up>
        -:   64:    { using type = _Template<_Up, _Types...>; };
        -:   65:
        -:   66:  template<typename _Tp, typename _Up>
        -:   67:    using __replace_first_arg_t = typename __replace_first_arg<_Tp, _Up>::type;
        -:   68:
        -:   69:  template<typename _Tp>
        -:   70:    using __make_not_void
        -:   71:      = typename conditional<is_void<_Tp>::value, __undefined, _Tp>::type;
        -:   72:
        -:   73:  /**
        -:   74:   * @brief  Uniform interface to all pointer-like types
        -:   75:   * @ingroup pointer_abstractions
        -:   76:  */
        -:   77:  template<typename _Ptr>
        -:   78:    struct pointer_traits
        -:   79:    {
        -:   80:    private:
        -:   81:      template<typename _Tp>
        -:   82:	using __element_type = typename _Tp::element_type;
        -:   83:
        -:   84:      template<typename _Tp>
        -:   85:	using __difference_type = typename _Tp::difference_type;
        -:   86:
        -:   87:      template<typename _Tp, typename _Up, typename = void>
        -:   88:	struct __rebind : __replace_first_arg<_Tp, _Up> { };
        -:   89:
        -:   90:      template<typename _Tp, typename _Up>
        -:   91:	struct __rebind<_Tp, _Up, __void_t<typename _Tp::template rebind<_Up>>>
        -:   92:	{ using type = typename _Tp::template rebind<_Up>; };
        -:   93:
        -:   94:    public:
        -:   95:      /// The pointer type.
        -:   96:      using pointer = _Ptr;
        -:   97:
        -:   98:      /// The type pointed to.
        -:   99:      using element_type
        -:  100:	= __detected_or_t<__get_first_arg_t<_Ptr>, __element_type, _Ptr>;
        -:  101:
        -:  102:      /// The type used to represent the difference between two pointers.
        -:  103:      using difference_type
        -:  104:	= __detected_or_t<ptrdiff_t, __difference_type, _Ptr>;
        -:  105:
        -:  106:      /// A pointer to a different type.
        -:  107:      template<typename _Up>
        -:  108:        using rebind = typename __rebind<_Ptr, _Up>::type;
        -:  109:
        -:  110:      static _Ptr
        -:  111:      pointer_to(__make_not_void<element_type>& __e)
        -:  112:      { return _Ptr::pointer_to(__e); }
        -:  113:
        -:  114:      static_assert(!is_same<element_type, __undefined>::value,
        -:  115:	  "pointer type defines element_type or is like SomePointer<T, Args>");
        -:  116:    };
        -:  117:
        -:  118:  /**
        -:  119:   * @brief  Partial specialization for built-in pointers.
        -:  120:   * @ingroup pointer_abstractions
        -:  121:  */
        -:  122:  template<typename _Tp>
        -:  123:    struct pointer_traits<_Tp*>
        -:  124:    {
        -:  125:      /// The pointer type
        -:  126:      typedef _Tp* pointer;
        -:  127:      /// The type pointed to
        -:  128:      typedef _Tp  element_type;
        -:  129:      /// Type used to represent the difference between two pointers
        -:  130:      typedef ptrdiff_t difference_type;
        -:  131:
        -:  132:      template<typename _Up>
        -:  133:        using rebind = _Up*;
        -:  134:
        -:  135:      /**
        -:  136:       *  @brief  Obtain a pointer to an object
        -:  137:       *  @param  __r  A reference to an object of type @c element_type
        -:  138:       *  @return @c addressof(__r)
        -:  139:      */
        -:  140:      static _GLIBCXX20_CONSTEXPR pointer
    3252*:  141:      pointer_to(__make_not_void<element_type>& __r) noexcept
    %%%%%:  141-block  0
    %%%%%:  141-block  1
    %%%%%:  141-block  2
    %%%%%:  141-block  3
    %%%%%:  141-block  4
    %%%%%:  141-block  5
    $$$$$:  141-block  6
    $$$$$:  141-block  7
    $$$$$:  141-block  8
    $$$$$:  141-block  9
    $$$$$:  141-block 10
    %%%%%:  141-block 11
    %%%%%:  141-block 12
    %%%%%:  141-block 13
    %%%%%:  141-block 14
    $$$$$:  141-block 15
    $$$$$:  141-block 16
    $$$$$:  141-block 17
    %%%%%:  141-block 18
    %%%%%:  141-block 19
    %%%%%:  141-block 20
    %%%%%:  141-block 21
    $$$$$:  141-block 22
    $$$$$:  141-block 23
    $$$$$:  141-block 24
    %%%%%:  141-block 25
    %%%%%:  141-block 26
    %%%%%:  141-block 27
    %%%%%:  141-block 28
    $$$$$:  141-block 29
    $$$$$:  141-block 30
    $$$$$:  141-block 31
    %%%%%:  141-block 32
    %%%%%:  141-block 33
    %%%%%:  141-block 34
    %%%%%:  141-block 35
    $$$$$:  141-block 36
    $$$$$:  141-block 37
    $$$$$:  141-block 38
    %%%%%:  141-block 39
    %%%%%:  141-block 40
    %%%%%:  141-block 41
    $$$$$:  141-block 42
    $$$$$:  141-block 43
    %%%%%:  141-block 44
    %%%%%:  141-block 45
    %%%%%:  141-block 46
    $$$$$:  141-block 47
    $$$$$:  141-block 48
    %%%%%:  141-block 49
    %%%%%:  141-block 50
    %%%%%:  141-block 51
    $$$$$:  141-block 52
    $$$$$:  141-block 53
    $$$$$:  141-block 54
    %%%%%:  141-block 55
    %%%%%:  141-block 56
    %%%%%:  141-block 57
    %%%%%:  141-block 58
    $$$$$:  141-block 59
    $$$$$:  141-block 60
    %%%%%:  141-block 61
    %%%%%:  141-block 62
    $$$$$:  141-block 63
    %%%%%:  141-block 64
    %%%%%:  141-block 65
    %%%%%:  141-block 66
    %%%%%:  141-block 67
    $$$$$:  141-block 68
    $$$$$:  141-block 69
    %%%%%:  141-block 70
    %%%%%:  141-block 71
    $$$$$:  141-block 72
    %%%%%:  141-block 73
    %%%%%:  141-block 74
    %%%%%:  141-block 75
    %%%%%:  141-block 76
    $$$$$:  141-block 77
    $$$$$:  141-block 78
    %%%%%:  141-block 79
    %%%%%:  141-block 80
    %%%%%:  141-block 81
    %%%%%:  141-block 82
    $$$$$:  141-block 83
    $$$$$:  141-block 84
    %%%%%:  141-block 85
    %%%%%:  141-block 86
    %%%%%:  141-block 87
    %%%%%:  141-block 88
    $$$$$:  141-block 89
    $$$$$:  141-block 90
    %%%%%:  141-block 91
    %%%%%:  141-block 92
    %%%%%:  141-block 93
    %%%%%:  141-block 94
    $$$$$:  141-block 95
    $$$$$:  141-block 96
    %%%%%:  141-block 97
    %%%%%:  141-block 98
    %%%%%:  141-block 99
    %%%%%:  141-block 100
    $$$$$:  141-block 101
    $$$$$:  141-block 102
    %%%%%:  141-block 103
    %%%%%:  141-block 104
    %%%%%:  141-block 105
    %%%%%:  141-block 106
    $$$$$:  141-block 107
    $$$$$:  141-block 108
    %%%%%:  141-block 109
    %%%%%:  141-block 110
    %%%%%:  141-block 111
    $$$$$:  141-block 112
    $$$$$:  141-block 113
    %%%%%:  141-block 114
    %%%%%:  141-block 115
    $$$$$:  141-block 116
    $$$$$:  141-block 117
    %%%%%:  141-block 118
    %%%%%:  141-block 119
    $$$$$:  141-block 120
    %%%%%:  141-block 121
    %%%%%:  141-block 122
    %%%%%:  141-block 123
    %%%%%:  141-block 124
    %%%%%:  141-block 125
    %%%%%:  141-block 126
    %%%%%:  141-block 127
    $$$$$:  141-block 128
    $$$$$:  141-block 129
        3:  141-block 130
    %%%%%:  141-block 131
    %%%%%:  141-block 132
    %%%%%:  141-block 133
    $$$$$:  141-block 134
    %%%%%:  141-block 135
    %%%%%:  141-block 136
    %%%%%:  141-block 137
    %%%%%:  141-block 138
    %%%%%:  141-block 139
    %%%%%:  141-block 140
    $$$$$:  141-block 141
    %%%%%:  141-block 142
    $$$$$:  141-block 143
    %%%%%:  141-block 144
    %%%%%:  141-block 145
    %%%%%:  141-block 146
    $$$$$:  141-block 147
    %%%%%:  141-block 148
    %%%%%:  141-block 149
    $$$$$:  141-block 150
    %%%%%:  141-block 151
    %%%%%:  141-block 152
    $$$$$:  141-block 153
    %%%%%:  141-block 154
    %%%%%:  141-block 155
    %%%%%:  141-block 156
    %%%%%:  141-block 157
    $$$$$:  141-block 158
    $$$$$:  141-block 159
    %%%%%:  141-block 160
    $$$$$:  141-block 161
    $$$$$:  141-block 162
    %%%%%:  141-block 163
    $$$$$:  141-block 164
    $$$$$:  141-block 165
    %%%%%:  141-block 166
    %%%%%:  141-block 167
    %%%%%:  141-block 168
    %%%%%:  141-block 169
    $$$$$:  141-block 170
    $$$$$:  141-block 171
    %%%%%:  141-block 172
    $$$$$:  141-block 173
    $$$$$:  141-block 174
    %%%%%:  141-block 175
    $$$$$:  141-block 176
    $$$$$:  141-block 177
    %%%%%:  141-block 178
    $$$$$:  141-block 179
    %%%%%:  141-block 180
    $$$$$:  141-block 181
    %%%%%:  141-block 182
    $$$$$:  141-block 183
    %%%%%:  141-block 184
    $$$$$:  141-block 185
    %%%%%:  141-block 186
    $$$$$:  141-block 187
    %%%%%:  141-block 188
    $$$$$:  141-block 189
    %%%%%:  141-block 190
    $$$$$:  141-block 191
    %%%%%:  141-block 192
    %%%%%:  141-block 193
    $$$$$:  141-block 194
    %%%%%:  141-block 195
    %%%%%:  141-block 196
    $$$$$:  141-block 197
    %%%%%:  141-block 198
    %%%%%:  141-block 199
        4:  141-block 200
    %%%%%:  141-block 201
    %%%%%:  141-block 202
    %%%%%:  141-block 203
    %%%%%:  141-block 204
    %%%%%:  141-block 205
    %%%%%:  141-block 206
    %%%%%:  141-block 207
    %%%%%:  141-block 208
    %%%%%:  141-block 209
    %%%%%:  141-block 210
    %%%%%:  141-block 211
    %%%%%:  141-block 212
    %%%%%:  141-block 213
    %%%%%:  141-block 214
    $$$$$:  141-block 215
        4:  141-block 216
    $$$$$:  141-block 217
    %%%%%:  141-block 218
    %%%%%:  141-block 219
    %%%%%:  141-block 220
    $$$$$:  141-block 221
    $$$$$:  141-block 222
    $$$$$:  141-block 223
    %%%%%:  141-block 224
    %%%%%:  141-block 225
    %%%%%:  141-block 226
    %%%%%:  141-block 227
    $$$$$:  141-block 228
    %%%%%:  141-block 229
    $$$$$:  141-block 230
     1474:  141-block 231
    $$$$$:  141-block 232
    %%%%%:  141-block 233
    $$$$$:  141-block 234
    %%%%%:  141-block 235
        1:  141-block 236
    %%%%%:  141-block 237
    %%%%%:  141-block 238
        1:  141-block 239
    %%%%%:  141-block 240
    %%%%%:  141-block 241
    %%%%%:  141-block 242
    %%%%%:  141-block 243
    %%%%%:  141-block 244
    %%%%%:  141-block 245
    %%%%%:  141-block 246
    %%%%%:  141-block 247
    %%%%%:  141-block 248
    $$$$$:  141-block 249
    %%%%%:  141-block 250
    %%%%%:  141-block 251
    %%%%%:  141-block 252
    %%%%%:  141-block 253
    %%%%%:  141-block 254
    %%%%%:  141-block 255
    %%%%%:  141-block 256
    %%%%%:  141-block 257
    %%%%%:  141-block 258
    %%%%%:  141-block 259
    %%%%%:  141-block 260
    $$$$$:  141-block 261
    %%%%%:  141-block 262
    $$$$$:  141-block 263
    %%%%%:  141-block 264
    %%%%%:  141-block 265
    %%%%%:  141-block 266
    %%%%%:  141-block 267
        1:  141-block 268
        1:  141-block 269
        1:  141-block 270
        1:  141-block 271
        1:  141-block 272
        1:  141-block 273
        1:  141-block 274
        1:  141-block 275
        1:  141-block 276
        1:  141-block 277
        1:  141-block 278
        1:  141-block 279
        2:  141-block 280
    %%%%%:  141-block 281
    %%%%%:  141-block 282
    %%%%%:  141-block 283
    %%%%%:  141-block 284
    %%%%%:  141-block 285
    %%%%%:  141-block 286
    %%%%%:  141-block 287
    %%%%%:  141-block 288
    %%%%%:  141-block 289
    %%%%%:  141-block 290
    %%%%%:  141-block 291
    %%%%%:  141-block 292
       20:  141-block 293
       20:  141-block 294
    %%%%%:  141-block 295
    %%%%%:  141-block 296
    $$$$$:  141-block 297
    %%%%%:  141-block 298
    %%%%%:  141-block 299
    %%%%%:  141-block 300
    %%%%%:  141-block 301
    $$$$$:  141-block 302
    $$$$$:  141-block 303
    $$$$$:  141-block 304
    $$$$$:  141-block 305
    %%%%%:  141-block 306
    $$$$$:  141-block 307
    %%%%%:  141-block 308
    $$$$$:  141-block 309
    %%%%%:  141-block 310
    $$$$$:  141-block 311
    %%%%%:  141-block 312
    $$$$$:  141-block 313
    %%%%%:  141-block 314
    $$$$$:  141-block 315
    %%%%%:  141-block 316
    $$$$$:  141-block 317
    %%%%%:  141-block 318
    $$$$$:  141-block 319
    $$$$$:  141-block 320
    %%%%%:  141-block 321
        1:  141-block 322
    %%%%%:  141-block 323
    $$$$$:  141-block 324
    $$$$$:  141-block 325
    $$$$$:  141-block 326
        4:  141-block 327
    %%%%%:  141-block 328
    %%%%%:  141-block 329
    $$$$$:  141-block 330
    $$$$$:  141-block 331
    $$$$$:  141-block 332
    %%%%%:  141-block 333
    %%%%%:  141-block 334
    $$$$$:  141-block 335
    %%%%%:  141-block 336
    %%%%%:  141-block 337
    $$$$$:  141-block 338
    %%%%%:  141-block 339
    %%%%%:  141-block 340
    %%%%%:  141-block 341
    %%%%%:  141-block 342
    $$$$$:  141-block 343
    $$$$$:  141-block 344
    $$$$$:  141-block 345
    %%%%%:  141-block 346
    %%%%%:  141-block 347
    %%%%%:  141-block 348
    %%%%%:  141-block 349
    $$$$$:  141-block 350
    $$$$$:  141-block 351
    $$$$$:  141-block 352
    %%%%%:  141-block 353
    %%%%%:  141-block 354
    %%%%%:  141-block 355
        1:  141-block 356
    %%%%%:  141-block 357
    %%%%%:  141-block 358
    %%%%%:  141-block 359
    $$$$$:  141-block 360
    $$$$$:  141-block 361
    %%%%%:  141-block 362
    $$$$$:  141-block 363
    %%%%%:  141-block 364
    $$$$$:  141-block 365
    %%%%%:  141-block 366
    %%%%%:  141-block 367
    %%%%%:  141-block 368
    $$$$$:  141-block 369
    %%%%%:  141-block 370
    %%%%%:  141-block 371
    $$$$$:  141-block 372
    %%%%%:  141-block 373
     1519:  141-block 374
    %%%%%:  141-block 375
    %%%%%:  141-block 376
    %%%%%:  141-block 377
    %%%%%:  141-block 378
    $$$$$:  141-block 379
    %%%%%:  141-block 380
    %%%%%:  141-block 381
    %%%%%:  141-block 382
    %%%%%:  141-block 383
    $$$$$:  141-block 384
    $$$$$:  141-block 385
    $$$$$:  141-block 386
    $$$$$:  141-block 387
    %%%%%:  141-block 388
    %%%%%:  141-block 389
    %%%%%:  141-block 390
    %%%%%:  141-block 391
    %%%%%:  141-block 392
    $$$$$:  141-block 393
    $$$$$:  141-block 394
    $$$$$:  141-block 395
    $$$$$:  141-block 396
    %%%%%:  141-block 397
    %%%%%:  141-block 398
    %%%%%:  141-block 399
    %%%%%:  141-block 400
    %%%%%:  141-block 401
    %%%%%:  141-block 402
    %%%%%:  141-block 403
    $$$$$:  141-block 404
    $$$$$:  141-block 405
    $$$$$:  141-block 406
    $$$$$:  141-block 407
    $$$$$:  141-block 408
    $$$$$:  141-block 409
    $$$$$:  141-block 410
    %%%%%:  141-block 411
    %%%%%:  141-block 412
    %%%%%:  141-block 413
    %%%%%:  141-block 414
    %%%%%:  141-block 415
    $$$$$:  141-block 416
    $$$$$:  141-block 417
    $$$$$:  141-block 418
    $$$$$:  141-block 419
    $$$$$:  141-block 420
    %%%%%:  141-block 421
    %%%%%:  141-block 422
    %%%%%:  141-block 423
    %%%%%:  141-block 424
    %%%%%:  141-block 425
    %%%%%:  141-block 426
    %%%%%:  141-block 427
    %%%%%:  141-block 428
    %%%%%:  141-block 429
    %%%%%:  141-block 430
    %%%%%:  141-block 431
    %%%%%:  141-block 432
    %%%%%:  141-block 433
    %%%%%:  141-block 434
    %%%%%:  141-block 435
    %%%%%:  141-block 436
    %%%%%:  141-block 437
    %%%%%:  141-block 438
    $$$$$:  141-block 439
    $$$$$:  141-block 440
    $$$$$:  141-block 441
    $$$$$:  141-block 442
    $$$$$:  141-block 443
    $$$$$:  141-block 444
    $$$$$:  141-block 445
    $$$$$:  141-block 446
    $$$$$:  141-block 447
    $$$$$:  141-block 448
    $$$$$:  141-block 449
    $$$$$:  141-block 450
    $$$$$:  141-block 451
    $$$$$:  141-block 452
    $$$$$:  141-block 453
    $$$$$:  141-block 454
    $$$$$:  141-block 455
    %%%%%:  141-block 456
    %%%%%:  141-block 457
    %%%%%:  141-block 458
    $$$$$:  141-block 459
    $$$$$:  141-block 460
    $$$$$:  141-block 461
    %%%%%:  141-block 462
    %%%%%:  141-block 463
    %%%%%:  141-block 464
    %%%%%:  141-block 465
    %%%%%:  141-block 466
    %%%%%:  141-block 467
    $$$$$:  141-block 468
    $$$$$:  141-block 469
    $$$$$:  141-block 470
    $$$$$:  141-block 471
    $$$$$:  141-block 472
    $$$$$:  141-block 473
    %%%%%:  141-block 474
    %%%%%:  141-block 475
    $$$$$:  141-block 476
    $$$$$:  141-block 477
    %%%%%:  141-block 478
    %%%%%:  141-block 479
    %%%%%:  141-block 480
    %%%%%:  141-block 481
    %%%%%:  141-block 482
    %%%%%:  141-block 483
    %%%%%:  141-block 484
    %%%%%:  141-block 485
    %%%%%:  141-block 486
    $$$$$:  141-block 487
    $$$$$:  141-block 488
    $$$$$:  141-block 489
    $$$$$:  141-block 490
    $$$$$:  141-block 491
    $$$$$:  141-block 492
    $$$$$:  141-block 493
    $$$$$:  141-block 494
    %%%%%:  141-block 495
    %%%%%:  141-block 496
    $$$$$:  141-block 497
    $$$$$:  141-block 498
    %%%%%:  141-block 499
    %%%%%:  141-block 500
    %%%%%:  141-block 501
    %%%%%:  141-block 502
    %%%%%:  141-block 503
    %%%%%:  141-block 504
    %%%%%:  141-block 505
    %%%%%:  141-block 506
    %%%%%:  141-block 507
    %%%%%:  141-block 508
    %%%%%:  141-block 509
    %%%%%:  141-block 510
    $$$$$:  141-block 511
    $$$$$:  141-block 512
    $$$$$:  141-block 513
    $$$$$:  141-block 514
    $$$$$:  141-block 515
    $$$$$:  141-block 516
    %%%%%:  141-block 517
    %%%%%:  141-block 518
    %%%%%:  141-block 519
    %%%%%:  141-block 520
    %%%%%:  141-block 521
    %%%%%:  141-block 522
    %%%%%:  141-block 523
    %%%%%:  141-block 524
    %%%%%:  141-block 525
    %%%%%:  141-block 526
    %%%%%:  141-block 527
    %%%%%:  141-block 528
    %%%%%:  141-block 529
    %%%%%:  141-block 530
    $$$$$:  141-block 531
    $$$$$:  141-block 532
    $$$$$:  141-block 533
    $$$$$:  141-block 534
    $$$$$:  141-block 535
    $$$$$:  141-block 536
    $$$$$:  141-block 537
    $$$$$:  141-block 538
    $$$$$:  141-block 539
    $$$$$:  141-block 540
    $$$$$:  141-block 541
    $$$$$:  141-block 542
    $$$$$:  141-block 543
    $$$$$:  141-block 544
    %%%%%:  141-block 545
    %%%%%:  141-block 546
    %%%%%:  141-block 547
    %%%%%:  141-block 548
    %%%%%:  141-block 549
    %%%%%:  141-block 550
    $$$$$:  141-block 551
    $$$$$:  141-block 552
    $$$$$:  141-block 553
    $$$$$:  141-block 554
    %%%%%:  141-block 555
    %%%%%:  141-block 556
    %%%%%:  141-block 557
    %%%%%:  141-block 558
    %%%%%:  141-block 559
    %%%%%:  141-block 560
    %%%%%:  141-block 561
    %%%%%:  141-block 562
    %%%%%:  141-block 563
    %%%%%:  141-block 564
    %%%%%:  141-block 565
    %%%%%:  141-block 566
    %%%%%:  141-block 567
    %%%%%:  141-block 568
    %%%%%:  141-block 569
    %%%%%:  141-block 570
    %%%%%:  141-block 571
    %%%%%:  141-block 572
    %%%%%:  141-block 573
    %%%%%:  141-block 574
    %%%%%:  141-block 575
    %%%%%:  141-block 576
    $$$$$:  141-block 577
    $$$$$:  141-block 578
    $$$$$:  141-block 579
    $$$$$:  141-block 580
    $$$$$:  141-block 581
    $$$$$:  141-block 582
    $$$$$:  141-block 583
    $$$$$:  141-block 584
    $$$$$:  141-block 585
    $$$$$:  141-block 586
    $$$$$:  141-block 587
    $$$$$:  141-block 588
    $$$$$:  141-block 589
    $$$$$:  141-block 590
    $$$$$:  141-block 591
    $$$$$:  141-block 592
    $$$$$:  141-block 593
    $$$$$:  141-block 594
    $$$$$:  141-block 595
    $$$$$:  141-block 596
    $$$$$:  141-block 597
    $$$$$:  141-block 598
    %%%%%:  141-block 599
    $$$$$:  141-block 600
    %%%%%:  141-block 601
    %%%%%:  141-block 602
    %%%%%:  141-block 603
    %%%%%:  141-block 604
    %%%%%:  141-block 605
    $$$$$:  141-block 606
        1:  141-block 607
        1:  141-block 608
        1:  141-block 609
    %%%%%:  141-block 610
    %%%%%:  141-block 611
    $$$$$:  141-block 612
    $$$$$:  141-block 613
    $$$$$:  141-block 614
    $$$$$:  141-block 615
    $$$$$:  141-block 616
    %%%%%:  141-block 617
    %%%%%:  141-block 618
    $$$$$:  141-block 619
        1:  141-block 620
        1:  141-block 621
        1:  141-block 622
        1:  141-block 623
        1:  141-block 624
        1:  141-block 625
    %%%%%:  141-block 626
    %%%%%:  141-block 627
    %%%%%:  141-block 628
    %%%%%:  141-block 629
    %%%%%:  141-block 630
    %%%%%:  141-block 631
    %%%%%:  141-block 632
    %%%%%:  141-block 633
    %%%%%:  141-block 634
    %%%%%:  141-block 635
    $$$$$:  141-block 636
    $$$$$:  141-block 637
    $$$$$:  141-block 638
    $$$$$:  141-block 639
    $$$$$:  141-block 640
    $$$$$:  141-block 641
    $$$$$:  141-block 642
    $$$$$:  141-block 643
    $$$$$:  141-block 644
    $$$$$:  141-block 645
    %%%%%:  141-block 646
    $$$$$:  141-block 647
    %%%%%:  141-block 648
    $$$$$:  141-block 649
        1:  141-block 650
    %%%%%:  141-block 651
    $$$$$:  141-block 652
    %%%%%:  141-block 653
    $$$$$:  141-block 654
        4:  141-block 655
    $$$$$:  141-block 656
    %%%%%:  141-block 657
    %%%%%:  141-block 658
    %%%%%:  141-block 659
    $$$$$:  141-block 660
    %%%%%:  141-block 661
    $$$$$:  141-block 662
    $$$$$:  141-block 663
    $$$$$:  141-block 664
    %%%%%:  141-block 665
    %%%%%:  141-block 666
    %%%%%:  141-block 667
    $$$$$:  141-block 668
    %%%%%:  141-block 669
    %%%%%:  141-block 670
    %%%%%:  141-block 671
    $$$$$:  141-block 672
    $$$$$:  141-block 673
    %%%%%:  141-block 674
    %%%%%:  141-block 675
    %%%%%:  141-block 676
    %%%%%:  141-block 677
    %%%%%:  141-block 678
    %%%%%:  141-block 679
    %%%%%:  141-block 680
    %%%%%:  141-block 681
    %%%%%:  141-block 682
    %%%%%:  141-block 683
    %%%%%:  141-block 684
    %%%%%:  141-block 685
    %%%%%:  141-block 686
    %%%%%:  141-block 687
    %%%%%:  141-block 688
    $$$$$:  141-block 689
    $$$$$:  141-block 690
    $$$$$:  141-block 691
    $$$$$:  141-block 692
    $$$$$:  141-block 693
    $$$$$:  141-block 694
    $$$$$:  141-block 695
    $$$$$:  141-block 696
    $$$$$:  141-block 697
    $$$$$:  141-block 698
    $$$$$:  141-block 699
    $$$$$:  141-block 700
    $$$$$:  141-block 701
    $$$$$:  141-block 702
    $$$$$:  141-block 703
    %%%%%:  141-block 704
    %%%%%:  141-block 705
    %%%%%:  141-block 706
    %%%%%:  141-block 707
    %%%%%:  141-block 708
    %%%%%:  141-block 709
    %%%%%:  141-block 710
    %%%%%:  141-block 711
    %%%%%:  141-block 712
    %%%%%:  141-block 713
    %%%%%:  141-block 714
    %%%%%:  141-block 715
    %%%%%:  141-block 716
    %%%%%:  141-block 717
    %%%%%:  141-block 718
    %%%%%:  141-block 719
    %%%%%:  141-block 720
    %%%%%:  141-block 721
    %%%%%:  141-block 722
    %%%%%:  141-block 723
    %%%%%:  141-block 724
    %%%%%:  141-block 725
    %%%%%:  141-block 726
    %%%%%:  141-block 727
    %%%%%:  141-block 728
    %%%%%:  141-block 729
    %%%%%:  141-block 730
    %%%%%:  141-block 731
    %%%%%:  141-block 732
    %%%%%:  141-block 733
    $$$$$:  141-block 734
    $$$$$:  141-block 735
    $$$$$:  141-block 736
    $$$$$:  141-block 737
    $$$$$:  141-block 738
    $$$$$:  141-block 739
    $$$$$:  141-block 740
    $$$$$:  141-block 741
    $$$$$:  141-block 742
    $$$$$:  141-block 743
    $$$$$:  141-block 744
    $$$$$:  141-block 745
    $$$$$:  141-block 746
    $$$$$:  141-block 747
    $$$$$:  141-block 748
    $$$$$:  141-block 749
    $$$$$:  141-block 750
    $$$$$:  141-block 751
    %%%%%:  141-block 752
    %%%%%:  141-block 753
    %%%%%:  141-block 754
    %%%%%:  141-block 755
    $$$$$:  141-block 756
    %%%%%:  141-block 757
    $$$$$:  141-block 758
    %%%%%:  141-block 759
    %%%%%:  141-block 760
    $$$$$:  141-block 761
    %%%%%:  141-block 762
    $$$$$:  141-block 763
    $$$$$:  141-block 764
    %%%%%:  141-block 765
    %%%%%:  141-block 766
    $$$$$:  141-block 767
    $$$$$:  141-block 768
    %%%%%:  141-block 769
    $$$$$:  141-block 770
    %%%%%:  141-block 771
    $$$$$:  141-block 772
    %%%%%:  141-block 773
    $$$$$:  141-block 774
    %%%%%:  141-block 775
    %%%%%:  141-block 776
    $$$$$:  141-block 777
    %%%%%:  141-block 778
    $$$$$:  141-block 779
    %%%%%:  141-block 780
    $$$$$:  141-block 781
    %%%%%:  141-block 782
    %%%%%:  141-block 783
    %%%%%:  141-block 784
    $$$$$:  141-block 785
    $$$$$:  141-block 786
    %%%%%:  141-block 787
    $$$$$:  141-block 788
    %%%%%:  141-block 789
    $$$$$:  141-block 790
    %%%%%:  141-block 791
    %%%%%:  141-block 792
    %%%%%:  141-block 793
    %%%%%:  141-block 794
    $$$$$:  141-block 795
    %%%%%:  141-block 796
    %%%%%:  141-block 797
    $$$$$:  141-block 798
    $$$$$:  141-block 799
        4:  141-block 800
    $$$$$:  141-block 801
    $$$$$:  141-block 802
    %%%%%:  141-block 803
        2:  141-block 804
        2:  141-block 805
        2:  141-block 806
    $$$$$:  141-block 807
    $$$$$:  141-block 808
    %%%%%:  141-block 809
        2:  141-block 810
    $$$$$:  141-block 811
        2:  141-block 812
        2:  141-block 813
    $$$$$:  141-block 814
    $$$$$:  141-block 815
    $$$$$:  141-block 816
    %%%%%:  141-block 817
    $$$$$:  141-block 818
        2:  141-block 819
        2:  141-block 820
    $$$$$:  141-block 821
    $$$$$:  141-block 822
    $$$$$:  141-block 823
    %%%%%:  141-block 824
    $$$$$:  141-block 825
        2:  141-block 826
    %%%%%:  141-block 827
        2:  141-block 828
        2:  141-block 829
        2:  141-block 830
        2:  141-block 831
    $$$$$:  141-block 832
    $$$$$:  141-block 833
    $$$$$:  141-block 834
    $$$$$:  141-block 835
    $$$$$:  141-block 836
    $$$$$:  141-block 837
    %%%%%:  141-block 838
    %%%%%:  141-block 839
    $$$$$:  141-block 840
    $$$$$:  141-block 841
    $$$$$:  141-block 842
    %%%%%:  141-block 843
    %%%%%:  141-block 844
    %%%%%:  141-block 845
    %%%%%:  141-block 846
    $$$$$:  141-block 847
    $$$$$:  141-block 848
    $$$$$:  141-block 849
    $$$$$:  141-block 850
    %%%%%:  141-block 851
    %%%%%:  141-block 852
    $$$$$:  141-block 853
    $$$$$:  141-block 854
    %%%%%:  141-block 855
    %%%%%:  141-block 856
    %%%%%:  141-block 857
    %%%%%:  141-block 858
    $$$$$:  141-block 859
    $$$$$:  141-block 860
    %%%%%:  141-block 861
    %%%%%:  141-block 862
    %%%%%:  141-block 863
    $$$$$:  141-block 864
    $$$$$:  141-block 865
    %%%%%:  141-block 866
    $$$$$:  141-block 867
    %%%%%:  141-block 868
    %%%%%:  141-block 869
    %%%%%:  141-block 870
    %%%%%:  141-block 871
    %%%%%:  141-block 872
    $$$$$:  141-block 873
    $$$$$:  141-block 874
    $$$$$:  141-block 875
    %%%%%:  141-block 876
    %%%%%:  141-block 877
    $$$$$:  141-block 878
    $$$$$:  141-block 879
    %%%%%:  141-block 880
    $$$$$:  141-block 881
    $$$$$:  141-block 882
    $$$$$:  141-block 883
    $$$$$:  141-block 884
        1:  141-block 885
    %%%%%:  141-block 886
        1:  141-block 887
    $$$$$:  141-block 888
    $$$$$:  141-block 889
    $$$$$:  141-block 890
    $$$$$:  141-block 891
    %%%%%:  141-block 892
    %%%%%:  141-block 893
    $$$$$:  141-block 894
    $$$$$:  141-block 895
        2:  141-block 896
    $$$$$:  141-block 897
    $$$$$:  141-block 898
    %%%%%:  141-block 899
    %%%%%:  141-block 900
    %%%%%:  141-block 901
    %%%%%:  141-block 902
    %%%%%:  141-block 903
    %%%%%:  141-block 904
    %%%%%:  141-block 905
    %%%%%:  141-block 906
    $$$$$:  141-block 907
    $$$$$:  141-block 908
    $$$$$:  141-block 909
    $$$$$:  141-block 910
    %%%%%:  141-block 911
    %%%%%:  141-block 912
    %%%%%:  141-block 913
    %%%%%:  141-block 914
    %%%%%:  141-block 915
    $$$$$:  141-block 916
    $$$$$:  141-block 917
    %%%%%:  141-block 918
    %%%%%:  141-block 919
    $$$$$:  141-block 920
        2:  141-block 921
        2:  141-block 922
        2:  141-block 923
        2:  141-block 924
    $$$$$:  141-block 925
    $$$$$:  141-block 926
    $$$$$:  141-block 927
        1:  141-block 928
        1:  141-block 929
    $$$$$:  141-block 930
    $$$$$:  141-block 931
        1:  141-block 932
        1:  141-block 933
    $$$$$:  141-block 934
        1:  141-block 935
        1:  141-block 936
    $$$$$:  141-block 937
    $$$$$:  141-block 938
    %%%%%:  141-block 939
    %%%%%:  141-block 940
    %%%%%:  141-block 941
    $$$$$:  141-block 942
    %%%%%:  141-block 943
    $$$$$:  141-block 944
    %%%%%:  141-block 945
    $$$$$:  141-block 946
    %%%%%:  141-block 947
    $$$$$:  141-block 948
    %%%%%:  141-block 949
    %%%%%:  141-block 950
    $$$$$:  141-block 951
    $$$$$:  141-block 952
    %%%%%:  141-block 953
    %%%%%:  141-block 954
    %%%%%:  141-block 955
    $$$$$:  141-block 956
    %%%%%:  141-block 957
    $$$$$:  141-block 958
    %%%%%:  141-block 959
    $$$$$:  141-block 960
    %%%%%:  141-block 961
    $$$$$:  141-block 962
    %%%%%:  141-block 963
    %%%%%:  141-block 964
    %%%%%:  141-block 965
    %%%%%:  141-block 966
    %%%%%:  141-block 967
    $$$$$:  141-block 968
    $$$$$:  141-block 969
    $$$$$:  141-block 970
    %%%%%:  141-block 971
    %%%%%:  141-block 972
    $$$$$:  141-block 973
    $$$$$:  141-block 974
    %%%%%:  141-block 975
    %%%%%:  141-block 976
    %%%%%:  141-block 977
    $$$$$:  141-block 978
    %%%%%:  141-block 979
    %%%%%:  141-block 980
    %%%%%:  141-block 981
    %%%%%:  141-block 982
    %%%%%:  141-block 983
    $$$$$:  141-block 984
    $$$$$:  141-block 985
    $$$$$:  141-block 986
    $$$$$:  141-block 987
    $$$$$:  141-block 988
    $$$$$:  141-block 989
    %%%%%:  141-block 990
    $$$$$:  141-block 991
    $$$$$:  141-block 992
    %%%%%:  141-block 993
    %%%%%:  141-block 994
    %%%%%:  141-block 995
    %%%%%:  141-block 996
    $$$$$:  141-block 997
    $$$$$:  141-block 998
    $$$$$:  141-block 999
    $$$$$:  141-block 1000
    %%%%%:  141-block 1001
    $$$$$:  141-block 1002
    $$$$$:  141-block 1003
    %%%%%:  141-block 1004
    %%%%%:  141-block 1005
    %%%%%:  141-block 1006
    $$$$$:  141-block 1007
    $$$$$:  141-block 1008
    %%%%%:  141-block 1009
    %%%%%:  141-block 1010
    %%%%%:  141-block 1011
    %%%%%:  141-block 1012
    $$$$$:  141-block 1013
    $$$$$:  141-block 1014
    $$$$$:  141-block 1015
    $$$$$:  141-block 1016
    $$$$$:  141-block 1017
    %%%%%:  141-block 1018
    %%%%%:  141-block 1019
    %%%%%:  141-block 1020
    $$$$$:  141-block 1021
    $$$$$:  141-block 1022
    $$$$$:  141-block 1023
    %%%%%:  141-block 1024
    %%%%%:  141-block 1025
    %%%%%:  141-block 1026
    %%%%%:  141-block 1027
    %%%%%:  141-block 1028
    %%%%%:  141-block 1029
    %%%%%:  141-block 1030
    $$$$$:  141-block 1031
    $$$$$:  141-block 1032
    $$$$$:  141-block 1033
    $$$$$:  141-block 1034
    $$$$$:  141-block 1035
    $$$$$:  141-block 1036
    $$$$$:  141-block 1037
    %%%%%:  141-block 1038
    %%%%%:  141-block 1039
        1:  141-block 1040
    %%%%%:  141-block 1041
    %%%%%:  141-block 1042
    %%%%%:  141-block 1043
        1:  141-block 1044
        2:  141-block 1045
        2:  141-block 1046
        2:  141-block 1047
    $$$$$:  141-block 1048
    %%%%%:  141-block 1049
    %%%%%:  141-block 1050
    $$$$$:  141-block 1051
    %%%%%:  141-block 1052
    %%%%%:  141-block 1053
    %%%%%:  141-block 1054
    %%%%%:  141-block 1055
    %%%%%:  141-block 1056
    $$$$$:  141-block 1057
    $$$$$:  141-block 1058
    $$$$$:  141-block 1059
        3:  141-block 1060
    %%%%%:  141-block 1061
        1:  141-block 1062
        1:  141-block 1063
        1:  141-block 1064
        1:  141-block 1065
        1:  141-block 1066
        1:  141-block 1067
        1:  141-block 1068
        1:  141-block 1069
        1:  141-block 1070
        1:  141-block 1071
        1:  141-block 1072
        1:  141-block 1073
        1:  141-block 1074
        1:  141-block 1075
        1:  141-block 1076
        1:  141-block 1077
        1:  141-block 1078
        1:  141-block 1079
        1:  141-block 1080
        1:  141-block 1081
        1:  141-block 1082
        1:  141-block 1083
        1:  141-block 1084
        1:  141-block 1085
        1:  141-block 1086
        1:  141-block 1087
        1:  141-block 1088
        1:  141-block 1089
        1:  141-block 1090
        1:  141-block 1091
        1:  141-block 1092
        1:  141-block 1093
        1:  141-block 1094
        1:  141-block 1095
        1:  141-block 1096
        1:  141-block 1097
        1:  141-block 1098
        1:  141-block 1099
        1:  141-block 1100
        1:  141-block 1101
        1:  141-block 1102
        1:  141-block 1103
        1:  141-block 1104
        1:  141-block 1105
        1:  141-block 1106
        1:  141-block 1107
        1:  141-block 1108
        1:  141-block 1109
        1:  141-block 1110
        1:  141-block 1111
        1:  141-block 1112
        1:  141-block 1113
        1:  141-block 1114
        1:  141-block 1115
        1:  141-block 1116
        1:  141-block 1117
        1:  141-block 1118
    $$$$$:  141-block 1119
    $$$$$:  141-block 1120
    $$$$$:  141-block 1121
    $$$$$:  141-block 1122
    $$$$$:  141-block 1123
    $$$$$:  141-block 1124
    $$$$$:  141-block 1125
    $$$$$:  141-block 1126
    $$$$$:  141-block 1127
    $$$$$:  141-block 1128
    $$$$$:  141-block 1129
    $$$$$:  141-block 1130
    $$$$$:  141-block 1131
    $$$$$:  141-block 1132
    $$$$$:  141-block 1133
    $$$$$:  141-block 1134
    $$$$$:  141-block 1135
    $$$$$:  141-block 1136
    $$$$$:  141-block 1137
    $$$$$:  141-block 1138
    $$$$$:  141-block 1139
    $$$$$:  141-block 1140
    $$$$$:  141-block 1141
    $$$$$:  141-block 1142
    $$$$$:  141-block 1143
    $$$$$:  141-block 1144
    $$$$$:  141-block 1145
    $$$$$:  141-block 1146
    $$$$$:  141-block 1147
    $$$$$:  141-block 1148
    $$$$$:  141-block 1149
    $$$$$:  141-block 1150
    $$$$$:  141-block 1151
    $$$$$:  141-block 1152
    $$$$$:  141-block 1153
    $$$$$:  141-block 1154
    $$$$$:  141-block 1155
    $$$$$:  141-block 1156
    $$$$$:  141-block 1157
    $$$$$:  141-block 1158
    $$$$$:  141-block 1159
    $$$$$:  141-block 1160
    $$$$$:  141-block 1161
    $$$$$:  141-block 1162
    $$$$$:  141-block 1163
    $$$$$:  141-block 1164
    $$$$$:  141-block 1165
    $$$$$:  141-block 1166
    $$$$$:  141-block 1167
    $$$$$:  141-block 1168
    $$$$$:  141-block 1169
    $$$$$:  141-block 1170
    $$$$$:  141-block 1171
    $$$$$:  141-block 1172
    $$$$$:  141-block 1173
    $$$$$:  141-block 1174
    $$$$$:  141-block 1175
    $$$$$:  141-block 1176
    $$$$$:  141-block 1177
    $$$$$:  141-block 1178
    $$$$$:  141-block 1179
    $$$$$:  141-block 1180
    $$$$$:  141-block 1181
    $$$$$:  141-block 1182
    $$$$$:  141-block 1183
    $$$$$:  141-block 1184
    $$$$$:  141-block 1185
    $$$$$:  141-block 1186
    $$$$$:  141-block 1187
    $$$$$:  141-block 1188
    $$$$$:  141-block 1189
    $$$$$:  141-block 1190
    $$$$$:  141-block 1191
    $$$$$:  141-block 1192
    $$$$$:  141-block 1193
    $$$$$:  141-block 1194
    $$$$$:  141-block 1195
    $$$$$:  141-block 1196
    $$$$$:  141-block 1197
    $$$$$:  141-block 1198
    $$$$$:  141-block 1199
    $$$$$:  141-block 1200
    $$$$$:  141-block 1201
        1:  141-block 1202
    %%%%%:  141-block 1203
    $$$$$:  141-block 1204
    %%%%%:  141-block 1205
    %%%%%:  141-block 1206
    %%%%%:  141-block 1207
    %%%%%:  141-block 1208
    %%%%%:  141-block 1209
    %%%%%:  141-block 1210
    %%%%%:  141-block 1211
    %%%%%:  141-block 1212
    %%%%%:  141-block 1213
    %%%%%:  141-block 1214
    $$$$$:  141-block 1215
    $$$$$:  141-block 1216
        1:  141-block 1217
        1:  141-block 1218
        1:  141-block 1219
        1:  141-block 1220
    $$$$$:  141-block 1221
    $$$$$:  141-block 1222
    $$$$$:  141-block 1223
    $$$$$:  141-block 1224
    %%%%%:  141-block 1225
    %%%%%:  141-block 1226
    %%%%%:  141-block 1227
    %%%%%:  141-block 1228
    $$$$$:  141-block 1229
    $$$$$:  141-block 1230
    $$$$$:  141-block 1231
    %%%%%:  141-block 1232
    %%%%%:  141-block 1233
    %%%%%:  141-block 1234
    %%%%%:  141-block 1235
    %%%%%:  141-block 1236
    %%%%%:  141-block 1237
    %%%%%:  141-block 1238
    %%%%%:  141-block 1239
    %%%%%:  141-block 1240
    %%%%%:  141-block 1241
    %%%%%:  141-block 1242
    %%%%%:  141-block 1243
    %%%%%:  141-block 1244
    %%%%%:  141-block 1245
    %%%%%:  141-block 1246
    $$$$$:  141-block 1247
    $$$$$:  141-block 1248
    $$$$$:  141-block 1249
    $$$$$:  141-block 1250
    $$$$$:  141-block 1251
    $$$$$:  141-block 1252
    $$$$$:  141-block 1253
    %%%%%:  141-block 1254
    %%%%%:  141-block 1255
    %%%%%:  141-block 1256
    %%%%%:  141-block 1257
    $$$$$:  141-block 1258
    %%%%%:  141-block 1259
    %%%%%:  141-block 1260
    %%%%%:  141-block 1261
    %%%%%:  141-block 1262
    %%%%%:  141-block 1263
    %%%%%:  141-block 1264
    $$$$$:  141-block 1265
    $$$$$:  141-block 1266
    $$$$$:  141-block 1267
    %%%%%:  141-block 1268
    %%%%%:  141-block 1269
        1:  141-block 1270
    $$$$$:  141-block 1271
    %%%%%:  141-block 1272
        1:  141-block 1273
    $$$$$:  141-block 1274
    %%%%%:  141-block 1275
    %%%%%:  141-block 1276
    %%%%%:  141-block 1277
    %%%%%:  141-block 1278
    %%%%%:  141-block 1279
    $$$$$:  141-block 1280
    $$$$$:  141-block 1281
    $$$$$:  141-block 1282
    %%%%%:  141-block 1283
    %%%%%:  141-block 1284
    %%%%%:  141-block 1285
    %%%%%:  141-block 1286
    %%%%%:  141-block 1287
    %%%%%:  141-block 1288
    %%%%%:  141-block 1289
    %%%%%:  141-block 1290
    %%%%%:  141-block 1291
    %%%%%:  141-block 1292
    $$$$$:  141-block 1293
    $$$$$:  141-block 1294
    $$$$$:  141-block 1295
    $$$$$:  141-block 1296
    $$$$$:  141-block 1297
    $$$$$:  141-block 1298
    $$$$$:  141-block 1299
    %%%%%:  141-block 1300
    $$$$$:  141-block 1301
    %%%%%:  141-block 1302
    %%%%%:  141-block 1303
    %%%%%:  141-block 1304
    %%%%%:  141-block 1305
    %%%%%:  141-block 1306
    %%%%%:  141-block 1307
    %%%%%:  141-block 1308
    $$$$$:  141-block 1309
    $$$$$:  141-block 1310
    $$$$$:  141-block 1311
    $$$$$:  141-block 1312
    $$$$$:  141-block 1313
    %%%%%:  141-block 1314
    $$$$$:  141-block 1315
    %%%%%:  141-block 1316
    $$$$$:  141-block 1317
    %%%%%:  141-block 1318
    $$$$$:  141-block 1319
    %%%%%:  141-block 1320
    %%%%%:  141-block 1321
    %%%%%:  141-block 1322
    %%%%%:  141-block 1323
    $$$$$:  141-block 1324
    $$$$$:  141-block 1325
    %%%%%:  141-block 1326
    $$$$$:  141-block 1327
    %%%%%:  141-block 1328
    $$$$$:  141-block 1329
    %%%%%:  141-block 1330
    $$$$$:  141-block 1331
    %%%%%:  141-block 1332
    %%%%%:  141-block 1333
    %%%%%:  141-block 1334
    $$$$$:  141-block 1335
    %%%%%:  141-block 1336
    %%%%%:  141-block 1337
    $$$$$:  141-block 1338
    %%%%%:  141-block 1339
    %%%%%:  141-block 1340
    $$$$$:  141-block 1341
    %%%%%:  141-block 1342
    %%%%%:  141-block 1343
    $$$$$:  141-block 1344
    %%%%%:  141-block 1345
    %%%%%:  141-block 1346
    $$$$$:  141-block 1347
    $$$$$:  141-block 1348
    $$$$$:  141-block 1349
    %%%%%:  141-block 1350
    $$$$$:  141-block 1351
    3252*:  142:      { return std::addressof(__r); }
    %%%%%:  142-block  0
    %%%%%:  142-block  1
    %%%%%:  142-block  2
    %%%%%:  142-block  3
    %%%%%:  142-block  4
    %%%%%:  142-block  5
    $$$$$:  142-block  6
    $$$$$:  142-block  7
    $$$$$:  142-block  8
    $$$$$:  142-block  9
    $$$$$:  142-block 10
    %%%%%:  142-block 11
    %%%%%:  142-block 12
    %%%%%:  142-block 13
    %%%%%:  142-block 14
    $$$$$:  142-block 15
    $$$$$:  142-block 16
    $$$$$:  142-block 17
    %%%%%:  142-block 18
    %%%%%:  142-block 19
    %%%%%:  142-block 20
    %%%%%:  142-block 21
    $$$$$:  142-block 22
    $$$$$:  142-block 23
    $$$$$:  142-block 24
    %%%%%:  142-block 25
    %%%%%:  142-block 26
    %%%%%:  142-block 27
    %%%%%:  142-block 28
    $$$$$:  142-block 29
    $$$$$:  142-block 30
    $$$$$:  142-block 31
    %%%%%:  142-block 32
    %%%%%:  142-block 33
    %%%%%:  142-block 34
    %%%%%:  142-block 35
    $$$$$:  142-block 36
    $$$$$:  142-block 37
    $$$$$:  142-block 38
    %%%%%:  142-block 39
    %%%%%:  142-block 40
    %%%%%:  142-block 41
    $$$$$:  142-block 42
    $$$$$:  142-block 43
    %%%%%:  142-block 44
    %%%%%:  142-block 45
    %%%%%:  142-block 46
    $$$$$:  142-block 47
    $$$$$:  142-block 48
    %%%%%:  142-block 49
    %%%%%:  142-block 50
    %%%%%:  142-block 51
    $$$$$:  142-block 52
    $$$$$:  142-block 53
    $$$$$:  142-block 54
    %%%%%:  142-block 55
    %%%%%:  142-block 56
    %%%%%:  142-block 57
    %%%%%:  142-block 58
    $$$$$:  142-block 59
    $$$$$:  142-block 60
    %%%%%:  142-block 61
    %%%%%:  142-block 62
    $$$$$:  142-block 63
    %%%%%:  142-block 64
    %%%%%:  142-block 65
    %%%%%:  142-block 66
    %%%%%:  142-block 67
    $$$$$:  142-block 68
    $$$$$:  142-block 69
    %%%%%:  142-block 70
    %%%%%:  142-block 71
    $$$$$:  142-block 72
    %%%%%:  142-block 73
    %%%%%:  142-block 74
    %%%%%:  142-block 75
    %%%%%:  142-block 76
    $$$$$:  142-block 77
    $$$$$:  142-block 78
    %%%%%:  142-block 79
    %%%%%:  142-block 80
    %%%%%:  142-block 81
    %%%%%:  142-block 82
    $$$$$:  142-block 83
    $$$$$:  142-block 84
    %%%%%:  142-block 85
    %%%%%:  142-block 86
    %%%%%:  142-block 87
    %%%%%:  142-block 88
    $$$$$:  142-block 89
    $$$$$:  142-block 90
    %%%%%:  142-block 91
    %%%%%:  142-block 92
    %%%%%:  142-block 93
    %%%%%:  142-block 94
    $$$$$:  142-block 95
    $$$$$:  142-block 96
    %%%%%:  142-block 97
    %%%%%:  142-block 98
    %%%%%:  142-block 99
    %%%%%:  142-block 100
    $$$$$:  142-block 101
    $$$$$:  142-block 102
    %%%%%:  142-block 103
    %%%%%:  142-block 104
    %%%%%:  142-block 105
    %%%%%:  142-block 106
    $$$$$:  142-block 107
    $$$$$:  142-block 108
    %%%%%:  142-block 109
    %%%%%:  142-block 110
    %%%%%:  142-block 111
    $$$$$:  142-block 112
    $$$$$:  142-block 113
    %%%%%:  142-block 114
    %%%%%:  142-block 115
    $$$$$:  142-block 116
    $$$$$:  142-block 117
    %%%%%:  142-block 118
    %%%%%:  142-block 119
    $$$$$:  142-block 120
    %%%%%:  142-block 121
    %%%%%:  142-block 122
    %%%%%:  142-block 123
    %%%%%:  142-block 124
    %%%%%:  142-block 125
    %%%%%:  142-block 126
    %%%%%:  142-block 127
    $$$$$:  142-block 128
    $$$$$:  142-block 129
        3:  142-block 130
    %%%%%:  142-block 131
    %%%%%:  142-block 132
    %%%%%:  142-block 133
    $$$$$:  142-block 134
    %%%%%:  142-block 135
    %%%%%:  142-block 136
    %%%%%:  142-block 137
    %%%%%:  142-block 138
    %%%%%:  142-block 139
    %%%%%:  142-block 140
    $$$$$:  142-block 141
    %%%%%:  142-block 142
    $$$$$:  142-block 143
    %%%%%:  142-block 144
    %%%%%:  142-block 145
    %%%%%:  142-block 146
    $$$$$:  142-block 147
    %%%%%:  142-block 148
    %%%%%:  142-block 149
    $$$$$:  142-block 150
    %%%%%:  142-block 151
    %%%%%:  142-block 152
    $$$$$:  142-block 153
    %%%%%:  142-block 154
    %%%%%:  142-block 155
    %%%%%:  142-block 156
    %%%%%:  142-block 157
    $$$$$:  142-block 158
    $$$$$:  142-block 159
    %%%%%:  142-block 160
    $$$$$:  142-block 161
    $$$$$:  142-block 162
    %%%%%:  142-block 163
    $$$$$:  142-block 164
    $$$$$:  142-block 165
    %%%%%:  142-block 166
    %%%%%:  142-block 167
    %%%%%:  142-block 168
    %%%%%:  142-block 169
    $$$$$:  142-block 170
    $$$$$:  142-block 171
    %%%%%:  142-block 172
    $$$$$:  142-block 173
    $$$$$:  142-block 174
    %%%%%:  142-block 175
    $$$$$:  142-block 176
    $$$$$:  142-block 177
    %%%%%:  142-block 178
    $$$$$:  142-block 179
    %%%%%:  142-block 180
    $$$$$:  142-block 181
    %%%%%:  142-block 182
    $$$$$:  142-block 183
    %%%%%:  142-block 184
    $$$$$:  142-block 185
    %%%%%:  142-block 186
    $$$$$:  142-block 187
    %%%%%:  142-block 188
    $$$$$:  142-block 189
    %%%%%:  142-block 190
    $$$$$:  142-block 191
    %%%%%:  142-block 192
    %%%%%:  142-block 193
    $$$$$:  142-block 194
    %%%%%:  142-block 195
    %%%%%:  142-block 196
    $$$$$:  142-block 197
    %%%%%:  142-block 198
    %%%%%:  142-block 199
        4:  142-block 200
    %%%%%:  142-block 201
    %%%%%:  142-block 202
    %%%%%:  142-block 203
    %%%%%:  142-block 204
    %%%%%:  142-block 205
    %%%%%:  142-block 206
    %%%%%:  142-block 207
    %%%%%:  142-block 208
    %%%%%:  142-block 209
    %%%%%:  142-block 210
    %%%%%:  142-block 211
    %%%%%:  142-block 212
    %%%%%:  142-block 213
    %%%%%:  142-block 214
    $$$$$:  142-block 215
        4:  142-block 216
    $$$$$:  142-block 217
    %%%%%:  142-block 218
    %%%%%:  142-block 219
    %%%%%:  142-block 220
    $$$$$:  142-block 221
    $$$$$:  142-block 222
    $$$$$:  142-block 223
    %%%%%:  142-block 224
    %%%%%:  142-block 225
    %%%%%:  142-block 226
    %%%%%:  142-block 227
    $$$$$:  142-block 228
    %%%%%:  142-block 229
    $$$$$:  142-block 230
     1474:  142-block 231
    $$$$$:  142-block 232
    %%%%%:  142-block 233
    $$$$$:  142-block 234
    %%%%%:  142-block 235
        1:  142-block 236
    %%%%%:  142-block 237
    %%%%%:  142-block 238
        1:  142-block 239
    %%%%%:  142-block 240
    %%%%%:  142-block 241
    %%%%%:  142-block 242
    %%%%%:  142-block 243
    %%%%%:  142-block 244
    %%%%%:  142-block 245
    %%%%%:  142-block 246
    %%%%%:  142-block 247
    %%%%%:  142-block 248
    $$$$$:  142-block 249
    %%%%%:  142-block 250
    %%%%%:  142-block 251
    %%%%%:  142-block 252
    %%%%%:  142-block 253
    %%%%%:  142-block 254
    %%%%%:  142-block 255
    %%%%%:  142-block 256
    %%%%%:  142-block 257
    %%%%%:  142-block 258
    %%%%%:  142-block 259
    %%%%%:  142-block 260
    $$$$$:  142-block 261
    %%%%%:  142-block 262
    $$$$$:  142-block 263
    %%%%%:  142-block 264
    %%%%%:  142-block 265
    %%%%%:  142-block 266
    %%%%%:  142-block 267
        1:  142-block 268
        1:  142-block 269
        1:  142-block 270
        1:  142-block 271
        1:  142-block 272
        1:  142-block 273
        1:  142-block 274
        1:  142-block 275
        1:  142-block 276
        1:  142-block 277
        1:  142-block 278
        1:  142-block 279
        2:  142-block 280
    %%%%%:  142-block 281
    %%%%%:  142-block 282
    %%%%%:  142-block 283
    %%%%%:  142-block 284
    %%%%%:  142-block 285
    %%%%%:  142-block 286
    %%%%%:  142-block 287
    %%%%%:  142-block 288
    %%%%%:  142-block 289
    %%%%%:  142-block 290
    %%%%%:  142-block 291
    %%%%%:  142-block 292
       20:  142-block 293
       20:  142-block 294
    %%%%%:  142-block 295
    %%%%%:  142-block 296
    $$$$$:  142-block 297
    %%%%%:  142-block 298
    %%%%%:  142-block 299
    %%%%%:  142-block 300
    %%%%%:  142-block 301
    $$$$$:  142-block 302
    $$$$$:  142-block 303
    $$$$$:  142-block 304
    $$$$$:  142-block 305
    %%%%%:  142-block 306
    $$$$$:  142-block 307
    %%%%%:  142-block 308
    $$$$$:  142-block 309
    %%%%%:  142-block 310
    $$$$$:  142-block 311
    %%%%%:  142-block 312
    $$$$$:  142-block 313
    %%%%%:  142-block 314
    $$$$$:  142-block 315
    %%%%%:  142-block 316
    $$$$$:  142-block 317
    %%%%%:  142-block 318
    $$$$$:  142-block 319
    $$$$$:  142-block 320
    %%%%%:  142-block 321
        1:  142-block 322
    %%%%%:  142-block 323
    $$$$$:  142-block 324
    $$$$$:  142-block 325
    $$$$$:  142-block 326
        4:  142-block 327
    %%%%%:  142-block 328
    %%%%%:  142-block 329
    $$$$$:  142-block 330
    $$$$$:  142-block 331
    $$$$$:  142-block 332
    %%%%%:  142-block 333
    %%%%%:  142-block 334
    $$$$$:  142-block 335
    %%%%%:  142-block 336
    %%%%%:  142-block 337
    $$$$$:  142-block 338
    %%%%%:  142-block 339
    %%%%%:  142-block 340
    %%%%%:  142-block 341
    %%%%%:  142-block 342
    $$$$$:  142-block 343
    $$$$$:  142-block 344
    $$$$$:  142-block 345
    %%%%%:  142-block 346
    %%%%%:  142-block 347
    %%%%%:  142-block 348
    %%%%%:  142-block 349
    $$$$$:  142-block 350
    $$$$$:  142-block 351
    $$$$$:  142-block 352
    %%%%%:  142-block 353
    %%%%%:  142-block 354
    %%%%%:  142-block 355
        1:  142-block 356
    %%%%%:  142-block 357
    %%%%%:  142-block 358
    %%%%%:  142-block 359
    $$$$$:  142-block 360
    $$$$$:  142-block 361
    %%%%%:  142-block 362
    $$$$$:  142-block 363
    %%%%%:  142-block 364
    $$$$$:  142-block 365
    %%%%%:  142-block 366
    %%%%%:  142-block 367
    %%%%%:  142-block 368
    $$$$$:  142-block 369
    %%%%%:  142-block 370
    %%%%%:  142-block 371
    $$$$$:  142-block 372
    %%%%%:  142-block 373
     1519:  142-block 374
    %%%%%:  142-block 375
    %%%%%:  142-block 376
    %%%%%:  142-block 377
    %%%%%:  142-block 378
    $$$$$:  142-block 379
    %%%%%:  142-block 380
    %%%%%:  142-block 381
    %%%%%:  142-block 382
    %%%%%:  142-block 383
    $$$$$:  142-block 384
    $$$$$:  142-block 385
    $$$$$:  142-block 386
    $$$$$:  142-block 387
    %%%%%:  142-block 388
    %%%%%:  142-block 389
    %%%%%:  142-block 390
    %%%%%:  142-block 391
    %%%%%:  142-block 392
    $$$$$:  142-block 393
    $$$$$:  142-block 394
    $$$$$:  142-block 395
    $$$$$:  142-block 396
    %%%%%:  142-block 397
    %%%%%:  142-block 398
    %%%%%:  142-block 399
    %%%%%:  142-block 400
    %%%%%:  142-block 401
    %%%%%:  142-block 402
    %%%%%:  142-block 403
    $$$$$:  142-block 404
    $$$$$:  142-block 405
    $$$$$:  142-block 406
    $$$$$:  142-block 407
    $$$$$:  142-block 408
    $$$$$:  142-block 409
    $$$$$:  142-block 410
    %%%%%:  142-block 411
    %%%%%:  142-block 412
    %%%%%:  142-block 413
    %%%%%:  142-block 414
    %%%%%:  142-block 415
    $$$$$:  142-block 416
    $$$$$:  142-block 417
    $$$$$:  142-block 418
    $$$$$:  142-block 419
    $$$$$:  142-block 420
    %%%%%:  142-block 421
    %%%%%:  142-block 422
    %%%%%:  142-block 423
    %%%%%:  142-block 424
    %%%%%:  142-block 425
    %%%%%:  142-block 426
    %%%%%:  142-block 427
    %%%%%:  142-block 428
    %%%%%:  142-block 429
    %%%%%:  142-block 430
    %%%%%:  142-block 431
    %%%%%:  142-block 432
    %%%%%:  142-block 433
    %%%%%:  142-block 434
    %%%%%:  142-block 435
    %%%%%:  142-block 436
    %%%%%:  142-block 437
    %%%%%:  142-block 438
    $$$$$:  142-block 439
    $$$$$:  142-block 440
    $$$$$:  142-block 441
    $$$$$:  142-block 442
    $$$$$:  142-block 443
    $$$$$:  142-block 444
    $$$$$:  142-block 445
    $$$$$:  142-block 446
    $$$$$:  142-block 447
    $$$$$:  142-block 448
    $$$$$:  142-block 449
    $$$$$:  142-block 450
    $$$$$:  142-block 451
    $$$$$:  142-block 452
    $$$$$:  142-block 453
    $$$$$:  142-block 454
    $$$$$:  142-block 455
    %%%%%:  142-block 456
    %%%%%:  142-block 457
    %%%%%:  142-block 458
    $$$$$:  142-block 459
    $$$$$:  142-block 460
    $$$$$:  142-block 461
    %%%%%:  142-block 462
    %%%%%:  142-block 463
    %%%%%:  142-block 464
    %%%%%:  142-block 465
    %%%%%:  142-block 466
    %%%%%:  142-block 467
    $$$$$:  142-block 468
    $$$$$:  142-block 469
    $$$$$:  142-block 470
    $$$$$:  142-block 471
    $$$$$:  142-block 472
    $$$$$:  142-block 473
    %%%%%:  142-block 474
    %%%%%:  142-block 475
    $$$$$:  142-block 476
    $$$$$:  142-block 477
    %%%%%:  142-block 478
    %%%%%:  142-block 479
    %%%%%:  142-block 480
    %%%%%:  142-block 481
    %%%%%:  142-block 482
    %%%%%:  142-block 483
    %%%%%:  142-block 484
    %%%%%:  142-block 485
    %%%%%:  142-block 486
    $$$$$:  142-block 487
    $$$$$:  142-block 488
    $$$$$:  142-block 489
    $$$$$:  142-block 490
    $$$$$:  142-block 491
    $$$$$:  142-block 492
    $$$$$:  142-block 493
    $$$$$:  142-block 494
    %%%%%:  142-block 495
    %%%%%:  142-block 496
    $$$$$:  142-block 497
    $$$$$:  142-block 498
    %%%%%:  142-block 499
    %%%%%:  142-block 500
    %%%%%:  142-block 501
    %%%%%:  142-block 502
    %%%%%:  142-block 503
    %%%%%:  142-block 504
    %%%%%:  142-block 505
    %%%%%:  142-block 506
    %%%%%:  142-block 507
    %%%%%:  142-block 508
    %%%%%:  142-block 509
    %%%%%:  142-block 510
    $$$$$:  142-block 511
    $$$$$:  142-block 512
    $$$$$:  142-block 513
    $$$$$:  142-block 514
    $$$$$:  142-block 515
    $$$$$:  142-block 516
    %%%%%:  142-block 517
    %%%%%:  142-block 518
    %%%%%:  142-block 519
    %%%%%:  142-block 520
    %%%%%:  142-block 521
    %%%%%:  142-block 522
    %%%%%:  142-block 523
    %%%%%:  142-block 524
    %%%%%:  142-block 525
    %%%%%:  142-block 526
    %%%%%:  142-block 527
    %%%%%:  142-block 528
    %%%%%:  142-block 529
    %%%%%:  142-block 530
    $$$$$:  142-block 531
    $$$$$:  142-block 532
    $$$$$:  142-block 533
    $$$$$:  142-block 534
    $$$$$:  142-block 535
    $$$$$:  142-block 536
    $$$$$:  142-block 537
    $$$$$:  142-block 538
    $$$$$:  142-block 539
    $$$$$:  142-block 540
    $$$$$:  142-block 541
    $$$$$:  142-block 542
    $$$$$:  142-block 543
    $$$$$:  142-block 544
    %%%%%:  142-block 545
    %%%%%:  142-block 546
    %%%%%:  142-block 547
    %%%%%:  142-block 548
    %%%%%:  142-block 549
    %%%%%:  142-block 550
    $$$$$:  142-block 551
    $$$$$:  142-block 552
    $$$$$:  142-block 553
    $$$$$:  142-block 554
    %%%%%:  142-block 555
    %%%%%:  142-block 556
    %%%%%:  142-block 557
    %%%%%:  142-block 558
    %%%%%:  142-block 559
    %%%%%:  142-block 560
    %%%%%:  142-block 561
    %%%%%:  142-block 562
    %%%%%:  142-block 563
    %%%%%:  142-block 564
    %%%%%:  142-block 565
    %%%%%:  142-block 566
    %%%%%:  142-block 567
    %%%%%:  142-block 568
    %%%%%:  142-block 569
    %%%%%:  142-block 570
    %%%%%:  142-block 571
    %%%%%:  142-block 572
    %%%%%:  142-block 573
    %%%%%:  142-block 574
    %%%%%:  142-block 575
    %%%%%:  142-block 576
    $$$$$:  142-block 577
    $$$$$:  142-block 578
    $$$$$:  142-block 579
    $$$$$:  142-block 580
    $$$$$:  142-block 581
    $$$$$:  142-block 582
    $$$$$:  142-block 583
    $$$$$:  142-block 584
    $$$$$:  142-block 585
    $$$$$:  142-block 586
    $$$$$:  142-block 587
    $$$$$:  142-block 588
    $$$$$:  142-block 589
    $$$$$:  142-block 590
    $$$$$:  142-block 591
    $$$$$:  142-block 592
    $$$$$:  142-block 593
    $$$$$:  142-block 594
    $$$$$:  142-block 595
    $$$$$:  142-block 596
    $$$$$:  142-block 597
    $$$$$:  142-block 598
    %%%%%:  142-block 599
    $$$$$:  142-block 600
    %%%%%:  142-block 601
    %%%%%:  142-block 602
    %%%%%:  142-block 603
    %%%%%:  142-block 604
    %%%%%:  142-block 605
    $$$$$:  142-block 606
        1:  142-block 607
        1:  142-block 608
        1:  142-block 609
    %%%%%:  142-block 610
    %%%%%:  142-block 611
    $$$$$:  142-block 612
    $$$$$:  142-block 613
    $$$$$:  142-block 614
    $$$$$:  142-block 615
    $$$$$:  142-block 616
    %%%%%:  142-block 617
    %%%%%:  142-block 618
    $$$$$:  142-block 619
        1:  142-block 620
        1:  142-block 621
        1:  142-block 622
        1:  142-block 623
        1:  142-block 624
        1:  142-block 625
    %%%%%:  142-block 626
    %%%%%:  142-block 627
    %%%%%:  142-block 628
    %%%%%:  142-block 629
    %%%%%:  142-block 630
    %%%%%:  142-block 631
    %%%%%:  142-block 632
    %%%%%:  142-block 633
    %%%%%:  142-block 634
    %%%%%:  142-block 635
    $$$$$:  142-block 636
    $$$$$:  142-block 637
    $$$$$:  142-block 638
    $$$$$:  142-block 639
    $$$$$:  142-block 640
    $$$$$:  142-block 641
    $$$$$:  142-block 642
    $$$$$:  142-block 643
    $$$$$:  142-block 644
    $$$$$:  142-block 645
    %%%%%:  142-block 646
    $$$$$:  142-block 647
    %%%%%:  142-block 648
    $$$$$:  142-block 649
        1:  142-block 650
    %%%%%:  142-block 651
    $$$$$:  142-block 652
    %%%%%:  142-block 653
    $$$$$:  142-block 654
        4:  142-block 655
    $$$$$:  142-block 656
    %%%%%:  142-block 657
    %%%%%:  142-block 658
    %%%%%:  142-block 659
    $$$$$:  142-block 660
    %%%%%:  142-block 661
    $$$$$:  142-block 662
    $$$$$:  142-block 663
    $$$$$:  142-block 664
    %%%%%:  142-block 665
    %%%%%:  142-block 666
    %%%%%:  142-block 667
    $$$$$:  142-block 668
    %%%%%:  142-block 669
    %%%%%:  142-block 670
    %%%%%:  142-block 671
    $$$$$:  142-block 672
    $$$$$:  142-block 673
    %%%%%:  142-block 674
    %%%%%:  142-block 675
    %%%%%:  142-block 676
    %%%%%:  142-block 677
    %%%%%:  142-block 678
    %%%%%:  142-block 679
    %%%%%:  142-block 680
    %%%%%:  142-block 681
    %%%%%:  142-block 682
    %%%%%:  142-block 683
    %%%%%:  142-block 684
    %%%%%:  142-block 685
    %%%%%:  142-block 686
    %%%%%:  142-block 687
    %%%%%:  142-block 688
    $$$$$:  142-block 689
    $$$$$:  142-block 690
    $$$$$:  142-block 691
    $$$$$:  142-block 692
    $$$$$:  142-block 693
    $$$$$:  142-block 694
    $$$$$:  142-block 695
    $$$$$:  142-block 696
    $$$$$:  142-block 697
    $$$$$:  142-block 698
    $$$$$:  142-block 699
    $$$$$:  142-block 700
    $$$$$:  142-block 701
    $$$$$:  142-block 702
    $$$$$:  142-block 703
    %%%%%:  142-block 704
    %%%%%:  142-block 705
    %%%%%:  142-block 706
    %%%%%:  142-block 707
    %%%%%:  142-block 708
    %%%%%:  142-block 709
    %%%%%:  142-block 710
    %%%%%:  142-block 711
    %%%%%:  142-block 712
    %%%%%:  142-block 713
    %%%%%:  142-block 714
    %%%%%:  142-block 715
    %%%%%:  142-block 716
    %%%%%:  142-block 717
    %%%%%:  142-block 718
    %%%%%:  142-block 719
    %%%%%:  142-block 720
    %%%%%:  142-block 721
    %%%%%:  142-block 722
    %%%%%:  142-block 723
    %%%%%:  142-block 724
    %%%%%:  142-block 725
    %%%%%:  142-block 726
    %%%%%:  142-block 727
    %%%%%:  142-block 728
    %%%%%:  142-block 729
    %%%%%:  142-block 730
    %%%%%:  142-block 731
    %%%%%:  142-block 732
    %%%%%:  142-block 733
    $$$$$:  142-block 734
    $$$$$:  142-block 735
    $$$$$:  142-block 736
    $$$$$:  142-block 737
    $$$$$:  142-block 738
    $$$$$:  142-block 739
    $$$$$:  142-block 740
    $$$$$:  142-block 741
    $$$$$:  142-block 742
    $$$$$:  142-block 743
    $$$$$:  142-block 744
    $$$$$:  142-block 745
    $$$$$:  142-block 746
    $$$$$:  142-block 747
    $$$$$:  142-block 748
    $$$$$:  142-block 749
    $$$$$:  142-block 750
    $$$$$:  142-block 751
    %%%%%:  142-block 752
    %%%%%:  142-block 753
    %%%%%:  142-block 754
    %%%%%:  142-block 755
    $$$$$:  142-block 756
    %%%%%:  142-block 757
    $$$$$:  142-block 758
    %%%%%:  142-block 759
    %%%%%:  142-block 760
    $$$$$:  142-block 761
    %%%%%:  142-block 762
    $$$$$:  142-block 763
    $$$$$:  142-block 764
    %%%%%:  142-block 765
    %%%%%:  142-block 766
    $$$$$:  142-block 767
    $$$$$:  142-block 768
    %%%%%:  142-block 769
    $$$$$:  142-block 770
    %%%%%:  142-block 771
    $$$$$:  142-block 772
    %%%%%:  142-block 773
    $$$$$:  142-block 774
    %%%%%:  142-block 775
    %%%%%:  142-block 776
    $$$$$:  142-block 777
    %%%%%:  142-block 778
    $$$$$:  142-block 779
    %%%%%:  142-block 780
    $$$$$:  142-block 781
    %%%%%:  142-block 782
    %%%%%:  142-block 783
    %%%%%:  142-block 784
    $$$$$:  142-block 785
    $$$$$:  142-block 786
    %%%%%:  142-block 787
    $$$$$:  142-block 788
    %%%%%:  142-block 789
    $$$$$:  142-block 790
    %%%%%:  142-block 791
    %%%%%:  142-block 792
    %%%%%:  142-block 793
    %%%%%:  142-block 794
    $$$$$:  142-block 795
    %%%%%:  142-block 796
    %%%%%:  142-block 797
    $$$$$:  142-block 798
    $$$$$:  142-block 799
        4:  142-block 800
    $$$$$:  142-block 801
    $$$$$:  142-block 802
    %%%%%:  142-block 803
        2:  142-block 804
        2:  142-block 805
        2:  142-block 806
    $$$$$:  142-block 807
    $$$$$:  142-block 808
    %%%%%:  142-block 809
        2:  142-block 810
    $$$$$:  142-block 811
        2:  142-block 812
        2:  142-block 813
    $$$$$:  142-block 814
    $$$$$:  142-block 815
    $$$$$:  142-block 816
    %%%%%:  142-block 817
    $$$$$:  142-block 818
        2:  142-block 819
        2:  142-block 820
    $$$$$:  142-block 821
    $$$$$:  142-block 822
    $$$$$:  142-block 823
    %%%%%:  142-block 824
    $$$$$:  142-block 825
        2:  142-block 826
    %%%%%:  142-block 827
        2:  142-block 828
        2:  142-block 829
        2:  142-block 830
        2:  142-block 831
    $$$$$:  142-block 832
    $$$$$:  142-block 833
    $$$$$:  142-block 834
    $$$$$:  142-block 835
    $$$$$:  142-block 836
    $$$$$:  142-block 837
    %%%%%:  142-block 838
    %%%%%:  142-block 839
    $$$$$:  142-block 840
    $$$$$:  142-block 841
    $$$$$:  142-block 842
    %%%%%:  142-block 843
    %%%%%:  142-block 844
    %%%%%:  142-block 845
    %%%%%:  142-block 846
    $$$$$:  142-block 847
    $$$$$:  142-block 848
    $$$$$:  142-block 849
    $$$$$:  142-block 850
    %%%%%:  142-block 851
    %%%%%:  142-block 852
    $$$$$:  142-block 853
    $$$$$:  142-block 854
    %%%%%:  142-block 855
    %%%%%:  142-block 856
    %%%%%:  142-block 857
    %%%%%:  142-block 858
    $$$$$:  142-block 859
    $$$$$:  142-block 860
    %%%%%:  142-block 861
    %%%%%:  142-block 862
    %%%%%:  142-block 863
    $$$$$:  142-block 864
    $$$$$:  142-block 865
    %%%%%:  142-block 866
    $$$$$:  142-block 867
    %%%%%:  142-block 868
    %%%%%:  142-block 869
    %%%%%:  142-block 870
    %%%%%:  142-block 871
    %%%%%:  142-block 872
    $$$$$:  142-block 873
    $$$$$:  142-block 874
    $$$$$:  142-block 875
    %%%%%:  142-block 876
    %%%%%:  142-block 877
    $$$$$:  142-block 878
    $$$$$:  142-block 879
    %%%%%:  142-block 880
    $$$$$:  142-block 881
    $$$$$:  142-block 882
    $$$$$:  142-block 883
    $$$$$:  142-block 884
        1:  142-block 885
    %%%%%:  142-block 886
        1:  142-block 887
    $$$$$:  142-block 888
    $$$$$:  142-block 889
    $$$$$:  142-block 890
    $$$$$:  142-block 891
    %%%%%:  142-block 892
    %%%%%:  142-block 893
    $$$$$:  142-block 894
    $$$$$:  142-block 895
        2:  142-block 896
    $$$$$:  142-block 897
    $$$$$:  142-block 898
    %%%%%:  142-block 899
    %%%%%:  142-block 900
    %%%%%:  142-block 901
    %%%%%:  142-block 902
    %%%%%:  142-block 903
    %%%%%:  142-block 904
    %%%%%:  142-block 905
    %%%%%:  142-block 906
    $$$$$:  142-block 907
    $$$$$:  142-block 908
    $$$$$:  142-block 909
    $$$$$:  142-block 910
    %%%%%:  142-block 911
    %%%%%:  142-block 912
    %%%%%:  142-block 913
    %%%%%:  142-block 914
    %%%%%:  142-block 915
    $$$$$:  142-block 916
    $$$$$:  142-block 917
    %%%%%:  142-block 918
    %%%%%:  142-block 919
    $$$$$:  142-block 920
        2:  142-block 921
        2:  142-block 922
        2:  142-block 923
        2:  142-block 924
    $$$$$:  142-block 925
    $$$$$:  142-block 926
    $$$$$:  142-block 927
        1:  142-block 928
        1:  142-block 929
    $$$$$:  142-block 930
    $$$$$:  142-block 931
        1:  142-block 932
        1:  142-block 933
    $$$$$:  142-block 934
        1:  142-block 935
        1:  142-block 936
    $$$$$:  142-block 937
    $$$$$:  142-block 938
    %%%%%:  142-block 939
    %%%%%:  142-block 940
    %%%%%:  142-block 941
    $$$$$:  142-block 942
    %%%%%:  142-block 943
    $$$$$:  142-block 944
    %%%%%:  142-block 945
    $$$$$:  142-block 946
    %%%%%:  142-block 947
    $$$$$:  142-block 948
    %%%%%:  142-block 949
    %%%%%:  142-block 950
    $$$$$:  142-block 951
    $$$$$:  142-block 952
    %%%%%:  142-block 953
    %%%%%:  142-block 954
    %%%%%:  142-block 955
    $$$$$:  142-block 956
    %%%%%:  142-block 957
    $$$$$:  142-block 958
    %%%%%:  142-block 959
    $$$$$:  142-block 960
    %%%%%:  142-block 961
    $$$$$:  142-block 962
    %%%%%:  142-block 963
    %%%%%:  142-block 964
    %%%%%:  142-block 965
    %%%%%:  142-block 966
    %%%%%:  142-block 967
    $$$$$:  142-block 968
    $$$$$:  142-block 969
    $$$$$:  142-block 970
    %%%%%:  142-block 971
    %%%%%:  142-block 972
    $$$$$:  142-block 973
    $$$$$:  142-block 974
    %%%%%:  142-block 975
    %%%%%:  142-block 976
    %%%%%:  142-block 977
    $$$$$:  142-block 978
    %%%%%:  142-block 979
    %%%%%:  142-block 980
    %%%%%:  142-block 981
    %%%%%:  142-block 982
    %%%%%:  142-block 983
    $$$$$:  142-block 984
    $$$$$:  142-block 985
    $$$$$:  142-block 986
    $$$$$:  142-block 987
    $$$$$:  142-block 988
    $$$$$:  142-block 989
    %%%%%:  142-block 990
    $$$$$:  142-block 991
    $$$$$:  142-block 992
    %%%%%:  142-block 993
    %%%%%:  142-block 994
    %%%%%:  142-block 995
    %%%%%:  142-block 996
    $$$$$:  142-block 997
    $$$$$:  142-block 998
    $$$$$:  142-block 999
    $$$$$:  142-block 1000
    %%%%%:  142-block 1001
    $$$$$:  142-block 1002
    $$$$$:  142-block 1003
    %%%%%:  142-block 1004
    %%%%%:  142-block 1005
    %%%%%:  142-block 1006
    $$$$$:  142-block 1007
    $$$$$:  142-block 1008
    %%%%%:  142-block 1009
    %%%%%:  142-block 1010
    %%%%%:  142-block 1011
    %%%%%:  142-block 1012
    $$$$$:  142-block 1013
    $$$$$:  142-block 1014
    $$$$$:  142-block 1015
    $$$$$:  142-block 1016
    $$$$$:  142-block 1017
    %%%%%:  142-block 1018
    %%%%%:  142-block 1019
    %%%%%:  142-block 1020
    $$$$$:  142-block 1021
    $$$$$:  142-block 1022
    $$$$$:  142-block 1023
    %%%%%:  142-block 1024
    %%%%%:  142-block 1025
    %%%%%:  142-block 1026
    %%%%%:  142-block 1027
    %%%%%:  142-block 1028
    %%%%%:  142-block 1029
    %%%%%:  142-block 1030
    $$$$$:  142-block 1031
    $$$$$:  142-block 1032
    $$$$$:  142-block 1033
    $$$$$:  142-block 1034
    $$$$$:  142-block 1035
    $$$$$:  142-block 1036
    $$$$$:  142-block 1037
    %%%%%:  142-block 1038
    %%%%%:  142-block 1039
        1:  142-block 1040
    %%%%%:  142-block 1041
    %%%%%:  142-block 1042
    %%%%%:  142-block 1043
        1:  142-block 1044
        2:  142-block 1045
        2:  142-block 1046
        2:  142-block 1047
    $$$$$:  142-block 1048
    %%%%%:  142-block 1049
    %%%%%:  142-block 1050
    $$$$$:  142-block 1051
    %%%%%:  142-block 1052
    %%%%%:  142-block 1053
    %%%%%:  142-block 1054
    %%%%%:  142-block 1055
    %%%%%:  142-block 1056
    $$$$$:  142-block 1057
    $$$$$:  142-block 1058
    $$$$$:  142-block 1059
        3:  142-block 1060
    %%%%%:  142-block 1061
        1:  142-block 1062
        1:  142-block 1063
        1:  142-block 1064
        1:  142-block 1065
        1:  142-block 1066
        1:  142-block 1067
        1:  142-block 1068
        1:  142-block 1069
        1:  142-block 1070
        1:  142-block 1071
        1:  142-block 1072
        1:  142-block 1073
        1:  142-block 1074
        1:  142-block 1075
        1:  142-block 1076
        1:  142-block 1077
        1:  142-block 1078
        1:  142-block 1079
        1:  142-block 1080
        1:  142-block 1081
        1:  142-block 1082
        1:  142-block 1083
        1:  142-block 1084
        1:  142-block 1085
        1:  142-block 1086
        1:  142-block 1087
        1:  142-block 1088
        1:  142-block 1089
        1:  142-block 1090
        1:  142-block 1091
        1:  142-block 1092
        1:  142-block 1093
        1:  142-block 1094
        1:  142-block 1095
        1:  142-block 1096
        1:  142-block 1097
        1:  142-block 1098
        1:  142-block 1099
        1:  142-block 1100
        1:  142-block 1101
        1:  142-block 1102
        1:  142-block 1103
        1:  142-block 1104
        1:  142-block 1105
        1:  142-block 1106
        1:  142-block 1107
        1:  142-block 1108
        1:  142-block 1109
        1:  142-block 1110
        1:  142-block 1111
        1:  142-block 1112
        1:  142-block 1113
        1:  142-block 1114
        1:  142-block 1115
        1:  142-block 1116
        1:  142-block 1117
        1:  142-block 1118
    $$$$$:  142-block 1119
    $$$$$:  142-block 1120
    $$$$$:  142-block 1121
    $$$$$:  142-block 1122
    $$$$$:  142-block 1123
    $$$$$:  142-block 1124
    $$$$$:  142-block 1125
    $$$$$:  142-block 1126
    $$$$$:  142-block 1127
    $$$$$:  142-block 1128
    $$$$$:  142-block 1129
    $$$$$:  142-block 1130
    $$$$$:  142-block 1131
    $$$$$:  142-block 1132
    $$$$$:  142-block 1133
    $$$$$:  142-block 1134
    $$$$$:  142-block 1135
    $$$$$:  142-block 1136
    $$$$$:  142-block 1137
    $$$$$:  142-block 1138
    $$$$$:  142-block 1139
    $$$$$:  142-block 1140
    $$$$$:  142-block 1141
    $$$$$:  142-block 1142
    $$$$$:  142-block 1143
    $$$$$:  142-block 1144
    $$$$$:  142-block 1145
    $$$$$:  142-block 1146
    $$$$$:  142-block 1147
    $$$$$:  142-block 1148
    $$$$$:  142-block 1149
    $$$$$:  142-block 1150
    $$$$$:  142-block 1151
    $$$$$:  142-block 1152
    $$$$$:  142-block 1153
    $$$$$:  142-block 1154
    $$$$$:  142-block 1155
    $$$$$:  142-block 1156
    $$$$$:  142-block 1157
    $$$$$:  142-block 1158
    $$$$$:  142-block 1159
    $$$$$:  142-block 1160
    $$$$$:  142-block 1161
    $$$$$:  142-block 1162
    $$$$$:  142-block 1163
    $$$$$:  142-block 1164
    $$$$$:  142-block 1165
    $$$$$:  142-block 1166
    $$$$$:  142-block 1167
    $$$$$:  142-block 1168
    $$$$$:  142-block 1169
    $$$$$:  142-block 1170
    $$$$$:  142-block 1171
    $$$$$:  142-block 1172
    $$$$$:  142-block 1173
    $$$$$:  142-block 1174
    $$$$$:  142-block 1175
    $$$$$:  142-block 1176
    $$$$$:  142-block 1177
    $$$$$:  142-block 1178
    $$$$$:  142-block 1179
    $$$$$:  142-block 1180
    $$$$$:  142-block 1181
    $$$$$:  142-block 1182
    $$$$$:  142-block 1183
    $$$$$:  142-block 1184
    $$$$$:  142-block 1185
    $$$$$:  142-block 1186
    $$$$$:  142-block 1187
    $$$$$:  142-block 1188
    $$$$$:  142-block 1189
    $$$$$:  142-block 1190
    $$$$$:  142-block 1191
    $$$$$:  142-block 1192
    $$$$$:  142-block 1193
    $$$$$:  142-block 1194
    $$$$$:  142-block 1195
    $$$$$:  142-block 1196
    $$$$$:  142-block 1197
    $$$$$:  142-block 1198
    $$$$$:  142-block 1199
    $$$$$:  142-block 1200
    $$$$$:  142-block 1201
        1:  142-block 1202
    %%%%%:  142-block 1203
    $$$$$:  142-block 1204
    %%%%%:  142-block 1205
    %%%%%:  142-block 1206
    %%%%%:  142-block 1207
    %%%%%:  142-block 1208
    %%%%%:  142-block 1209
    %%%%%:  142-block 1210
    %%%%%:  142-block 1211
    %%%%%:  142-block 1212
    %%%%%:  142-block 1213
    %%%%%:  142-block 1214
    $$$$$:  142-block 1215
    $$$$$:  142-block 1216
        1:  142-block 1217
        1:  142-block 1218
        1:  142-block 1219
        1:  142-block 1220
    $$$$$:  142-block 1221
    $$$$$:  142-block 1222
    $$$$$:  142-block 1223
    $$$$$:  142-block 1224
    %%%%%:  142-block 1225
    %%%%%:  142-block 1226
    %%%%%:  142-block 1227
    %%%%%:  142-block 1228
    $$$$$:  142-block 1229
    $$$$$:  142-block 1230
    $$$$$:  142-block 1231
    %%%%%:  142-block 1232
    %%%%%:  142-block 1233
    %%%%%:  142-block 1234
    %%%%%:  142-block 1235
    %%%%%:  142-block 1236
    %%%%%:  142-block 1237
    %%%%%:  142-block 1238
    %%%%%:  142-block 1239
    %%%%%:  142-block 1240
    %%%%%:  142-block 1241
    %%%%%:  142-block 1242
    %%%%%:  142-block 1243
    %%%%%:  142-block 1244
    %%%%%:  142-block 1245
    %%%%%:  142-block 1246
    $$$$$:  142-block 1247
    $$$$$:  142-block 1248
    $$$$$:  142-block 1249
    $$$$$:  142-block 1250
    $$$$$:  142-block 1251
    $$$$$:  142-block 1252
    $$$$$:  142-block 1253
    %%%%%:  142-block 1254
    %%%%%:  142-block 1255
    %%%%%:  142-block 1256
    %%%%%:  142-block 1257
    $$$$$:  142-block 1258
    %%%%%:  142-block 1259
    %%%%%:  142-block 1260
    %%%%%:  142-block 1261
    %%%%%:  142-block 1262
    %%%%%:  142-block 1263
    %%%%%:  142-block 1264
    $$$$$:  142-block 1265
    $$$$$:  142-block 1266
    $$$$$:  142-block 1267
    %%%%%:  142-block 1268
    %%%%%:  142-block 1269
        1:  142-block 1270
    $$$$$:  142-block 1271
    %%%%%:  142-block 1272
        1:  142-block 1273
    $$$$$:  142-block 1274
    %%%%%:  142-block 1275
    %%%%%:  142-block 1276
    %%%%%:  142-block 1277
    %%%%%:  142-block 1278
    %%%%%:  142-block 1279
    $$$$$:  142-block 1280
    $$$$$:  142-block 1281
    $$$$$:  142-block 1282
    %%%%%:  142-block 1283
    %%%%%:  142-block 1284
    %%%%%:  142-block 1285
    %%%%%:  142-block 1286
    %%%%%:  142-block 1287
    %%%%%:  142-block 1288
    %%%%%:  142-block 1289
    %%%%%:  142-block 1290
    %%%%%:  142-block 1291
    %%%%%:  142-block 1292
    $$$$$:  142-block 1293
    $$$$$:  142-block 1294
    $$$$$:  142-block 1295
    $$$$$:  142-block 1296
    $$$$$:  142-block 1297
    $$$$$:  142-block 1298
    $$$$$:  142-block 1299
    %%%%%:  142-block 1300
    $$$$$:  142-block 1301
    %%%%%:  142-block 1302
    %%%%%:  142-block 1303
    %%%%%:  142-block 1304
    %%%%%:  142-block 1305
    %%%%%:  142-block 1306
    %%%%%:  142-block 1307
    %%%%%:  142-block 1308
    $$$$$:  142-block 1309
    $$$$$:  142-block 1310
    $$$$$:  142-block 1311
    $$$$$:  142-block 1312
    $$$$$:  142-block 1313
    %%%%%:  142-block 1314
    $$$$$:  142-block 1315
    %%%%%:  142-block 1316
    $$$$$:  142-block 1317
    %%%%%:  142-block 1318
    $$$$$:  142-block 1319
    %%%%%:  142-block 1320
    %%%%%:  142-block 1321
    %%%%%:  142-block 1322
    %%%%%:  142-block 1323
    $$$$$:  142-block 1324
    $$$$$:  142-block 1325
    %%%%%:  142-block 1326
    $$$$$:  142-block 1327
    %%%%%:  142-block 1328
    $$$$$:  142-block 1329
    %%%%%:  142-block 1330
    $$$$$:  142-block 1331
    %%%%%:  142-block 1332
    %%%%%:  142-block 1333
    %%%%%:  142-block 1334
    $$$$$:  142-block 1335
    %%%%%:  142-block 1336
    %%%%%:  142-block 1337
    $$$$$:  142-block 1338
    %%%%%:  142-block 1339
    %%%%%:  142-block 1340
    $$$$$:  142-block 1341
    %%%%%:  142-block 1342
    %%%%%:  142-block 1343
    $$$$$:  142-block 1344
    %%%%%:  142-block 1345
    %%%%%:  142-block 1346
    $$$$$:  142-block 1347
    $$$$$:  142-block 1348
    $$$$$:  142-block 1349
    %%%%%:  142-block 1350
    $$$$$:  142-block 1351
        -:  143:    };
        -:  144:
        -:  145:  /// Convenience alias for rebinding pointers.
        -:  146:  template<typename _Ptr, typename _Tp>
        -:  147:    using __ptr_rebind = typename pointer_traits<_Ptr>::template rebind<_Tp>;
        -:  148:
        -:  149:  template<typename _Tp>
        -:  150:    constexpr _Tp*
      40*:  151:    __to_address(_Tp* __ptr) noexcept
    %%%%%:  151-block  0
    %%%%%:  151-block  1
    %%%%%:  151-block  2
    %%%%%:  151-block  3
    %%%%%:  151-block  4
    %%%%%:  151-block  5
        2:  151-block  6
        2:  151-block  7
        1:  151-block  8
    %%%%%:  151-block  9
        3:  151-block 10
        1:  151-block 11
        -:  152:    {
        -:  153:      static_assert(!std::is_function<_Tp>::value, "not a function pointer");
        -:  154:      return __ptr;
        -:  155:    }
        -:  156:
        -:  157:#if __cplusplus <= 201703L
        -:  158:  template<typename _Ptr>
        -:  159:    constexpr typename std::pointer_traits<_Ptr>::element_type*
        -:  160:    __to_address(const _Ptr& __ptr)
        -:  161:    { return std::__to_address(__ptr.operator->()); }
        -:  162:#else
        -:  163:  template<typename _Ptr>
        -:  164:    constexpr auto
        -:  165:    __to_address(const _Ptr& __ptr) noexcept
        -:  166:    -> decltype(std::pointer_traits<_Ptr>::to_address(__ptr))
        -:  167:    { return std::pointer_traits<_Ptr>::to_address(__ptr); }
        -:  168:
        -:  169:  template<typename _Ptr, typename... _None>
        -:  170:    constexpr auto
        -:  171:    __to_address(const _Ptr& __ptr, _None...) noexcept
        -:  172:    { return std::__to_address(__ptr.operator->()); }
        -:  173:
        -:  174:  /**
        -:  175:   * @brief Obtain address referenced by a pointer to an object
        -:  176:   * @param __ptr A pointer to an object
        -:  177:   * @return @c __ptr
        -:  178:   * @ingroup pointer_abstractions
        -:  179:  */
        -:  180:  template<typename _Tp>
        -:  181:    constexpr _Tp*
        -:  182:    to_address(_Tp* __ptr) noexcept
        -:  183:    { return std::__to_address(__ptr); }
        -:  184:
        -:  185:  /**
        -:  186:   * @brief Obtain address referenced by a pointer to an object
        -:  187:   * @param __ptr A pointer to an object
        -:  188:   * @return @c pointer_traits<_Ptr>::to_address(__ptr) if that expression is
        -:  189:             well-formed, otherwise @c to_address(__ptr.operator->())
        -:  190:   * @ingroup pointer_abstractions
        -:  191:  */
        -:  192:  template<typename _Ptr>
        -:  193:    constexpr auto
        -:  194:    to_address(const _Ptr& __ptr) noexcept
        -:  195:    { return std::__to_address(__ptr); }
        -:  196:#endif // C++2a
        -:  197:
        -:  198:_GLIBCXX_END_NAMESPACE_VERSION
        -:  199:} // namespace std
        -:  200:
        -:  201:#endif
        -:  202:
        -:  203:#endif
