        -:    0:Source:/home/cheg/Repos/Master/SpikeLibrary/extern/catch/catch.hpp
        -:    0:Graph:/home/cheg/Repos/Master/SpikeLibrary/cmake-build-debug/test/CMakeFiles/test_spike.dir/test_main.cpp.gcno
        -:    0:Data:/home/cheg/Repos/Master/SpikeLibrary/cmake-build-debug/test/CMakeFiles/test_spike.dir/test_main.cpp.gcda
        -:    0:Runs:1
        -:    1:/*
        -:    2: *  Catch v2.7.2
        -:    3: *  Generated: 2019-04-22 23:13:14.687465
        -:    4: *  ----------------------------------------------------------
        -:    5: *  This file has been merged from multiple headers. Please don't edit it directly
        -:    6: *  Copyright (c) 2019 Two Blue Cubes Ltd. All rights reserved.
        -:    7: *
        -:    8: *  Distributed under the Boost Software License, Version 1.0. (See accompanying
        -:    9: *  file LICENSE_1_0.txt or copy at http://www.boost.org/LICENSE_1_0.txt)
        -:   10: */
        -:   11:#ifndef TWOBLUECUBES_SINGLE_INCLUDE_CATCH_HPP_INCLUDED
        -:   12:#define TWOBLUECUBES_SINGLE_INCLUDE_CATCH_HPP_INCLUDED
        -:   13:// start catch.hpp
        -:   14:
        -:   15:
        -:   16:#define CATCH_VERSION_MAJOR 2
        -:   17:#define CATCH_VERSION_MINOR 7
        -:   18:#define CATCH_VERSION_PATCH 2
        -:   19:
        -:   20:#ifdef __clang__
        -:   21:#    pragma clang system_header
        -:   22:#elif defined __GNUC__
        -:   23:#    pragma GCC system_header
        -:   24:#endif
        -:   25:
        -:   26:// start catch_suppress_warnings.h
        -:   27:
        -:   28:#ifdef __clang__
        -:   29:#   ifdef __ICC // icpc defines the __clang__ macro
        -:   30:#       pragma warning(push)
        -:   31:#       pragma warning(disable: 161 1682)
        -:   32:#   else // __ICC
        -:   33:#       pragma clang diagnostic push
        -:   34:#       pragma clang diagnostic ignored "-Wpadded"
        -:   35:#       pragma clang diagnostic ignored "-Wswitch-enum"
        -:   36:#       pragma clang diagnostic ignored "-Wcovered-switch-default"
        -:   37:#    endif
        -:   38:#elif defined __GNUC__
        -:   39:     // Because REQUIREs trigger GCC's -Wparentheses, and because still
        -:   40:     // supported version of g++ have only buggy support for _Pragmas,
        -:   41:     // Wparentheses have to be suppressed globally.
        -:   42:#    pragma GCC diagnostic ignored "-Wparentheses" // See #674 for details
        -:   43:
        -:   44:#    pragma GCC diagnostic push
        -:   45:#    pragma GCC diagnostic ignored "-Wunused-variable"
        -:   46:#    pragma GCC diagnostic ignored "-Wpadded"
        -:   47:#endif
        -:   48:// end catch_suppress_warnings.h
        -:   49:#if defined(CATCH_CONFIG_MAIN) || defined(CATCH_CONFIG_RUNNER)
        -:   50:#  define CATCH_IMPL
        -:   51:#  define CATCH_CONFIG_ALL_PARTS
        -:   52:#endif
        -:   53:
        -:   54:// In the impl file, we want to have access to all parts of the headers
        -:   55:// Can also be used to sanely support PCHs
        -:   56:#if defined(CATCH_CONFIG_ALL_PARTS)
        -:   57:#  define CATCH_CONFIG_EXTERNAL_INTERFACES
        -:   58:#  if defined(CATCH_CONFIG_DISABLE_MATCHERS)
        -:   59:#    undef CATCH_CONFIG_DISABLE_MATCHERS
        -:   60:#  endif
        -:   61:#  if !defined(CATCH_CONFIG_ENABLE_CHRONO_STRINGMAKER)
        -:   62:#    define CATCH_CONFIG_ENABLE_CHRONO_STRINGMAKER
        -:   63:#  endif
        -:   64:#endif
        -:   65:
        -:   66:#if !defined(CATCH_CONFIG_IMPL_ONLY)
        -:   67:// start catch_platform.h
        -:   68:
        -:   69:#ifdef __APPLE__
        -:   70:# include <TargetConditionals.h>
        -:   71:# if TARGET_OS_OSX == 1
        -:   72:#  define CATCH_PLATFORM_MAC
        -:   73:# elif TARGET_OS_IPHONE == 1
        -:   74:#  define CATCH_PLATFORM_IPHONE
        -:   75:# endif
        -:   76:
        -:   77:#elif defined(linux) || defined(__linux) || defined(__linux__)
        -:   78:#  define CATCH_PLATFORM_LINUX
        -:   79:
        -:   80:#elif defined(WIN32) || defined(__WIN32__) || defined(_WIN32) || defined(_MSC_VER) || defined(__MINGW32__)
        -:   81:#  define CATCH_PLATFORM_WINDOWS
        -:   82:#endif
        -:   83:
        -:   84:// end catch_platform.h
        -:   85:
        -:   86:#ifdef CATCH_IMPL
        -:   87:#  ifndef CLARA_CONFIG_MAIN
        -:   88:#    define CLARA_CONFIG_MAIN_NOT_DEFINED
        -:   89:#    define CLARA_CONFIG_MAIN
        -:   90:#  endif
        -:   91:#endif
        -:   92:
        -:   93:// start catch_user_interfaces.h
        -:   94:
        -:   95:namespace Catch {
        -:   96:    unsigned int rngSeed();
        -:   97:}
        -:   98:
        -:   99:// end catch_user_interfaces.h
        -:  100:// start catch_tag_alias_autoregistrar.h
        -:  101:
        -:  102:// start catch_common.h
        -:  103:
        -:  104:// start catch_compiler_capabilities.h
        -:  105:
        -:  106:// Detect a number of compiler features - by compiler
        -:  107:// The following features are defined:
        -:  108://
        -:  109:// CATCH_CONFIG_COUNTER : is the __COUNTER__ macro supported?
        -:  110:// CATCH_CONFIG_WINDOWS_SEH : is Windows SEH supported?
        -:  111:// CATCH_CONFIG_POSIX_SIGNALS : are POSIX signals supported?
        -:  112:// CATCH_CONFIG_DISABLE_EXCEPTIONS : Are exceptions enabled?
        -:  113:// ****************
        -:  114:// Note to maintainers: if new toggles are added please document them
        -:  115:// in configuration.md, too
        -:  116:// ****************
        -:  117:
        -:  118:// In general each macro has a _NO_<feature name> form
        -:  119:// (e.g. CATCH_CONFIG_NO_POSIX_SIGNALS) which disables the feature.
        -:  120:// Many features, at point of detection, define an _INTERNAL_ macro, so they
        -:  121:// can be combined, en-mass, with the _NO_ forms later.
        -:  122:
        -:  123:#ifdef __cplusplus
        -:  124:
        -:  125:#  if (__cplusplus >= 201402L) || (defined(_MSVC_LANG) && _MSVC_LANG >= 201402L)
        -:  126:#    define CATCH_CPP14_OR_GREATER
        -:  127:#  endif
        -:  128:
        -:  129:#  if (__cplusplus >= 201703L) || (defined(_MSVC_LANG) && _MSVC_LANG >= 201703L)
        -:  130:#    define CATCH_CPP17_OR_GREATER
        -:  131:#  endif
        -:  132:
        -:  133:#endif
        -:  134:
        -:  135:#if defined(CATCH_CPP17_OR_GREATER)
        -:  136:#  define CATCH_INTERNAL_CONFIG_CPP17_UNCAUGHT_EXCEPTIONS
        -:  137:#endif
        -:  138:
        -:  139:#ifdef __clang__
        -:  140:
        -:  141:#       define CATCH_INTERNAL_SUPPRESS_GLOBALS_WARNINGS \
        -:  142:            _Pragma( "clang diagnostic push" ) \
        -:  143:            _Pragma( "clang diagnostic ignored \"-Wexit-time-destructors\"" ) \
        -:  144:            _Pragma( "clang diagnostic ignored \"-Wglobal-constructors\"")
        -:  145:#       define CATCH_INTERNAL_UNSUPPRESS_GLOBALS_WARNINGS \
        -:  146:            _Pragma( "clang diagnostic pop" )
        -:  147:
        -:  148:#       define CATCH_INTERNAL_SUPPRESS_PARENTHESES_WARNINGS \
        -:  149:            _Pragma( "clang diagnostic push" ) \
        -:  150:            _Pragma( "clang diagnostic ignored \"-Wparentheses\"" )
        -:  151:#       define CATCH_INTERNAL_UNSUPPRESS_PARENTHESES_WARNINGS \
        -:  152:            _Pragma( "clang diagnostic pop" )
        -:  153:
        -:  154:#       define CATCH_INTERNAL_SUPPRESS_UNUSED_WARNINGS \
        -:  155:            _Pragma( "clang diagnostic push" ) \
        -:  156:            _Pragma( "clang diagnostic ignored \"-Wunused-variable\"" )
        -:  157:#       define CATCH_INTERNAL_UNSUPPRESS_UNUSED_WARNINGS \
        -:  158:            _Pragma( "clang diagnostic pop" )
        -:  159:
        -:  160:#endif // __clang__
        -:  161:
        -:  162:////////////////////////////////////////////////////////////////////////////////
        -:  163:// Assume that non-Windows platforms support posix signals by default
        -:  164:#if !defined(CATCH_PLATFORM_WINDOWS)
        -:  165:    #define CATCH_INTERNAL_CONFIG_POSIX_SIGNALS
        -:  166:#endif
        -:  167:
        -:  168:////////////////////////////////////////////////////////////////////////////////
        -:  169:// We know some environments not to support full POSIX signals
        -:  170:#if defined(__CYGWIN__) || defined(__QNX__) || defined(__EMSCRIPTEN__) || defined(__DJGPP__)
        -:  171:    #define CATCH_INTERNAL_CONFIG_NO_POSIX_SIGNALS
        -:  172:#endif
        -:  173:
        -:  174:#ifdef __OS400__
        -:  175:#       define CATCH_INTERNAL_CONFIG_NO_POSIX_SIGNALS
        -:  176:#       define CATCH_CONFIG_COLOUR_NONE
        -:  177:#endif
        -:  178:
        -:  179:////////////////////////////////////////////////////////////////////////////////
        -:  180:// Android somehow still does not support std::to_string
        -:  181:#if defined(__ANDROID__)
        -:  182:#    define CATCH_INTERNAL_CONFIG_NO_CPP11_TO_STRING
        -:  183:#endif
        -:  184:
        -:  185:////////////////////////////////////////////////////////////////////////////////
        -:  186:// Not all Windows environments support SEH properly
        -:  187:#if defined(__MINGW32__)
        -:  188:#    define CATCH_INTERNAL_CONFIG_NO_WINDOWS_SEH
        -:  189:#endif
        -:  190:
        -:  191:////////////////////////////////////////////////////////////////////////////////
        -:  192:// PS4
        -:  193:#if defined(__ORBIS__)
        -:  194:#    define CATCH_INTERNAL_CONFIG_NO_NEW_CAPTURE
        -:  195:#endif
        -:  196:
        -:  197:////////////////////////////////////////////////////////////////////////////////
        -:  198:// Cygwin
        -:  199:#ifdef __CYGWIN__
        -:  200:
        -:  201:// Required for some versions of Cygwin to declare gettimeofday
        -:  202:// see: http://stackoverflow.com/questions/36901803/gettimeofday-not-declared-in-this-scope-cygwin
        -:  203:#   define _BSD_SOURCE
        -:  204:// some versions of cygwin (most) do not support std::to_string. Use the libstd check.
        -:  205:// https://gcc.gnu.org/onlinedocs/gcc-4.8.2/libstdc++/api/a01053_source.html line 2812-2813
        -:  206:# if !((__cplusplus >= 201103L) && defined(_GLIBCXX_USE_C99) \
        -:  207:	       && !defined(_GLIBCXX_HAVE_BROKEN_VSWPRINTF))
        -:  208:
        -:  209:#	define CATCH_INTERNAL_CONFIG_NO_CPP11_TO_STRING
        -:  210:
        -:  211:# endif
        -:  212:#endif // __CYGWIN__
        -:  213:
        -:  214:////////////////////////////////////////////////////////////////////////////////
        -:  215:// Visual C++
        -:  216:#ifdef _MSC_VER
        -:  217:
        -:  218:#  if _MSC_VER >= 1900 // Visual Studio 2015 or newer
        -:  219:#    define CATCH_INTERNAL_CONFIG_CPP17_UNCAUGHT_EXCEPTIONS
        -:  220:#  endif
        -:  221:
        -:  222:// Universal Windows platform does not support SEH
        -:  223:// Or console colours (or console at all...)
        -:  224:#  if defined(WINAPI_FAMILY) && (WINAPI_FAMILY == WINAPI_FAMILY_APP)
        -:  225:#    define CATCH_CONFIG_COLOUR_NONE
        -:  226:#  else
        -:  227:#    define CATCH_INTERNAL_CONFIG_WINDOWS_SEH
        -:  228:#  endif
        -:  229:
        -:  230:// MSVC traditional preprocessor needs some workaround for __VA_ARGS__
        -:  231:// _MSVC_TRADITIONAL == 0 means new conformant preprocessor
        -:  232:// _MSVC_TRADITIONAL == 1 means old traditional non-conformant preprocessor
        -:  233:#  if !defined(_MSVC_TRADITIONAL) || (defined(_MSVC_TRADITIONAL) && _MSVC_TRADITIONAL)
        -:  234:#    define CATCH_INTERNAL_CONFIG_TRADITIONAL_MSVC_PREPROCESSOR
        -:  235:#  endif
        -:  236:
        -:  237:#endif // _MSC_VER
        -:  238:
        -:  239:////////////////////////////////////////////////////////////////////////////////
        -:  240:// Check if we are compiled with -fno-exceptions or equivalent
        -:  241:#if defined(__EXCEPTIONS) || defined(__cpp_exceptions) || defined(_CPPUNWIND)
        -:  242:#  define CATCH_INTERNAL_CONFIG_EXCEPTIONS_ENABLED
        -:  243:#endif
        -:  244:
        -:  245:////////////////////////////////////////////////////////////////////////////////
        -:  246:// DJGPP
        -:  247:#ifdef __DJGPP__
        -:  248:#  define CATCH_INTERNAL_CONFIG_NO_WCHAR
        -:  249:#endif // __DJGPP__
        -:  250:
        -:  251:////////////////////////////////////////////////////////////////////////////////
        -:  252:// Embarcadero C++Build
        -:  253:#if defined(__BORLANDC__)
        -:  254:    #define CATCH_INTERNAL_CONFIG_POLYFILL_ISNAN
        -:  255:#endif
        -:  256:
        -:  257:////////////////////////////////////////////////////////////////////////////////
        -:  258:
        -:  259:// Use of __COUNTER__ is suppressed during code analysis in
        -:  260:// CLion/AppCode 2017.2.x and former, because __COUNTER__ is not properly
        -:  261:// handled by it.
        -:  262:// Otherwise all supported compilers support COUNTER macro,
        -:  263:// but user still might want to turn it off
        -:  264:#if ( !defined(__JETBRAINS_IDE__) || __JETBRAINS_IDE__ >= 20170300L )
        -:  265:    #define CATCH_INTERNAL_CONFIG_COUNTER
        -:  266:#endif
        -:  267:
        -:  268:////////////////////////////////////////////////////////////////////////////////
        -:  269:// Check if string_view is available and usable
        -:  270:// The check is split apart to work around v140 (VS2015) preprocessor issue...
        -:  271:#if defined(__has_include)
        -:  272:#if __has_include(<string_view>) && defined(CATCH_CPP17_OR_GREATER)
        -:  273:#    define CATCH_INTERNAL_CONFIG_CPP17_STRING_VIEW
        -:  274:#endif
        -:  275:#endif
        -:  276:
        -:  277:////////////////////////////////////////////////////////////////////////////////
        -:  278:// Check if optional is available and usable
        -:  279:#if defined(__has_include)
        -:  280:#  if __has_include(<optional>) && defined(CATCH_CPP17_OR_GREATER)
        -:  281:#    define CATCH_INTERNAL_CONFIG_CPP17_OPTIONAL
        -:  282:#  endif // __has_include(<optional>) && defined(CATCH_CPP17_OR_GREATER)
        -:  283:#endif // __has_include
        -:  284:
        -:  285:////////////////////////////////////////////////////////////////////////////////
        -:  286:// Check if variant is available and usable
        -:  287:#if defined(__has_include)
        -:  288:#  if __has_include(<variant>) && defined(CATCH_CPP17_OR_GREATER)
        -:  289:#    if defined(__clang__) && (__clang_major__ < 8)
        -:  290:       // work around clang bug with libstdc++ https://bugs.llvm.org/show_bug.cgi?id=31852
        -:  291:       // fix should be in clang 8, workaround in libstdc++ 8.2
        -:  292:#      include <ciso646>
        -:  293:#      if defined(__GLIBCXX__) && defined(_GLIBCXX_RELEASE) && (_GLIBCXX_RELEASE < 9)
        -:  294:#        define CATCH_CONFIG_NO_CPP17_VARIANT
        -:  295:#      else
        -:  296:#        define CATCH_INTERNAL_CONFIG_CPP17_VARIANT
        -:  297:#      endif // defined(__GLIBCXX__) && defined(_GLIBCXX_RELEASE) && (_GLIBCXX_RELEASE < 9)
        -:  298:#    else
        -:  299:#      define CATCH_INTERNAL_CONFIG_CPP17_VARIANT
        -:  300:#    endif // defined(__clang__) && (__clang_major__ < 8)
        -:  301:#  endif // __has_include(<variant>) && defined(CATCH_CPP17_OR_GREATER)
        -:  302:#endif // __has_include
        -:  303:
        -:  304:#if defined(CATCH_INTERNAL_CONFIG_COUNTER) && !defined(CATCH_CONFIG_NO_COUNTER) && !defined(CATCH_CONFIG_COUNTER)
        -:  305:#   define CATCH_CONFIG_COUNTER
        -:  306:#endif
        -:  307:#if defined(CATCH_INTERNAL_CONFIG_WINDOWS_SEH) && !defined(CATCH_CONFIG_NO_WINDOWS_SEH) && !defined(CATCH_CONFIG_WINDOWS_SEH) && !defined(CATCH_INTERNAL_CONFIG_NO_WINDOWS_SEH)
        -:  308:#   define CATCH_CONFIG_WINDOWS_SEH
        -:  309:#endif
        -:  310:// This is set by default, because we assume that unix compilers are posix-signal-compatible by default.
        -:  311:#if defined(CATCH_INTERNAL_CONFIG_POSIX_SIGNALS) && !defined(CATCH_INTERNAL_CONFIG_NO_POSIX_SIGNALS) && !defined(CATCH_CONFIG_NO_POSIX_SIGNALS) && !defined(CATCH_CONFIG_POSIX_SIGNALS)
        -:  312:#   define CATCH_CONFIG_POSIX_SIGNALS
        -:  313:#endif
        -:  314:// This is set by default, because we assume that compilers with no wchar_t support are just rare exceptions.
        -:  315:#if !defined(CATCH_INTERNAL_CONFIG_NO_WCHAR) && !defined(CATCH_CONFIG_NO_WCHAR) && !defined(CATCH_CONFIG_WCHAR)
        -:  316:#   define CATCH_CONFIG_WCHAR
        -:  317:#endif
        -:  318:
        -:  319:#if !defined(CATCH_INTERNAL_CONFIG_NO_CPP11_TO_STRING) && !defined(CATCH_CONFIG_NO_CPP11_TO_STRING) && !defined(CATCH_CONFIG_CPP11_TO_STRING)
        -:  320:#    define CATCH_CONFIG_CPP11_TO_STRING
        -:  321:#endif
        -:  322:
        -:  323:#if defined(CATCH_INTERNAL_CONFIG_CPP17_OPTIONAL) && !defined(CATCH_CONFIG_NO_CPP17_OPTIONAL) && !defined(CATCH_CONFIG_CPP17_OPTIONAL)
        -:  324:#  define CATCH_CONFIG_CPP17_OPTIONAL
        -:  325:#endif
        -:  326:
        -:  327:#if defined(CATCH_INTERNAL_CONFIG_CPP17_UNCAUGHT_EXCEPTIONS) && !defined(CATCH_CONFIG_NO_CPP17_UNCAUGHT_EXCEPTIONS) && !defined(CATCH_CONFIG_CPP17_UNCAUGHT_EXCEPTIONS)
        -:  328:#  define CATCH_CONFIG_CPP17_UNCAUGHT_EXCEPTIONS
        -:  329:#endif
        -:  330:
        -:  331:#if defined(CATCH_INTERNAL_CONFIG_CPP17_STRING_VIEW) && !defined(CATCH_CONFIG_NO_CPP17_STRING_VIEW) && !defined(CATCH_CONFIG_CPP17_STRING_VIEW)
        -:  332:#  define CATCH_CONFIG_CPP17_STRING_VIEW
        -:  333:#endif
        -:  334:
        -:  335:#if defined(CATCH_INTERNAL_CONFIG_CPP17_VARIANT) && !defined(CATCH_CONFIG_NO_CPP17_VARIANT) && !defined(CATCH_CONFIG_CPP17_VARIANT)
        -:  336:#  define CATCH_CONFIG_CPP17_VARIANT
        -:  337:#endif
        -:  338:
        -:  339:#if defined(CATCH_CONFIG_EXPERIMENTAL_REDIRECT)
        -:  340:#  define CATCH_INTERNAL_CONFIG_NEW_CAPTURE
        -:  341:#endif
        -:  342:
        -:  343:#if defined(CATCH_INTERNAL_CONFIG_NEW_CAPTURE) && !defined(CATCH_INTERNAL_CONFIG_NO_NEW_CAPTURE) && !defined(CATCH_CONFIG_NO_NEW_CAPTURE) && !defined(CATCH_CONFIG_NEW_CAPTURE)
        -:  344:#  define CATCH_CONFIG_NEW_CAPTURE
        -:  345:#endif
        -:  346:
        -:  347:#if !defined(CATCH_INTERNAL_CONFIG_EXCEPTIONS_ENABLED) && !defined(CATCH_CONFIG_DISABLE_EXCEPTIONS)
        -:  348:#  define CATCH_CONFIG_DISABLE_EXCEPTIONS
        -:  349:#endif
        -:  350:
        -:  351:#if defined(CATCH_INTERNAL_CONFIG_POLYFILL_ISNAN) && !defined(CATCH_CONFIG_NO_POLYFILL_ISNAN) && !defined(CATCH_CONFIG_POLYFILL_ISNAN)
        -:  352:#  define CATCH_CONFIG_POLYFILL_ISNAN
        -:  353:#endif
        -:  354:
        -:  355:#if !defined(CATCH_INTERNAL_SUPPRESS_PARENTHESES_WARNINGS)
        -:  356:#   define CATCH_INTERNAL_SUPPRESS_PARENTHESES_WARNINGS
        -:  357:#   define CATCH_INTERNAL_UNSUPPRESS_PARENTHESES_WARNINGS
        -:  358:#endif
        -:  359:#if !defined(CATCH_INTERNAL_SUPPRESS_GLOBALS_WARNINGS)
        -:  360:#   define CATCH_INTERNAL_SUPPRESS_GLOBALS_WARNINGS
        -:  361:#   define CATCH_INTERNAL_UNSUPPRESS_GLOBALS_WARNINGS
        -:  362:#endif
        -:  363:#if !defined(CATCH_INTERNAL_SUPPRESS_UNUSED_WARNINGS)
        -:  364:#   define CATCH_INTERNAL_SUPPRESS_UNUSED_WARNINGS
        -:  365:#   define CATCH_INTERNAL_UNSUPPRESS_UNUSED_WARNINGS
        -:  366:#endif
        -:  367:
        -:  368:#if defined(CATCH_CONFIG_DISABLE_EXCEPTIONS)
        -:  369:#define CATCH_TRY if ((true))
        -:  370:#define CATCH_CATCH_ALL if ((false))
        -:  371:#define CATCH_CATCH_ANON(type) if ((false))
        -:  372:#else
        -:  373:#define CATCH_TRY try
        -:  374:#define CATCH_CATCH_ALL catch (...)
        -:  375:#define CATCH_CATCH_ANON(type) catch (type)
        -:  376:#endif
        -:  377:
        -:  378:#if defined(CATCH_INTERNAL_CONFIG_TRADITIONAL_MSVC_PREPROCESSOR) && !defined(CATCH_CONFIG_NO_TRADITIONAL_MSVC_PREPROCESSOR) && !defined(CATCH_CONFIG_TRADITIONAL_MSVC_PREPROCESSOR)
        -:  379:#define CATCH_CONFIG_TRADITIONAL_MSVC_PREPROCESSOR
        -:  380:#endif
        -:  381:
        -:  382:// end catch_compiler_capabilities.h
        -:  383:#define INTERNAL_CATCH_UNIQUE_NAME_LINE2( name, line ) name##line
        -:  384:#define INTERNAL_CATCH_UNIQUE_NAME_LINE( name, line ) INTERNAL_CATCH_UNIQUE_NAME_LINE2( name, line )
        -:  385:#ifdef CATCH_CONFIG_COUNTER
        -:  386:#  define INTERNAL_CATCH_UNIQUE_NAME( name ) INTERNAL_CATCH_UNIQUE_NAME_LINE( name, __COUNTER__ )
        -:  387:#else
        -:  388:#  define INTERNAL_CATCH_UNIQUE_NAME( name ) INTERNAL_CATCH_UNIQUE_NAME_LINE( name, __LINE__ )
        -:  389:#endif
        -:  390:
        -:  391:#include <iosfwd>
        -:  392:#include <string>
        -:  393:#include <cstdint>
        -:  394:
        -:  395:// We need a dummy global operator<< so we can bring it into Catch namespace later
        -:  396:struct Catch_global_namespace_dummy {};
        -:  397:std::ostream& operator<<(std::ostream&, Catch_global_namespace_dummy);
        -:  398:
        -:  399:namespace Catch {
        -:  400:
        -:  401:    struct CaseSensitive { enum Choice {
        -:  402:        Yes,
        -:  403:        No
        -:  404:    }; };
        -:  405:
      11*:  406:    class NonCopyable {
------------------
_ZN5Catch11NonCopyableD0Ev:
    #####:  406:    class NonCopyable {
    %%%%%:  406-block  0
------------------
_ZN5Catch11NonCopyableD2Ev:
    #####:  406:    class NonCopyable {
------------------
_ZN5Catch11NonCopyableC2Ev:
    #####:  406:    class NonCopyable {
------------------
        -:  407:        NonCopyable( NonCopyable const& )              = delete;
        -:  408:        NonCopyable( NonCopyable && )                  = delete;
        -:  409:        NonCopyable& operator = ( NonCopyable const& ) = delete;
        -:  410:        NonCopyable& operator = ( NonCopyable && )     = delete;
        -:  411:
        -:  412:    protected:
        -:  413:        NonCopyable();
        -:  414:        virtual ~NonCopyable();
        -:  415:    };
        -:  416:
        -:  417:    struct SourceLineInfo {
        -:  418:
        -:  419:        SourceLineInfo() = delete;
       3*:  420:        SourceLineInfo( char const* _file, std::size_t _line ) noexcept
       1*:  421:        :   file( _file ),
       1*:  422:            line( _line )
        -:  423:        {}
        -:  424:
        -:  425:        SourceLineInfo( SourceLineInfo const& other )            = default;
        -:  426:        SourceLineInfo& operator = ( SourceLineInfo const& )     = default;
        -:  427:        SourceLineInfo( SourceLineInfo&& )              noexcept = default;
        -:  428:        SourceLineInfo& operator = ( SourceLineInfo&& ) noexcept = default;
        -:  429:
        -:  430:        bool empty() const noexcept;
        -:  431:        bool operator == ( SourceLineInfo const& other ) const noexcept;
        -:  432:        bool operator < ( SourceLineInfo const& other ) const noexcept;
        -:  433:
        -:  434:        char const* file;
        -:  435:        std::size_t line;
        -:  436:    };
        -:  437:
        -:  438:    std::ostream& operator << ( std::ostream& os, SourceLineInfo const& info );
        -:  439:
        -:  440:    // Bring in operator<< from global namespace into Catch namespace
        -:  441:    // This is necessary because the overload of operator<< above makes
        -:  442:    // lookup stop at namespace Catch
        -:  443:    using ::operator<<;
        -:  444:
        -:  445:    // Use this in variadic streaming macros to allow
        -:  446:    //    >> +StreamEndStop
        -:  447:    // as well as
        -:  448:    //    >> stuff +StreamEndStop
        -:  449:    struct StreamEndStop {
        -:  450:        std::string operator+() const;
        -:  451:    };
        -:  452:    template<typename T>
        -:  453:    T const& operator + ( T const& value, StreamEndStop ) {
        -:  454:        return value;
        -:  455:    }
        -:  456:}
        -:  457:
        -:  458:#define CATCH_INTERNAL_LINEINFO \
        -:  459:    ::Catch::SourceLineInfo( __FILE__, static_cast<std::size_t>( __LINE__ ) )
        -:  460:
        -:  461:// end catch_common.h
        -:  462:namespace Catch {
        -:  463:
        -:  464:    struct RegistrarForTagAliases {
        -:  465:        RegistrarForTagAliases( char const* alias, char const* tag, SourceLineInfo const& lineInfo );
        -:  466:    };
        -:  467:
        -:  468:} // end namespace Catch
        -:  469:
        -:  470:#define CATCH_REGISTER_TAG_ALIAS( alias, spec ) \
        -:  471:    CATCH_INTERNAL_SUPPRESS_GLOBALS_WARNINGS \
        -:  472:    namespace{ Catch::RegistrarForTagAliases INTERNAL_CATCH_UNIQUE_NAME( AutoRegisterTagAlias )( alias, spec, CATCH_INTERNAL_LINEINFO ); } \
        -:  473:    CATCH_INTERNAL_UNSUPPRESS_GLOBALS_WARNINGS
        -:  474:
        -:  475:// end catch_tag_alias_autoregistrar.h
        -:  476:// start catch_test_registry.h
        -:  477:
        -:  478:// start catch_interfaces_testcase.h
        -:  479:
        -:  480:#include <vector>
        -:  481:
        -:  482:namespace Catch {
        -:  483:
        -:  484:    class TestSpec;
        -:  485:
       2*:  486:    struct ITestInvoker {
------------------
_ZN5Catch12ITestInvokerD0Ev:
    #####:  486:    struct ITestInvoker {
    %%%%%:  486-block  0
------------------
_ZN5Catch12ITestInvokerD2Ev:
    #####:  486:    struct ITestInvoker {
------------------
        -:  487:        virtual void invoke () const = 0;
        -:  488:        virtual ~ITestInvoker();
        -:  489:    };
        -:  490:
        -:  491:    class TestCase;
        -:  492:    struct IConfig;
        -:  493:
       1*:  494:    struct ITestCaseRegistry {
------------------
_ZN5Catch17ITestCaseRegistryD0Ev:
    #####:  494:    struct ITestCaseRegistry {
    %%%%%:  494-block  0
------------------
_ZN5Catch17ITestCaseRegistryD2Ev:
    #####:  494:    struct ITestCaseRegistry {
------------------
        -:  495:        virtual ~ITestCaseRegistry();
        -:  496:        virtual std::vector<TestCase> const& getAllTests() const = 0;
        -:  497:        virtual std::vector<TestCase> const& getAllTestsSorted( IConfig const& config ) const = 0;
        -:  498:    };
        -:  499:
        -:  500:    bool matchTest( TestCase const& testCase, TestSpec const& testSpec, IConfig const& config );
        -:  501:    std::vector<TestCase> filterTests( std::vector<TestCase> const& testCases, TestSpec const& testSpec, IConfig const& config );
        -:  502:    std::vector<TestCase> const& getAllTestCasesSorted( IConfig const& config );
        -:  503:
        -:  504:}
        -:  505:
        -:  506:// end catch_interfaces_testcase.h
        -:  507:// start catch_stringref.h
        -:  508:
        -:  509:#include <cstddef>
        -:  510:#include <string>
        -:  511:#include <iosfwd>
        -:  512:
        -:  513:namespace Catch {
        -:  514:
        -:  515:    /// A non-owning string class (similar to the forthcoming std::string_view)
        -:  516:    /// Note that, because a StringRef may be a substring of another string,
        -:  517:    /// it may not be null terminated. c_str() must return a null terminated
        -:  518:    /// string, however, and so the StringRef will internally take ownership
        -:  519:    /// (taking a copy), if necessary. In theory this ownership is not externally
        -:  520:    /// visible - but it does mean (substring) StringRefs should not be shared between
        -:  521:    /// threads.
        -:  522:    class StringRef {
        -:  523:    public:
        -:  524:        using size_type = std::size_t;
        -:  525:
        -:  526:    private:
        -:  527:        friend struct StringRefTestAccess;
        -:  528:
        -:  529:        char const* m_start;
        -:  530:        size_type m_size;
        -:  531:
        -:  532:        char* m_data = nullptr;
        -:  533:
        -:  534:        void takeOwnership();
        -:  535:
        -:  536:        static constexpr char const* const s_empty = "";
        -:  537:
        -:  538:    public: // construction/ assignment
      16*:  539:        StringRef() noexcept
      16*:  540:        :   StringRef( s_empty, 0 )
    #####:  541:        {}
        -:  542:
      15*:  543:        StringRef( StringRef const& other ) noexcept
      15*:  544:        :   m_start( other.m_start ),
    #####:  545:            m_size( other.m_size )
    %%%%%:  545-block  0
        -:  546:        {}
        -:  547:
        -:  548:        StringRef( StringRef&& other ) noexcept
        -:  549:        :   m_start( other.m_start ),
        -:  550:            m_size( other.m_size ),
        -:  551:            m_data( other.m_data )
        -:  552:        {
        -:  553:            other.m_data = nullptr;
        -:  554:        }
        -:  555:
        -:  556:        StringRef( char const* rawChars ) noexcept;
        -:  557:
      57*:  558:        StringRef( char const* rawChars, size_type size ) noexcept
      31*:  559:        :   m_start( rawChars ),
      31*:  560:            m_size( size )
    #####:  561:        {}
        -:  562:
        1:  563:        StringRef( std::string const& stdString ) noexcept
        1:  564:        :   m_start( stdString.c_str() ),
        1:  565:            m_size( stdString.size() )
        1:  565-block  0
        -:  566:        {}
        -:  567:
      27*:  568:        ~StringRef() noexcept {
    #####:  569:            delete[] m_data;
    %%%%%:  569-block  0
    $$$$$:  569-block  1
    $$$$$:  569-block  2
    %%%%%:  569-block  3
    $$$$$:  569-block  4
    $$$$$:  569-block  5
    %%%%%:  569-block  6
    $$$$$:  569-block  7
    $$$$$:  569-block  8
    %%%%%:  569-block  9
    %%%%%:  569-block 10
    $$$$$:  569-block 11
    $$$$$:  569-block 12
    %%%%%:  569-block 13
    %%%%%:  569-block 14
    $$$$$:  569-block 15
    $$$$$:  569-block 16
    $$$$$:  569-block 17
    $$$$$:  569-block 18
    %%%%%:  569-block 19
    %%%%%:  569-block 20
    $$$$$:  569-block 21
    $$$$$:  569-block 22
    %%%%%:  569-block 23
    $$$$$:  569-block 24
    $$$$$:  569-block 25
    %%%%%:  569-block 26
    $$$$$:  569-block 27
        -:  570:        }
        -:  571:
       26:  572:        auto operator = ( StringRef const &other ) noexcept -> StringRef& {
    #####:  573:            delete[] m_data;
    %%%%%:  573-block  0
    %%%%%:  573-block  1
       26:  574:            m_data = nullptr;
       26:  575:            m_start = other.m_start;
       26:  576:            m_size = other.m_size;
       26:  577:            return *this;
        -:  578:        }
        -:  579:
        -:  580:        operator std::string() const;
        -:  581:
        -:  582:        void swap( StringRef& other ) noexcept;
        -:  583:
        -:  584:    public: // operators
        -:  585:        auto operator == ( StringRef const& other ) const noexcept -> bool;
        -:  586:        auto operator != ( StringRef const& other ) const noexcept -> bool;
        -:  587:
        -:  588:        auto operator[] ( size_type index ) const noexcept -> char;
        -:  589:
        -:  590:    public: // named queries
        1:  591:        auto empty() const noexcept -> bool {
        1:  592:            return m_size == 0;
        -:  593:        }
    #####:  594:        auto size() const noexcept -> size_type {
    #####:  595:            return m_size;
        -:  596:        }
        -:  597:
        -:  598:        auto numberOfCharacters() const noexcept -> size_type;
        -:  599:        auto c_str() const -> char const*;
        -:  600:
        -:  601:    public: // substrings and searches
        -:  602:        auto substr( size_type start, size_type size ) const noexcept -> StringRef;
        -:  603:
        -:  604:        // Returns the current start pointer.
        -:  605:        // Note that the pointer can change when if the StringRef is a substring
        -:  606:        auto currentData() const noexcept -> char const*;
        -:  607:
        -:  608:    private: // ownership queries - may not be consistent between calls
        -:  609:        auto isOwned() const noexcept -> bool;
        -:  610:        auto isSubstring() const noexcept -> bool;
        -:  611:    };
        -:  612:
        -:  613:    auto operator + ( StringRef const& lhs, StringRef const& rhs ) -> std::string;
        -:  614:    auto operator + ( StringRef const& lhs, char const* rhs ) -> std::string;
        -:  615:    auto operator + ( char const* lhs, StringRef const& rhs ) -> std::string;
        -:  616:
        -:  617:    auto operator += ( std::string& lhs, StringRef const& sr ) -> std::string&;
        -:  618:    auto operator << ( std::ostream& os, StringRef const& sr ) -> std::ostream&;
        -:  619:
       15:  620:    inline auto operator "" _sr( char const* rawChars, std::size_t size ) noexcept -> StringRef {
       15:  621:        return StringRef( rawChars, size );
        -:  622:    }
        -:  623:
        -:  624:} // namespace Catch
        -:  625:
        -:  626:inline auto operator "" _catch_sr( char const* rawChars, std::size_t size ) noexcept -> Catch::StringRef {
        -:  627:    return Catch::StringRef( rawChars, size );
        -:  628:}
        -:  629:
        -:  630:// end catch_stringref.h
        -:  631:// start catch_type_traits.hpp
        -:  632:
        -:  633:
        -:  634:#include <type_traits>
        -:  635:
        -:  636:namespace Catch{
        -:  637:
        -:  638:#ifdef CATCH_CPP17_OR_GREATER
        -:  639:	template <typename...>
        -:  640:	inline constexpr auto is_unique = std::true_type{};
        -:  641:
        -:  642:	template <typename T, typename... Rest>
        -:  643:	inline constexpr auto is_unique<T, Rest...> = std::bool_constant<
        -:  644:		(!std::is_same_v<T, Rest> && ...) && is_unique<Rest...>
        -:  645:	>{};
        -:  646:#else
        -:  647:
        -:  648:template <typename...>
        -:  649:struct is_unique : std::true_type{};
        -:  650:
        -:  651:template <typename T0, typename T1, typename... Rest>
        -:  652:struct is_unique<T0, T1, Rest...> : std::integral_constant
        -:  653:<bool,
        -:  654:     !std::is_same<T0, T1>::value
        -:  655:     && is_unique<T0, Rest...>::value
        -:  656:     && is_unique<T1, Rest...>::value
        -:  657:>{};
        -:  658:
        -:  659:#endif
        -:  660:}
        -:  661:
        -:  662:// end catch_type_traits.hpp
        -:  663:// start catch_preprocessor.hpp
        -:  664:
        -:  665:
        -:  666:#define CATCH_RECURSION_LEVEL0(...) __VA_ARGS__
        -:  667:#define CATCH_RECURSION_LEVEL1(...) CATCH_RECURSION_LEVEL0(CATCH_RECURSION_LEVEL0(CATCH_RECURSION_LEVEL0(__VA_ARGS__)))
        -:  668:#define CATCH_RECURSION_LEVEL2(...) CATCH_RECURSION_LEVEL1(CATCH_RECURSION_LEVEL1(CATCH_RECURSION_LEVEL1(__VA_ARGS__)))
        -:  669:#define CATCH_RECURSION_LEVEL3(...) CATCH_RECURSION_LEVEL2(CATCH_RECURSION_LEVEL2(CATCH_RECURSION_LEVEL2(__VA_ARGS__)))
        -:  670:#define CATCH_RECURSION_LEVEL4(...) CATCH_RECURSION_LEVEL3(CATCH_RECURSION_LEVEL3(CATCH_RECURSION_LEVEL3(__VA_ARGS__)))
        -:  671:#define CATCH_RECURSION_LEVEL5(...) CATCH_RECURSION_LEVEL4(CATCH_RECURSION_LEVEL4(CATCH_RECURSION_LEVEL4(__VA_ARGS__)))
        -:  672:
        -:  673:#ifdef CATCH_CONFIG_TRADITIONAL_MSVC_PREPROCESSOR
        -:  674:#define INTERNAL_CATCH_EXPAND_VARGS(...) __VA_ARGS__
        -:  675:// MSVC needs more evaluations
        -:  676:#define CATCH_RECURSION_LEVEL6(...) CATCH_RECURSION_LEVEL5(CATCH_RECURSION_LEVEL5(CATCH_RECURSION_LEVEL5(__VA_ARGS__)))
        -:  677:#define CATCH_RECURSE(...)  CATCH_RECURSION_LEVEL6(CATCH_RECURSION_LEVEL6(__VA_ARGS__))
        -:  678:#else
        -:  679:#define CATCH_RECURSE(...)  CATCH_RECURSION_LEVEL5(__VA_ARGS__)
        -:  680:#endif
        -:  681:
        -:  682:#define CATCH_REC_END(...)
        -:  683:#define CATCH_REC_OUT
        -:  684:
        -:  685:#define CATCH_EMPTY()
        -:  686:#define CATCH_DEFER(id) id CATCH_EMPTY()
        -:  687:
        -:  688:#define CATCH_REC_GET_END2() 0, CATCH_REC_END
        -:  689:#define CATCH_REC_GET_END1(...) CATCH_REC_GET_END2
        -:  690:#define CATCH_REC_GET_END(...) CATCH_REC_GET_END1
        -:  691:#define CATCH_REC_NEXT0(test, next, ...) next CATCH_REC_OUT
        -:  692:#define CATCH_REC_NEXT1(test, next) CATCH_DEFER ( CATCH_REC_NEXT0 ) ( test, next, 0)
        -:  693:#define CATCH_REC_NEXT(test, next)  CATCH_REC_NEXT1(CATCH_REC_GET_END test, next)
        -:  694:
        -:  695:#define CATCH_REC_LIST0(f, x, peek, ...) , f(x) CATCH_DEFER ( CATCH_REC_NEXT(peek, CATCH_REC_LIST1) ) ( f, peek, __VA_ARGS__ )
        -:  696:#define CATCH_REC_LIST1(f, x, peek, ...) , f(x) CATCH_DEFER ( CATCH_REC_NEXT(peek, CATCH_REC_LIST0) ) ( f, peek, __VA_ARGS__ )
        -:  697:#define CATCH_REC_LIST2(f, x, peek, ...)   f(x) CATCH_DEFER ( CATCH_REC_NEXT(peek, CATCH_REC_LIST1) ) ( f, peek, __VA_ARGS__ )
        -:  698:
        -:  699:#define CATCH_REC_LIST0_UD(f, userdata, x, peek, ...) , f(userdata, x) CATCH_DEFER ( CATCH_REC_NEXT(peek, CATCH_REC_LIST1_UD) ) ( f, userdata, peek, __VA_ARGS__ )
        -:  700:#define CATCH_REC_LIST1_UD(f, userdata, x, peek, ...) , f(userdata, x) CATCH_DEFER ( CATCH_REC_NEXT(peek, CATCH_REC_LIST0_UD) ) ( f, userdata, peek, __VA_ARGS__ )
        -:  701:#define CATCH_REC_LIST2_UD(f, userdata, x, peek, ...)   f(userdata, x) CATCH_DEFER ( CATCH_REC_NEXT(peek, CATCH_REC_LIST1_UD) ) ( f, userdata, peek, __VA_ARGS__ )
        -:  702:
        -:  703:// Applies the function macro `f` to each of the remaining parameters, inserts commas between the results,
        -:  704:// and passes userdata as the first parameter to each invocation,
        -:  705:// e.g. CATCH_REC_LIST_UD(f, x, a, b, c) evaluates to f(x, a), f(x, b), f(x, c)
        -:  706:#define CATCH_REC_LIST_UD(f, userdata, ...) CATCH_RECURSE(CATCH_REC_LIST2_UD(f, userdata, __VA_ARGS__, ()()(), ()()(), ()()(), 0))
        -:  707:
        -:  708:#define CATCH_REC_LIST(f, ...) CATCH_RECURSE(CATCH_REC_LIST2(f, __VA_ARGS__, ()()(), ()()(), ()()(), 0))
        -:  709:
        -:  710:#define INTERNAL_CATCH_EXPAND1(param) INTERNAL_CATCH_EXPAND2(param)
        -:  711:#define INTERNAL_CATCH_EXPAND2(...) INTERNAL_CATCH_NO## __VA_ARGS__
        -:  712:#define INTERNAL_CATCH_DEF(...) INTERNAL_CATCH_DEF __VA_ARGS__
        -:  713:#define INTERNAL_CATCH_NOINTERNAL_CATCH_DEF
        -:  714:#define INTERNAL_CATCH_STRINGIZE(...) INTERNAL_CATCH_STRINGIZE2(__VA_ARGS__)
        -:  715:#ifndef CATCH_CONFIG_TRADITIONAL_MSVC_PREPROCESSOR
        -:  716:#define INTERNAL_CATCH_STRINGIZE2(...) #__VA_ARGS__
        -:  717:#define INTERNAL_CATCH_STRINGIZE_WITHOUT_PARENS(param) INTERNAL_CATCH_STRINGIZE(INTERNAL_CATCH_REMOVE_PARENS(param))
        -:  718:#else
        -:  719:// MSVC is adding extra space and needs another indirection to expand INTERNAL_CATCH_NOINTERNAL_CATCH_DEF
        -:  720:#define INTERNAL_CATCH_STRINGIZE2(...) INTERNAL_CATCH_STRINGIZE3(__VA_ARGS__)
        -:  721:#define INTERNAL_CATCH_STRINGIZE3(...) #__VA_ARGS__
        -:  722:#define INTERNAL_CATCH_STRINGIZE_WITHOUT_PARENS(param) (INTERNAL_CATCH_STRINGIZE(INTERNAL_CATCH_REMOVE_PARENS(param)) + 1)
        -:  723:#endif
        -:  724:
        -:  725:#define INTERNAL_CATCH_REMOVE_PARENS(...) INTERNAL_CATCH_EXPAND1(INTERNAL_CATCH_DEF __VA_ARGS__)
        -:  726:
        -:  727:#define INTERNAL_CATCH_TEMPLATE_UNIQUE_NAME2(Name, ...) INTERNAL_CATCH_TEMPLATE_UNIQUE_NAME3(Name, __VA_ARGS__)
        -:  728:#ifndef CATCH_CONFIG_TRADITIONAL_MSVC_PREPROCESSOR
        -:  729:#define INTERNAL_CATCH_TEMPLATE_UNIQUE_NAME3(Name,...) Name " - " #__VA_ARGS__
        -:  730:#define INTERNAL_CATCH_TEMPLATE_UNIQUE_NAME(Name,...) INTERNAL_CATCH_TEMPLATE_UNIQUE_NAME2(Name, INTERNAL_CATCH_REMOVE_PARENS(__VA_ARGS__))
        -:  731:#else
        -:  732:// MSVC is adding extra space and needs more calls to properly remove ()
        -:  733:#define INTERNAL_CATCH_TEMPLATE_UNIQUE_NAME3(Name,...) Name " -" #__VA_ARGS__
        -:  734:#define INTERNAL_CATCH_TEMPLATE_UNIQUE_NAME1(Name, ...) INTERNAL_CATCH_TEMPLATE_UNIQUE_NAME2(Name, __VA_ARGS__)
        -:  735:#define INTERNAL_CATCH_TEMPLATE_UNIQUE_NAME(Name, ...) INTERNAL_CATCH_TEMPLATE_UNIQUE_NAME1(Name, INTERNAL_CATCH_EXPAND_VARGS(INTERNAL_CATCH_REMOVE_PARENS(__VA_ARGS__)))
        -:  736:#endif
        -:  737:
        -:  738:#define INTERNAL_CATCH_MAKE_TYPE_LIST(types) Catch::TypeList<INTERNAL_CATCH_REMOVE_PARENS(types)>
        -:  739:
        -:  740:#define INTERNAL_CATCH_MAKE_TYPE_LISTS_FROM_TYPES(types)\
        -:  741:    CATCH_REC_LIST(INTERNAL_CATCH_MAKE_TYPE_LIST,INTERNAL_CATCH_REMOVE_PARENS(types))
        -:  742:
        -:  743:// end catch_preprocessor.hpp
        -:  744:// start catch_meta.hpp
        -:  745:
        -:  746:
        -:  747:#include <type_traits>
        -:  748:
        -:  749:namespace Catch {
        -:  750:template< typename... >
        -:  751:struct TypeList {};
        -:  752:
        -:  753:template< typename... >
        -:  754:struct append;
        -:  755:
        -:  756:template< template<typename...> class L1
        -:  757:    , typename...E1
        -:  758:    , template<typename...> class L2
        -:  759:    , typename...E2
        -:  760:>
        -:  761:struct append< L1<E1...>, L2<E2...> > {
        -:  762:    using type = L1<E1..., E2...>;
        -:  763:};
        -:  764:
        -:  765:template< template<typename...> class L1
        -:  766:    , typename...E1
        -:  767:    , template<typename...> class L2
        -:  768:    , typename...E2
        -:  769:    , typename...Rest
        -:  770:>
        -:  771:struct append< L1<E1...>, L2<E2...>, Rest...> {
        -:  772:    using type = typename append< L1<E1..., E2...>, Rest... >::type;
        -:  773:};
        -:  774:
        -:  775:template< template<typename...> class
        -:  776:    , typename...
        -:  777:>
        -:  778:struct rewrap;
        -:  779:
        -:  780:template< template<typename...> class Container
        -:  781:    , template<typename...> class List
        -:  782:    , typename...elems
        -:  783:>
        -:  784:struct rewrap<Container, List<elems...>> {
        -:  785:    using type = TypeList< Container< elems... > >;
        -:  786:};
        -:  787:
        -:  788:template< template<typename...> class Container
        -:  789:    , template<typename...> class List
        -:  790:    , class...Elems
        -:  791:    , typename...Elements>
        -:  792:    struct rewrap<Container, List<Elems...>, Elements...> {
        -:  793:    using type = typename append<TypeList<Container<Elems...>>, typename rewrap<Container, Elements...>::type>::type;
        -:  794:};
        -:  795:
        -:  796:template< template<typename...> class...Containers >
        -:  797:struct combine {
        -:  798:    template< typename...Types >
        -:  799:    struct with_types {
        -:  800:        template< template <typename...> class Final >
        -:  801:        struct into {
        -:  802:            using type = typename append<Final<>, typename rewrap<Containers, Types...>::type...>::type;
        -:  803:        };
        -:  804:    };
        -:  805:};
        -:  806:
        -:  807:template<typename T>
        -:  808:struct always_false : std::false_type {};
        -:  809:
        -:  810:} // namespace Catch
        -:  811:
        -:  812:// end catch_meta.hpp
        -:  813:namespace Catch {
        -:  814:
        -:  815:template<typename C>
        -:  816:class TestInvokerAsMethod : public ITestInvoker {
        -:  817:    void (C::*m_testAsMethod)();
        -:  818:public:
        -:  819:    TestInvokerAsMethod( void (C::*testAsMethod)() ) noexcept : m_testAsMethod( testAsMethod ) {}
        -:  820:
        -:  821:    void invoke() const override {
        -:  822:        C obj;
        -:  823:        (obj.*m_testAsMethod)();
        -:  824:    }
        -:  825:};
        -:  826:
        -:  827:auto makeTestInvoker( void(*testAsFunction)() ) noexcept -> ITestInvoker*;
        -:  828:
        -:  829:template<typename C>
        -:  830:auto makeTestInvoker( void (C::*testAsMethod)() ) noexcept -> ITestInvoker* {
        -:  831:    return new(std::nothrow) TestInvokerAsMethod<C>( testAsMethod );
        -:  832:}
        -:  833:
        -:  834:struct NameAndTags {
        -:  835:    NameAndTags( StringRef const& name_ = StringRef(), StringRef const& tags_ = StringRef() ) noexcept;
        -:  836:    StringRef name;
        -:  837:    StringRef tags;
        -:  838:};
        -:  839:
       2*:  840:struct AutoReg : NonCopyable {
------------------
_ZN5Catch7AutoRegD0Ev:
    #####:  840:struct AutoReg : NonCopyable {
    %%%%%:  840-block  0
------------------
_ZN5Catch7AutoRegD2Ev:
        2:  840:struct AutoReg : NonCopyable {
------------------
        -:  841:    AutoReg( ITestInvoker* invoker, SourceLineInfo const& lineInfo, StringRef const& classOrMethod, NameAndTags const& nameAndTags ) noexcept;
        -:  842:    ~AutoReg();
        -:  843:};
        -:  844:
        -:  845:} // end namespace Catch
        -:  846:
        -:  847:#if defined(CATCH_CONFIG_DISABLE)
        -:  848:    #define INTERNAL_CATCH_TESTCASE_NO_REGISTRATION( TestName, ... ) \
        -:  849:        static void TestName()
        -:  850:    #define INTERNAL_CATCH_TESTCASE_METHOD_NO_REGISTRATION( TestName, ClassName, ... ) \
        -:  851:        namespace{                        \
        -:  852:            struct TestName : INTERNAL_CATCH_REMOVE_PARENS(ClassName) { \
        -:  853:                void test();              \
        -:  854:            };                            \
        -:  855:        }                                 \
        -:  856:        void TestName::test()
        -:  857:    #define INTERNAL_CATCH_TEMPLATE_TEST_CASE_NO_REGISTRATION( TestName, ... )  \
        -:  858:        template<typename TestType>                                             \
        -:  859:        static void TestName()
        -:  860:    #define INTERNAL_CATCH_TEMPLATE_TEST_CASE_METHOD_NO_REGISTRATION( TestName, ClassName, ... )    \
        -:  861:        namespace{                                                                                  \
        -:  862:            template<typename TestType>                                                             \
        -:  863:            struct TestName : INTERNAL_CATCH_REMOVE_PARENS(ClassName <TestType>) {     \
        -:  864:                void test();                                                                        \
        -:  865:            };                                                                                      \
        -:  866:        }                                                                                           \
        -:  867:        template<typename TestType>                                                                 \
        -:  868:        void TestName::test()
        -:  869:#endif
        -:  870:
        -:  871:    ///////////////////////////////////////////////////////////////////////////////
        -:  872:    #define INTERNAL_CATCH_TESTCASE2( TestName, ... ) \
        -:  873:        static void TestName(); \
        -:  874:        CATCH_INTERNAL_SUPPRESS_GLOBALS_WARNINGS \
        -:  875:        namespace{ Catch::AutoReg INTERNAL_CATCH_UNIQUE_NAME( autoRegistrar )( Catch::makeTestInvoker( &TestName ), CATCH_INTERNAL_LINEINFO, Catch::StringRef(), Catch::NameAndTags{ __VA_ARGS__ } ); } /* NOLINT */ \
        -:  876:        CATCH_INTERNAL_UNSUPPRESS_GLOBALS_WARNINGS \
        -:  877:        static void TestName()
        -:  878:    #define INTERNAL_CATCH_TESTCASE( ... ) \
        -:  879:        INTERNAL_CATCH_TESTCASE2( INTERNAL_CATCH_UNIQUE_NAME( ____C_A_T_C_H____T_E_S_T____ ), __VA_ARGS__ )
        -:  880:
        -:  881:    ///////////////////////////////////////////////////////////////////////////////
        -:  882:    #define INTERNAL_CATCH_METHOD_AS_TEST_CASE( QualifiedMethod, ... ) \
        -:  883:        CATCH_INTERNAL_SUPPRESS_GLOBALS_WARNINGS \
        -:  884:        namespace{ Catch::AutoReg INTERNAL_CATCH_UNIQUE_NAME( autoRegistrar )( Catch::makeTestInvoker( &QualifiedMethod ), CATCH_INTERNAL_LINEINFO, "&" #QualifiedMethod, Catch::NameAndTags{ __VA_ARGS__ } ); } /* NOLINT */ \
        -:  885:        CATCH_INTERNAL_UNSUPPRESS_GLOBALS_WARNINGS
        -:  886:
        -:  887:    ///////////////////////////////////////////////////////////////////////////////
        -:  888:    #define INTERNAL_CATCH_TEST_CASE_METHOD2( TestName, ClassName, ... )\
        -:  889:        CATCH_INTERNAL_SUPPRESS_GLOBALS_WARNINGS \
        -:  890:        namespace{ \
        -:  891:            struct TestName : INTERNAL_CATCH_REMOVE_PARENS(ClassName) { \
        -:  892:                void test(); \
        -:  893:            }; \
        -:  894:            Catch::AutoReg INTERNAL_CATCH_UNIQUE_NAME( autoRegistrar ) ( Catch::makeTestInvoker( &TestName::test ), CATCH_INTERNAL_LINEINFO, #ClassName, Catch::NameAndTags{ __VA_ARGS__ } ); /* NOLINT */ \
        -:  895:        } \
        -:  896:        CATCH_INTERNAL_UNSUPPRESS_GLOBALS_WARNINGS \
        -:  897:        void TestName::test()
        -:  898:    #define INTERNAL_CATCH_TEST_CASE_METHOD( ClassName, ... ) \
        -:  899:        INTERNAL_CATCH_TEST_CASE_METHOD2( INTERNAL_CATCH_UNIQUE_NAME( ____C_A_T_C_H____T_E_S_T____ ), ClassName, __VA_ARGS__ )
        -:  900:
        -:  901:    ///////////////////////////////////////////////////////////////////////////////
        -:  902:    #define INTERNAL_CATCH_REGISTER_TESTCASE( Function, ... ) \
        -:  903:        CATCH_INTERNAL_SUPPRESS_GLOBALS_WARNINGS \
        -:  904:        Catch::AutoReg INTERNAL_CATCH_UNIQUE_NAME( autoRegistrar )( Catch::makeTestInvoker( Function ), CATCH_INTERNAL_LINEINFO, Catch::StringRef(), Catch::NameAndTags{ __VA_ARGS__ } ); /* NOLINT */ \
        -:  905:        CATCH_INTERNAL_UNSUPPRESS_GLOBALS_WARNINGS
        -:  906:
        -:  907:    ///////////////////////////////////////////////////////////////////////////////
        -:  908:    #define INTERNAL_CATCH_TEMPLATE_TEST_CASE_2(TestName, TestFunc, Name, Tags, ... )\
        -:  909:        CATCH_INTERNAL_SUPPRESS_GLOBALS_WARNINGS \
        -:  910:        template<typename TestType> \
        -:  911:        static void TestFunc();\
        -:  912:        namespace {\
        -:  913:            template<typename...Types> \
        -:  914:            struct TestName{\
        -:  915:                template<typename...Ts> \
        -:  916:                TestName(Ts...names){\
        -:  917:                    CATCH_INTERNAL_CHECK_UNIQUE_TYPES(CATCH_REC_LIST(INTERNAL_CATCH_REMOVE_PARENS, __VA_ARGS__)) \
        -:  918:                    using expander = int[];\
        -:  919:                    (void)expander{(Catch::AutoReg( Catch::makeTestInvoker( &TestFunc<Types> ), CATCH_INTERNAL_LINEINFO, Catch::StringRef(), Catch::NameAndTags{ names, Tags } ), 0)... };/* NOLINT */ \
        -:  920:                }\
        -:  921:            };\
        -:  922:            INTERNAL_CATCH_TEMPLATE_REGISTRY_INITIATE(TestName, Name, __VA_ARGS__) \
        -:  923:        }\
        -:  924:        CATCH_INTERNAL_UNSUPPRESS_GLOBALS_WARNINGS \
        -:  925:        template<typename TestType> \
        -:  926:        static void TestFunc()
        -:  927:
        -:  928:#if defined(CATCH_CPP17_OR_GREATER)
        -:  929:#define CATCH_INTERNAL_CHECK_UNIQUE_TYPES(...) static_assert(Catch::is_unique<__VA_ARGS__>,"Duplicate type detected in declaration of template test case");
        -:  930:#else
        -:  931:#define CATCH_INTERNAL_CHECK_UNIQUE_TYPES(...) static_assert(Catch::is_unique<__VA_ARGS__>::value,"Duplicate type detected in declaration of template test case");
        -:  932:#endif
        -:  933:
        -:  934:#ifndef CATCH_CONFIG_TRADITIONAL_MSVC_PREPROCESSOR
        -:  935:    #define INTERNAL_CATCH_TEMPLATE_TEST_CASE(Name, Tags, ...) \
        -:  936:        INTERNAL_CATCH_TEMPLATE_TEST_CASE_2( INTERNAL_CATCH_UNIQUE_NAME( ____C_A_T_C_H____T_E_M_P_L_A_T_E____T_E_S_T____ ), INTERNAL_CATCH_UNIQUE_NAME( ____C_A_T_C_H____T_E_M_P_L_A_T_E____T_E_S_T____F_U_N_C____ ), Name, Tags, __VA_ARGS__ )
        -:  937:#else
        -:  938:    #define INTERNAL_CATCH_TEMPLATE_TEST_CASE(Name, Tags, ...) \
        -:  939:        INTERNAL_CATCH_EXPAND_VARGS( INTERNAL_CATCH_TEMPLATE_TEST_CASE_2( INTERNAL_CATCH_UNIQUE_NAME( ____C_A_T_C_H____T_E_M_P_L_A_T_E____T_E_S_T____ ), INTERNAL_CATCH_UNIQUE_NAME( ____C_A_T_C_H____T_E_M_P_L_A_T_E____T_E_S_T____F_U_N_C____ ), Name, Tags, __VA_ARGS__ ) )
        -:  940:#endif
        -:  941:
        -:  942:    #define INTERNAL_CATCH_TEMPLATE_REGISTRY_INITIATE(TestName, Name, ...)\
        -:  943:        static int INTERNAL_CATCH_UNIQUE_NAME( globalRegistrar ) = [](){\
        -:  944:            TestName<CATCH_REC_LIST(INTERNAL_CATCH_REMOVE_PARENS, __VA_ARGS__)>(CATCH_REC_LIST_UD(INTERNAL_CATCH_TEMPLATE_UNIQUE_NAME,Name, __VA_ARGS__));\
        -:  945:            return 0;\
        -:  946:        }();
        -:  947:
        -:  948:    #define INTERNAL_CATCH_TEMPLATE_PRODUCT_TEST_CASE2(TestName, TestFuncName, Name, Tags, TmplTypes, TypesList) \
        -:  949:        CATCH_INTERNAL_SUPPRESS_GLOBALS_WARNINGS                      \
        -:  950:        template<typename TestType> static void TestFuncName();       \
        -:  951:        namespace {                                                   \
        -:  952:            template<typename... Types>                               \
        -:  953:            struct TestName {                                         \
        -:  954:                TestName() {                                          \
        -:  955:                    CATCH_INTERNAL_CHECK_UNIQUE_TYPES(Types...)       \
        -:  956:                    int index = 0;                                    \
        -:  957:                    using expander = int[];                           \
        -:  958:                    constexpr char const* tmpl_types[] = {CATCH_REC_LIST(INTERNAL_CATCH_STRINGIZE_WITHOUT_PARENS, INTERNAL_CATCH_REMOVE_PARENS(TmplTypes))};\
        -:  959:                    constexpr char const* types_list[] = {CATCH_REC_LIST(INTERNAL_CATCH_STRINGIZE_WITHOUT_PARENS, INTERNAL_CATCH_REMOVE_PARENS(TypesList))};\
        -:  960:                    constexpr auto num_types = sizeof(types_list) / sizeof(types_list[0]);\
        -:  961:                    (void)expander{(Catch::AutoReg( Catch::makeTestInvoker( &TestFuncName<Types> ), CATCH_INTERNAL_LINEINFO, Catch::StringRef(), Catch::NameAndTags{ Name " - " + std::string(tmpl_types[index / num_types]) + "<" + std::string(types_list[index % num_types]) + ">", Tags } ), index++, 0)... };/* NOLINT */\
        -:  962:                }                                                     \
        -:  963:            };                                                        \
        -:  964:            static int INTERNAL_CATCH_UNIQUE_NAME( globalRegistrar ) = [](){ \
        -:  965:                using TestInit = Catch::combine<INTERNAL_CATCH_REMOVE_PARENS(TmplTypes)> \
        -:  966:                            ::with_types<INTERNAL_CATCH_MAKE_TYPE_LISTS_FROM_TYPES(TypesList)>::into<TestName>::type; \
        -:  967:                TestInit();                                           \
        -:  968:                return 0;                                             \
        -:  969:            }();                                                      \
        -:  970:        }                                                             \
        -:  971:        CATCH_INTERNAL_UNSUPPRESS_GLOBALS_WARNINGS                    \
        -:  972:        template<typename TestType>                                   \
        -:  973:        static void TestFuncName()
        -:  974:
        -:  975:#ifndef CATCH_CONFIG_TRADITIONAL_MSVC_PREPROCESSOR
        -:  976:    #define INTERNAL_CATCH_TEMPLATE_PRODUCT_TEST_CASE(Name, Tags, ...)\
        -:  977:        INTERNAL_CATCH_TEMPLATE_PRODUCT_TEST_CASE2(INTERNAL_CATCH_UNIQUE_NAME( ____C_A_T_C_H____T_E_M_P_L_A_T_E____T_E_S_T____ ), INTERNAL_CATCH_UNIQUE_NAME( ____C_A_T_C_H____T_E_M_P_L_A_T_E____T_E_S_T____F_U_N_C____ ),Name,Tags,__VA_ARGS__)
        -:  978:#else
        -:  979:    #define INTERNAL_CATCH_TEMPLATE_PRODUCT_TEST_CASE(Name, Tags, ...)\
        -:  980:        INTERNAL_CATCH_EXPAND_VARGS( INTERNAL_CATCH_TEMPLATE_PRODUCT_TEST_CASE2( INTERNAL_CATCH_UNIQUE_NAME( ____C_A_T_C_H____T_E_M_P_L_A_T_E____T_E_S_T____ ), INTERNAL_CATCH_UNIQUE_NAME( ____C_A_T_C_H____T_E_M_P_L_A_T_E____T_E_S_T____F_U_N_C____ ), Name, Tags, __VA_ARGS__ ) )
        -:  981:#endif
        -:  982:
        -:  983:    #define INTERNAL_CATCH_TEMPLATE_TEST_CASE_METHOD_2( TestNameClass, TestName, ClassName, Name, Tags, ... ) \
        -:  984:        CATCH_INTERNAL_SUPPRESS_GLOBALS_WARNINGS \
        -:  985:        namespace{ \
        -:  986:            template<typename TestType> \
        -:  987:            struct TestName : INTERNAL_CATCH_REMOVE_PARENS(ClassName <TestType>) { \
        -:  988:                void test();\
        -:  989:            };\
        -:  990:            template<typename...Types> \
        -:  991:            struct TestNameClass{\
        -:  992:                template<typename...Ts> \
        -:  993:                TestNameClass(Ts...names){\
        -:  994:                    CATCH_INTERNAL_CHECK_UNIQUE_TYPES(CATCH_REC_LIST(INTERNAL_CATCH_REMOVE_PARENS, __VA_ARGS__)) \
        -:  995:                    using expander = int[];\
        -:  996:                    (void)expander{(Catch::AutoReg( Catch::makeTestInvoker( &TestName<Types>::test ), CATCH_INTERNAL_LINEINFO, #ClassName, Catch::NameAndTags{ names, Tags } ), 0)... };/* NOLINT */ \
        -:  997:                }\
        -:  998:            };\
        -:  999:            INTERNAL_CATCH_TEMPLATE_REGISTRY_INITIATE(TestNameClass, Name, __VA_ARGS__)\
        -: 1000:        }\
        -: 1001:        CATCH_INTERNAL_UNSUPPRESS_GLOBALS_WARNINGS\
        -: 1002:        template<typename TestType> \
        -: 1003:        void TestName<TestType>::test()
        -: 1004:
        -: 1005:#ifndef CATCH_CONFIG_TRADITIONAL_MSVC_PREPROCESSOR
        -: 1006:    #define INTERNAL_CATCH_TEMPLATE_TEST_CASE_METHOD( ClassName, Name, Tags,... ) \
        -: 1007:        INTERNAL_CATCH_TEMPLATE_TEST_CASE_METHOD_2( INTERNAL_CATCH_UNIQUE_NAME( ____C_A_T_C_H____T_E_M_P_L_A_T_E____T_E_S_T____C_L_A_S_S____ ), INTERNAL_CATCH_UNIQUE_NAME( ____C_A_T_C_H____T_E_M_P_L_A_T_E____T_E_S_T____ ) , ClassName, Name, Tags, __VA_ARGS__ )
        -: 1008:#else
        -: 1009:    #define INTERNAL_CATCH_TEMPLATE_TEST_CASE_METHOD( ClassName, Name, Tags,... ) \
        -: 1010:        INTERNAL_CATCH_EXPAND_VARGS( INTERNAL_CATCH_TEMPLATE_TEST_CASE_METHOD_2( INTERNAL_CATCH_UNIQUE_NAME( ____C_A_T_C_H____T_E_M_P_L_A_T_E____T_E_S_T____C_L_A_S_S____ ), INTERNAL_CATCH_UNIQUE_NAME( ____C_A_T_C_H____T_E_M_P_L_A_T_E____T_E_S_T____ ) , ClassName, Name, Tags, __VA_ARGS__ ) )
        -: 1011:#endif
        -: 1012:
        -: 1013:    #define INTERNAL_CATCH_TEMPLATE_PRODUCT_TEST_CASE_METHOD_2(TestNameClass, TestName, ClassName, Name, Tags, TmplTypes, TypesList)\
        -: 1014:        CATCH_INTERNAL_SUPPRESS_GLOBALS_WARNINGS \
        -: 1015:        template<typename TestType> \
        -: 1016:            struct TestName : INTERNAL_CATCH_REMOVE_PARENS(ClassName <TestType>) { \
        -: 1017:                void test();\
        -: 1018:            };\
        -: 1019:        namespace {\
        -: 1020:            template<typename...Types>\
        -: 1021:            struct TestNameClass{\
        -: 1022:                TestNameClass(){\
        -: 1023:                    CATCH_INTERNAL_CHECK_UNIQUE_TYPES(Types...)\
        -: 1024:                    int index = 0;\
        -: 1025:                    using expander = int[];\
        -: 1026:                    constexpr char const* tmpl_types[] = {CATCH_REC_LIST(INTERNAL_CATCH_STRINGIZE_WITHOUT_PARENS, INTERNAL_CATCH_REMOVE_PARENS(TmplTypes))};\
        -: 1027:                    constexpr char const* types_list[] = {CATCH_REC_LIST(INTERNAL_CATCH_STRINGIZE_WITHOUT_PARENS, INTERNAL_CATCH_REMOVE_PARENS(TypesList))};\
        -: 1028:                    constexpr auto num_types = sizeof(types_list) / sizeof(types_list[0]);\
        -: 1029:                    (void)expander{(Catch::AutoReg( Catch::makeTestInvoker( &TestName<Types>::test ), CATCH_INTERNAL_LINEINFO, #ClassName, Catch::NameAndTags{ Name " - " + std::string(tmpl_types[index / num_types]) + "<" + std::string(types_list[index % num_types]) + ">", Tags } ), index++, 0)... };/* NOLINT */ \
        -: 1030:                }\
        -: 1031:            };\
        -: 1032:            static int INTERNAL_CATCH_UNIQUE_NAME( globalRegistrar ) = [](){\
        -: 1033:                using TestInit = Catch::combine<INTERNAL_CATCH_REMOVE_PARENS(TmplTypes)>\
        -: 1034:                            ::with_types<INTERNAL_CATCH_MAKE_TYPE_LISTS_FROM_TYPES(TypesList)>::into<TestNameClass>::type;\
        -: 1035:                TestInit();\
        -: 1036:                return 0;\
        -: 1037:            }(); \
        -: 1038:        }\
        -: 1039:        CATCH_INTERNAL_UNSUPPRESS_GLOBALS_WARNINGS \
        -: 1040:        template<typename TestType> \
        -: 1041:        void TestName<TestType>::test()
        -: 1042:
        -: 1043:#ifndef CATCH_CONFIG_TRADITIONAL_MSVC_PREPROCESSOR
        -: 1044:    #define INTERNAL_CATCH_TEMPLATE_PRODUCT_TEST_CASE_METHOD( ClassName, Name, Tags, ... )\
        -: 1045:        INTERNAL_CATCH_TEMPLATE_PRODUCT_TEST_CASE_METHOD_2( INTERNAL_CATCH_UNIQUE_NAME( ____C_A_T_C_H____T_E_M_P_L_A_T_E____T_E_S_T____ ), INTERNAL_CATCH_UNIQUE_NAME( ____C_A_T_C_H____T_E_M_P_L_A_T_E____T_E_S_T____F_U_N_C____ ), ClassName, Name, Tags, __VA_ARGS__ )
        -: 1046:#else
        -: 1047:    #define INTERNAL_CATCH_TEMPLATE_PRODUCT_TEST_CASE_METHOD( ClassName, Name, Tags, ... )\
        -: 1048:        INTERNAL_CATCH_EXPAND_VARGS( INTERNAL_CATCH_TEMPLATE_PRODUCT_TEST_CASE_METHOD_2( INTERNAL_CATCH_UNIQUE_NAME( ____C_A_T_C_H____T_E_M_P_L_A_T_E____T_E_S_T____ ), INTERNAL_CATCH_UNIQUE_NAME( ____C_A_T_C_H____T_E_M_P_L_A_T_E____T_E_S_T____F_U_N_C____ ), ClassName, Name, Tags, __VA_ARGS__ ) )
        -: 1049:#endif
        -: 1050:
        -: 1051:// end catch_test_registry.h
        -: 1052:// start catch_capture.hpp
        -: 1053:
        -: 1054:// start catch_assertionhandler.h
        -: 1055:
        -: 1056:// start catch_assertioninfo.h
        -: 1057:
        -: 1058:// start catch_result_type.h
        -: 1059:
        -: 1060:namespace Catch {
        -: 1061:
        -: 1062:    // ResultWas::OfType enum
        -: 1063:    struct ResultWas { enum OfType {
        -: 1064:        Unknown = -1,
        -: 1065:        Ok = 0,
        -: 1066:        Info = 1,
        -: 1067:        Warning = 2,
        -: 1068:
        -: 1069:        FailureBit = 0x10,
        -: 1070:
        -: 1071:        ExpressionFailed = FailureBit | 1,
        -: 1072:        ExplicitFailure = FailureBit | 2,
        -: 1073:
        -: 1074:        Exception = 0x100 | FailureBit,
        -: 1075:
        -: 1076:        ThrewException = Exception | 1,
        -: 1077:        DidntThrowException = Exception | 2,
        -: 1078:
        -: 1079:        FatalErrorCondition = 0x200 | FailureBit
        -: 1080:
        -: 1081:    }; };
        -: 1082:
        -: 1083:    bool isOk( ResultWas::OfType resultType );
        -: 1084:    bool isJustInfo( int flags );
        -: 1085:
        -: 1086:    // ResultDisposition::Flags enum
        -: 1087:    struct ResultDisposition { enum Flags {
        -: 1088:        Normal = 0x01,
        -: 1089:
        -: 1090:        ContinueOnFailure = 0x02,   // Failures fail test, but execution continues
        -: 1091:        FalseTest = 0x04,           // Prefix expression with !
        -: 1092:        SuppressFail = 0x08         // Failures are reported but do not fail the test
        -: 1093:    }; };
        -: 1094:
        -: 1095:    ResultDisposition::Flags operator | ( ResultDisposition::Flags lhs, ResultDisposition::Flags rhs );
        -: 1096:
        -: 1097:    bool shouldContinueOnFailure( int flags );
      13*: 1098:    inline bool isFalseTest( int flags ) { return ( flags & ResultDisposition::FalseTest ) != 0; }
        -: 1099:    bool shouldSuppressFailure( int flags );
        -: 1100:
        -: 1101:} // end namespace Catch
        -: 1102:
        -: 1103:// end catch_result_type.h
        -: 1104:namespace Catch {
        -: 1105:
    #####: 1106:    struct AssertionInfo
        -: 1107:    {
        -: 1108:        StringRef macroName;
        -: 1109:        SourceLineInfo lineInfo;
        -: 1110:        StringRef capturedExpression;
        -: 1111:        ResultDisposition::Flags resultDisposition;
        -: 1112:
        -: 1113:        // We want to delete this constructor but a compiler bug in 4.8 means
        -: 1114:        // the struct is then treated as non-aggregate
        -: 1115:        //AssertionInfo() = delete;
        -: 1116:    };
        -: 1117:
        -: 1118:} // end namespace Catch
        -: 1119:
        -: 1120:// end catch_assertioninfo.h
        -: 1121:// start catch_decomposer.h
        -: 1122:
        -: 1123:// start catch_tostring.h
        -: 1124:
        -: 1125:#include <vector>
        -: 1126:#include <cstddef>
        -: 1127:#include <type_traits>
        -: 1128:#include <string>
        -: 1129:// start catch_stream.h
        -: 1130:
        -: 1131:#include <iosfwd>
        -: 1132:#include <cstddef>
        -: 1133:#include <ostream>
        -: 1134:
        -: 1135:namespace Catch {
        -: 1136:
        -: 1137:    std::ostream& cout();
        -: 1138:    std::ostream& cerr();
        -: 1139:    std::ostream& clog();
        -: 1140:
        -: 1141:    class StringRef;
        -: 1142:
       2*: 1143:    struct IStream {
------------------
_ZN5Catch7IStreamD0Ev:
    #####: 1143:    struct IStream {
    %%%%%: 1143-block  0
------------------
_ZN5Catch7IStreamD2Ev:
    #####: 1143:    struct IStream {
------------------
        -: 1144:        virtual ~IStream();
        -: 1145:        virtual std::ostream& stream() const = 0;
        -: 1146:    };
        -: 1147:
        -: 1148:    auto makeStream( StringRef const &filename ) -> IStream const*;
        -: 1149:
        -: 1150:    class ReusableStringStream {
        -: 1151:        std::size_t m_index;
        -: 1152:        std::ostream* m_oss;
        -: 1153:    public:
        -: 1154:        ReusableStringStream();
        -: 1155:        ~ReusableStringStream();
        -: 1156:
        -: 1157:        auto str() const -> std::string;
        -: 1158:
        -: 1159:        template<typename T>
    #####: 1160:        auto operator << ( T const& value ) -> ReusableStringStream& {
    #####: 1161:            *m_oss << value;
    %%%%%: 1161-block  0
    %%%%%: 1161-block  1
    %%%%%: 1161-block  2
    %%%%%: 1161-block  3
    %%%%%: 1161-block  4
    %%%%%: 1161-block  5
    %%%%%: 1161-block  6
    %%%%%: 1161-block  7
    %%%%%: 1161-block  8
    %%%%%: 1161-block  9
    %%%%%: 1161-block 10
    %%%%%: 1161-block 11
    %%%%%: 1161-block 12
        -: 1162:            return *this;
        -: 1163:        }
    #####: 1164:        auto get() -> std::ostream& { return *m_oss; }
        -: 1165:    };
        -: 1166:}
        -: 1167:
        -: 1168:// end catch_stream.h
        -: 1169:
        -: 1170:#ifdef CATCH_CONFIG_CPP17_STRING_VIEW
        -: 1171:#include <string_view>
        -: 1172:#endif
        -: 1173:
        -: 1174:#ifdef __OBJC__
        -: 1175:// start catch_objc_arc.hpp
        -: 1176:
        -: 1177:#import <Foundation/Foundation.h>
        -: 1178:
        -: 1179:#ifdef __has_feature
        -: 1180:#define CATCH_ARC_ENABLED __has_feature(objc_arc)
        -: 1181:#else
        -: 1182:#define CATCH_ARC_ENABLED 0
        -: 1183:#endif
        -: 1184:
        -: 1185:void arcSafeRelease( NSObject* obj );
        -: 1186:id performOptionalSelector( id obj, SEL sel );
        -: 1187:
        -: 1188:#if !CATCH_ARC_ENABLED
        -: 1189:inline void arcSafeRelease( NSObject* obj ) {
        -: 1190:    [obj release];
        -: 1191:}
        -: 1192:inline id performOptionalSelector( id obj, SEL sel ) {
        -: 1193:    if( [obj respondsToSelector: sel] )
        -: 1194:        return [obj performSelector: sel];
        -: 1195:    return nil;
        -: 1196:}
        -: 1197:#define CATCH_UNSAFE_UNRETAINED
        -: 1198:#define CATCH_ARC_STRONG
        -: 1199:#else
        -: 1200:inline void arcSafeRelease( NSObject* ){}
        -: 1201:inline id performOptionalSelector( id obj, SEL sel ) {
        -: 1202:#ifdef __clang__
        -: 1203:#pragma clang diagnostic push
        -: 1204:#pragma clang diagnostic ignored "-Warc-performSelector-leaks"
        -: 1205:#endif
        -: 1206:    if( [obj respondsToSelector: sel] )
        -: 1207:        return [obj performSelector: sel];
        -: 1208:#ifdef __clang__
        -: 1209:#pragma clang diagnostic pop
        -: 1210:#endif
        -: 1211:    return nil;
        -: 1212:}
        -: 1213:#define CATCH_UNSAFE_UNRETAINED __unsafe_unretained
        -: 1214:#define CATCH_ARC_STRONG __strong
        -: 1215:#endif
        -: 1216:
        -: 1217:// end catch_objc_arc.hpp
        -: 1218:#endif
        -: 1219:
        -: 1220:#ifdef _MSC_VER
        -: 1221:#pragma warning(push)
        -: 1222:#pragma warning(disable:4180) // We attempt to stream a function (address) by const&, which MSVC complains about but is harmless
        -: 1223:#endif
        -: 1224:
        -: 1225:namespace Catch {
        -: 1226:    namespace Detail {
        -: 1227:
        -: 1228:        extern const std::string unprintableString;
        -: 1229:
        -: 1230:        std::string rawMemoryToString( const void *object, std::size_t size );
        -: 1231:
        -: 1232:        template<typename T>
        -: 1233:        std::string rawMemoryToString( const T& object ) {
        -: 1234:          return rawMemoryToString( &object, sizeof(object) );
        -: 1235:        }
        -: 1236:
        -: 1237:        template<typename T>
        -: 1238:        class IsStreamInsertable {
        -: 1239:            template<typename SS, typename TT>
        -: 1240:            static auto test(int)
        -: 1241:                -> decltype(std::declval<SS&>() << std::declval<TT>(), std::true_type());
        -: 1242:
        -: 1243:            template<typename, typename>
        -: 1244:            static auto test(...)->std::false_type;
        -: 1245:
        -: 1246:        public:
        -: 1247:            static const bool value = decltype(test<std::ostream, const T&>(0))::value;
        -: 1248:        };
        -: 1249:
        -: 1250:        template<typename E>
        -: 1251:        std::string convertUnknownEnumToString( E e );
        -: 1252:
        -: 1253:        template<typename T>
        -: 1254:        typename std::enable_if<
        -: 1255:            !std::is_enum<T>::value && !std::is_base_of<std::exception, T>::value,
        -: 1256:        std::string>::type convertUnstreamable( T const& ) {
        -: 1257:            return Detail::unprintableString;
        -: 1258:        }
        -: 1259:        template<typename T>
        -: 1260:        typename std::enable_if<
        -: 1261:            !std::is_enum<T>::value && std::is_base_of<std::exception, T>::value,
        -: 1262:         std::string>::type convertUnstreamable(T const& ex) {
        -: 1263:            return ex.what();
        -: 1264:        }
        -: 1265:
        -: 1266:        template<typename T>
        -: 1267:        typename std::enable_if<
        -: 1268:            std::is_enum<T>::value
        -: 1269:        , std::string>::type convertUnstreamable( T const& value ) {
        -: 1270:            return convertUnknownEnumToString( value );
        -: 1271:        }
        -: 1272:
        -: 1273:#if defined(_MANAGED)
        -: 1274:        //! Convert a CLR string to a utf8 std::string
        -: 1275:        template<typename T>
        -: 1276:        std::string clrReferenceToString( T^ ref ) {
        -: 1277:            if (ref == nullptr)
        -: 1278:                return std::string("null");
        -: 1279:            auto bytes = System::Text::Encoding::UTF8->GetBytes(ref->ToString());
        -: 1280:            cli::pin_ptr<System::Byte> p = &bytes[0];
        -: 1281:            return std::string(reinterpret_cast<char const *>(p), bytes->Length);
        -: 1282:        }
        -: 1283:#endif
        -: 1284:
        -: 1285:    } // namespace Detail
        -: 1286:
        -: 1287:    // If we decide for C++14, change these to enable_if_ts
        -: 1288:    template <typename T, typename = void>
        -: 1289:    struct StringMaker {
        -: 1290:        template <typename Fake = T>
        -: 1291:        static
        -: 1292:        typename std::enable_if<::Catch::Detail::IsStreamInsertable<Fake>::value, std::string>::type
    #####: 1293:            convert(const Fake& value) {
    #####: 1294:                ReusableStringStream rss;
    %%%%%: 1294-block  0
    $$$$$: 1294-block  1
        -: 1295:                // NB: call using the function-like syntax to avoid ambiguity with
        -: 1296:                // user-defined templated operator<< under clang.
    #####: 1297:                rss.operator<<(value);
    #####: 1298:                return rss.str();
        -: 1299:        }
        -: 1300:
        -: 1301:        template <typename Fake = T>
        -: 1302:        static
        -: 1303:        typename std::enable_if<!::Catch::Detail::IsStreamInsertable<Fake>::value, std::string>::type
        -: 1304:            convert( const Fake& value ) {
        -: 1305:#if !defined(CATCH_CONFIG_FALLBACK_STRINGIFIER)
        -: 1306:            return Detail::convertUnstreamable(value);
        -: 1307:#else
        -: 1308:            return CATCH_CONFIG_FALLBACK_STRINGIFIER(value);
        -: 1309:#endif
        -: 1310:        }
        -: 1311:    };
        -: 1312:
        -: 1313:    namespace Detail {
        -: 1314:
        -: 1315:        // This function dispatches all stringification requests inside of Catch.
        -: 1316:        // Should be preferably called fully qualified, like ::Catch::Detail::stringify
        -: 1317:        template <typename T>
    #####: 1318:        std::string stringify(const T& e) {
    #####: 1319:            return ::Catch::StringMaker<typename std::remove_cv<typename std::remove_reference<T>::type>::type>::convert(e);
    %%%%%: 1319-block  0
    %%%%%: 1319-block  1
    %%%%%: 1319-block  2
    %%%%%: 1319-block  3
    %%%%%: 1319-block  4
        -: 1320:        }
        -: 1321:
        -: 1322:        template<typename E>
        -: 1323:        std::string convertUnknownEnumToString( E e ) {
        -: 1324:            return ::Catch::Detail::stringify(static_cast<typename std::underlying_type<E>::type>(e));
        -: 1325:        }
        -: 1326:
        -: 1327:#if defined(_MANAGED)
        -: 1328:        template <typename T>
        -: 1329:        std::string stringify( T^ e ) {
        -: 1330:            return ::Catch::StringMaker<T^>::convert(e);
        -: 1331:        }
        -: 1332:#endif
        -: 1333:
        -: 1334:    } // namespace Detail
        -: 1335:
        -: 1336:    // Some predefined specializations
        -: 1337:
        -: 1338:    template<>
        -: 1339:    struct StringMaker<std::string> {
        -: 1340:        static std::string convert(const std::string& str);
        -: 1341:    };
        -: 1342:
        -: 1343:#ifdef CATCH_CONFIG_CPP17_STRING_VIEW
        -: 1344:    template<>
        -: 1345:    struct StringMaker<std::string_view> {
        -: 1346:        static std::string convert(std::string_view str);
        -: 1347:    };
        -: 1348:#endif
        -: 1349:
        -: 1350:    template<>
        -: 1351:    struct StringMaker<char const *> {
        -: 1352:        static std::string convert(char const * str);
        -: 1353:    };
        -: 1354:    template<>
        -: 1355:    struct StringMaker<char *> {
        -: 1356:        static std::string convert(char * str);
        -: 1357:    };
        -: 1358:
        -: 1359:#ifdef CATCH_CONFIG_WCHAR
        -: 1360:    template<>
        -: 1361:    struct StringMaker<std::wstring> {
        -: 1362:        static std::string convert(const std::wstring& wstr);
        -: 1363:    };
        -: 1364:
        -: 1365:# ifdef CATCH_CONFIG_CPP17_STRING_VIEW
        -: 1366:    template<>
        -: 1367:    struct StringMaker<std::wstring_view> {
        -: 1368:        static std::string convert(std::wstring_view str);
        -: 1369:    };
        -: 1370:# endif
        -: 1371:
        -: 1372:    template<>
        -: 1373:    struct StringMaker<wchar_t const *> {
        -: 1374:        static std::string convert(wchar_t const * str);
        -: 1375:    };
        -: 1376:    template<>
        -: 1377:    struct StringMaker<wchar_t *> {
        -: 1378:        static std::string convert(wchar_t * str);
        -: 1379:    };
        -: 1380:#endif
        -: 1381:
        -: 1382:    // TBD: Should we use `strnlen` to ensure that we don't go out of the buffer,
        -: 1383:    //      while keeping string semantics?
        -: 1384:    template<int SZ>
        -: 1385:    struct StringMaker<char[SZ]> {
        -: 1386:        static std::string convert(char const* str) {
        -: 1387:            return ::Catch::Detail::stringify(std::string{ str });
        -: 1388:        }
        -: 1389:    };
        -: 1390:    template<int SZ>
        -: 1391:    struct StringMaker<signed char[SZ]> {
        -: 1392:        static std::string convert(signed char const* str) {
        -: 1393:            return ::Catch::Detail::stringify(std::string{ reinterpret_cast<char const *>(str) });
        -: 1394:        }
        -: 1395:    };
        -: 1396:    template<int SZ>
        -: 1397:    struct StringMaker<unsigned char[SZ]> {
[...]
        -:14732:#define CATCH_WHEN( desc )      INTERNAL_CATCH_DYNAMIC_SECTION( "     When: " << desc )
        -:14733:#define CATCH_AND_WHEN( desc )  INTERNAL_CATCH_DYNAMIC_SECTION( " And when: " << desc )
        -:14734:#define CATCH_THEN( desc )      INTERNAL_CATCH_DYNAMIC_SECTION( "     Then: " << desc )
        -:14735:#define CATCH_AND_THEN( desc )  INTERNAL_CATCH_DYNAMIC_SECTION( "      And: " << desc )
        -:14736:
        -:14737:// If CATCH_CONFIG_PREFIX_ALL is not defined then the CATCH_ prefix is not required
        -:14738:#else
        -:14739:
        -:14740:#define REQUIRE( ... ) INTERNAL_CATCH_TEST( "REQUIRE", Catch::ResultDisposition::Normal, __VA_ARGS__  )
        -:14741:#define REQUIRE_FALSE( ... ) INTERNAL_CATCH_TEST( "REQUIRE_FALSE", Catch::ResultDisposition::Normal | Catch::ResultDisposition::FalseTest, __VA_ARGS__ )
        -:14742:
        -:14743:#define REQUIRE_THROWS( ... ) INTERNAL_CATCH_THROWS( "REQUIRE_THROWS", Catch::ResultDisposition::Normal, __VA_ARGS__ )
        -:14744:#define REQUIRE_THROWS_AS( expr, exceptionType ) INTERNAL_CATCH_THROWS_AS( "REQUIRE_THROWS_AS", exceptionType, Catch::ResultDisposition::Normal, expr )
        -:14745:#define REQUIRE_THROWS_WITH( expr, matcher ) INTERNAL_CATCH_THROWS_STR_MATCHES( "REQUIRE_THROWS_WITH", Catch::ResultDisposition::Normal, matcher, expr )
        -:14746:#if !defined(CATCH_CONFIG_DISABLE_MATCHERS)
        -:14747:#define REQUIRE_THROWS_MATCHES( expr, exceptionType, matcher ) INTERNAL_CATCH_THROWS_MATCHES( "REQUIRE_THROWS_MATCHES", exceptionType, Catch::ResultDisposition::Normal, matcher, expr )
        -:14748:#endif // CATCH_CONFIG_DISABLE_MATCHERS
        -:14749:#define REQUIRE_NOTHROW( ... ) INTERNAL_CATCH_NO_THROW( "REQUIRE_NOTHROW", Catch::ResultDisposition::Normal, __VA_ARGS__ )
        -:14750:
        -:14751:#define CHECK( ... ) INTERNAL_CATCH_TEST( "CHECK", Catch::ResultDisposition::ContinueOnFailure, __VA_ARGS__ )
        -:14752:#define CHECK_FALSE( ... ) INTERNAL_CATCH_TEST( "CHECK_FALSE", Catch::ResultDisposition::ContinueOnFailure | Catch::ResultDisposition::FalseTest, __VA_ARGS__ )
        -:14753:#define CHECKED_IF( ... ) INTERNAL_CATCH_IF( "CHECKED_IF", Catch::ResultDisposition::ContinueOnFailure, __VA_ARGS__ )
        -:14754:#define CHECKED_ELSE( ... ) INTERNAL_CATCH_ELSE( "CHECKED_ELSE", Catch::ResultDisposition::ContinueOnFailure, __VA_ARGS__ )
        -:14755:#define CHECK_NOFAIL( ... ) INTERNAL_CATCH_TEST( "CHECK_NOFAIL", Catch::ResultDisposition::ContinueOnFailure | Catch::ResultDisposition::SuppressFail, __VA_ARGS__ )
        -:14756:
        -:14757:#define CHECK_THROWS( ... )  INTERNAL_CATCH_THROWS( "CHECK_THROWS", Catch::ResultDisposition::ContinueOnFailure, __VA_ARGS__ )
        -:14758:#define CHECK_THROWS_AS( expr, exceptionType ) INTERNAL_CATCH_THROWS_AS( "CHECK_THROWS_AS", exceptionType, Catch::ResultDisposition::ContinueOnFailure, expr )
        -:14759:#define CHECK_THROWS_WITH( expr, matcher ) INTERNAL_CATCH_THROWS_STR_MATCHES( "CHECK_THROWS_WITH", Catch::ResultDisposition::ContinueOnFailure, matcher, expr )
        -:14760:#if !defined(CATCH_CONFIG_DISABLE_MATCHERS)
        -:14761:#define CHECK_THROWS_MATCHES( expr, exceptionType, matcher ) INTERNAL_CATCH_THROWS_MATCHES( "CHECK_THROWS_MATCHES", exceptionType, Catch::ResultDisposition::ContinueOnFailure, matcher, expr )
        -:14762:#endif // CATCH_CONFIG_DISABLE_MATCHERS
        -:14763:#define CHECK_NOTHROW( ... ) INTERNAL_CATCH_NO_THROW( "CHECK_NOTHROW", Catch::ResultDisposition::ContinueOnFailure, __VA_ARGS__ )
        -:14764:
        -:14765:#if !defined(CATCH_CONFIG_DISABLE_MATCHERS)
        -:14766:#define CHECK_THAT( arg, matcher ) INTERNAL_CHECK_THAT( "CHECK_THAT", matcher, Catch::ResultDisposition::ContinueOnFailure, arg )
        -:14767:
        -:14768:#define REQUIRE_THAT( arg, matcher ) INTERNAL_CHECK_THAT( "REQUIRE_THAT", matcher, Catch::ResultDisposition::Normal, arg )
        -:14769:#endif // CATCH_CONFIG_DISABLE_MATCHERS
        -:14770:
        -:14771:#define INFO( msg ) INTERNAL_CATCH_INFO( "INFO", msg )
        -:14772:#define UNSCOPED_INFO( msg ) INTERNAL_CATCH_UNSCOPED_INFO( "UNSCOPED_INFO", msg )
        -:14773:#define WARN( msg ) INTERNAL_CATCH_MSG( "WARN", Catch::ResultWas::Warning, Catch::ResultDisposition::ContinueOnFailure, msg )
        -:14774:#define CAPTURE( ... ) INTERNAL_CATCH_CAPTURE( INTERNAL_CATCH_UNIQUE_NAME(capturer), "CAPTURE",__VA_ARGS__ )
        -:14775:
        -:14776:#define TEST_CASE( ... ) INTERNAL_CATCH_TESTCASE( __VA_ARGS__ )
        -:14777:#define TEST_CASE_METHOD( className, ... ) INTERNAL_CATCH_TEST_CASE_METHOD( className, __VA_ARGS__ )
        -:14778:#define METHOD_AS_TEST_CASE( method, ... ) INTERNAL_CATCH_METHOD_AS_TEST_CASE( method, __VA_ARGS__ )
        -:14779:#define REGISTER_TEST_CASE( Function, ... ) INTERNAL_CATCH_REGISTER_TESTCASE( Function, __VA_ARGS__ )
        -:14780:#define SECTION( ... ) INTERNAL_CATCH_SECTION( __VA_ARGS__ )
        -:14781:#define DYNAMIC_SECTION( ... ) INTERNAL_CATCH_DYNAMIC_SECTION( __VA_ARGS__ )
        -:14782:#define FAIL( ... ) INTERNAL_CATCH_MSG( "FAIL", Catch::ResultWas::ExplicitFailure, Catch::ResultDisposition::Normal, __VA_ARGS__ )
        -:14783:#define FAIL_CHECK( ... ) INTERNAL_CATCH_MSG( "FAIL_CHECK", Catch::ResultWas::ExplicitFailure, Catch::ResultDisposition::ContinueOnFailure, __VA_ARGS__ )
        -:14784:#define SUCCEED( ... ) INTERNAL_CATCH_MSG( "SUCCEED", Catch::ResultWas::Ok, Catch::ResultDisposition::ContinueOnFailure, __VA_ARGS__ )
        -:14785:#define ANON_TEST_CASE() INTERNAL_CATCH_TESTCASE()
        -:14786:
        -:14787:#ifndef CATCH_CONFIG_TRADITIONAL_MSVC_PREPROCESSOR
        -:14788:#define TEMPLATE_TEST_CASE( ... ) INTERNAL_CATCH_TEMPLATE_TEST_CASE( __VA_ARGS__ )
        -:14789:#define TEMPLATE_TEST_CASE_METHOD( className, ... ) INTERNAL_CATCH_TEMPLATE_TEST_CASE_METHOD( className, __VA_ARGS__ )
        -:14790:#define TEMPLATE_PRODUCT_TEST_CASE( ... ) INTERNAL_CATCH_TEMPLATE_PRODUCT_TEST_CASE( __VA_ARGS__ )
        -:14791:#define TEMPLATE_PRODUCT_TEST_CASE_METHOD( className, ... ) INTERNAL_CATCH_TEMPLATE_PRODUCT_TEST_CASE_METHOD( className, __VA_ARGS__ )
        -:14792:#else
        -:14793:#define TEMPLATE_TEST_CASE( ... ) INTERNAL_CATCH_EXPAND_VARGS( INTERNAL_CATCH_TEMPLATE_TEST_CASE( __VA_ARGS__ ) )
        -:14794:#define TEMPLATE_TEST_CASE_METHOD( className, ... ) INTERNAL_CATCH_EXPAND_VARGS( INTERNAL_CATCH_TEMPLATE_TEST_CASE_METHOD( className, __VA_ARGS__ ) )
        -:14795:#define TEMPLATE_PRODUCT_TEST_CASE( ... ) INTERNAL_CATCH_EXPAND_VARGS( INTERNAL_CATCH_TEMPLATE_PRODUCT_TEST_CASE( __VA_ARGS__ ) )
        -:14796:#define TEMPLATE_PRODUCT_TEST_CASE_METHOD( className, ... ) INTERNAL_CATCH_EXPAND_VARGS( INTERNAL_CATCH_TEMPLATE_PRODUCT_TEST_CASE_METHOD( className, __VA_ARGS__ ) )
        -:14797:#endif
        -:14798:
        -:14799:#if !defined(CATCH_CONFIG_RUNTIME_STATIC_REQUIRE)
        -:14800:#define STATIC_REQUIRE( ... )       static_assert(   __VA_ARGS__,  #__VA_ARGS__ ); SUCCEED( #__VA_ARGS__ )
        -:14801:#define STATIC_REQUIRE_FALSE( ... ) static_assert( !(__VA_ARGS__), "!(" #__VA_ARGS__ ")" ); SUCCEED( "!(" #__VA_ARGS__ ")" )
        -:14802:#else
        -:14803:#define STATIC_REQUIRE( ... )       REQUIRE( __VA_ARGS__ )
        -:14804:#define STATIC_REQUIRE_FALSE( ... ) REQUIRE_FALSE( __VA_ARGS__ )
        -:14805:#endif
        -:14806:
        -:14807:#endif
        -:14808:
        -:14809:#define CATCH_TRANSLATE_EXCEPTION( signature ) INTERNAL_CATCH_TRANSLATE_EXCEPTION( signature )
        -:14810:
        -:14811:// "BDD-style" convenience wrappers
        -:14812:#define SCENARIO( ... ) TEST_CASE( "Scenario: " __VA_ARGS__ )
        -:14813:#define SCENARIO_METHOD( className, ... ) INTERNAL_CATCH_TEST_CASE_METHOD( className, "Scenario: " __VA_ARGS__ )
        -:14814:
        -:14815:#define GIVEN( desc )     INTERNAL_CATCH_DYNAMIC_SECTION( "    Given: " << desc )
        -:14816:#define AND_GIVEN( desc ) INTERNAL_CATCH_DYNAMIC_SECTION( "And given: " << desc )
        -:14817:#define WHEN( desc )      INTERNAL_CATCH_DYNAMIC_SECTION( "     When: " << desc )
        -:14818:#define AND_WHEN( desc )  INTERNAL_CATCH_DYNAMIC_SECTION( " And when: " << desc )
        -:14819:#define THEN( desc )      INTERNAL_CATCH_DYNAMIC_SECTION( "     Then: " << desc )
        -:14820:#define AND_THEN( desc )  INTERNAL_CATCH_DYNAMIC_SECTION( "      And: " << desc )
        -:14821:
        -:14822:using Catch::Detail::Approx;
        -:14823:
        -:14824:#else // CATCH_CONFIG_DISABLE
        -:14825:
        -:14826://////
        -:14827:// If this config identifier is defined then all CATCH macros are prefixed with CATCH_
        -:14828:#ifdef CATCH_CONFIG_PREFIX_ALL
        -:14829:
        -:14830:#define CATCH_REQUIRE( ... )        (void)(0)
        -:14831:#define CATCH_REQUIRE_FALSE( ... )  (void)(0)
        -:14832:
        -:14833:#define CATCH_REQUIRE_THROWS( ... ) (void)(0)
        -:14834:#define CATCH_REQUIRE_THROWS_AS( expr, exceptionType ) (void)(0)
        -:14835:#define CATCH_REQUIRE_THROWS_WITH( expr, matcher )     (void)(0)
        -:14836:#if !defined(CATCH_CONFIG_DISABLE_MATCHERS)
        -:14837:#define CATCH_REQUIRE_THROWS_MATCHES( expr, exceptionType, matcher ) (void)(0)
        -:14838:#endif// CATCH_CONFIG_DISABLE_MATCHERS
        -:14839:#define CATCH_REQUIRE_NOTHROW( ... ) (void)(0)
        -:14840:
        -:14841:#define CATCH_CHECK( ... )         (void)(0)
        -:14842:#define CATCH_CHECK_FALSE( ... )   (void)(0)
        -:14843:#define CATCH_CHECKED_IF( ... )    if (__VA_ARGS__)
        -:14844:#define CATCH_CHECKED_ELSE( ... )  if (!(__VA_ARGS__))
        -:14845:#define CATCH_CHECK_NOFAIL( ... )  (void)(0)
        -:14846:
        -:14847:#define CATCH_CHECK_THROWS( ... )  (void)(0)
        -:14848:#define CATCH_CHECK_THROWS_AS( expr, exceptionType ) (void)(0)
        -:14849:#define CATCH_CHECK_THROWS_WITH( expr, matcher )     (void)(0)
        -:14850:#if !defined(CATCH_CONFIG_DISABLE_MATCHERS)
        -:14851:#define CATCH_CHECK_THROWS_MATCHES( expr, exceptionType, matcher ) (void)(0)
        -:14852:#endif // CATCH_CONFIG_DISABLE_MATCHERS
        -:14853:#define CATCH_CHECK_NOTHROW( ... ) (void)(0)
        -:14854:
        -:14855:#if !defined(CATCH_CONFIG_DISABLE_MATCHERS)
        -:14856:#define CATCH_CHECK_THAT( arg, matcher )   (void)(0)
        -:14857:
        -:14858:#define CATCH_REQUIRE_THAT( arg, matcher ) (void)(0)
        -:14859:#endif // CATCH_CONFIG_DISABLE_MATCHERS
        -:14860:
        -:14861:#define CATCH_INFO( msg )    (void)(0)
        -:14862:#define CATCH_WARN( msg )    (void)(0)
        -:14863:#define CATCH_CAPTURE( msg ) (void)(0)
        -:14864:
        -:14865:#define CATCH_TEST_CASE( ... ) INTERNAL_CATCH_TESTCASE_NO_REGISTRATION(INTERNAL_CATCH_UNIQUE_NAME( ____C_A_T_C_H____T_E_S_T____ ))
        -:14866:#define CATCH_TEST_CASE_METHOD( className, ... ) INTERNAL_CATCH_TESTCASE_NO_REGISTRATION(INTERNAL_CATCH_UNIQUE_NAME( ____C_A_T_C_H____T_E_S_T____ ))
        -:14867:#define CATCH_METHOD_AS_TEST_CASE( method, ... )
        -:14868:#define CATCH_REGISTER_TEST_CASE( Function, ... ) (void)(0)
        -:14869:#define CATCH_SECTION( ... )
        -:14870:#define CATCH_DYNAMIC_SECTION( ... )
        -:14871:#define CATCH_FAIL( ... ) (void)(0)
        -:14872:#define CATCH_FAIL_CHECK( ... ) (void)(0)
        -:14873:#define CATCH_SUCCEED( ... ) (void)(0)
        -:14874:
        -:14875:#define CATCH_ANON_TEST_CASE() INTERNAL_CATCH_TESTCASE_NO_REGISTRATION(INTERNAL_CATCH_UNIQUE_NAME( ____C_A_T_C_H____T_E_S_T____ ))
        -:14876:
        -:14877:#ifndef CATCH_CONFIG_TRADITIONAL_MSVC_PREPROCESSOR
        -:14878:#define CATCH_TEMPLATE_TEST_CASE( ... ) INTERNAL_CATCH_TEMPLATE_TEST_CASE_NO_REGISTRATION(INTERNAL_CATCH_UNIQUE_NAME( ____C_A_T_C_H____T_E_M_P_L_A_T_E____T_E_S_T____ ) )
        -:14879:#define CATCH_TEMPLATE_TEST_CASE_METHOD( className, ... ) INTERNAL_CATCH_TEMPLATE_TEST_CASE_METHOD_NO_REGISTRATION(INTERNAL_CATCH_UNIQUE_NAME( ____C_A_T_C_H____T_E_M_P_L_A_T_E____T_E_S_T____ ), className )
        -:14880:#define CATCH_TEMPLATE_PRODUCT_TEST_CASE( ... ) CATCH_TEMPLATE_TEST_CASE( __VA_ARGS__ )
        -:14881:#define CATCH_TEMPLATE_PRODUCT_TEST_CASE_METHOD( className, ... ) CATCH_TEMPLATE_TEST_CASE_METHOD( className, __VA_ARGS__ )
        -:14882:#else
        -:14883:#define CATCH_TEMPLATE_TEST_CASE( ... ) INTERNAL_CATCH_EXPAND_VARGS( INTERNAL_CATCH_TEMPLATE_TEST_CASE_NO_REGISTRATION(INTERNAL_CATCH_UNIQUE_NAME( ____C_A_T_C_H____T_E_M_P_L_A_T_E____T_E_S_T____ ) ) )
        -:14884:#define CATCH_TEMPLATE_TEST_CASE_METHOD( className, ... ) INTERNAL_CATCH_EXPAND_VARGS( INTERNAL_CATCH_TEMPLATE_TEST_CASE_METHOD_NO_REGISTRATION(INTERNAL_CATCH_UNIQUE_NAME( ____C_A_T_C_H____T_E_M_P_L_A_T_E____T_E_S_T____ ), className ) )
        -:14885:#define CATCH_TEMPLATE_PRODUCT_TEST_CASE( ... ) CATCH_TEMPLATE_TEST_CASE( __VA_ARGS__ )
        -:14886:#define CATCH_TEMPLATE_PRODUCT_TEST_CASE_METHOD( className, ... ) CATCH_TEMPLATE_TEST_CASE_METHOD( className, __VA_ARGS__ )
        -:14887:#endif
        -:14888:
        -:14889:// "BDD-style" convenience wrappers
        -:14890:#define CATCH_SCENARIO( ... ) INTERNAL_CATCH_TESTCASE_NO_REGISTRATION(INTERNAL_CATCH_UNIQUE_NAME( ____C_A_T_C_H____T_E_S_T____ ))
        -:14891:#define CATCH_SCENARIO_METHOD( className, ... ) INTERNAL_CATCH_TESTCASE_METHOD_NO_REGISTRATION(INTERNAL_CATCH_UNIQUE_NAME( ____C_A_T_C_H____T_E_S_T____ ), className )
        -:14892:#define CATCH_GIVEN( desc )
        -:14893:#define CATCH_AND_GIVEN( desc )
        -:14894:#define CATCH_WHEN( desc )
        -:14895:#define CATCH_AND_WHEN( desc )
        -:14896:#define CATCH_THEN( desc )
        -:14897:#define CATCH_AND_THEN( desc )
        -:14898:
        -:14899:#define CATCH_STATIC_REQUIRE( ... )       (void)(0)
        -:14900:#define CATCH_STATIC_REQUIRE_FALSE( ... ) (void)(0)
        -:14901:
        -:14902:// If CATCH_CONFIG_PREFIX_ALL is not defined then the CATCH_ prefix is not required
        -:14903:#else
        -:14904:
        -:14905:#define REQUIRE( ... )       (void)(0)
        -:14906:#define REQUIRE_FALSE( ... ) (void)(0)
        -:14907:
        -:14908:#define REQUIRE_THROWS( ... ) (void)(0)
        -:14909:#define REQUIRE_THROWS_AS( expr, exceptionType ) (void)(0)
        -:14910:#define REQUIRE_THROWS_WITH( expr, matcher ) (void)(0)
        -:14911:#if !defined(CATCH_CONFIG_DISABLE_MATCHERS)
        -:14912:#define REQUIRE_THROWS_MATCHES( expr, exceptionType, matcher ) (void)(0)
        -:14913:#endif // CATCH_CONFIG_DISABLE_MATCHERS
        -:14914:#define REQUIRE_NOTHROW( ... ) (void)(0)
        -:14915:
        -:14916:#define CHECK( ... ) (void)(0)
        -:14917:#define CHECK_FALSE( ... ) (void)(0)
        -:14918:#define CHECKED_IF( ... ) if (__VA_ARGS__)
        -:14919:#define CHECKED_ELSE( ... ) if (!(__VA_ARGS__))
        -:14920:#define CHECK_NOFAIL( ... ) (void)(0)
        -:14921:
        -:14922:#define CHECK_THROWS( ... )  (void)(0)
        -:14923:#define CHECK_THROWS_AS( expr, exceptionType ) (void)(0)
        -:14924:#define CHECK_THROWS_WITH( expr, matcher ) (void)(0)
        -:14925:#if !defined(CATCH_CONFIG_DISABLE_MATCHERS)
        -:14926:#define CHECK_THROWS_MATCHES( expr, exceptionType, matcher ) (void)(0)
        -:14927:#endif // CATCH_CONFIG_DISABLE_MATCHERS
        -:14928:#define CHECK_NOTHROW( ... ) (void)(0)
        -:14929:
        -:14930:#if !defined(CATCH_CONFIG_DISABLE_MATCHERS)
        -:14931:#define CHECK_THAT( arg, matcher ) (void)(0)
        -:14932:
        -:14933:#define REQUIRE_THAT( arg, matcher ) (void)(0)
        -:14934:#endif // CATCH_CONFIG_DISABLE_MATCHERS
        -:14935:
        -:14936:#define INFO( msg ) (void)(0)
        -:14937:#define WARN( msg ) (void)(0)
        -:14938:#define CAPTURE( msg ) (void)(0)
        -:14939:
        -:14940:#define TEST_CASE( ... )  INTERNAL_CATCH_TESTCASE_NO_REGISTRATION(INTERNAL_CATCH_UNIQUE_NAME( ____C_A_T_C_H____T_E_S_T____ ))
        -:14941:#define TEST_CASE_METHOD( className, ... ) INTERNAL_CATCH_TESTCASE_NO_REGISTRATION(INTERNAL_CATCH_UNIQUE_NAME( ____C_A_T_C_H____T_E_S_T____ ))
        -:14942:#define METHOD_AS_TEST_CASE( method, ... )
        -:14943:#define REGISTER_TEST_CASE( Function, ... ) (void)(0)
        -:14944:#define SECTION( ... )
        -:14945:#define DYNAMIC_SECTION( ... )
        -:14946:#define FAIL( ... ) (void)(0)
        -:14947:#define FAIL_CHECK( ... ) (void)(0)
        -:14948:#define SUCCEED( ... ) (void)(0)
        -:14949:#define ANON_TEST_CASE() INTERNAL_CATCH_TESTCASE_NO_REGISTRATION(INTERNAL_CATCH_UNIQUE_NAME( ____C_A_T_C_H____T_E_S_T____ ))
        -:14950:
        -:14951:#ifndef CATCH_CONFIG_TRADITIONAL_MSVC_PREPROCESSOR
        -:14952:#define TEMPLATE_TEST_CASE( ... ) INTERNAL_CATCH_TEMPLATE_TEST_CASE_NO_REGISTRATION(INTERNAL_CATCH_UNIQUE_NAME( ____C_A_T_C_H____T_E_M_P_L_A_T_E____T_E_S_T____ ) )
        -:14953:#define TEMPLATE_TEST_CASE_METHOD( className, ... ) INTERNAL_CATCH_TEMPLATE_TEST_CASE_METHOD_NO_REGISTRATION(INTERNAL_CATCH_UNIQUE_NAME( ____C_A_T_C_H____T_E_M_P_L_A_T_E____T_E_S_T____ ), className )
        -:14954:#define TEMPLATE_PRODUCT_TEST_CASE( ... ) TEMPLATE_TEST_CASE( __VA_ARGS__ )
        -:14955:#define TEMPLATE_PRODUCT_TEST_CASE_METHOD( className, ... ) TEMPLATE_TEST_CASE_METHOD( className, __VA_ARGS__ )
        -:14956:#else
        -:14957:#define TEMPLATE_TEST_CASE( ... ) INTERNAL_CATCH_EXPAND_VARGS( INTERNAL_CATCH_TEMPLATE_TEST_CASE_NO_REGISTRATION(INTERNAL_CATCH_UNIQUE_NAME( ____C_A_T_C_H____T_E_M_P_L_A_T_E____T_E_S_T____ ) ) )
        -:14958:#define TEMPLATE_TEST_CASE_METHOD( className, ... ) INTERNAL_CATCH_EXPAND_VARGS( INTERNAL_CATCH_TEMPLATE_TEST_CASE_METHOD_NO_REGISTRATION(INTERNAL_CATCH_UNIQUE_NAME( ____C_A_T_C_H____T_E_M_P_L_A_T_E____T_E_S_T____ ), className ) )
        -:14959:#define TEMPLATE_PRODUCT_TEST_CASE( ... ) TEMPLATE_TEST_CASE( __VA_ARGS__ )
        -:14960:#define TEMPLATE_PRODUCT_TEST_CASE_METHOD( className, ... ) TEMPLATE_TEST_CASE_METHOD( className, __VA_ARGS__ )
        -:14961:#endif
        -:14962:
        -:14963:#define STATIC_REQUIRE( ... )       (void)(0)
        -:14964:#define STATIC_REQUIRE_FALSE( ... ) (void)(0)
        -:14965:
        -:14966:#endif
        -:14967:
        -:14968:#define CATCH_TRANSLATE_EXCEPTION( signature ) INTERNAL_CATCH_TRANSLATE_EXCEPTION_NO_REG( INTERNAL_CATCH_UNIQUE_NAME( catch_internal_ExceptionTranslator ), signature )
        -:14969:
        -:14970:// "BDD-style" convenience wrappers
        -:14971:#define SCENARIO( ... ) INTERNAL_CATCH_TESTCASE_NO_REGISTRATION(INTERNAL_CATCH_UNIQUE_NAME( ____C_A_T_C_H____T_E_S_T____ ) )
        -:14972:#define SCENARIO_METHOD( className, ... ) INTERNAL_CATCH_TESTCASE_METHOD_NO_REGISTRATION(INTERNAL_CATCH_UNIQUE_NAME( ____C_A_T_C_H____T_E_S_T____ ), className )
        -:14973:
        -:14974:#define GIVEN( desc )
        -:14975:#define AND_GIVEN( desc )
        -:14976:#define WHEN( desc )
        -:14977:#define AND_WHEN( desc )
        -:14978:#define THEN( desc )
        -:14979:#define AND_THEN( desc )
        -:14980:
        -:14981:using Catch::Detail::Approx;
        -:14982:
        -:14983:#endif
        -:14984:
        -:14985:#endif // ! CATCH_CONFIG_IMPL_ONLY
        -:14986:
        -:14987:// start catch_reenable_warnings.h
        -:14988:
        -:14989:
        -:14990:#ifdef __clang__
        -:14991:#    ifdef __ICC // icpc defines the __clang__ macro
        -:14992:#        pragma warning(pop)
        -:14993:#    else
        -:14994:#        pragma clang diagnostic pop
        -:14995:#    endif
        -:14996:#elif defined __GNUC__
        -:14997:#    pragma GCC diagnostic pop
        -:14998:#endif
        -:14999:
        -:15000:// end catch_reenable_warnings.h
        -:15001:// end catch.hpp
        -:15002:#endif // TWOBLUECUBES_SINGLE_INCLUDE_CATCH_HPP_INCLUDED
        -:15003:
